INFO:Slither:Compilation warnings/errors on /sb/0xcead721ef5b11f1a7b530171aab69b16c5e66b6e.sol:
/sb/0xcead721ef5b11f1a7b530171aab69b16c5e66b6e.sol:15:9: Warning: Use of the "var" keyword is deprecated.
        var acc = Acc[msg.sender];
        ^-----^
/sb/0xcead721ef5b11f1a7b530171aab69b16c5e66b6e.sol:25:9: Warning: Use of the "var" keyword is deprecated.
        var acc = Acc[msg.sender];
        ^-----^
/sb/0xcead721ef5b11f1a7b530171aab69b16c5e66b6e.sol:56:5: Warning: Defining constructors as functions with the same name as the contract is deprecated. Use "constructor(...) { ... }" instead.
    function WALLET(address log) public{
    ^ (Relevant source part starts here and spans across multiple lines).

INFO:Detectors:[91m
Reentrancy in WALLET.Collect (/sb/0xcead721ef5b11f1a7b530171aab69b16c5e66b6e.sol#21-35):
	External calls:
	- msg.sender.call.value(_am)() (/sb/0xcead721ef5b11f1a7b530171aab69b16c5e66b6e.sol#29-33)
	State variables written after the call(s):
	- Acc (/sb/0xcead721ef5b11f1a7b530171aab69b16c5e66b6e.sol#31)
Reference: https://github.com/trailofbits/slither/wiki/Detectors-Documentation#reentrancy-vulnerabilities[0m
INFO:Detectors:[92m
WALLET.MinSum should be constant (/sb/0xcead721ef5b11f1a7b530171aab69b16c5e66b6e.sol#54)
Reference: https://github.com/trailofbits/slither/wiki/Detectors-Documentation#state-variables-that-could-be-declared-constant[0m
INFO:Detectors:[92m
WALLET.Collect (/sb/0xcead721ef5b11f1a7b530171aab69b16c5e66b6e.sol#21-35) should be declared external
WALLET.fallback (/sb/0xcead721ef5b11f1a7b530171aab69b16c5e66b6e.sol#37-42) should be declared external
Log.AddMessage (/sb/0xcead721ef5b11f1a7b530171aab69b16c5e66b6e.sol#76-84) should be declared external
Reference: https://github.com/trailofbits/slither/wiki/Detectors-Documentation#public-function-that-could-be-declared-as-external[0m
INFO:Detectors:[92m
Low level call in WALLET.Collect (/sb/0xcead721ef5b11f1a7b530171aab69b16c5e66b6e.sol#21-35):
	-msg.sender.call.value(_am)() /sb/0xcead721ef5b11f1a7b530171aab69b16c5e66b6e.sol#29-33
Reference: https://github.com/trailofbits/slither/wiki/Detectors-Documentation#low-level-calls[0m
INFO:Detectors:[92m
Function 'WALLET.Put' (/sb/0xcead721ef5b11f1a7b530171aab69b16c5e66b6e.sol#11-19) is not in mixedCase
Parameter '_unlockTime' of WALLET.Put (/sb/0xcead721ef5b11f1a7b530171aab69b16c5e66b6e.sol#11) is not in mixedCase
Function 'WALLET.Collect' (/sb/0xcead721ef5b11f1a7b530171aab69b16c5e66b6e.sol#21-35) is not in mixedCase
Parameter '_am' of WALLET.Collect (/sb/0xcead721ef5b11f1a7b530171aab69b16c5e66b6e.sol#21) is not in mixedCase
Function 'WALLET.WALLET' (/sb/0xcead721ef5b11f1a7b530171aab69b16c5e66b6e.sol#56-58) is not in mixedCase
Variable 'WALLET.Acc' (/sb/0xcead721ef5b11f1a7b530171aab69b16c5e66b6e.sol#50) is not in mixedCase
Variable 'WALLET.LogFile' (/sb/0xcead721ef5b11f1a7b530171aab69b16c5e66b6e.sol#52) is not in mixedCase
Variable 'WALLET.MinSum' (/sb/0xcead721ef5b11f1a7b530171aab69b16c5e66b6e.sol#54) is not in mixedCase
Function 'Log.AddMessage' (/sb/0xcead721ef5b11f1a7b530171aab69b16c5e66b6e.sol#76-84) is not in mixedCase
Parameter '_adr' of Log.AddMessage (/sb/0xcead721ef5b11f1a7b530171aab69b16c5e66b6e.sol#76) is not in mixedCase
Parameter '_val' of Log.AddMessage (/sb/0xcead721ef5b11f1a7b530171aab69b16c5e66b6e.sol#76) is not in mixedCase
Parameter '_data' of Log.AddMessage (/sb/0xcead721ef5b11f1a7b530171aab69b16c5e66b6e.sol#76) is not in mixedCase
Variable 'Log.History' (/sb/0xcead721ef5b11f1a7b530171aab69b16c5e66b6e.sol#72) is not in mixedCase
Variable 'Log.LastMsg' (/sb/0xcead721ef5b11f1a7b530171aab69b16c5e66b6e.sol#74) is not in mixedCase
Reference: https://github.com/trailofbits/slither/wiki/Detectors-Documentation#conformance-to-solidity-naming-conventions[0m
INFO:Slither:/sb/0xcead721ef5b11f1a7b530171aab69b16c5e66b6e.sol analyzed (2 contracts), 20 result(s) found
