INFO:Slither:Compilation warnings/errors on /sb/0xb7c5c5aa4d42967efe906e1b66cb8df9cebf04f7.sol:
/sb/0xb7c5c5aa4d42967efe906e1b66cb8df9cebf04f7.sol:25:9: Warning: Return value of low-level calls not used.
        msg.sender.call.value(balances[msg.sender])();
        ^-------------------------------------------^

INFO:Detectors:[91m
Reentrancy in keepMyEther.withdraw (/sb/0xb7c5c5aa4d42967efe906e1b66cb8df9cebf04f7.sol#23-27):
	External calls:
	- msg.sender.call.value(balances[msg.sender])() (/sb/0xb7c5c5aa4d42967efe906e1b66cb8df9cebf04f7.sol#25)
	State variables written after the call(s):
	- balances (/sb/0xb7c5c5aa4d42967efe906e1b66cb8df9cebf04f7.sol#26)
Reference: https://github.com/trailofbits/slither/wiki/Detectors-Documentation#reentrancy-vulnerabilities[0m
INFO:Detectors:[92m
keepMyEther.fallback (/sb/0xb7c5c5aa4d42967efe906e1b66cb8df9cebf04f7.sol#19-21) should be declared external
keepMyEther.withdraw (/sb/0xb7c5c5aa4d42967efe906e1b66cb8df9cebf04f7.sol#23-27) should be declared external
Reference: https://github.com/trailofbits/slither/wiki/Detectors-Documentation#public-function-that-could-be-declared-as-external[0m
INFO:Detectors:[92m
Detected issues with version pragma in /sb/0xb7c5c5aa4d42967efe906e1b66cb8df9cebf04f7.sol:
	- pragma solidity^0.4.23 (/sb/0xb7c5c5aa4d42967efe906e1b66cb8df9cebf04f7.sol#7): it allows old versions
Reference: https://github.com/trailofbits/slither/wiki/Detectors-Documentation#incorrect-version-of-solidity[0m
INFO:Detectors:[92m
Low level call in keepMyEther.withdraw (/sb/0xb7c5c5aa4d42967efe906e1b66cb8df9cebf04f7.sol#23-27):
	-msg.sender.call.value(balances[msg.sender])() /sb/0xb7c5c5aa4d42967efe906e1b66cb8df9cebf04f7.sol#25
Reference: https://github.com/trailofbits/slither/wiki/Detectors-Documentation#low-level-calls[0m
INFO:Detectors:[92m
Contract 'keepMyEther' (/sb/0xb7c5c5aa4d42967efe906e1b66cb8df9cebf04f7.sol#16-28) is not in CapWords
Reference: https://github.com/trailofbits/slither/wiki/Detectors-Documentation#conformance-to-solidity-naming-conventions[0m
INFO:Slither:/sb/0xb7c5c5aa4d42967efe906e1b66cb8df9cebf04f7.sol analyzed (1 contracts), 6 result(s) found
