INFO:Slither:Compilation warnings/errors on /sb/reentrancy_simple.sol:
/sb/reentrancy_simple.sol:25:14: Warning: "throw" is deprecated in favour of "revert()", "require()" and "assert()".
             throw;
             ^---^
/sb/reentrancy_simple.sol:12:6: Warning: No visibility specified. Defaulting to "public". 
     function getBalance(address u) constant returns(uint){
     ^ (Relevant source part starts here and spans across multiple lines).
/sb/reentrancy_simple.sol:16:6: Warning: No visibility specified. Defaulting to "public". 
     function addToBalance() payable{
     ^ (Relevant source part starts here and spans across multiple lines).
/sb/reentrancy_simple.sol:20:6: Warning: No visibility specified. Defaulting to "public". 
     function withdrawBalance(){
     ^ (Relevant source part starts here and spans across multiple lines).

INFO:Detectors:[91m
Reentrancy in Reentrance.withdrawBalance (/sb/reentrancy_simple.sol#20-28):
	External calls:
	- ! (msg.sender.call.value(userBalance[msg.sender])()) (/sb/reentrancy_simple.sol#24-26)
	State variables written after the call(s):
	- userBalance (/sb/reentrancy_simple.sol#27)
Reference: https://github.com/trailofbits/slither/wiki/Detectors-Documentation#reentrancy-vulnerabilities[0m
INFO:Detectors:[92m
Deprecated standard detected @ /sb/reentrancy_simple.sol#25:
	- Usage of "throw" should be replaced with "revert()"
Reference: https://github.com/trailofbits/slither/wiki/Detectors-Documentation#deprecated-standards[0m
INFO:Detectors:[92m
Reentrance.getBalance (/sb/reentrancy_simple.sol#12-14) should be declared external
Reentrance.addToBalance (/sb/reentrancy_simple.sol#16-18) should be declared external
Reentrance.withdrawBalance (/sb/reentrancy_simple.sol#20-28) should be declared external
Reference: https://github.com/trailofbits/slither/wiki/Detectors-Documentation#public-function-that-could-be-declared-as-external[0m
INFO:Detectors:[92m
Detected issues with version pragma in /sb/reentrancy_simple.sol:
	- pragma solidity^0.4.15 (/sb/reentrancy_simple.sol#7): it allows old versions
Reference: https://github.com/trailofbits/slither/wiki/Detectors-Documentation#incorrect-version-of-solidity[0m
INFO:Detectors:[92m
Low level call in Reentrance.withdrawBalance (/sb/reentrancy_simple.sol#20-28):
	-! (msg.sender.call.value(userBalance[msg.sender])()) /sb/reentrancy_simple.sol#24-26
Reference: https://github.com/trailofbits/slither/wiki/Detectors-Documentation#low-level-calls[0m
INFO:Slither:/sb/reentrancy_simple.sol analyzed (1 contracts), 7 result(s) found
