2023-01-17 17:44:19,823: [12] m.main:INFO: Registered plugins: IntrospectionAPIPlugin, <class 'manticore.ethereum.plugins.SkipRevertBasicBlocks'>, <class 'manticore.ethereum.plugins.FilterFunctions'>
2023-01-17 17:44:19,823: [12] m.main:INFO: Beginning analysis
2023-01-17 17:44:19,828: [12] m.e.manticore:INFO: Starting symbolic create contract
2023-01-17 17:44:21,260: [12] m.e.manticore:INFO: Starting symbolic transaction: 0
2023-01-17 17:44:32,822: [12] m.e.manticore:INFO: 2 alive states, 1 terminated states
2023-01-17 17:44:33,416: [12] m.e.manticore:INFO: Starting symbolic transaction: 1
2023-01-17 17:45:03,097: [12] m.e.manticore:INFO: 4 alive states, 1 terminated states
2023-01-17 17:45:04,049: [92] m.c.manticore:INFO: Generated testcase No. 0 - STOP(3 txs)
2023-01-17 17:45:04,051: [92] m.c.plugin:WARNING: Caught will_solve in state None, but failed to capture its initialization
2023-01-17 17:45:04,088: [91] m.c.manticore:INFO: Generated testcase No. 1 - STOP(3 txs)
2023-01-17 17:45:04,089: [91] m.c.plugin:WARNING: Caught will_solve in state None, but failed to capture its initialization
2023-01-17 17:45:04,221: [93] m.c.manticore:INFO: Generated testcase No. 2 - STOP(3 txs)
2023-01-17 17:45:04,242: [93] m.c.plugin:WARNING: Caught will_solve in state None, but failed to capture its initialization
2023-01-17 17:45:04,511: [90] m.c.manticore:INFO: Generated testcase No. 3 - STOP(3 txs)
2023-01-17 17:45:04,545: [90] m.c.plugin:WARNING: Caught will_solve in state None, but failed to capture its initialization
2023-01-17 17:45:10,137: [12] m.c.manticore:INFO: Results in /mcore_l6g8nyhh
2023-01-17 17:45:10,138: [12] m.c.manticore:INFO: Total time: 36.66791248321533
2023-01-17 17:45:11,832: [118] m.main:INFO: Registered plugins: IntrospectionAPIPlugin, <class 'manticore.ethereum.plugins.SkipRevertBasicBlocks'>, <class 'manticore.ethereum.plugins.FilterFunctions'>
2023-01-17 17:45:11,833: [118] m.main:INFO: Beginning analysis
2023-01-17 17:45:11,854: [118] m.e.manticore:INFO: Starting symbolic create contract
2023-01-17 17:45:15,474: [118] m.e.manticore:INFO: Starting symbolic transaction: 0
2023-01-17 17:45:57,815: [118] m.e.manticore:INFO: 3 alive states, 1 terminated states
2023-01-17 17:45:58,958: [118] m.e.manticore:INFO: Starting symbolic transaction: 1
2023-01-17 17:48:27,270: [118] m.e.manticore:INFO: 9 alive states, 1 terminated states
2023-01-17 17:48:28,270: [202] m.c.manticore:INFO: Generated testcase No. 0 - STOP(3 txs)
2023-01-17 17:48:28,272: [202] m.c.plugin:WARNING: Caught will_solve in state None, but failed to capture its initialization
2023-01-17 17:48:28,328: [203] m.c.manticore:INFO: Generated testcase No. 1 - STOP(3 txs)
2023-01-17 17:48:28,330: [203] m.c.plugin:WARNING: Caught will_solve in state None, but failed to capture its initialization
2023-01-17 17:48:28,349: [206] m.c.manticore:INFO: Generated testcase No. 2 - STOP(3 txs)
2023-01-17 17:48:28,350: [206] m.c.plugin:WARNING: Caught will_solve in state None, but failed to capture its initialization
2023-01-17 17:48:28,357: [209] m.c.manticore:INFO: Generated testcase No. 3 - STOP(3 txs)
2023-01-17 17:48:28,359: [209] m.c.plugin:WARNING: Caught will_solve in state None, but failed to capture its initialization
2023-01-17 17:48:28,365: [207] m.c.manticore:INFO: Generated testcase No. 4 - STOP(3 txs)
2023-01-17 17:48:28,367: [207] m.c.plugin:WARNING: Caught will_solve in state None, but failed to capture its initialization
2023-01-17 17:48:28,371: [213] m.c.manticore:INFO: Generated testcase No. 5 - STOP(3 txs)
2023-01-17 17:48:28,372: [213] m.c.plugin:WARNING: Caught will_solve in state None, but failed to capture its initialization
2023-01-17 17:48:28,377: [204] m.c.manticore:INFO: Generated testcase No. 6 - STOP(3 txs)
2023-01-17 17:48:28,378: [204] m.c.plugin:WARNING: Caught will_solve in state None, but failed to capture its initialization
2023-01-17 17:48:28,409: [208] m.c.manticore:INFO: Generated testcase No. 7 - STOP(3 txs)
2023-01-17 17:48:28,411: [208] m.c.plugin:WARNING: Caught will_solve in state None, but failed to capture its initialization
2023-01-17 17:48:28,435: [211] m.c.manticore:INFO: Generated testcase No. 8 - STOP(3 txs)
2023-01-17 17:48:28,436: [211] m.c.plugin:WARNING: Caught will_solve in state None, but failed to capture its initialization
2023-01-17 17:48:32,784: [118] m.c.manticore:INFO: Results in /mcore_80swhh8g
2023-01-17 17:48:32,785: [118] m.c.manticore:INFO: Total time: 153.6839199066162
2023-01-17 17:48:33,930: [245] m.main:INFO: Registered plugins: IntrospectionAPIPlugin, <class 'manticore.ethereum.plugins.SkipRevertBasicBlocks'>, <class 'manticore.ethereum.plugins.FilterFunctions'>
2023-01-17 17:48:33,931: [245] m.main:INFO: Beginning analysis
2023-01-17 17:48:33,936: [245] m.e.manticore:INFO: Starting symbolic create contract
2023-01-17 17:48:37,495: [245] m.e.manticore:INFO: Starting symbolic transaction: 0
2023-01-17 17:50:59,612: [245] m.e.manticore:INFO: Found a concrete globalsha3 b'\x00\x00\x00\x00\x00\x00\x00\x00\x00\x00\x00\x00\x00\x00\x00\x00\x00\x00\x00\x00\x00\x00\x00\x00\x00\x00\x00\x00\x00\x02\x00\x00\x00\x00\x00\x00\x00\x00\x00\x00\x00\x00\x00\x00\x00\x00\x00\x00\x00\x00\x00\x00\x00\x00\x00\x00\x00\x00\x00\x00\x00\x00\x00\x04' -> 93405925606848684242376394016972829529189361045273175667784367156876440055338
2023-01-17 17:51:53,836: [245] m.e.manticore:INFO: 10 alive states, 1 terminated states
2023-01-17 17:51:56,034: [245] m.e.manticore:INFO: Starting symbolic transaction: 1
