ANTLR runtime and generated code versions disagree: 4.9.2!=4.7.2
ANTLR runtime and generated code versions disagree: 4.9.2!=4.7.2
Traceback (most recent call last):
  File "conkas.py", line 137, in <module>
    main()
  File "conkas.py", line 88, in main
    contracts = compile_files([filename])
  File "/usr/local/lib/python3.8/dist-packages/solcx/main.py", line 118, in compile_files
    stdoutdata, stderrdata, command, proc = solc_wrapper(**compiler_kwargs)
  File "/usr/local/lib/python3.8/dist-packages/solcx/utils/string.py", line 78, in inner
    return force_obj_to_text(fn(*args, **kwargs))
  File "/usr/local/lib/python3.8/dist-packages/solcx/wrapper.py", line 187, in solc_wrapper
    raise SolcError(
solcx.exceptions.SolcError: An error occurred during execution
        > command: `/root/.solcx/solc-v0.4.26 --combined-json abi,asm,ast,bin,bin-runtime,clone-bin,devdoc,opcodes,userdoc /sb/parity_wallet_bug_1.sol`
        > return code: `1`
        > stderr:

        > stdout:
        /sb/parity_wallet_bug_1.sol:131:5: Warning: Use of the "var" keyword is deprecated.
    var pending = m_pending[_operation];
    ^---------^
/sb/parity_wallet_bug_1.sol:195:5: Warning: Use of the "var" keyword is deprecated.
    var pending = m_pending[_operation];
    ^---------^
/sb/parity_wallet_bug_1.sol:246:11: Warning: "throw" is deprecated in favour of "revert()", "require()" and "assert()".
          throw;
          ^---^
/sb/parity_wallet_bug_1.sol:280:11: Warning: "throw" is deprecated in favour of "revert()", "require()" and "assert()".
          throw;
          ^---^
/sb/parity_wallet_bug_1.sol:297:5: Warning: Use of the "var" keyword is deprecated.
    var pending = m_pending[_operation];
    ^---------^
/sb/parity_wallet_bug_1.sol:406:3: Warning: Defining constructors as functions with the same name as the contract is deprecated. Use "constructor(...) { ... }" instead.
  function Wallet(address[] _owners, uint _required, uint _daylimit) {
  ^ (Relevant source part starts here and spans across multiple lines).
/sb/parity_wallet_bug_1.sol:264:3: Warning: Variable is shadowed in inline assembly by an instruction of the same name
  function create(uint _value, bytes _code) internal returns (address o_addr) {
  ^ (Relevant source part starts here and spans across multiple lines).
/sb/parity_wallet_bug_1.sol:108:7: Warning: Invoking events without "emit" prefix is deprecated.
      Deposit(msg.sender, msg.value);
      ^----------------------------^
/sb/parity_wallet_bug_1.sol:135:7: Warning: Invoking events without "emit" prefix is deprecated.
      Revoke(msg.sender, _operation);
      ^----------------------------^
/sb/parity_wallet_bug_1.sol:140:67: Warning: "sha3" has been deprecated in favour of "keccak256"
  function changeOwner(address _from, address _to) onlymanyowners(sha3(msg.data)) external {
                                                                  ^------------^
/sb/parity_wallet_bug_1.sol:149:5: Warning: Invoking events without "emit" prefix is deprecated.
    OwnerChanged(_from, _to);
    ^----------------------^
/sb/parity_wallet_bug_1.sol:152:52: Warning: "sha3" has been deprecated in favour of "keccak256"
  function addOwner(address _owner) onlymanyowners(sha3(msg.data)) external {
                                                   ^------------^
/sb/parity_wallet_bug_1.sol:163:5: Warning: Invoking events without "emit" prefix is deprecated.
    OwnerAdded(_owner);
    ^----------------^
/sb/parity_wallet_bug_1.sol:166:55: Warning: "sha3" has been deprecated in favour of "keccak256"
  function removeOwner(address _owner) onlymanyowners(sha3(msg.data)) external {
                                                      ^------------^
/sb/parity_wallet_bug_1.sol:175:5: Warning: Invoking events without "emit" prefix is deprecated.
    OwnerRemoved(_owner);
    ^------------------^
/sb/parity_wallet_bug_1.sol:178:64: Warning: "sha3" has been deprecated in favour of "keccak256"
  function changeRequirement(uint _newRequired) onlymanyowners(sha3(msg.data)) external {
                                                               ^------------^
/sb/parity_wallet_bug_1.sol:182:5: Warning: Invoking events without "emit" prefix is deprecated.
    RequirementChanged(_newRequired);
    ^------------------------------^
/sb/parity_wallet_bug_1.sol:212:57: Warning: "sha3" has been deprecated in favour of "keccak256"
  function setDailyLimit(uint _newLimit) onlymanyowners(sha3(msg.data)) external {
                                                        ^------------^
/sb/parity_wallet_bug_1.sol:216:45: Warning: "sha3" has been deprecated in favour of "keccak256"
  function resetSpentToday() onlymanyowners(sha3(msg.data)) external {
                                            ^------------^
/sb/parity_wallet_bug_1.sol:229:45: Warning: "sha3" has been deprecated in favour of "keccak256"
  function kill(address _to) onlymanyowners(sha3(msg.data)) external {
                                            ^------------^
/sb/parity_wallet_bug_1.sol:230:5: Warning: "suicide" has been deprecated in favour of "selfdestruct"
    suicide(_to);
    ^----------^
/sb/parity_wallet_bug_1.sol:248:7: Warning: Invoking events without "emit" prefix is deprecated.
      SingleTransact(msg.sender, _value, _to, _data, created);
      ^-----------------------------------------------------^
/sb/parity_wallet_bug_1.sol:251:16: Warning: "sha3" has been deprecated in favour of "keccak256"
      o_hash = sha3(msg.data, block.number);
               ^--------------------------^
/sb/parity_wallet_bug_1.sol:251:16: Warning: This function only accepts a single "bytes" argument. Please use "abi.encodePacked(...)" or a similar function to encode the data.
      o_hash = sha3(msg.data, block.number);
               ^--------------------------^
/sb/parity_wallet_bug_1.sol:259:9: Warning: Invoking events without "emit" prefix is deprecated.
        ConfirmationNeeded(o_hash, msg.sender, _value, _to, _data);
        ^--------------------------------------------------------^
/sb/parity_wallet_bug_1.sol:267:13: Error: Identifier not found.
      jumpi(invalidJumpLabel, iszero(extcodesize(o_addr)))
            ^--------------^
/sb/parity_wallet_bug_1.sol:267:7: Warning: Jump instructions and labels are low-level EVM features that can lead to incorrect stack access. Because of that they are discouraged. Please consider using "switch", "if" or "for" statements instead.
      jumpi(invalidJumpLabel, iszero(extcodesize(o_addr)))
      ^--------------------------------------------------^
/sb/parity_wallet_bug_1.sol:283:7: Warning: Invoking events without "emit" prefix is deprecated.
      MultiTransact(msg.sender, _h, m_txs[_h].value, m_txs[_h].to, m_txs[_h].data, created);
      ^-----------------------------------------------------------------------------------^
/sb/parity_wallet_bug_1.sol:311:7: Warning: Invoking events without "emit" prefix is deprecated.
      Confirmation(msg.sender, _operation);
      ^----------------------------------^
/sb/parity_wallet_bug_1.sol:377:37: Warning: This looks like an address but has an invalid checksum. If this is not used as an address, please prepend '00'. Correct checksummed address: '0xCAfEcAfeCAfECaFeCaFecaFecaFECafECafeCaFe'. For more information please see https://solidity.readthedocs.io/en/develop/types.html#address-literals
  address constant _walletLibrary = 0xcafecafecafecafecafecafecafecafecafecafe;
                                    ^----------------------------------------^
/sb/parity_wallet_bug_1.sol:408:25: Warning: "sha3" has been deprecated in favour of "keccak256"
    bytes4 sig = bytes4(sha3("initWallet(address[],uint256,uint256)"));
                        ^-------------------------------------------^
/sb/parity_wallet_bug_1.sol:424:7: Warning: Top-level expressions are not supposed to return values (this expression returns 1 value). Use ``pop()`` or assign them.
      delegatecall(sub(gas, 10000), target, 0x0, add(argsize, 0x4), 0x0, 0x0)
      ^---------------------------------------------------------------------^
/sb/parity_wallet_bug_1.sol:417:14: Error: Unbalanced stack at the end of a block: 1 surplus item(s).
    assembly {
             ^ (Relevant source part starts here and spans across multiple lines).
/sb/parity_wallet_bug_1.sol:434:7: Warning: Invoking events without "emit" prefix is deprecated.
      Deposit(msg.sender, msg.value);
      ^----------------------------^
/sb/parity_wallet_bug_1.sol:437:7: Warning: Return value of low-level calls not used.
      _walletLibrary.delegatecall(msg.data); //it should have whitelisted specific methods that the user is allowed to call
      ^-----------------------------------^
/sb/parity_wallet_bug_1.sol:456:37: Warning: This looks like an address but has an invalid checksum. If this is not used as an address, please prepend '00'. Correct checksummed address: '0xCAfEcAfeCAfECaFeCaFecaFecaFECafECafeCaFe'. For more information please see https://solidity.readthedocs.io/en/develop/types.html#address-literals
  address constant _walletLibrary = 0xcafecafecafecafecafecafecafecafecafecafe;
                                    ^----------------------------------------^
