INFO:Slither:Compilation warnings/errors on /sb/list_dos.sol:
/sb/list_dos.sol:23:6: Warning: Defining constructors as functions with the same name as the contract is deprecated. Use "constructor(...) { ... }" instead.
     function Government() {
     ^ (Relevant source part starts here and spans across multiple lines).
/sb/list_dos.sol:37:14: Warning: Failure condition of 'send' ignored. Consider using 'transfer' instead.
             msg.sender.send(amount);
             ^---------------------^
/sb/list_dos.sol:39:14: Warning: Failure condition of 'send' ignored. Consider using 'transfer' instead.
             creditorAddresses[creditorAddresses.length - 1].send(profitFromCrash);
             ^-------------------------------------------------------------------^
/sb/list_dos.sol:40:32: Warning: Using contract member "balance" inherited from the address type is deprecated. Convert the contract to "address" type to access the member, for example use "address(contract).balance" instead.
             corruptElite.send(this.balance);
                               ^----------^
/sb/list_dos.sol:40:14: Warning: Failure condition of 'send' ignored. Consider using 'transfer' instead.
             corruptElite.send(this.balance);
             ^-----------------------------^
/sb/list_dos.sol:62:18: Warning: Failure condition of 'send' ignored. Consider using 'transfer' instead.
                 corruptElite.send(amount * 5/100);
                 ^-------------------------------^
/sb/list_dos.sol:70:22: Warning: Failure condition of 'send' ignored. Consider using 'transfer' instead.
                     buddy.send(amount * 5/100);
                     ^------------------------^
/sb/list_dos.sol:75:22: Warning: Failure condition of 'send' ignored. Consider using 'transfer' instead.
                     creditorAddresses[lastCreditorPayedOut].send(creditorAmounts[lastCreditorPayedOut]);
                     ^---------------------------------------------------------------------------------^
/sb/list_dos.sol:82:18: Warning: Failure condition of 'send' ignored. Consider using 'transfer' instead.
                 msg.sender.send(amount);
                 ^---------------------^
/sb/list_dos.sol:23:6: Warning: No visibility specified. Defaulting to "public". 
     function Government() {
     ^ (Relevant source part starts here and spans across multiple lines).
/sb/list_dos.sol:26:28: Warning: "msg.value" used in non-payable function. Do you want to add the "payable" modifier to this function?
         profitFromCrash = msg.value;
                           ^-------^
/sb/list_dos.sol:31:6: Warning: No visibility specified. Defaulting to "public". 
     function lendGovernmentMoney(address buddy) returns (bool) {
     ^ (Relevant source part starts here and spans across multiple lines).
/sb/list_dos.sol:32:24: Warning: "msg.value" used in non-payable function. Do you want to add the "payable" modifier to this function?
         uint amount = msg.value;
                       ^-------^
/sb/list_dos.sol:89:6: Warning: No visibility specified. Defaulting to "public". 
     function() {
     ^ (Relevant source part starts here and spans across multiple lines).
/sb/list_dos.sol:93:6: Warning: No visibility specified. Defaulting to "public". 
     function totalDebt() returns (uint debt) {
     ^ (Relevant source part starts here and spans across multiple lines).
/sb/list_dos.sol:99:6: Warning: No visibility specified. Defaulting to "public". 
     function totalPayedOut() returns (uint payout) {
     ^ (Relevant source part starts here and spans across multiple lines).
/sb/list_dos.sol:106:6: Warning: No visibility specified. Defaulting to "public". 
     function investInTheSystem() {
     ^ (Relevant source part starts here and spans across multiple lines).
/sb/list_dos.sol:107:29: Warning: "msg.value" used in non-payable function. Do you want to add the "payable" modifier to this function?
         profitFromCrash += msg.value;
                            ^-------^
/sb/list_dos.sol:111:6: Warning: No visibility specified. Defaulting to "public". 
     function inheritToNextGeneration(address nextGeneration) {
     ^ (Relevant source part starts here and spans across multiple lines).
/sb/list_dos.sol:117:6: Warning: No visibility specified. Defaulting to "public". 
     function getCreditorAddresses() returns (address[]) {
     ^ (Relevant source part starts here and spans across multiple lines).
/sb/list_dos.sol:121:6: Warning: No visibility specified. Defaulting to "public". 
     function getCreditorAmounts() returns (uint[]) {
     ^ (Relevant source part starts here and spans across multiple lines).
/sb/list_dos.sol:93:6: Warning: Function state mutability can be restricted to view
     function totalDebt() returns (uint debt) {
     ^ (Relevant source part starts here and spans across multiple lines).
/sb/list_dos.sol:99:6: Warning: Function state mutability can be restricted to view
     function totalPayedOut() returns (uint payout) {
     ^ (Relevant source part starts here and spans across multiple lines).
/sb/list_dos.sol:117:6: Warning: Function state mutability can be restricted to view
     function getCreditorAddresses() returns (address[]) {
     ^ (Relevant source part starts here and spans across multiple lines).
/sb/list_dos.sol:121:6: Warning: Function state mutability can be restricted to view
     function getCreditorAmounts() returns (uint[]) {
     ^ (Relevant source part starts here and spans across multiple lines).

INFO:Detectors:[92m
Government.lendGovernmentMoney (/sb/list_dos.sol#31-86) uses timestamp for comparisons
	Dangerous comparisons:
	- lastTimeOfNewCredit + TWELVE_HOURS < block.timestamp (/sb/list_dos.sol#35-85)
Reference: https://github.com/trailofbits/slither/wiki/Detectors-Documentation#block-timestamp[0m
INFO:Detectors:[92m
Government.fallback (/sb/list_dos.sol#89-91) should be declared external
Government.totalDebt (/sb/list_dos.sol#93-97) should be declared external
Government.totalPayedOut (/sb/list_dos.sol#99-103) should be declared external
Government.investInTheSystem (/sb/list_dos.sol#106-108) should be declared external
Government.inheritToNextGeneration (/sb/list_dos.sol#111-115) should be declared external
Government.getCreditorAddresses (/sb/list_dos.sol#117-119) should be declared external
Government.getCreditorAmounts (/sb/list_dos.sol#121-123) should be declared external
Reference: https://github.com/trailofbits/slither/wiki/Detectors-Documentation#public-function-that-could-be-declared-as-external[0m
INFO:Detectors:[92m
Detected issues with version pragma in /sb/list_dos.sol:
	- pragma solidity^0.4.0 (/sb/list_dos.sol#8): it allows old versions
Reference: https://github.com/trailofbits/slither/wiki/Detectors-Documentation#incorrect-version-of-solidity[0m
INFO:Detectors:[92m
Function 'Government.Government' (/sb/list_dos.sol#23-29) is not in mixedCase
Reference: https://github.com/trailofbits/slither/wiki/Detectors-Documentation#conformance-to-solidity-naming-conventions[0m
INFO:Slither:/sb/list_dos.sol analyzed (1 contracts), 10 result(s) found
