2023-01-17 17:43:51,040: [11] m.main:INFO: Registered plugins: IntrospectionAPIPlugin, <class 'manticore.ethereum.plugins.SkipRevertBasicBlocks'>, <class 'manticore.ethereum.plugins.FilterFunctions'>
2023-01-17 17:43:51,040: [11] m.main:INFO: Beginning analysis
2023-01-17 17:43:51,045: [11] m.e.manticore:INFO: Starting symbolic create contract
2023-01-17 17:43:51,977: [11] m.e.manticore:INFO: Starting symbolic transaction: 0
2023-01-17 17:43:55,245: [11] m.e.manticore:INFO: Found a concrete globalsha3 b'\x00\x00\x00\x00\x00\x00\x00\x00\x00\x00\x00\x00\x00\x00\x00\x00\x00\x00\x00\x00\x00\x00\x00\x00\x00\x00\x00\x00\x00\x02\x00\x00\x00\x00\x00\x00\x00\x00\x00\x00\x00\x00\x00\x00\x00\x00\x00\x00\x00\x00\x00\x00\x00\x00\x00\x00\x00\x00\x00\x00\x00\x00\x00\x00' -> 73138091548938366139099779971772605061518111956507126412222883840269740007539
2023-01-17 17:43:57,090: [11] m.e.manticore:INFO: 2 alive states, 1 terminated states
2023-01-17 17:43:57,491: [11] m.e.manticore:INFO: Starting symbolic transaction: 1
2023-01-17 17:44:15,267: [11] m.e.manticore:INFO: 5 alive states, 1 terminated states
2023-01-17 17:44:15,726: [11] m.e.manticore:INFO: Starting symbolic transaction: 2
2023-01-17 17:45:18,893: [11] m.e.manticore:INFO: 12 alive states, 1 terminated states
2023-01-17 17:45:19,816: [123] m.c.manticore:INFO: Generated testcase No. 0 - STOP(4 txs)
2023-01-17 17:45:19,818: [123] m.c.plugin:WARNING: Caught will_solve in state None, but failed to capture its initialization
2023-01-17 17:45:19,920: [128] m.c.manticore:INFO: Generated testcase No. 2 - STOP(4 txs)
2023-01-17 17:45:19,930: [128] m.c.plugin:WARNING: Caught will_solve in state None, but failed to capture its initialization
2023-01-17 17:45:20,006: [118] m.c.manticore:INFO: Generated testcase No. 3 - STOP(4 txs)
2023-01-17 17:45:20,008: [118] m.c.plugin:WARNING: Caught will_solve in state None, but failed to capture its initialization
2023-01-17 17:45:20,090: [126] m.c.manticore:INFO: Generated testcase No. 1 - STOP(4 txs)
2023-01-17 17:45:20,091: [126] m.c.plugin:WARNING: Caught will_solve in state None, but failed to capture its initialization
2023-01-17 17:45:20,691: [125] m.c.manticore:INFO: Generated testcase No. 4 - STOP(4 txs)
2023-01-17 17:45:20,713: [125] m.c.plugin:WARNING: Caught will_solve in state None, but failed to capture its initialization
2023-01-17 17:45:22,027: [120] m.c.manticore:INFO: Generated testcase No. 6 - STOP(4 txs)
2023-01-17 17:45:22,029: [120] m.c.plugin:WARNING: Caught will_solve in state None, but failed to capture its initialization
2023-01-17 17:45:22,129: [115] m.c.manticore:INFO: Generated testcase No. 5 - STOP(4 txs)
2023-01-17 17:45:22,153: [115] m.c.plugin:WARNING: Caught will_solve in state None, but failed to capture its initialization
2023-01-17 17:45:26,001: [127] m.c.manticore:INFO: Generated testcase No. 7 - STOP(4 txs)
2023-01-17 17:45:26,009: [127] m.c.plugin:WARNING: Caught will_solve in state None, but failed to capture its initialization
2023-01-17 17:45:29,487: [118] m.c.manticore:INFO: Generated testcase No. 8 - STOP(4 txs)
2023-01-17 17:45:30,377: [123] m.c.manticore:INFO: Generated testcase No. 9 - STOP(4 txs)
2023-01-17 17:45:31,687: [128] m.c.manticore:INFO: Generated testcase No. 10 - STOP(4 txs)
2023-01-17 17:45:33,126: [125] m.c.manticore:INFO: Generated testcase No. 11 - STOP(4 txs)
2023-01-17 17:46:11,083: [11] m.c.manticore:INFO: Results in /mcore_e5184e09
2023-01-17 17:46:11,084: [11] m.c.manticore:INFO: Total time: 115.21848511695862
