2023-01-17 17:43:26,808: [11] m.main:INFO: Registered plugins: IntrospectionAPIPlugin, <class 'manticore.ethereum.plugins.SkipRevertBasicBlocks'>, <class 'manticore.ethereum.plugins.FilterFunctions'>
2023-01-17 17:43:26,808: [11] m.main:INFO: Beginning analysis
2023-01-17 17:43:26,811: [11] m.e.manticore:INFO: Starting symbolic create contract
2023-01-17 17:43:27,676: [11] m.e.manticore:INFO: Starting symbolic transaction: 0
2023-01-17 17:43:36,079: [11] m.e.manticore:INFO: 2 alive states, 1 terminated states
2023-01-17 17:43:36,491: [11] m.e.manticore:INFO: Starting symbolic transaction: 1
2023-01-17 17:43:57,988: [11] m.e.manticore:INFO: 4 alive states, 1 terminated states
2023-01-17 17:43:58,687: [80] m.c.manticore:INFO: Generated testcase No. 0 - STOP(3 txs)
2023-01-17 17:43:58,688: [80] m.c.plugin:WARNING: Caught will_solve in state None, but failed to capture its initialization
2023-01-17 17:43:58,704: [82] m.c.manticore:INFO: Generated testcase No. 1 - STOP(3 txs)
2023-01-17 17:43:58,706: [82] m.c.plugin:WARNING: Caught will_solve in state None, but failed to capture its initialization
2023-01-17 17:43:58,721: [84] m.c.manticore:INFO: Generated testcase No. 2 - STOP(3 txs)
2023-01-17 17:43:58,723: [84] m.c.plugin:WARNING: Caught will_solve in state None, but failed to capture its initialization
2023-01-17 17:43:58,748: [83] m.c.manticore:INFO: Generated testcase No. 3 - STOP(3 txs)
2023-01-17 17:43:58,749: [83] m.c.plugin:WARNING: Caught will_solve in state None, but failed to capture its initialization
2023-01-17 17:44:01,625: [11] m.c.manticore:INFO: Results in /mcore_1ag8gut4
2023-01-17 17:44:01,626: [11] m.c.manticore:INFO: Total time: 25.100178956985474
2023-01-17 17:44:02,895: [108] m.main:INFO: Registered plugins: IntrospectionAPIPlugin, <class 'manticore.ethereum.plugins.SkipRevertBasicBlocks'>, <class 'manticore.ethereum.plugins.FilterFunctions'>
2023-01-17 17:44:02,895: [108] m.main:INFO: Beginning analysis
2023-01-17 17:44:02,900: [108] m.e.manticore:INFO: Starting symbolic create contract
2023-01-17 17:44:04,880: [108] m.e.manticore:INFO: Starting symbolic transaction: 0
2023-01-17 17:44:45,766: [108] m.e.manticore:INFO: 3 alive states, 1 terminated states
2023-01-17 17:44:46,616: [108] m.e.manticore:INFO: Starting symbolic transaction: 1
2023-01-17 17:47:28,976: [108] m.e.manticore:INFO: 9 alive states, 1 terminated states
2023-01-17 17:47:30,010: [189] m.c.manticore:INFO: Generated testcase No. 1 - STOP(3 txs)
2023-01-17 17:47:30,012: [189] m.c.plugin:WARNING: Caught will_solve in state None, but failed to capture its initialization
2023-01-17 17:47:30,018: [188] m.c.manticore:INFO: Generated testcase No. 2 - STOP(3 txs)
2023-01-17 17:47:30,020: [188] m.c.plugin:WARNING: Caught will_solve in state None, but failed to capture its initialization
2023-01-17 17:47:30,023: [187] m.c.manticore:INFO: Generated testcase No. 3 - STOP(3 txs)
2023-01-17 17:47:30,025: [187] m.c.plugin:WARNING: Caught will_solve in state None, but failed to capture its initialization
2023-01-17 17:47:30,028: [191] m.c.manticore:INFO: Generated testcase No. 4 - STOP(3 txs)
2023-01-17 17:47:30,030: [191] m.c.plugin:WARNING: Caught will_solve in state None, but failed to capture its initialization
2023-01-17 17:47:30,027: [186] m.c.manticore:INFO: Generated testcase No. 0 - STOP(3 txs)
2023-01-17 17:47:30,034: [186] m.c.plugin:WARNING: Caught will_solve in state None, but failed to capture its initialization
2023-01-17 17:47:30,036: [195] m.c.manticore:INFO: Generated testcase No. 6 - STOP(3 txs)
2023-01-17 17:47:30,037: [195] m.c.plugin:WARNING: Caught will_solve in state None, but failed to capture its initialization
2023-01-17 17:47:30,037: [196] m.c.manticore:INFO: Generated testcase No. 5 - STOP(3 txs)
2023-01-17 17:47:30,039: [196] m.c.plugin:WARNING: Caught will_solve in state None, but failed to capture its initialization
2023-01-17 17:47:30,050: [193] m.c.manticore:INFO: Generated testcase No. 8 - STOP(3 txs)
2023-01-17 17:47:30,051: [193] m.c.plugin:WARNING: Caught will_solve in state None, but failed to capture its initialization
2023-01-17 17:47:30,060: [194] m.c.manticore:INFO: Generated testcase No. 7 - STOP(3 txs)
2023-01-17 17:47:30,061: [194] m.c.plugin:WARNING: Caught will_solve in state None, but failed to capture its initialization
2023-01-17 17:47:34,995: [108] m.c.manticore:INFO: Results in /mcore_6cnnw1g5
2023-01-17 17:47:34,996: [108] m.c.manticore:INFO: Total time: 168.14734816551208
2023-01-17 17:47:36,185: [229] m.main:INFO: Registered plugins: IntrospectionAPIPlugin, <class 'manticore.ethereum.plugins.SkipRevertBasicBlocks'>, <class 'manticore.ethereum.plugins.FilterFunctions'>
2023-01-17 17:47:36,186: [229] m.main:INFO: Beginning analysis
2023-01-17 17:47:36,190: [229] m.e.manticore:INFO: Starting symbolic create contract
2023-01-17 17:47:40,066: [229] m.e.manticore:INFO: Starting symbolic transaction: 0
2023-01-17 17:49:54,518: [229] m.e.manticore:INFO: Found a concrete globalsha3 b'\x00\x00\x00\x00\x00\x00\x00\x00\x00\x00\x00\x00\x00\x00\x00\x00\x00\x00\x00\x00\x00\x00\x00\x00\x00\x00\x00\x00\x00\x02\x00\x00\x00\x00\x00\x00\x00\x00\x00\x00\x00\x00\x00\x00\x00\x00\x00\x00\x00\x00\x00\x00\x00\x00\x00\x00\x00\x00\x00\x00\x00\x00\x00\x04' -> 93405925606848684242376394016972829529189361045273175667784367156876440055338
2023-01-17 17:50:45,566: [229] m.e.manticore:INFO: 10 alive states, 1 terminated states
2023-01-17 17:50:47,485: [229] m.e.manticore:INFO: Starting symbolic transaction: 1
