INFO:Slither:Compilation warnings/errors on /sb/FibonacciBalance.sol:
/sb/FibonacciBalance.sol:19:37: Warning: "sha3" has been deprecated in favour of "keccak256"
    bytes4 constant fibSig = bytes4(sha3("setFibonacci(uint256)"));
                                    ^---------------------------^
/sb/FibonacciBalance.sol:26:5: Warning: No visibility specified. Defaulting to "public". 
    function withdraw() {
    ^ (Relevant source part starts here and spans across multiple lines).

INFO:Detectors:[91m
FibonacciBalance.withdraw (/sb/FibonacciBalance.sol#26-33) sends eth to arbitrary user
	Dangerous calls:
	- msg.sender.transfer(calculatedFibNumber * 1000000000000000000) (/sb/FibonacciBalance.sol#32)
Reference: https://github.com/trailofbits/slither/wiki/Detectors-Documentation#functions-that-send-ether-to-arbitrary-destinations[0m
INFO:Detectors:[91m
FibonacciBalance.withdraw (/sb/FibonacciBalance.sol#26-33) uses delegatecall to a input-controlled function id
	require(bool)(fibonacciLibrary.delegatecall(fibSig,withdrawalCounter)) (/sb/FibonacciBalance.sol#31)
FibonacciBalance.fallback (/sb/FibonacciBalance.sol#36-39) uses delegatecall to a input-controlled function id
	require(bool)(fibonacciLibrary.delegatecall(msg.data)) (/sb/FibonacciBalance.sol#38)
Reference: https://github.com/trailofbits/slither/wiki/Detectors-Documentation#controlled-delegatecall[0m
INFO:Detectors:[91m
FibonacciBalance.calculatedFibNumber (/sb/FibonacciBalance.sol#14) is never initialized. It is used in:
	- withdraw (/sb/FibonacciBalance.sol#26-33)
Reference: https://github.com/trailofbits/slither/wiki/Detectors-Documentation#uninitialized-state-variables[0m
INFO:Detectors:[92m
FibonacciBalance.calculatedFibNumber should be constant (/sb/FibonacciBalance.sol#14)
FibonacciBalance.start should be constant (/sb/FibonacciBalance.sol#16)
Reference: https://github.com/trailofbits/slither/wiki/Detectors-Documentation#state-variables-that-could-be-declared-constant[0m
INFO:Detectors:[92m
Deprecated standard detected @ /sb/FibonacciBalance.sol#19:
	- Usage of "sha3()" should be replaced with "keccak256()"
Reference: https://github.com/trailofbits/slither/wiki/Detectors-Documentation#deprecated-standards[0m
INFO:Detectors:[92m
FibonacciBalance.withdraw (/sb/FibonacciBalance.sol#26-33) should be declared external
FibonacciBalance.fallback (/sb/FibonacciBalance.sol#36-39) should be declared external
FibonacciLib.setStart (/sb/FibonacciBalance.sol#49-51) should be declared external
FibonacciLib.setFibonacci (/sb/FibonacciBalance.sol#53-55) should be declared external
Reference: https://github.com/trailofbits/slither/wiki/Detectors-Documentation#public-function-that-could-be-declared-as-external[0m
INFO:Detectors:[92m
Detected issues with version pragma in /sb/FibonacciBalance.sol:
	- pragma solidity^0.4.0 (/sb/FibonacciBalance.sol#8): it allows old versions
Reference: https://github.com/trailofbits/slither/wiki/Detectors-Documentation#incorrect-version-of-solidity[0m
INFO:Detectors:[92m
Low level call in FibonacciBalance.withdraw (/sb/FibonacciBalance.sol#26-33):
	-require(bool)(fibonacciLibrary.delegatecall(fibSig,withdrawalCounter)) /sb/FibonacciBalance.sol#31
Low level call in FibonacciBalance.fallback (/sb/FibonacciBalance.sol#36-39):
	-require(bool)(fibonacciLibrary.delegatecall(msg.data)) /sb/FibonacciBalance.sol#38
Reference: https://github.com/trailofbits/slither/wiki/Detectors-Documentation#low-level-calls[0m
INFO:Detectors:[92m
Parameter '_fibonacciLibrary' of FibonacciBalance. (/sb/FibonacciBalance.sol#22) is not in mixedCase
Constant 'FibonacciBalance.fibSig' (/sb/FibonacciBalance.sol#19) is not in UPPER_CASE_WITH_UNDERSCORES
Parameter '_start' of FibonacciLib.setStart (/sb/FibonacciBalance.sol#49) is not in mixedCase
Reference: https://github.com/trailofbits/slither/wiki/Detectors-Documentation#conformance-to-solidity-naming-conventions[0m
INFO:Slither:/sb/FibonacciBalance.sol analyzed (2 contracts), 16 result(s) found
