2023-01-17 17:43:43,463: [12] m.main:INFO: Registered plugins: IntrospectionAPIPlugin, <class 'manticore.ethereum.plugins.SkipRevertBasicBlocks'>, <class 'manticore.ethereum.plugins.FilterFunctions'>
2023-01-17 17:43:43,463: [12] m.main:INFO: Beginning analysis
2023-01-17 17:43:43,467: [12] m.e.manticore:INFO: Starting symbolic create contract
2023-01-17 17:44:06,183: [12] m.e.manticore:INFO: Starting symbolic transaction: 0
2023-01-17 17:45:04,246: [12] m.e.manticore:INFO: 5 alive states, 1 terminated states
2023-01-17 17:45:16,619: [12] m.e.manticore:INFO: Starting symbolic transaction: 1
2023-01-17 17:50:42,175: [12] m.e.manticore:INFO: 25 alive states, 1 terminated states
2023-01-17 17:50:53,393: [104] m.c.manticore:INFO: Generated testcase No. 0 - STOP(3 txs)
2023-01-17 17:50:53,395: [104] m.c.plugin:WARNING: Caught will_solve in state None, but failed to capture its initialization
2023-01-17 17:50:53,409: [103] m.c.manticore:INFO: Generated testcase No. 1 - STOP(3 txs)
2023-01-17 17:50:53,411: [103] m.c.plugin:WARNING: Caught will_solve in state None, but failed to capture its initialization
2023-01-17 17:50:53,474: [107] m.c.manticore:INFO: Generated testcase No. 6 - STOP(3 txs)
2023-01-17 17:50:53,476: [107] m.c.plugin:WARNING: Caught will_solve in state None, but failed to capture its initialization
2023-01-17 17:50:53,666: [106] m.c.manticore:INFO: Generated testcase No. 3 - STOP(3 txs)
2023-01-17 17:50:53,667: [106] m.c.plugin:WARNING: Caught will_solve in state None, but failed to capture its initialization
2023-01-17 17:50:53,679: [110] m.c.manticore:INFO: Generated testcase No. 4 - STOP(3 txs)
2023-01-17 17:50:53,681: [110] m.c.plugin:WARNING: Caught will_solve in state None, but failed to capture its initialization
2023-01-17 17:50:53,681: [105] m.c.manticore:INFO: Generated testcase No. 2 - STOP(3 txs)
2023-01-17 17:50:53,682: [105] m.c.plugin:WARNING: Caught will_solve in state None, but failed to capture its initialization
2023-01-17 17:50:53,696: [111] m.c.manticore:INFO: Generated testcase No. 7 - STOP(3 txs)
2023-01-17 17:50:53,697: [113] m.c.manticore:INFO: Generated testcase No. 5 - STOP(3 txs)
2023-01-17 17:50:53,697: [111] m.c.plugin:WARNING: Caught will_solve in state None, but failed to capture its initialization
2023-01-17 17:50:53,698: [113] m.c.plugin:WARNING: Caught will_solve in state None, but failed to capture its initialization
2023-01-17 17:50:53,708: [118] m.c.manticore:INFO: Generated testcase No. 10 - STOP(3 txs)
2023-01-17 17:50:53,709: [118] m.c.plugin:WARNING: Caught will_solve in state None, but failed to capture its initialization
2023-01-17 17:50:53,713: [116] m.c.manticore:INFO: Generated testcase No. 9 - STOP(3 txs)
2023-01-17 17:50:53,714: [116] m.c.plugin:WARNING: Caught will_solve in state None, but failed to capture its initialization
2023-01-17 17:50:53,716: [117] m.c.manticore:INFO: Generated testcase No. 8 - STOP(3 txs)
2023-01-17 17:50:53,717: [117] m.c.plugin:WARNING: Caught will_solve in state None, but failed to capture its initialization
2023-01-17 17:50:53,733: [112] m.c.manticore:INFO: Generated testcase No. 11 - STOP(3 txs)
2023-01-17 17:50:53,735: [112] m.c.plugin:WARNING: Caught will_solve in state None, but failed to capture its initialization
2023-01-17 17:51:31,809: [118] m.c.manticore:INFO: Generated testcase No. 12 - STOP(3 txs)
2023-01-17 17:51:32,020: [111] m.c.manticore:INFO: Generated testcase No. 13 - STOP(3 txs)
2023-01-17 17:51:32,467: [106] m.c.manticore:INFO: Generated testcase No. 14 - STOP(3 txs)
2023-01-17 17:51:32,613: [110] m.c.manticore:INFO: Generated testcase No. 15 - STOP(3 txs)
2023-01-17 17:51:32,746: [105] m.c.manticore:INFO: Generated testcase No. 16 - STOP(3 txs)
2023-01-17 17:51:33,290: [116] m.c.manticore:INFO: Generated testcase No. 17 - STOP(3 txs)
2023-01-17 17:51:33,368: [112] m.c.manticore:INFO: Generated testcase No. 18 - STOP(3 txs)
2023-01-17 17:51:33,471: [104] m.c.manticore:INFO: Generated testcase No. 19 - STOP(3 txs)
2023-01-17 17:51:33,516: [117] m.c.manticore:INFO: Generated testcase No. 20 - STOP(3 txs)
2023-01-17 17:51:33,527: [103] m.c.manticore:INFO: Generated testcase No. 21 - STOP(3 txs)
2023-01-17 17:51:33,609: [107] m.c.manticore:INFO: Generated testcase No. 22 - STOP(3 txs)
2023-01-17 17:51:33,973: [113] m.c.manticore:INFO: Generated testcase No. 23 - STOP(3 txs)
2023-01-17 17:52:09,009: [118] m.c.manticore:INFO: Generated testcase No. 24 - STOP(3 txs)
2023-01-17 17:53:01,079: [12] m.c.manticore:INFO: Results in /mcore_nhqri8xs
2023-01-17 17:53:01,080: [12] m.c.manticore:INFO: Total time: 464.0389733314514
