INFO:Slither:Compilation warnings/errors on /sb/reentrancy_cross_function.sol:
/sb/reentrancy_cross_function.sol:24:9: Warning: Different number of components on the left hand side (2) than on the right hand side (1).
        (bool success, ) = msg.sender.call.value(amountToWithdraw)(""); // At this point, the caller's code is executed, and can call transfer()
        ^------------------------------------------------------------^
/sb/reentrancy_cross_function.sol:14:5: Warning: No visibility specified. Defaulting to "public". 
    function transfer(address to, uint amount) {
    ^ (Relevant source part starts here and spans across multiple lines).

INFO:Detectors:[91m
Reentrancy in Reentrancy_cross_function.withdrawBalance (/sb/reentrancy_cross_function.sol#21-27):
	External calls:
	- (success) = msg.sender.call.value(amountToWithdraw)() (/sb/reentrancy_cross_function.sol#24)
	State variables written after the call(s):
	- userBalances (/sb/reentrancy_cross_function.sol#26)
Reference: https://github.com/trailofbits/slither/wiki/Detectors-Documentation#reentrancy-vulnerabilities[0m
INFO:Detectors:[93m
Reentrancy_cross_function (/sb/reentrancy_cross_function.sol#9-28) has incorrect ERC20 function interface(s):
	-transfer (/sb/reentrancy_cross_function.sol#14-19)
Reference: https://github.com/trailofbits/slither/wiki/Detectors-Documentation#incorrect-erc20-interface[0m
INFO:Detectors:[92m
Reentrancy_cross_function.transfer (/sb/reentrancy_cross_function.sol#14-19) should be declared external
Reentrancy_cross_function.withdrawBalance (/sb/reentrancy_cross_function.sol#21-27) should be declared external
Reference: https://github.com/trailofbits/slither/wiki/Detectors-Documentation#public-function-that-could-be-declared-as-external[0m
INFO:Detectors:[92m
Detected issues with version pragma in /sb/reentrancy_cross_function.sol:
	- pragma solidity^0.4.0 (/sb/reentrancy_cross_function.sol#7): it allows old versions
Reference: https://github.com/trailofbits/slither/wiki/Detectors-Documentation#incorrect-version-of-solidity[0m
INFO:Detectors:[92m
Low level call in Reentrancy_cross_function.withdrawBalance (/sb/reentrancy_cross_function.sol#21-27):
	-(success) = msg.sender.call.value(amountToWithdraw)() /sb/reentrancy_cross_function.sol#24
Reference: https://github.com/trailofbits/slither/wiki/Detectors-Documentation#low-level-calls[0m
INFO:Detectors:[92m
Contract 'Reentrancy_cross_function' (/sb/reentrancy_cross_function.sol#9-28) is not in CapWords
Reference: https://github.com/trailofbits/slither/wiki/Detectors-Documentation#conformance-to-solidity-naming-conventions[0m
INFO:Slither:/sb/reentrancy_cross_function.sol analyzed (1 contracts), 7 result(s) found
