INFO:Slither:Compilation warnings/errors on /sb/etherpot_lotto.sol:
/sb/etherpot_lotto.sol:50:10: Warning: Use of the "var" keyword is deprecated.
         var decisionBlockNumber = getDecisionBlockNumber(roundIndex,subpotIndex);
         ^---------------------^
/sb/etherpot_lotto.sol:56:10: Warning: Use of the "var" keyword is deprecated.
         var decisionBlockHash = getHashOfBlock(decisionBlockNumber);
         ^-------------------^
/sb/etherpot_lotto.sol:57:10: Warning: Use of the "var" keyword is deprecated.
         var winningTicketIndex = decisionBlockHash%rounds[roundIndex].ticketsCount;
         ^--------------------^
/sb/etherpot_lotto.sol:60:10: Warning: Use of the "var" keyword is deprecated.
         var ticketIndex = uint256(0);
         ^-------------^
/sb/etherpot_lotto.sol:62:14: Warning: Use of the "var" keyword is deprecated.
         for(var buyerIndex = 0; buyerIndex<rounds[roundIndex].buyers.length; buyerIndex++){
             ^------------^
/sb/etherpot_lotto.sol:63:14: Warning: Use of the "var" keyword is deprecated.
             var buyer = rounds[roundIndex].buyers[buyerIndex];
             ^-------^
/sb/etherpot_lotto.sol:77:10: Warning: Use of the "var" keyword is deprecated.
         var subpotsCount = rounds[roundIndex].pot/blockReward;
         ^--------------^
/sb/etherpot_lotto.sol:91:10: Warning: Use of the "var" keyword is deprecated.
         var subpotsCount = getSubpotsCount(roundIndex);
         ^--------------^
/sb/etherpot_lotto.sol:96:10: Warning: Use of the "var" keyword is deprecated.
         var decisionBlockNumber = getDecisionBlockNumber(roundIndex,subpotIndex);
         ^---------------------^
/sb/etherpot_lotto.sol:105:10: Warning: Use of the "var" keyword is deprecated.
         var winner = calculateWinner(roundIndex,subpotIndex);
         ^--------^
/sb/etherpot_lotto.sol:106:10: Warning: Use of the "var" keyword is deprecated.
         var subpot = getSubpot(roundIndex);
         ^--------^
/sb/etherpot_lotto.sol:134:10: Warning: Use of the "var" keyword is deprecated.
         var roundIndex = getRoundIndex();
         ^------------^
/sb/etherpot_lotto.sol:135:10: Warning: Use of the "var" keyword is deprecated.
         var value = msg.value-(msg.value%ticketPrice);
         ^-------^
/sb/etherpot_lotto.sol:145:10: Warning: Use of the "var" keyword is deprecated.
         var ticketsCount = value/ticketPrice;
         ^--------------^
/sb/etherpot_lotto.sol:149:14: Warning: Use of the "var" keyword is deprecated.
             var buyersLength = rounds[roundIndex].buyers.length++;
             ^--------------^
/sb/etherpot_lotto.sol:62:14: Warning: The type of this variable was inferred as uint8, which can hold values between 0 and 255. This is probably not desired. Use an explicit type to silence this warning.
         for(var buyerIndex = 0; buyerIndex<rounds[roundIndex].buyers.length; buyerIndex++){
             ^----------------^
/sb/etherpot_lotto.sol:109:10: Warning: Failure condition of 'send' ignored. Consider using 'transfer' instead.
         winner.send(subpot);
         ^-----------------^
/sb/etherpot_lotto.sol:141:14: Warning: Failure condition of 'send' ignored. Consider using 'transfer' instead.
             msg.sender.send(msg.value-value);
             ^------------------------------^
/sb/etherpot_lotto.sol:20:6: Warning: No visibility specified. Defaulting to "public". 
     function getBlocksPerRound() constant returns(uint){ return blocksPerRound; }
     ^---------------------------------------------------------------------------^
/sb/etherpot_lotto.sol:21:6: Warning: No visibility specified. Defaulting to "public". 
     function getTicketPrice() constant returns(uint){ return ticketPrice; }
     ^---------------------------------------------------------------------^
/sb/etherpot_lotto.sol:34:6: Warning: No visibility specified. Defaulting to "public". 
     function getRoundIndex() constant returns (uint){
     ^ (Relevant source part starts here and spans across multiple lines).
/sb/etherpot_lotto.sol:40:6: Warning: No visibility specified. Defaulting to "public". 
     function getIsCashed(uint roundIndex,uint subpotIndex) constant returns (bool){
     ^ (Relevant source part starts here and spans across multiple lines).
/sb/etherpot_lotto.sol:47:6: Warning: No visibility specified. Defaulting to "public". 
     function calculateWinner(uint roundIndex, uint subpotIndex) constant returns(address){
     ^ (Relevant source part starts here and spans across multiple lines).
/sb/etherpot_lotto.sol:72:6: Warning: No visibility specified. Defaulting to "public". 
     function getDecisionBlockNumber(uint roundIndex,uint subpotIndex) constant returns (uint){
     ^ (Relevant source part starts here and spans across multiple lines).
/sb/etherpot_lotto.sol:76:6: Warning: No visibility specified. Defaulting to "public". 
     function getSubpotsCount(uint roundIndex) constant returns(uint){
     ^ (Relevant source part starts here and spans across multiple lines).
/sb/etherpot_lotto.sol:85:6: Warning: No visibility specified. Defaulting to "public". 
     function getSubpot(uint roundIndex) constant returns(uint){
     ^ (Relevant source part starts here and spans across multiple lines).
/sb/etherpot_lotto.sol:89:6: Warning: No visibility specified. Defaulting to "public". 
     function cash(uint roundIndex, uint subpotIndex){
     ^ (Relevant source part starts here and spans across multiple lines).
/sb/etherpot_lotto.sol:115:6: Warning: No visibility specified. Defaulting to "public". 
     function getHashOfBlock(uint blockIndex) constant returns(uint){
     ^ (Relevant source part starts here and spans across multiple lines).
/sb/etherpot_lotto.sol:116:22: Warning: "block.blockhash()" has been deprecated in favor of "blockhash()"
         return uint(block.blockhash(blockIndex));
                     ^-------------^
/sb/etherpot_lotto.sol:119:6: Warning: No visibility specified. Defaulting to "public". 
     function getBuyers(uint roundIndex,address buyer) constant returns (address[]){
     ^ (Relevant source part starts here and spans across multiple lines).
/sb/etherpot_lotto.sol:119:41: Warning: Unused function parameter. Remove or comment out the variable name to silence this warning.
     function getBuyers(uint roundIndex,address buyer) constant returns (address[]){
                                        ^-----------^
/sb/etherpot_lotto.sol:123:6: Warning: No visibility specified. Defaulting to "public". 
     function getTicketsCountByBuyer(uint roundIndex,address buyer) constant returns (uint){
     ^ (Relevant source part starts here and spans across multiple lines).
/sb/etherpot_lotto.sol:127:6: Warning: No visibility specified. Defaulting to "public". 
     function getPot(uint roundIndex) constant returns(uint){
     ^ (Relevant source part starts here and spans across multiple lines).
/sb/etherpot_lotto.sol:131:6: Warning: No visibility specified. Defaulting to "public". 
     function() {
     ^ (Relevant source part starts here and spans across multiple lines).
/sb/etherpot_lotto.sol:135:22: Warning: "msg.value" used in non-payable function. Do you want to add the "payable" modifier to this function?
         var value = msg.value-(msg.value%ticketPrice);
                     ^-------^
/sb/etherpot_lotto.sol:135:33: Warning: "msg.value" used in non-payable function. Do you want to add the "payable" modifier to this function?
         var value = msg.value-(msg.value%ticketPrice);
                                ^-------^
/sb/etherpot_lotto.sol:139:19: Warning: "msg.value" used in non-payable function. Do you want to add the "payable" modifier to this function?
         if(value<msg.value){
                  ^-------^
/sb/etherpot_lotto.sol:141:30: Warning: "msg.value" used in non-payable function. Do you want to add the "payable" modifier to this function?
             msg.sender.send(msg.value-value);
                             ^-------^
/sb/etherpot_lotto.sol:20:6: Warning: Function state mutability can be restricted to pure
     function getBlocksPerRound() constant returns(uint){ return blocksPerRound; }
     ^---------------------------------------------------------------------------^
/sb/etherpot_lotto.sol:21:6: Warning: Function state mutability can be restricted to pure
     function getTicketPrice() constant returns(uint){ return ticketPrice; }
     ^---------------------------------------------------------------------^
/sb/etherpot_lotto.sol:72:6: Warning: Function state mutability can be restricted to pure
     function getDecisionBlockNumber(uint roundIndex,uint subpotIndex) constant returns (uint){
     ^ (Relevant source part starts here and spans across multiple lines).

INFO:Detectors:[91m
Lotto.cash (/sb/etherpot_lotto.sol#89-113) sends eth to arbitrary user
	Dangerous calls:
	- winner.send(subpot) (/sb/etherpot_lotto.sol#109)
Reference: https://github.com/trailofbits/slither/wiki/Detectors-Documentation#functions-that-send-ether-to-arbitrary-destinations[0m
INFO:Detectors:[92m
Deprecated standard detected @ /sb/etherpot_lotto.sol#116:
	- Usage of "block.blockhash()" should be replaced with "blockhash()"
Reference: https://github.com/trailofbits/slither/wiki/Detectors-Documentation#deprecated-standards[0m
INFO:Detectors:[92m
Lotto.getBlocksPerRound (/sb/etherpot_lotto.sol#20) should be declared external
Lotto.getTicketPrice (/sb/etherpot_lotto.sol#21) should be declared external
Lotto.getIsCashed (/sb/etherpot_lotto.sol#40-44) should be declared external
Lotto.cash (/sb/etherpot_lotto.sol#89-113) should be declared external
Lotto.getBuyers (/sb/etherpot_lotto.sol#119-121) should be declared external
Lotto.getTicketsCountByBuyer (/sb/etherpot_lotto.sol#123-125) should be declared external
Lotto.getPot (/sb/etherpot_lotto.sol#127-129) should be declared external
Lotto.fallback (/sb/etherpot_lotto.sol#131-160) should be declared external
Reference: https://github.com/trailofbits/slither/wiki/Detectors-Documentation#public-function-that-could-be-declared-as-external[0m
INFO:Detectors:[92m
Detected issues with version pragma in /sb/etherpot_lotto.sol:
	- pragma solidity^0.4.0 (/sb/etherpot_lotto.sol#8): it allows old versions
Reference: https://github.com/trailofbits/slither/wiki/Detectors-Documentation#incorrect-version-of-solidity[0m
INFO:Detectors:[92m
Constant 'Lotto.blocksPerRound' (/sb/etherpot_lotto.sol#12) is not in UPPER_CASE_WITH_UNDERSCORES
Constant 'Lotto.ticketPrice' (/sb/etherpot_lotto.sol#15) is not in UPPER_CASE_WITH_UNDERSCORES
Constant 'Lotto.blockReward' (/sb/etherpot_lotto.sol#18) is not in UPPER_CASE_WITH_UNDERSCORES
Reference: https://github.com/trailofbits/slither/wiki/Detectors-Documentation#conformance-to-solidity-naming-conventions[0m
INFO:Slither:/sb/etherpot_lotto.sol analyzed (1 contracts), 14 result(s) found
