INFO:Slither:Compilation warnings/errors on /sb/0xd2018bfaa266a9ec0a1a84b061640faa009def76.sol:
/sb/0xd2018bfaa266a9ec0a1a84b061640faa009def76.sol:25:3029: Warning: Using contract member "balance" inherited from the address type is deprecated. Convert the contract to "address" type to access the member, for example use "address(contract).balance" instead.
 ... this.balance ... 
     ^----------^
/sb/0xd2018bfaa266a9ec0a1a84b061640faa009def76.sol:26:33: Warning: Using contract member "balance" inherited from the address type is deprecated. Convert the contract to "address" type to access the member, for example use "address(contract).balance" instead.
            msg.sender.transfer(this.balance);
                                ^----------^
/sb/0xd2018bfaa266a9ec0a1a84b061640faa009def76.sol:35:24: Warning: Using contract member "balance" inherited from the address type is deprecated. Convert the contract to "address" type to access the member, for example use "address(contract).balance" instead.
        Owner.transfer(this.balance);
                       ^----------^
/sb/0xd2018bfaa266a9ec0a1a84b061640faa009def76.sol:44:9: Warning: Return value of low-level calls not used.
        adr.call.value(msg.value)(data);
        ^-----------------------------^

INFO:Detectors:[91m
Pie.Get (/sb/0xd2018bfaa266a9ec0a1a84b061640faa009def76.sol#20-28) sends eth to arbitrary user
	Dangerous calls:
	- msg.sender.transfer(this.balance) (/sb/0xd2018bfaa266a9ec0a1a84b061640faa009def76.sol#26)
Reference: https://github.com/trailofbits/slither/wiki/Detectors-Documentation#functions-that-send-ether-to-arbitrary-destinations[0m
INFO:Detectors:[92m
Pie.fallback (/sb/0xd2018bfaa266a9ec0a1a84b061640faa009def76.sol#13-18) should be declared external
Pie.Get (/sb/0xd2018bfaa266a9ec0a1a84b061640faa009def76.sol#20-28) should be declared external
Pie.withdraw (/sb/0xd2018bfaa266a9ec0a1a84b061640faa009def76.sol#30-36) should be declared external
Pie.Command (/sb/0xd2018bfaa266a9ec0a1a84b061640faa009def76.sol#38-45) should be declared external
Reference: https://github.com/trailofbits/slither/wiki/Detectors-Documentation#public-function-that-could-be-declared-as-external[0m
INFO:Detectors:[92m
Detected issues with version pragma in /sb/0xd2018bfaa266a9ec0a1a84b061640faa009def76.sol:
	- pragma solidity^0.4.19 (/sb/0xd2018bfaa266a9ec0a1a84b061640faa009def76.sol#7): it allows old versions
Reference: https://github.com/trailofbits/slither/wiki/Detectors-Documentation#incorrect-version-of-solidity[0m
INFO:Detectors:[92m
Low level call in Pie.Command (/sb/0xd2018bfaa266a9ec0a1a84b061640faa009def76.sol#38-45):
	-adr.call.value(msg.value)(data) /sb/0xd2018bfaa266a9ec0a1a84b061640faa009def76.sol#44
Reference: https://github.com/trailofbits/slither/wiki/Detectors-Documentation#low-level-calls[0m
INFO:Detectors:[92m
Function 'Pie.Get' (/sb/0xd2018bfaa266a9ec0a1a84b061640faa009def76.sol#20-28) is not in mixedCase
Function 'Pie.Command' (/sb/0xd2018bfaa266a9ec0a1a84b061640faa009def76.sol#38-45) is not in mixedCase
Variable 'Pie.Owner' (/sb/0xd2018bfaa266a9ec0a1a84b061640faa009def76.sol#11) is not in mixedCase
Reference: https://github.com/trailofbits/slither/wiki/Detectors-Documentation#conformance-to-solidity-naming-conventions[0m
INFO:Slither:/sb/0xd2018bfaa266a9ec0a1a84b061640faa009def76.sol analyzed (1 contracts), 10 result(s) found
