INFO:root:Finished all paths
INFO:root:Finished all paths
INFO:root:Finished all paths
INFO:root:Finished all paths
INFO:root:Found 2 CALL instructions
INFO:root:Finished all paths
INFO:root:Finished all paths
INFO:root:CALL: (  340)  154:	f1	-7 +1 = -6	CALL
INFO:root:Path: 0->d->5c->68->d6->124->154
[CALLDATASIZE_0 = 36,
 CALLER_0 = 4660,
 BALANCE_0 = 63106511852580896770,
 SHA3_46_0 = 45106235623838135972876359375267226614167145686518091386788065717013735854173,
 CALLDATA_0 = Store(Store(Store(Store(Store(Store(Store(Store(Store(Store(Store(Store(K(BitVec(256),
                                        0),
                                        3,
                                        77),
                                        32,
                                        99),
                                        33,
                                        16),
                                        35,
                                        3),
                                        0,
                                        46),
                                        31,
                                        45),
                                        30,
                                        94),
                                        2,
                                        125),
                                      28,
                                      107),
                                27,
                                1),
                          29,
                          199),
                    1,
                    26),
 CALLVALUE_0 = 0,
 ORIGIN_0 = 4660]
0: 0->c->d->5c->68->d6->124->154
[{'caller': 4660, 'value': 0, 'origin': 4660, 'payload': b'.\x1a}M\x00\x00\x00\x00\x00\x00\x00\x00\x00\x00\x00\x00\x00\x00\x00\x00\x00\x00\x00\x00\x00\x00\x00\x01k\xc7^-c\x10\x00\x03'}]
eth.sendTransaction({from:"0x0000000000000000000000000000000000001234", data:"0x2e1a7d4d0000000000000000000000000000000000000000000000016bc75e2d63100003", to:"0x4000000000000000000000000000000000000000", gasPrice:0})
