INFO:Detectors:[91m
Reentrancy in Reentrance.withdraw (/sb/reentrance.sol#21-29):
	External calls:
	- msg.sender.call.value(_amount)() (/sb/reentrance.sol#24-26)
	State variables written after the call(s):
	- balances (/sb/reentrance.sol#27)
Reference: https://github.com/trailofbits/slither/wiki/Detectors-Documentation#reentrancy-vulnerabilities[0m
INFO:Detectors:[92m
Reentrance.donate (/sb/reentrance.sol#13-15) should be declared external
Reentrance.balanceOf (/sb/reentrance.sol#17-19) should be declared external
Reentrance.withdraw (/sb/reentrance.sol#21-29) should be declared external
Reentrance.fallback (/sb/reentrance.sol#31) should be declared external
Reference: https://github.com/trailofbits/slither/wiki/Detectors-Documentation#public-function-that-could-be-declared-as-external[0m
INFO:Detectors:[92m
Detected issues with version pragma in /sb/reentrance.sol:
	- pragma solidity^0.4.18 (/sb/reentrance.sol#7): it allows old versions
Reference: https://github.com/trailofbits/slither/wiki/Detectors-Documentation#incorrect-version-of-solidity[0m
INFO:Detectors:[92m
Low level call in Reentrance.withdraw (/sb/reentrance.sol#21-29):
	-msg.sender.call.value(_amount)() /sb/reentrance.sol#24-26
Reference: https://github.com/trailofbits/slither/wiki/Detectors-Documentation#low-level-calls[0m
INFO:Detectors:[92m
Parameter '_to' of Reentrance.donate (/sb/reentrance.sol#13) is not in mixedCase
Parameter '_who' of Reentrance.balanceOf (/sb/reentrance.sol#17) is not in mixedCase
Parameter '_amount' of Reentrance.withdraw (/sb/reentrance.sol#21) is not in mixedCase
Reference: https://github.com/trailofbits/slither/wiki/Detectors-Documentation#conformance-to-solidity-naming-conventions[0m
INFO:Slither:/sb/reentrance.sol analyzed (1 contracts), 10 result(s) found
