WARNING:root:You are using solc version 0.4.26, The latest supported version is 0.4.19
INFO:CryticCompile:Compilation warnings/errors on /sb/reentrancy_simple.sol:
/sb/reentrancy_simple.sol:25:14: Warning: "throw" is deprecated in favour of "revert()", "require()" and "assert()".
             throw;
             ^---^
/sb/reentrancy_simple.sol:12:6: Warning: No visibility specified. Defaulting to "public". 
     function getBalance(address u) constant returns(uint){
     ^ (Relevant source part starts here and spans across multiple lines).
/sb/reentrancy_simple.sol:16:6: Warning: No visibility specified. Defaulting to "public". 
     function addToBalance() payable{
     ^ (Relevant source part starts here and spans across multiple lines).
/sb/reentrancy_simple.sol:20:6: Warning: No visibility specified. Defaulting to "public". 
     function withdrawBalance(){
     ^ (Relevant source part starts here and spans across multiple lines).

INFO:root:contract /sb/reentrancy_simple.sol:Reentrance:
INFO:symExec:	============ Results ===========
INFO:symExec:	  EVM Code Coverage: 			 98.4%
INFO:symExec:	  Integer Underflow: 			 False
INFO:symExec:	  Integer Overflow: 			 True
INFO:symExec:	  Parity Multisig Bug 2: 		 False
INFO:symExec:	  Callstack Depth Attack Vulnerability:  False
INFO:symExec:	  Transaction-Ordering Dependence (TOD): False
INFO:symExec:	  Timestamp Dependency: 		 False
INFO:symExec:	  Re-Entrancy Vulnerability: 		 True
INFO:symExec:/sb/reentrancy_simple.sol:17:10: Warning: Integer Overflow.
         userBalance[msg.sender] += msg.value
Integer Overflow occurs if:
    userBalance[msg.sender] = 1
INFO:symExec:/sb/reentrancy_simple.sol:24:17: Warning: Re-Entrancy Vulnerability.
         if( ! (msg.sender.call.value(userBalance[msg.sender])()
INFO:symExec:	====== Analysis Completed ======
