INFO:Slither:Compilation warnings/errors on /sb/reentrancy_insecure.sol:
/sb/reentrancy_insecure.sol:17:9: Warning: Different number of components on the left hand side (2) than on the right hand side (1).
 ... (bool success, ) = msg.sender.call.value(amountToWithdraw)("") ... 
     ^------------------------------------------------------------^

INFO:Detectors:[91m
Reentrancy in Reentrancy_insecure.withdrawBalance (/sb/reentrancy_insecure.sol#14-20):
	External calls:
	- (success) = msg.sender.call.value(amountToWithdraw)() (/sb/reentrancy_insecure.sol#17)
	State variables written after the call(s):
	- userBalances (/sb/reentrancy_insecure.sol#19)
Reference: https://github.com/trailofbits/slither/wiki/Detectors-Documentation#reentrancy-vulnerabilities[0m
INFO:Detectors:[92m
Reentrancy_insecure.withdrawBalance (/sb/reentrancy_insecure.sol#14-20) should be declared external
Reference: https://github.com/trailofbits/slither/wiki/Detectors-Documentation#public-function-that-could-be-declared-as-external[0m
INFO:Detectors:[92m
Detected issues with version pragma in /sb/reentrancy_insecure.sol:
	- pragma solidity^0.4.0 (/sb/reentrancy_insecure.sol#7): it allows old versions
Reference: https://github.com/trailofbits/slither/wiki/Detectors-Documentation#incorrect-version-of-solidity[0m
INFO:Detectors:[92m
Low level call in Reentrancy_insecure.withdrawBalance (/sb/reentrancy_insecure.sol#14-20):
	-(success) = msg.sender.call.value(amountToWithdraw)() /sb/reentrancy_insecure.sol#17
Reference: https://github.com/trailofbits/slither/wiki/Detectors-Documentation#low-level-calls[0m
INFO:Detectors:[92m
Contract 'Reentrancy_insecure' (/sb/reentrancy_insecure.sol#9-21) is not in CapWords
Reference: https://github.com/trailofbits/slither/wiki/Detectors-Documentation#conformance-to-solidity-naming-conventions[0m
INFO:Slither:/sb/reentrancy_insecure.sol analyzed (1 contracts), 5 result(s) found
