INFO:Slither:Compilation warnings/errors on /sb/0xbe4041d55db380c5ae9d4a9b9703f1ed4e7e3888.sol:
/sb/0xbe4041d55db380c5ae9d4a9b9703f1ed4e7e3888.sol:28:24: Warning: "throw" is deprecated in favour of "revert()", "require()" and "assert()".
        if(intitalized)throw;
                       ^---^
/sb/0xbe4041d55db380c5ae9d4a9b9703f1ed4e7e3888.sol:35:24: Warning: "throw" is deprecated in favour of "revert()", "require()" and "assert()".
        if(intitalized)throw;
                       ^---^
/sb/0xbe4041d55db380c5ae9d4a9b9703f1ed4e7e3888.sol:49:9: Warning: Use of the "var" keyword is deprecated.
        var acc = Acc[msg.sender];
        ^-----^
/sb/0xbe4041d55db380c5ae9d4a9b9703f1ed4e7e3888.sol:59:9: Warning: Use of the "var" keyword is deprecated.
        var acc = Acc[msg.sender];
        ^-----^

INFO:Detectors:[91m
Reentrancy in MONEY_BOX.Collect (/sb/0xbe4041d55db380c5ae9d4a9b9703f1ed4e7e3888.sol#55-69):
	External calls:
	- msg.sender.call.value(_am)() (/sb/0xbe4041d55db380c5ae9d4a9b9703f1ed4e7e3888.sol#63-67)
	State variables written after the call(s):
	- Acc (/sb/0xbe4041d55db380c5ae9d4a9b9703f1ed4e7e3888.sol#65)
Reference: https://github.com/trailofbits/slither/wiki/Detectors-Documentation#reentrancy-vulnerabilities[0m
INFO:Detectors:[92m
Deprecated standard detected @ /sb/0xbe4041d55db380c5ae9d4a9b9703f1ed4e7e3888.sol#28:
	- Usage of "throw" should be replaced with "revert()"
Deprecated standard detected @ /sb/0xbe4041d55db380c5ae9d4a9b9703f1ed4e7e3888.sol#35:
	- Usage of "throw" should be replaced with "revert()"
Reference: https://github.com/trailofbits/slither/wiki/Detectors-Documentation#deprecated-standards[0m
INFO:Detectors:[92m
MONEY_BOX.SetMinSum (/sb/0xbe4041d55db380c5ae9d4a9b9703f1ed4e7e3888.sol#25-30) should be declared external
MONEY_BOX.SetLogFile (/sb/0xbe4041d55db380c5ae9d4a9b9703f1ed4e7e3888.sol#32-37) should be declared external
MONEY_BOX.Initialized (/sb/0xbe4041d55db380c5ae9d4a9b9703f1ed4e7e3888.sol#39-43) should be declared external
MONEY_BOX.Collect (/sb/0xbe4041d55db380c5ae9d4a9b9703f1ed4e7e3888.sol#55-69) should be declared external
MONEY_BOX.fallback (/sb/0xbe4041d55db380c5ae9d4a9b9703f1ed4e7e3888.sol#71-76) should be declared external
Log.AddMessage (/sb/0xbe4041d55db380c5ae9d4a9b9703f1ed4e7e3888.sol#95-103) should be declared external
Reference: https://github.com/trailofbits/slither/wiki/Detectors-Documentation#public-function-that-could-be-declared-as-external[0m
INFO:Detectors:[92m
Detected issues with version pragma in /sb/0xbe4041d55db380c5ae9d4a9b9703f1ed4e7e3888.sol:
	- pragma solidity^0.4.19 (/sb/0xbe4041d55db380c5ae9d4a9b9703f1ed4e7e3888.sol#7): it allows old versions
Reference: https://github.com/trailofbits/slither/wiki/Detectors-Documentation#incorrect-version-of-solidity[0m
INFO:Detectors:[92m
Low level call in MONEY_BOX.Collect (/sb/0xbe4041d55db380c5ae9d4a9b9703f1ed4e7e3888.sol#55-69):
	-msg.sender.call.value(_am)() /sb/0xbe4041d55db380c5ae9d4a9b9703f1ed4e7e3888.sol#63-67
Reference: https://github.com/trailofbits/slither/wiki/Detectors-Documentation#low-level-calls[0m
INFO:Detectors:[92m
Contract 'MONEY_BOX' (/sb/0xbe4041d55db380c5ae9d4a9b9703f1ed4e7e3888.sol#9-78) is not in CapWords
Function 'MONEY_BOX.SetMinSum' (/sb/0xbe4041d55db380c5ae9d4a9b9703f1ed4e7e3888.sol#25-30) is not in mixedCase
Parameter '_val' of MONEY_BOX.SetMinSum (/sb/0xbe4041d55db380c5ae9d4a9b9703f1ed4e7e3888.sol#25) is not in mixedCase
Function 'MONEY_BOX.SetLogFile' (/sb/0xbe4041d55db380c5ae9d4a9b9703f1ed4e7e3888.sol#32-37) is not in mixedCase
Parameter '_log' of MONEY_BOX.SetLogFile (/sb/0xbe4041d55db380c5ae9d4a9b9703f1ed4e7e3888.sol#32) is not in mixedCase
Function 'MONEY_BOX.Initialized' (/sb/0xbe4041d55db380c5ae9d4a9b9703f1ed4e7e3888.sol#39-43) is not in mixedCase
Function 'MONEY_BOX.Put' (/sb/0xbe4041d55db380c5ae9d4a9b9703f1ed4e7e3888.sol#45-53) is not in mixedCase
Parameter '_lockTime' of MONEY_BOX.Put (/sb/0xbe4041d55db380c5ae9d4a9b9703f1ed4e7e3888.sol#45) is not in mixedCase
Function 'MONEY_BOX.Collect' (/sb/0xbe4041d55db380c5ae9d4a9b9703f1ed4e7e3888.sol#55-69) is not in mixedCase
Parameter '_am' of MONEY_BOX.Collect (/sb/0xbe4041d55db380c5ae9d4a9b9703f1ed4e7e3888.sol#55) is not in mixedCase
Variable 'MONEY_BOX.Acc' (/sb/0xbe4041d55db380c5ae9d4a9b9703f1ed4e7e3888.sol#17) is not in mixedCase
Variable 'MONEY_BOX.MinSum' (/sb/0xbe4041d55db380c5ae9d4a9b9703f1ed4e7e3888.sol#19) is not in mixedCase
Variable 'MONEY_BOX.LogFile' (/sb/0xbe4041d55db380c5ae9d4a9b9703f1ed4e7e3888.sol#21) is not in mixedCase
Function 'Log.AddMessage' (/sb/0xbe4041d55db380c5ae9d4a9b9703f1ed4e7e3888.sol#95-103) is not in mixedCase
Parameter '_adr' of Log.AddMessage (/sb/0xbe4041d55db380c5ae9d4a9b9703f1ed4e7e3888.sol#95) is not in mixedCase
Parameter '_val' of Log.AddMessage (/sb/0xbe4041d55db380c5ae9d4a9b9703f1ed4e7e3888.sol#95) is not in mixedCase
Parameter '_data' of Log.AddMessage (/sb/0xbe4041d55db380c5ae9d4a9b9703f1ed4e7e3888.sol#95) is not in mixedCase
Variable 'Log.History' (/sb/0xbe4041d55db380c5ae9d4a9b9703f1ed4e7e3888.sol#91) is not in mixedCase
Variable 'Log.LastMsg' (/sb/0xbe4041d55db380c5ae9d4a9b9703f1ed4e7e3888.sol#93) is not in mixedCase
Reference: https://github.com/trailofbits/slither/wiki/Detectors-Documentation#conformance-to-solidity-naming-conventions[0m
INFO:Slither:/sb/0xbe4041d55db380c5ae9d4a9b9703f1ed4e7e3888.sol analyzed (2 contracts), 30 result(s) found
