ANTLR runtime and generated code versions disagree: 4.9.2!=4.7.2
ANTLR runtime and generated code versions disagree: 4.9.2!=4.7.2
Traceback (most recent call last):
  File "conkas.py", line 137, in <module>
    main()
  File "conkas.py", line 88, in main
    contracts = compile_files([filename])
  File "/usr/local/lib/python3.8/dist-packages/solcx/main.py", line 118, in compile_files
    stdoutdata, stderrdata, command, proc = solc_wrapper(**compiler_kwargs)
  File "/usr/local/lib/python3.8/dist-packages/solcx/utils/string.py", line 78, in inner
    return force_obj_to_text(fn(*args, **kwargs))
  File "/usr/local/lib/python3.8/dist-packages/solcx/wrapper.py", line 187, in solc_wrapper
    raise SolcError(
solcx.exceptions.SolcError: An error occurred during execution
        > command: `/root/.solcx/solc-v0.6.11 --combined-json abi,asm,ast,bin,bin-runtime,devdoc,opcodes,userdoc /sb/0xec329ffc97d75fe03428ae155fc7793431487f63.sol`
        > return code: `1`
        > stderr:

        > stdout:
        Error: The state mutability modifier "constant" was removed in version 0.5.0. Use "view" or "pure" instead.
  --> /sb/0xec329ffc97d75fe03428ae155fc7793431487f63.sol:36:33:
   |
36 |     function balanceOf(address) constant returns (uint);
   |                                 ^^^^^^^^

Error: The state mutability modifier "constant" was removed in version 0.5.0. Use "view" or "pure" instead.
   --> /sb/0xec329ffc97d75fe03428ae155fc7793431487f63.sol:116:30:
    |
116 |     function hasTerminated() constant returns (bool) {
    |                              ^^^^^^^^

Error: The state mutability modifier "constant" was removed in version 0.5.0. Use "view" or "pure" instead.
   --> /sb/0xec329ffc97d75fe03428ae155fc7793431487f63.sol:122:27:
    |
122 |     function nTransfers() constant returns (uint) {
    |                           ^^^^^^^^

Error: The state mutability modifier "constant" was removed in version 0.5.0. Use "view" or "pure" instead.
   --> /sb/0xec329ffc97d75fe03428ae155fc7793431487f63.sol:126:29:
    |
126 |     function gas() internal constant returns (uint _gas) {
    |                             ^^^^^^^^

Error: Expected '(' but got '}'
   --> /sb/0xec329ffc97d75fe03428ae155fc7793431487f63.sol:129:9:
    |
129 |         }
    |         ^
