INFO:Slither:Compilation warnings/errors on /sb/lottery.sol:
/sb/lottery.sol:24:6: Warning: Defining constructors as functions with the same name as the contract is deprecated. Use "constructor(...) { ... }" instead.
     function Lottery() {
     ^ (Relevant source part starts here and spans across multiple lines).
/sb/lottery.sol:30:10: Warning: "throw" is deprecated in favour of "revert()", "require()" and "assert()".
         throw;
         ^---^
/sb/lottery.sol:48:18: Warning: "throw" is deprecated in favour of "revert()", "require()" and "assert()".
                 throw;
                 ^---^
/sb/lottery.sol:55:40: Warning: "throw" is deprecated in favour of "revert()", "require()" and "assert()".
         if(msg.sender != organizer) { throw; }
                                       ^---^
/sb/lottery.sol:64:40: Warning: "throw" is deprecated in favour of "revert()", "require()" and "assert()".
         if(msg.sender != organizer) { throw; }
                                       ^---^
/sb/lottery.sol:58:14: Warning: Invoking events without "emit" prefix is deprecated.
             GetBet(bets[i].betAmount, bets[i].blockNumber, bets[i].won);
             ^---------------------------------------------------------^
/sb/lottery.sol:66:10: Warning: "suicide" has been deprecated in favour of "selfdestruct"
         suicide(organizer);
         ^----------------^
/sb/lottery.sol:24:6: Warning: No visibility specified. Defaulting to "public". 
     function Lottery() {
     ^ (Relevant source part starts here and spans across multiple lines).
/sb/lottery.sol:29:6: Warning: No visibility specified. Defaulting to "public". 
     function() {
     ^ (Relevant source part starts here and spans across multiple lines).
/sb/lottery.sol:34:6: Warning: No visibility specified. Defaulting to "public". 
     function makeBet() {
     ^ (Relevant source part starts here and spans across multiple lines).
/sb/lottery.sol:42:24: Warning: "msg.value" used in non-payable function. Do you want to add the "payable" modifier to this function?
         bets.push(Bet(msg.value, block.number, won));
                       ^-------^
/sb/lottery.sol:46:34: Warning: "msg.value" used in non-payable function. Do you want to add the "payable" modifier to this function?
             if(!msg.sender.send(msg.value)) {
                                 ^-------^
/sb/lottery.sol:54:6: Warning: No visibility specified. Defaulting to "public". 
     function getBets() {
     ^ (Relevant source part starts here and spans across multiple lines).
/sb/lottery.sol:63:6: Warning: No visibility specified. Defaulting to "public". 
     function destroy() {
     ^ (Relevant source part starts here and spans across multiple lines).

INFO:Detectors:[93m
Lottery.makeBet (/sb/lottery.sol#34-51) uses a dangerous strict equality:
	- won = (block.number % 2) == 0
Reference: https://github.com/trailofbits/slither/wiki/Detectors-Documentation#dangerous-strict-equalities[0m
INFO:Detectors:[92m
Deprecated standard detected @ /sb/lottery.sol#30:
	- Usage of "throw" should be replaced with "revert()"
Deprecated standard detected @ /sb/lottery.sol#48:
	- Usage of "throw" should be replaced with "revert()"
Deprecated standard detected @ /sb/lottery.sol#55:
	- Usage of "throw" should be replaced with "revert()"
Deprecated standard detected @ /sb/lottery.sol#64:
	- Usage of "throw" should be replaced with "revert()"
Deprecated standard detected @ /sb/lottery.sol#66:
	- Usage of "suicide()" should be replaced with "selfdestruct()"
Reference: https://github.com/trailofbits/slither/wiki/Detectors-Documentation#deprecated-standards[0m
INFO:Detectors:[92m
Lottery.fallback (/sb/lottery.sol#29-31) should be declared external
Lottery.makeBet (/sb/lottery.sol#34-51) should be declared external
Lottery.getBets (/sb/lottery.sol#54-60) should be declared external
Lottery.destroy (/sb/lottery.sol#63-67) should be declared external
Reference: https://github.com/trailofbits/slither/wiki/Detectors-Documentation#public-function-that-could-be-declared-as-external[0m
INFO:Detectors:[92m
Detected issues with version pragma in /sb/lottery.sol:
	- pragma solidity^0.4.0 (/sb/lottery.sol#9): it allows old versions
Reference: https://github.com/trailofbits/slither/wiki/Detectors-Documentation#incorrect-version-of-solidity[0m
INFO:Detectors:[92m
Function 'Lottery.Lottery' (/sb/lottery.sol#24-26) is not in mixedCase
Reference: https://github.com/trailofbits/slither/wiki/Detectors-Documentation#conformance-to-solidity-naming-conventions[0m
INFO:Slither:/sb/lottery.sol analyzed (1 contracts), 12 result(s) found
