2023-01-17 17:43:39,327: [11] m.main:INFO: Registered plugins: IntrospectionAPIPlugin, <class 'manticore.ethereum.plugins.SkipRevertBasicBlocks'>, <class 'manticore.ethereum.plugins.FilterFunctions'>
2023-01-17 17:43:39,328: [11] m.main:INFO: Beginning analysis
2023-01-17 17:43:39,332: [11] m.e.manticore:INFO: Starting symbolic create contract
2023-01-17 17:43:40,300: [11] m.e.manticore:INFO: Starting symbolic transaction: 0
2023-01-17 17:43:45,609: [11] m.e.manticore:INFO: 2 alive states, 2 terminated states
2023-01-17 17:43:45,868: [11] m.e.manticore:INFO: Starting symbolic transaction: 1
2023-01-17 17:44:00,531: [11] m.e.manticore:INFO: 5 alive states, 3 terminated states
2023-01-17 17:44:00,980: [11] m.e.manticore:INFO: Starting symbolic transaction: 2
2023-01-17 17:44:56,548: [11] m.e.manticore:INFO: 14 alive states, 4 terminated states
2023-01-17 17:44:57,488: [119] m.c.manticore:INFO: Generated testcase No. 0 - STOP(4 txs)
2023-01-17 17:44:57,490: [119] m.c.plugin:WARNING: Caught will_solve in state None, but failed to capture its initialization
2023-01-17 17:44:57,501: [118] m.c.manticore:INFO: Generated testcase No. 1 - STOP(4 txs)
2023-01-17 17:44:57,502: [118] m.c.plugin:WARNING: Caught will_solve in state None, but failed to capture its initialization
2023-01-17 17:44:57,946: [121] m.c.manticore:INFO: Generated testcase No. 2 - STOP(4 txs)
2023-01-17 17:44:57,947: [121] m.c.plugin:WARNING: Caught will_solve in state None, but failed to capture its initialization
2023-01-17 17:44:57,978: [122] m.c.manticore:INFO: Generated testcase No. 3 - STOP(4 txs)
2023-01-17 17:44:57,979: [122] m.c.plugin:WARNING: Caught will_solve in state None, but failed to capture its initialization
2023-01-17 17:44:57,982: [123] m.c.manticore:INFO: Generated testcase No. 4 - STOP(4 txs)
2023-01-17 17:44:57,983: [123] m.c.plugin:WARNING: Caught will_solve in state None, but failed to capture its initialization
2023-01-17 17:44:58,070: [129] m.c.manticore:INFO: Generated testcase No. 5 - STOP(4 txs)
2023-01-17 17:44:58,071: [129] m.c.plugin:WARNING: Caught will_solve in state None, but failed to capture its initialization
2023-01-17 17:44:58,855: [130] m.c.manticore:INFO: Generated testcase No. 6 - STOP(4 txs)
2023-01-17 17:44:58,875: [130] m.c.plugin:WARNING: Caught will_solve in state None, but failed to capture its initialization
2023-01-17 17:44:59,521: [124] m.c.manticore:INFO: Generated testcase No. 7 - STOP(4 txs)
2023-01-17 17:44:59,522: [124] m.c.plugin:WARNING: Caught will_solve in state None, but failed to capture its initialization
2023-01-17 17:44:59,843: [126] m.c.manticore:INFO: Generated testcase No. 8 - STOP(4 txs)
2023-01-17 17:44:59,893: [126] m.c.plugin:WARNING: Caught will_solve in state None, but failed to capture its initialization
2023-01-17 17:45:00,613: [132] m.c.manticore:INFO: Generated testcase No. 9 - STOP(4 txs)
2023-01-17 17:45:00,614: [132] m.c.plugin:WARNING: Caught will_solve in state None, but failed to capture its initialization
2023-01-17 17:45:01,298: [128] m.c.manticore:INFO: Generated testcase No. 10 - STOP(4 txs)
2023-01-17 17:45:01,300: [128] m.c.plugin:WARNING: Caught will_solve in state None, but failed to capture its initialization
2023-01-17 17:45:05,357: [122] m.c.manticore:INFO: Generated testcase No. 11 - STOP(4 txs)
2023-01-17 17:45:05,489: [126] m.c.manticore:INFO: Generated testcase No. 12 - STOP(4 txs)
2023-01-17 17:45:05,923: [118] m.c.manticore:INFO: Generated testcase No. 13 - STOP(4 txs)
2023-01-17 17:45:40,750: [11] m.c.manticore:INFO: Results in /mcore_2s5x9508
2023-01-17 17:45:40,751: [11] m.c.manticore:INFO: Total time: 99.65390586853027
