INFO:Slither:Compilation warnings/errors on /sb/phishable.sol:
/sb/phishable.sol:21:29: Warning: Using contract member "balance" inherited from the address type is deprecated. Convert the contract to "address" type to access the member, for example use "address(contract).balance" instead.
        _recipient.transfer(this.balance);
                            ^----------^
/sb/phishable.sol:12:5: Warning: No visibility specified. Defaulting to "public". 
    constructor (address _owner) {
    ^ (Relevant source part starts here and spans across multiple lines).

INFO:Detectors:[91m
Phishable.withdrawAll (/sb/phishable.sol#18-22) sends eth to arbitrary user
	Dangerous calls:
	- _recipient.transfer(this.balance) (/sb/phishable.sol#21)
Reference: https://github.com/trailofbits/slither/wiki/Detectors-Documentation#functions-that-send-ether-to-arbitrary-destinations[0m
INFO:Detectors:[93m
Phishable.withdrawAll uses tx.origin for authorization:
	- require(bool)(tx.origin == owner) (/sb/phishable.sol#20)
Reference: https://github.com/trailofbits/slither/wiki/Detectors-Documentation#dangerous-usage-of-txorigin[0m
INFO:Detectors:[92m
Phishable.fallback (/sb/phishable.sol#16) should be declared external
Phishable.withdrawAll (/sb/phishable.sol#18-22) should be declared external
Reference: https://github.com/trailofbits/slither/wiki/Detectors-Documentation#public-function-that-could-be-declared-as-external[0m
INFO:Detectors:[92m
Detected issues with version pragma in /sb/phishable.sol:
	- pragma solidity^0.4.22 (/sb/phishable.sol#7): it allows old versions
Reference: https://github.com/trailofbits/slither/wiki/Detectors-Documentation#incorrect-version-of-solidity[0m
INFO:Detectors:[92m
Parameter '_owner' of Phishable. (/sb/phishable.sol#12) is not in mixedCase
Parameter '_recipient' of Phishable.withdrawAll (/sb/phishable.sol#18) is not in mixedCase
Reference: https://github.com/trailofbits/slither/wiki/Detectors-Documentation#conformance-to-solidity-naming-conventions[0m
INFO:Slither:/sb/phishable.sol analyzed (1 contracts), 7 result(s) found
