2023-01-17 17:43:37,098: [11] m.main:INFO: Registered plugins: IntrospectionAPIPlugin, <class 'manticore.ethereum.plugins.SkipRevertBasicBlocks'>, <class 'manticore.ethereum.plugins.FilterFunctions'>
2023-01-17 17:43:37,099: [11] m.main:INFO: Beginning analysis
2023-01-17 17:43:37,103: [11] m.e.manticore:INFO: Starting symbolic create contract
2023-01-17 17:43:38,371: [11] m.e.manticore:INFO: Starting symbolic transaction: 0
2023-01-17 17:43:47,913: [11] m.e.manticore:INFO: 2 alive states, 1 terminated states
2023-01-17 17:43:48,358: [11] m.e.manticore:INFO: Starting symbolic transaction: 1
2023-01-17 17:44:11,967: [11] m.e.manticore:INFO: 4 alive states, 1 terminated states
2023-01-17 17:44:12,588: [87] m.c.manticore:INFO: Generated testcase No. 0 - STOP(3 txs)
2023-01-17 17:44:12,590: [87] m.c.plugin:WARNING: Caught will_solve in state None, but failed to capture its initialization
2023-01-17 17:44:12,607: [90] m.c.manticore:INFO: Generated testcase No. 1 - STOP(3 txs)
2023-01-17 17:44:12,609: [90] m.c.plugin:WARNING: Caught will_solve in state None, but failed to capture its initialization
2023-01-17 17:44:12,619: [89] m.c.manticore:INFO: Generated testcase No. 2 - STOP(3 txs)
2023-01-17 17:44:12,620: [89] m.c.plugin:WARNING: Caught will_solve in state None, but failed to capture its initialization
2023-01-17 17:44:12,685: [92] m.c.manticore:INFO: Generated testcase No. 3 - STOP(3 txs)
2023-01-17 17:44:12,687: [92] m.c.plugin:WARNING: Caught will_solve in state None, but failed to capture its initialization
2023-01-17 17:44:15,683: [11] m.c.manticore:INFO: Results in /mcore_3mrzsr_y
2023-01-17 17:44:15,683: [11] m.c.manticore:INFO: Total time: 27.27943706512451
2023-01-17 17:44:17,028: [111] m.main:INFO: Registered plugins: IntrospectionAPIPlugin, <class 'manticore.ethereum.plugins.SkipRevertBasicBlocks'>, <class 'manticore.ethereum.plugins.FilterFunctions'>
2023-01-17 17:44:17,032: [111] m.main:INFO: Beginning analysis
2023-01-17 17:44:17,036: [111] m.e.manticore:INFO: Starting symbolic create contract
2023-01-17 17:44:19,330: [111] m.e.manticore:INFO: Starting symbolic transaction: 0
2023-01-17 17:45:02,289: [111] m.e.manticore:INFO: 3 alive states, 1 terminated states
2023-01-17 17:45:03,147: [111] m.e.manticore:INFO: Starting symbolic transaction: 1
2023-01-17 17:47:42,193: [111] m.e.manticore:INFO: 9 alive states, 1 terminated states
2023-01-17 17:47:43,398: [198] m.c.manticore:INFO: Generated testcase No. 0 - STOP(3 txs)
2023-01-17 17:47:43,400: [198] m.c.plugin:WARNING: Caught will_solve in state None, but failed to capture its initialization
2023-01-17 17:47:43,458: [200] m.c.manticore:INFO: Generated testcase No. 1 - STOP(3 txs)
2023-01-17 17:47:43,459: [200] m.c.plugin:WARNING: Caught will_solve in state None, but failed to capture its initialization
2023-01-17 17:47:43,488: [204] m.c.manticore:INFO: Generated testcase No. 3 - STOP(3 txs)
2023-01-17 17:47:43,490: [204] m.c.plugin:WARNING: Caught will_solve in state None, but failed to capture its initialization
2023-01-17 17:47:43,492: [208] m.c.manticore:INFO: Generated testcase No. 2 - STOP(3 txs)
2023-01-17 17:47:43,494: [208] m.c.plugin:WARNING: Caught will_solve in state None, but failed to capture its initialization
2023-01-17 17:47:43,515: [201] m.c.manticore:INFO: Generated testcase No. 4 - STOP(3 txs)
2023-01-17 17:47:43,517: [201] m.c.plugin:WARNING: Caught will_solve in state None, but failed to capture its initialization
2023-01-17 17:47:43,567: [206] m.c.manticore:INFO: Generated testcase No. 6 - STOP(3 txs)
2023-01-17 17:47:43,569: [206] m.c.plugin:WARNING: Caught will_solve in state None, but failed to capture its initialization
2023-01-17 17:47:43,571: [199] m.c.manticore:INFO: Generated testcase No. 5 - STOP(3 txs)
2023-01-17 17:47:43,573: [199] m.c.plugin:WARNING: Caught will_solve in state None, but failed to capture its initialization
2023-01-17 17:47:43,659: [203] m.c.manticore:INFO: Generated testcase No. 7 - STOP(3 txs)
2023-01-17 17:47:43,661: [203] m.c.plugin:WARNING: Caught will_solve in state None, but failed to capture its initialization
2023-01-17 17:47:43,699: [205] m.c.manticore:INFO: Generated testcase No. 8 - STOP(3 txs)
2023-01-17 17:47:43,717: [205] m.c.plugin:WARNING: Caught will_solve in state None, but failed to capture its initialization
2023-01-17 17:47:48,946: [111] m.c.manticore:INFO: Results in /mcore_g5v28xnd
2023-01-17 17:47:48,947: [111] m.c.manticore:INFO: Total time: 165.5631446838379
2023-01-17 17:47:50,343: [241] m.main:INFO: Registered plugins: IntrospectionAPIPlugin, <class 'manticore.ethereum.plugins.SkipRevertBasicBlocks'>, <class 'manticore.ethereum.plugins.FilterFunctions'>
2023-01-17 17:47:50,343: [241] m.main:INFO: Beginning analysis
2023-01-17 17:47:50,348: [241] m.e.manticore:INFO: Starting symbolic create contract
2023-01-17 17:47:54,227: [241] m.e.manticore:INFO: Starting symbolic transaction: 0
2023-01-17 17:50:17,325: [241] m.e.manticore:INFO: Found a concrete globalsha3 b'\x00\x00\x00\x00\x00\x00\x00\x00\x00\x00\x00\x00\x00\x00\x00\x00\x00\x00\x00\x00\x00\x00\x00\x00\x00\x00\x00\x00\x00\x02\x00\x00\x00\x00\x00\x00\x00\x00\x00\x00\x00\x00\x00\x00\x00\x00\x00\x00\x00\x00\x00\x00\x00\x00\x00\x00\x00\x00\x00\x00\x00\x00\x00\x04' -> 93405925606848684242376394016972829529189361045273175667784367156876440055338
2023-01-17 17:51:10,994: [241] m.e.manticore:INFO: 8 alive states, 1 terminated states
2023-01-17 17:51:13,080: [241] m.e.manticore:INFO: Starting symbolic transaction: 1
