INFO:Slither:Compilation warnings/errors on /sb/blackjack.sol:
/sb/blackjack.sol:70:4: Warning: "throw" is deprecated in favour of "revert()", "require()" and "assert()".
			throw; // game doesn't exist or already finished
			^---^
/sb/blackjack.sol:91:2: Warning: Defining constructors as functions with the same name as the contract is deprecated. Use "constructor(...) { ... }" instead.
	function BlackJack() {
 ^ (Relevant source part starts here and spans across multiple lines).
/sb/blackjack.sol:102:4: Warning: "throw" is deprecated in favour of "revert()", "require()" and "assert()".
			throw; // game is already going on
			^---^
/sb/blackjack.sol:106:4: Warning: "throw" is deprecated in favour of "revert()", "require()" and "assert()".
			throw; // incorrect bet
			^---^
/sb/blackjack.sol:144:8: Warning: Use of the "var" keyword is deprecated.
		var (houseScore, houseScoreBig) = calculateScore(games[msg.sender].houseCards);
		     ^--------^
/sb/blackjack.sol:144:20: Warning: Use of the "var" keyword is deprecated.
		var (houseScore, houseScoreBig) = calculateScore(games[msg.sender].houseCards);
		                 ^-----------^
/sb/blackjack.sol:161:8: Warning: Use of the "var" keyword is deprecated.
		var (houseScore, houseScoreBig) = calculateScore(game.houseCards);
		     ^--------^
/sb/blackjack.sol:161:20: Warning: Use of the "var" keyword is deprecated.
		var (houseScore, houseScoreBig) = calculateScore(game.houseCards);
		                 ^-----------^
/sb/blackjack.sol:163:8: Warning: Use of the "var" keyword is deprecated.
		var (playerScore, playerScoreBig) = calculateScore(game.playerCards);
		     ^---------^
/sb/blackjack.sol:163:21: Warning: Use of the "var" keyword is deprecated.
		var (playerScore, playerScoreBig) = calculateScore(game.playerCards);
		                  ^------------^
/sb/blackjack.sol:170:37: Warning: "throw" is deprecated in favour of "revert()", "require()" and "assert()".
				if (!msg.sender.send(game.bet)) throw; // return bet to the player
				                                ^---^
/sb/blackjack.sol:183:48: Warning: "throw" is deprecated in favour of "revert()", "require()" and "assert()".
					if (!msg.sender.send((game.bet * 5) / 2)) throw; // send prize to the player
					                                          ^---^
/sb/blackjack.sol:186:42: Warning: "throw" is deprecated in favour of "revert()", "require()" and "assert()".
					if (!msg.sender.send(game.bet * 2)) throw; // send prize to the player
					                                    ^---^
/sb/blackjack.sol:223:43: Warning: "throw" is deprecated in favour of "revert()", "require()" and "assert()".
						if (!msg.sender.send(game.bet * 2)) throw; // send prize to the player
						                                    ^---^
/sb/blackjack.sol:236:38: Warning: "throw" is deprecated in favour of "revert()", "require()" and "assert()".
					if (!msg.sender.send(game.bet)) throw; // return bet to the player
					                                ^---^
/sb/blackjack.sol:240:42: Warning: "throw" is deprecated in favour of "revert()", "require()" and "assert()".
					if (!msg.sender.send(game.bet * 2)) throw; // send prize to the player
					                                    ^---^
/sb/blackjack.sol:268:4: Warning: "throw" is deprecated in favour of "revert()", "require()" and "assert()".
			throw;
			^---^
/sb/blackjack.sol:275:4: Warning: "throw" is deprecated in favour of "revert()", "require()" and "assert()".
			throw;
			^---^
/sb/blackjack.sol:290:4: Warning: "throw" is deprecated in favour of "revert()", "require()" and "assert()".
			throw; // game doesn't exist
			^---^
/sb/blackjack.sol:293:3: Warning: Variable is declared as a storage pointer. Use an explicit "storage" keyword to silence this warning.
		Game game = games[msg.sender];
		^-------^
/sb/blackjack.sol:21:24: Warning: This function only accepts a single "bytes" argument. Please use "abi.encodePacked(...)" or a similar function to encode the data.
		return uint8(uint256(keccak256(block.blockhash(b), player, cardNumber, timestamp)) % 52);
		                     ^----------------------------------------------------------^
/sb/blackjack.sol:114:3: Warning: Invoking events without "emit" prefix is deprecated.
		Deal(true, playerCards[0]);
		^------------------------^
/sb/blackjack.sol:116:3: Warning: Invoking events without "emit" prefix is deprecated.
		Deal(false, houseCards[0]);
		^------------------------^
/sb/blackjack.sol:118:3: Warning: Invoking events without "emit" prefix is deprecated.
		Deal(true, playerCards[1]);
		^------------------------^
/sb/blackjack.sol:137:3: Warning: Invoking events without "emit" prefix is deprecated.
		Deal(true, games[msg.sender].playerCards[games[msg.sender].playerCards.length - 1]);
		^---------------------------------------------------------------------------------^
/sb/blackjack.sol:152:4: Warning: Invoking events without "emit" prefix is deprecated.
			Deal(false, newCard);
			^------------------^
/sb/blackjack.sol:165:3: Warning: Invoking events without "emit" prefix is deprecated.
		GameStatus(houseScore, houseScoreBig, playerScore, playerScoreBig);
		^----------------------------------------------------------------^
/sb/blackjack.sol:194:6: Warning: Invoking events without "emit" prefix is deprecated.
					Log(1);
					^----^
/sb/blackjack.sol:21:34: Warning: "block.blockhash()" has been deprecated in favor of "blockhash()"
		return uint8(uint256(keccak256(block.blockhash(b), player, cardNumber, timestamp)) % 52);
		                               ^-------------^
/sb/blackjack.sol:91:2: Warning: No visibility specified. Defaulting to "public". 
	function BlackJack() {
 ^ (Relevant source part starts here and spans across multiple lines).
/sb/blackjack.sol:95:2: Warning: No visibility specified. Defaulting to "public". 
	function () payable {
 ^ (Relevant source part starts here and spans across multiple lines).
/sb/blackjack.sol:144:8: Warning: Unused local variable.
		var (houseScore, houseScoreBig) = calculateScore(games[msg.sender].houseCards);
		     ^--------^
/sb/blackjack.sol:15:2: Warning: Function state mutability can be restricted to view
	function deal(address player, uint8 cardNumber) internal returns (uint8) {
 ^ (Relevant source part starts here and spans across multiple lines).
/sb/blackjack.sol:24:2: Warning: Function state mutability can be restricted to pure
	function valueOf(uint8 card, bool isBigAce) internal constant returns (uint8) {
 ^ (Relevant source part starts here and spans across multiple lines).
/sb/blackjack.sol:35:2: Warning: Function state mutability can be restricted to pure
	function isAce(uint8 card) internal constant returns (bool) {
 ^ (Relevant source part starts here and spans across multiple lines).
/sb/blackjack.sol:39:2: Warning: Function state mutability can be restricted to pure
	function isTen(uint8 card) internal constant returns (bool) {
 ^ (Relevant source part starts here and spans across multiple lines).

INFO:Detectors:[92m
BlackJack.BLACKJACK should be constant (/sb/blackjack.sol#51)
BlackJack.maxBet should be constant (/sb/blackjack.sol#49)
BlackJack.minBet should be constant (/sb/blackjack.sol#48)
Reference: https://github.com/trailofbits/slither/wiki/Detectors-Documentation#state-variables-that-could-be-declared-constant[0m
INFO:Detectors:[92m
Deprecated standard detected @ /sb/blackjack.sol#21:
	- Usage of "block.blockhash()" should be replaced with "blockhash()"
Deprecated standard detected @ /sb/blackjack.sol#105:
	- Usage of "throw" should be replaced with "revert()"
Deprecated standard detected @ /sb/blackjack.sol#109:
	- Usage of "throw" should be replaced with "revert()"
Deprecated standard detected @ /sb/blackjack.sol#171:
	- Usage of "throw" should be replaced with "revert()"
Deprecated standard detected @ /sb/blackjack.sol#184-185:
	- Usage of "throw" should be replaced with "revert()"
Deprecated standard detected @ /sb/blackjack.sol#188:
	- Usage of "throw" should be replaced with "revert()"
Deprecated standard detected @ /sb/blackjack.sol#224:
	- Usage of "throw" should be replaced with "revert()"
Deprecated standard detected @ /sb/blackjack.sol#237:
	- Usage of "throw" should be replaced with "revert()"
Deprecated standard detected @ /sb/blackjack.sol#241:
	- Usage of "throw" should be replaced with "revert()"
Deprecated standard detected @ /sb/blackjack.sol#273:
	- Usage of "throw" should be replaced with "revert()"
Deprecated standard detected @ /sb/blackjack.sol#280:
	- Usage of "throw" should be replaced with "revert()"
Deprecated standard detected @ /sb/blackjack.sol#295:
	- Usage of "throw" should be replaced with "revert()"
Deprecated standard detected @ /sb/blackjack.sol#70-71:
	- Usage of "throw" should be replaced with "revert()"
Reference: https://github.com/trailofbits/slither/wiki/Detectors-Documentation#deprecated-standards[0m
INFO:Detectors:[92m
BlackJack.fallback (/sb/blackjack.sol#99-100) should be declared external
BlackJack.deal (/sb/blackjack.sol#101-133) should be declared external
BlackJack.hit (/sb/blackjack.sol#134-142) should be declared external
BlackJack.stand (/sb/blackjack.sol#144-158) should be declared external
BlackJack.getPlayerCard (/sb/blackjack.sol#266-273) should be declared external
BlackJack.getHouseCard (/sb/blackjack.sol#273-280) should be declared external
BlackJack.getPlayerCardsNumber (/sb/blackjack.sol#280-284) should be declared external
BlackJack.getHouseCardsNumber (/sb/blackjack.sol#284-289) should be declared external
BlackJack.getGameState (/sb/blackjack.sol#289-308) should be declared external
Reference: https://github.com/trailofbits/slither/wiki/Detectors-Documentation#public-function-that-could-be-declared-as-external[0m
INFO:Detectors:[92m
Detected issues with version pragma in /sb/blackjack.sol:
	- pragma solidity^0.4.2 (/sb/blackjack.sol#8): it allows old versions
Reference: https://github.com/trailofbits/slither/wiki/Detectors-Documentation#incorrect-version-of-solidity[0m
INFO:Detectors:[92m
Function 'BlackJack.BlackJack' (/sb/blackjack.sol#95-99) is not in mixedCase
Variable 'BlackJack.BLACKJACK' (/sb/blackjack.sol#51) is not in mixedCase
Reference: https://github.com/trailofbits/slither/wiki/Detectors-Documentation#conformance-to-solidity-naming-conventions[0m
INFO:Slither:/sb/blackjack.sol analyzed (2 contracts), 26 result(s) found
