/sb/unchecked_return_value.sol
jar:file:/usr/local/lib/node_modules/@smartdec/smartcheck/jdeploy-bundle/smartcheck-2.0-jar-with-dependencies.jar!/solidity-rules.xmlruleId: SOLIDITY_CALL_WITHOUT_DATA
patternId: om991k
severity: 2
line: 12
column: 19
content: call()

ruleId: SOLIDITY_CALL_WITHOUT_DATA
patternId: om991k
severity: 2
line: 17
column: 11
content: call()

ruleId: SOLIDITY_UNCHECKED_CALL
patternId: f39eed
severity: 3
line: 17
column: 11
content: call()

ruleId: SOLIDITY_UPGRADE_TO_050
patternId: 83k1no
severity: 1
line: 12
column: 19
content: call()

ruleId: SOLIDITY_UPGRADE_TO_050
patternId: 83k1no
severity: 1
line: 17
column: 11
content: call()

SOLIDITY_UPGRADE_TO_050 :2
SOLIDITY_UNCHECKED_CALL :1
SOLIDITY_CALL_WITHOUT_DATA :2
