/sb/send_loop.sol
jar:file:/usr/local/lib/node_modules/@smartdec/smartcheck/jdeploy-bundle/smartcheck-2.0-jar-with-dependencies.jar!/solidity-rules.xmlruleId: SOLIDITY_ADDRESS_HARDCODED
patternId: adc165
severity: 1
line: 16
column: 29
content: 0x79B483371E87d664cd39491b5F06250165e4b184

ruleId: SOLIDITY_ADDRESS_HARDCODED
patternId: adc165
severity: 1
line: 17
column: 29
content: 0x79B483371E87d664cd39491b5F06250165e4b185

ruleId: SOLIDITY_EXTRA_GAS_IN_LOOPS
patternId: d3j11j
severity: 1
line: 22
column: 8
content: for(uintx;x<refundAddresses.length;x++){require(refundAddresses[x].send(refunds[refundAddresses[x]]));}

ruleId: SOLIDITY_GAS_LIMIT_IN_LOOPS
patternId: f6f853
severity: 2
line: 22
column: 8
content: for(uintx;x<refundAddresses.length;x++){require(refundAddresses[x].send(refunds[refundAddresses[x]]));}

ruleId: SOLIDITY_PRIVATE_MODIFIER_DONT_HIDE_DATA
patternId: 5616b2
severity: 1
line: 12
column: 10
content: private

ruleId: SOLIDITY_SEND
patternId: 430636
severity: 1
line: 24
column: 39
content: send(refunds[refundAddresses[x]])

ruleId: SOLIDITY_VISIBILITY
patternId: 910067
severity: 1
line: 15
column: 4
content: constructor(){refundAddresses.push(0x79B483371E87d664cd39491b5F06250165e4b184);refundAddresses.push(0x79B483371E87d664cd39491b5F06250165e4b185);}

SOLIDITY_VISIBILITY :1
SOLIDITY_PRIVATE_MODIFIER_DONT_HIDE_DATA :1
SOLIDITY_SEND :1
SOLIDITY_EXTRA_GAS_IN_LOOPS :1
SOLIDITY_ADDRESS_HARDCODED :2
SOLIDITY_GAS_LIMIT_IN_LOOPS :1
