INFO:Slither:Compilation warnings/errors on /sb/0x3f2ef511aa6e75231e4deafc7a3d2ecab3741de2.sol:
/sb/0x3f2ef511aa6e75231e4deafc7a3d2ecab3741de2.sol:26:3485: Warning: Using contract member "balance" inherited from the address type is deprecated. Convert the contract to "address" type to access the member, for example use "address(contract).balance" instead.
 ... this.balance ... 
     ^----------^
/sb/0x3f2ef511aa6e75231e4deafc7a3d2ecab3741de2.sol:27:33: Warning: Using contract member "balance" inherited from the address type is deprecated. Convert the contract to "address" type to access the member, for example use "address(contract).balance" instead.
            msg.sender.transfer(this.balance);
                                ^----------^
/sb/0x3f2ef511aa6e75231e4deafc7a3d2ecab3741de2.sol:36:24: Warning: Using contract member "balance" inherited from the address type is deprecated. Convert the contract to "address" type to access the member, for example use "address(contract).balance" instead.
        Owner.transfer(this.balance);
                       ^----------^
/sb/0x3f2ef511aa6e75231e4deafc7a3d2ecab3741de2.sol:45:9: Warning: Return value of low-level calls not used.
        adr.call.value(msg.value)(data);
        ^-----------------------------^

INFO:Detectors:[91m
WhaleGiveaway2.redeem (/sb/0x3f2ef511aa6e75231e4deafc7a3d2ecab3741de2.sol#21-29) sends eth to arbitrary user
	Dangerous calls:
	- msg.sender.transfer(this.balance) (/sb/0x3f2ef511aa6e75231e4deafc7a3d2ecab3741de2.sol#27)
Reference: https://github.com/trailofbits/slither/wiki/Detectors-Documentation#functions-that-send-ether-to-arbitrary-destinations[0m
INFO:Detectors:[92m
WhaleGiveaway2.fallback (/sb/0x3f2ef511aa6e75231e4deafc7a3d2ecab3741de2.sol#14-19) should be declared external
WhaleGiveaway2.redeem (/sb/0x3f2ef511aa6e75231e4deafc7a3d2ecab3741de2.sol#21-29) should be declared external
WhaleGiveaway2.withdraw (/sb/0x3f2ef511aa6e75231e4deafc7a3d2ecab3741de2.sol#31-37) should be declared external
WhaleGiveaway2.Command (/sb/0x3f2ef511aa6e75231e4deafc7a3d2ecab3741de2.sol#39-46) should be declared external
Reference: https://github.com/trailofbits/slither/wiki/Detectors-Documentation#public-function-that-could-be-declared-as-external[0m
INFO:Detectors:[92m
Detected issues with version pragma in /sb/0x3f2ef511aa6e75231e4deafc7a3d2ecab3741de2.sol:
	- pragma solidity^0.4.19 (/sb/0x3f2ef511aa6e75231e4deafc7a3d2ecab3741de2.sol#7): it allows old versions
Reference: https://github.com/trailofbits/slither/wiki/Detectors-Documentation#incorrect-version-of-solidity[0m
INFO:Detectors:[92m
Low level call in WhaleGiveaway2.Command (/sb/0x3f2ef511aa6e75231e4deafc7a3d2ecab3741de2.sol#39-46):
	-adr.call.value(msg.value)(data) /sb/0x3f2ef511aa6e75231e4deafc7a3d2ecab3741de2.sol#45
Reference: https://github.com/trailofbits/slither/wiki/Detectors-Documentation#low-level-calls[0m
INFO:Detectors:[92m
Function 'WhaleGiveaway2.Command' (/sb/0x3f2ef511aa6e75231e4deafc7a3d2ecab3741de2.sol#39-46) is not in mixedCase
Variable 'WhaleGiveaway2.Owner' (/sb/0x3f2ef511aa6e75231e4deafc7a3d2ecab3741de2.sol#11) is not in mixedCase
Constant 'WhaleGiveaway2.minEligibility' (/sb/0x3f2ef511aa6e75231e4deafc7a3d2ecab3741de2.sol#12) is not in UPPER_CASE_WITH_UNDERSCORES
Reference: https://github.com/trailofbits/slither/wiki/Detectors-Documentation#conformance-to-solidity-naming-conventions[0m
INFO:Slither:/sb/0x3f2ef511aa6e75231e4deafc7a3d2ecab3741de2.sol analyzed (1 contracts), 10 result(s) found
