2023-01-17 17:43:22,877: [11] m.main:INFO: Registered plugins: IntrospectionAPIPlugin, <class 'manticore.ethereum.plugins.SkipRevertBasicBlocks'>, <class 'manticore.ethereum.plugins.FilterFunctions'>
2023-01-17 17:43:22,877: [11] m.main:INFO: Beginning analysis
2023-01-17 17:43:22,882: [11] m.e.manticore:INFO: Starting symbolic create contract
2023-01-17 17:43:23,519: [11] m.e.manticore:INFO: Found a concrete globalsha3 b'\x00\x00\x00\x00\x00\x00\x00\x00\x00\x00\x00\x00\x00\x00\x00\x00\x00\x00\x00\x00\x00\x00\x00\x00\x00\x00\x00\x00\x00\x00\x00\x00\x00\x00\x00\x00\x00\x00\x00\x00\x00\x00\x00\x00\x00\x00\x00\x00\x00\x00\x00\x00\x00\x00\x00\x00\x00\x00\x00\x00\x00\x00\x00\x00' -> 78338746147236970124700731725183845421594913511827187288591969170390706184117
2023-01-17 17:43:23,589: [11] m.e.manticore:INFO: Found a concrete globalsha3 b'\x00\x00\x00\x00\x00\x00\x00\x00\x00\x00\x00\x00\x00\x00\x00\x00\x00\x00\x00\x00\x00\x00\x00\x00\x00\x00\x00\x00\x00\x00\x00\x00\x00\x00\x00\x00\x00\x00\x00\x00\x00\x00\x00\x00\x00\x00\x00\x00\x00\x00\x00\x00\x00\x00\x00\x00\x00\x00\x00\x00\x00\x00\x00\x01' -> 75506153327051474587906755573858019282972751592871715030499431892688993766217
2023-01-17 17:43:23,983: [11] m.e.manticore:INFO: Starting symbolic transaction: 0
2023-01-17 17:43:51,425: [11] m.e.manticore:INFO: 1 alive states, 1 terminated states
2023-01-17 17:43:52,199: [11] m.e.manticore:INFO: Starting symbolic transaction: 1
2023-01-17 17:46:24,518: [11] m.e.manticore:INFO: 1 alive states, 2 terminated states
2023-01-17 17:46:36,234: [83] m.c.manticore:INFO: Generated testcase No. 0 - STOP(3 txs)
2023-01-17 17:46:36,235: [83] m.c.plugin:WARNING: Caught will_solve in state None, but failed to capture its initialization
2023-01-17 17:48:53,783: [11] m.c.manticore:INFO: Results in /mcore_616g3w13
2023-01-17 17:48:53,783: [11] m.c.manticore:INFO: Total time: 301.5581998825073
2023-01-17 17:48:55,066: [102] m.main:INFO: Registered plugins: IntrospectionAPIPlugin, <class 'manticore.ethereum.plugins.SkipRevertBasicBlocks'>, <class 'manticore.ethereum.plugins.FilterFunctions'>
2023-01-17 17:48:55,067: [102] m.main:INFO: Beginning analysis
2023-01-17 17:48:55,071: [102] m.e.manticore:INFO: Starting symbolic create contract
2023-01-17 17:48:56,087: [102] m.e.manticore:INFO: Starting symbolic transaction: 0
2023-01-17 17:48:56,316: [102] m.e.manticore:INFO: 0 alive states, 1 terminated states
2023-01-17 17:48:56,398: [102] m.e.manticore:INFO: Starting symbolic transaction: 1
2023-01-17 17:48:56,682: [102] m.c.manticore:INFO: Results in /mcore_eio_3ab1
2023-01-17 17:48:56,683: [102] m.c.manticore:INFO: Total time: 0.5919814109802246
2023-01-17 17:48:57,974: [161] m.main:INFO: Registered plugins: IntrospectionAPIPlugin, <class 'manticore.ethereum.plugins.SkipRevertBasicBlocks'>, <class 'manticore.ethereum.plugins.FilterFunctions'>
2023-01-17 17:48:57,974: [161] m.main:INFO: Beginning analysis
2023-01-17 17:48:57,979: [161] m.e.manticore:INFO: Starting symbolic create contract
2023-01-17 17:49:35,708: [161] m.e.manticore:INFO: Found a concrete globalsha3 b'\x00\x00\x00\x00\x00\x00\x00\x00\x00\x00\x00\x00\x00\x00\x00\x00\x00\x00\x00\x00\x00\x00\x00\x00\x00\x00\x00\x00\x00\x00\x00\x00\x00\x00\x00\x00\x00\x00\x00\x00\x00\x00\x00\x00\x00\x00\x00\x00\x00\x00\x00\x00\x00\x00\x00\x00\x00\x00\x00\x00\x00\x00\x00\x00' -> 78338746147236970124700731725183845421594913511827187288591969170390706184117
2023-01-17 17:49:35,844: [161] m.e.manticore:INFO: Found a concrete globalsha3 b'\x00\x00\x00\x00\x00\x00\x00\x00\x00\x00\x00\x00\x00\x00\x00\x00\x00\x00\x00\x00\x00\x00\x00\x00\x00\x00\x00\x00\x00\x00\x00\x00\x00\x00\x00\x00\x00\x00\x00\x00\x00\x00\x00\x00\x00\x00\x00\x00\x00\x00\x00\x00\x00\x00\x00\x00\x00\x00\x00\x00\x00\x00\x00\x01' -> 75506153327051474587906755573858019282972751592871715030499431892688993766217
2023-01-17 17:49:36,846: [161] m.e.manticore:INFO: Found a concrete globalsha3 b'\x00\x00\x00\x00\x00\x00\x00\x00\x00\x00\x00\x00\x00\x00\x00\x00\x00\x00\x00\x00\x00\x00\x00\x00\x00\x00\x00\x00\x00\x00\x00\x01' -> 80084422859880547211683076133703299733277748156566366325829078699459944778998
2023-01-17 18:13:04,640: [161] m.e.manticore:INFO: Found a concrete globalsha3 b'\x00\x00\x00\x00\x00\x00\x00\x00\x00\x00\x00\x00\x00\x00\x00\x00\x00\x00\x00\x00\x00\x00\x00\x00\x00\x00\x00\x00\x00\x00\x00\x00\x00\x00\x00\x00\x00\x00\x00\x00\x00\x00\x00\x00\x00\x00\x00\x00\x00\x00\x00\x00\x00\x00\x00\x00\x00\x00\x00\x00\x00\x00\x00\x02' -> 77889682276648159348121498188387380826073215901308117747004906171223545284475
2023-01-17 18:13:05,308: [161] m.e.manticore:INFO: Found a concrete globalsha3 b'\x00\x00\x00\x00\x00\x00\x00\x00\x00\x00\x00\x00\x00\x00\x00\x00\x00\x00\x00\x00\x00\x00\x00\x00\x00\x00\x00\x00\x00\x00\x00\x01\x00\x00\x00\x00\x00\x00\x00\x00\x00\x00\x00\x00\x00\x00\x00\x00\x00\x00\x00\x00\x00\x00\x00\x00\x00\x00\x00\x00\x00\x00\x00\x02' -> 105409183525425523237923285454331214386340807945685310246717412709691342439136
2023-01-17 18:13:05,880: [161] m.e.manticore:INFO: Found a concrete globalsha3 b'\x00\x00\x00\x00\x00\x00\x00\x00\x00\x00\x00\x00\x00\x00\x00\x00\x00\x00\x00\x00\x00\x00\x00\x00\x00\x00\x00\x00\x00\x00\x00\x02\x00\x00\x00\x00\x00\x00\x00\x00\x00\x00\x00\x00\x00\x00\x00\x00\x00\x00\x00\x00\x00\x00\x00\x00\x00\x00\x00\x00\x00\x00\x00\x02' -> 46856049987324987851654180578118835177937932377897439695260177228387632849548
2023-01-17 18:13:06,458: [161] m.e.manticore:INFO: Found a concrete globalsha3 b'\x00\x00\x00\x00\x00\x00\x00\x00\x00\x00\x00\x00\x00\x00\x00\x00\x00\x00\x00\x00\x00\x00\x00\x00\x00\x00\x00\x00\x00\x00\x00\x03\x00\x00\x00\x00\x00\x00\x00\x00\x00\x00\x00\x00\x00\x00\x00\x00\x00\x00\x00\x00\x00\x00\x00\x00\x00\x00\x00\x00\x00\x00\x00\x02' -> 61684305963762951884865369267618438865725240706238913880678826931473020346819
2023-01-17 18:13:09,122: [161] m.e.manticore:INFO: Starting symbolic transaction: 0
