/sb/odds_and_evens.sol
jar:file:/usr/local/lib/node_modules/@smartdec/smartcheck/jdeploy-bundle/smartcheck-2.0-jar-with-dependencies.jar!/solidity-rules.xmlruleId: SOLIDITY_DEPRECATED_CONSTRUCTIONS
patternId: 49bd2a
severity: 1
line: 26
column: 30
content: throw

ruleId: SOLIDITY_DEPRECATED_CONSTRUCTIONS
patternId: 49bd2a
severity: 1
line: 49
column: 26
content: throw

ruleId: SOLIDITY_PRAGMAS_VERSION
patternId: 23fc32
severity: 1
line: 7
column: 16
content: ^

ruleId: SOLIDITY_REVERT_REQUIRE
patternId: c56b12
severity: 1
line: 26
column: 4
content: if(msg.value!=1ether)throw;

ruleId: SOLIDITY_REVERT_REQUIRE
patternId: c56b12
severity: 1
line: 49
column: 4
content: if(msg.sender!=owner)throw;

ruleId: SOLIDITY_VISIBILITY
patternId: 910067
severity: 1
line: 21
column: 2
content: functionOddsAndEvens(){owner=msg.sender;}

ruleId: SOLIDITY_VISIBILITY
patternId: 910067
severity: 1
line: 25
column: 2
content: functionplay(uintnumber)payable{if(msg.value!=1ether)throw;players[tot]=Player(msg.sender,number);tot++;if(tot==2)andTheWinnerIs();}

ruleId: SOLIDITY_VISIBILITY
patternId: 910067
severity: 1
line: 48
column: 2
content: functiongetProfit(){if(msg.sender!=owner)throw;boolres=msg.sender.send(this.balance);}

ruleId: SOLIDITY_VISIBILITY
patternId: b51ce0
severity: 1
line: 18
column: 2
content: uint8tot;

ruleId: SOLIDITY_VISIBILITY
patternId: b51ce0
severity: 1
line: 19
column: 2
content: addressowner;

SOLIDITY_VISIBILITY :5
SOLIDITY_DEPRECATED_CONSTRUCTIONS :2
SOLIDITY_PRAGMAS_VERSION :1
SOLIDITY_REVERT_REQUIRE :2
