INFO:Slither:Compilation warnings/errors on /sb/0x627fa62ccbb1c1b04ffaecd72a53e37fc0e17839.sol:
/sb/0x627fa62ccbb1c1b04ffaecd72a53e37fc0e17839.sol:43:27: Warning: "sha3" has been deprecated in favour of "keccak256"
        token.call(bytes4(sha3("transfer(address,uint256)")),to,amount); 
                          ^-------------------------------^
/sb/0x627fa62ccbb1c1b04ffaecd72a53e37fc0e17839.sol:43:9: Warning: Return value of low-level calls not used.
        token.call(bytes4(sha3("transfer(address,uint256)")),to,amount); 
        ^-------------------------------------------------------------^
/sb/0x627fa62ccbb1c1b04ffaecd72a53e37fc0e17839.sol:60:5: Warning: No visibility specified. Defaulting to "public". 
    function()
    ^ (Relevant source part starts here and spans across multiple lines).
/sb/0x627fa62ccbb1c1b04ffaecd72a53e37fc0e17839.sol:66:5: Warning: No visibility specified. Defaulting to "public". 
    function Deposit() 
    ^ (Relevant source part starts here and spans across multiple lines).

INFO:Detectors:[91m
Reentrancy in TokenBank.WithdrawToHolder (/sb/0x627fa62ccbb1c1b04ffaecd72a53e37fc0e17839.sol#86-99):
	External calls:
	- _addr.call.value(_wei)() (/sb/0x627fa62ccbb1c1b04ffaecd72a53e37fc0e17839.sol#94-97)
	State variables written after the call(s):
	- Holders (/sb/0x627fa62ccbb1c1b04ffaecd72a53e37fc0e17839.sol#96)
Reference: https://github.com/trailofbits/slither/wiki/Detectors-Documentation#reentrancy-vulnerabilities[0m
INFO:Detectors:[91m
Token.owner (/sb/0x627fa62ccbb1c1b04ffaecd72a53e37fc0e17839.sol#38) shadows:
	- Ownable.owner (/sb/0x627fa62ccbb1c1b04ffaecd72a53e37fc0e17839.sol#12)
Reference: https://github.com/trailofbits/slither/wiki/Detectors-Documentation#state-variable-shadowing[0m
INFO:Detectors:[92m
Deprecated standard detected @ /sb/0x627fa62ccbb1c1b04ffaecd72a53e37fc0e17839.sol#43:
	- Usage of "sha3()" should be replaced with "keccak256()"
Reference: https://github.com/trailofbits/slither/wiki/Detectors-Documentation#deprecated-standards[0m
INFO:Detectors:[92m
Ownable.changeOwner (/sb/0x627fa62ccbb1c1b04ffaecd72a53e37fc0e17839.sol#14-19) should be declared external
Ownable.confirmOwner (/sb/0x627fa62ccbb1c1b04ffaecd72a53e37fc0e17839.sol#21-28) should be declared external
TokenBank.initTokenBank (/sb/0x627fa62ccbb1c1b04ffaecd72a53e37fc0e17839.sol#53-58) should be declared external
TokenBank.fallback (/sb/0x627fa62ccbb1c1b04ffaecd72a53e37fc0e17839.sol#60-64) should be declared external
TokenBank.WitdrawTokenToHolder (/sb/0x627fa62ccbb1c1b04ffaecd72a53e37fc0e17839.sol#75-84) should be declared external
TokenBank.WithdrawToHolder (/sb/0x627fa62ccbb1c1b04ffaecd72a53e37fc0e17839.sol#86-99) should be declared external
Reference: https://github.com/trailofbits/slither/wiki/Detectors-Documentation#public-function-that-could-be-declared-as-external[0m
INFO:Detectors:[92m
Detected issues with version pragma in /sb/0x627fa62ccbb1c1b04ffaecd72a53e37fc0e17839.sol:
	- pragma solidity^0.4.19 (/sb/0x627fa62ccbb1c1b04ffaecd72a53e37fc0e17839.sol#7): it allows old versions
Reference: https://github.com/trailofbits/slither/wiki/Detectors-Documentation#incorrect-version-of-solidity[0m
INFO:Detectors:[92m
Low level call in Token.WithdrawToken (/sb/0x627fa62ccbb1c1b04ffaecd72a53e37fc0e17839.sol#39-44):
	-token.call(bytes4(sha3()(transfer(address,uint256))),to,amount) /sb/0x627fa62ccbb1c1b04ffaecd72a53e37fc0e17839.sol#43
Low level call in TokenBank.WithdrawToHolder (/sb/0x627fa62ccbb1c1b04ffaecd72a53e37fc0e17839.sol#86-99):
	-_addr.call.value(_wei)() /sb/0x627fa62ccbb1c1b04ffaecd72a53e37fc0e17839.sol#94-97
Reference: https://github.com/trailofbits/slither/wiki/Detectors-Documentation#low-level-calls[0m
INFO:Detectors:[92m
Function 'Token.WithdrawToken' (/sb/0x627fa62ccbb1c1b04ffaecd72a53e37fc0e17839.sol#39-44) is not in mixedCase
Function 'TokenBank.Deposit' (/sb/0x627fa62ccbb1c1b04ffaecd72a53e37fc0e17839.sol#66-73) is not in mixedCase
Function 'TokenBank.WitdrawTokenToHolder' (/sb/0x627fa62ccbb1c1b04ffaecd72a53e37fc0e17839.sol#75-84) is not in mixedCase
Parameter '_to' of TokenBank.WitdrawTokenToHolder (/sb/0x627fa62ccbb1c1b04ffaecd72a53e37fc0e17839.sol#75) is not in mixedCase
Parameter '_token' of TokenBank.WitdrawTokenToHolder (/sb/0x627fa62ccbb1c1b04ffaecd72a53e37fc0e17839.sol#75) is not in mixedCase
Parameter '_amount' of TokenBank.WitdrawTokenToHolder (/sb/0x627fa62ccbb1c1b04ffaecd72a53e37fc0e17839.sol#75) is not in mixedCase
Function 'TokenBank.WithdrawToHolder' (/sb/0x627fa62ccbb1c1b04ffaecd72a53e37fc0e17839.sol#86-99) is not in mixedCase
Parameter '_addr' of TokenBank.WithdrawToHolder (/sb/0x627fa62ccbb1c1b04ffaecd72a53e37fc0e17839.sol#86) is not in mixedCase
Parameter '_wei' of TokenBank.WithdrawToHolder (/sb/0x627fa62ccbb1c1b04ffaecd72a53e37fc0e17839.sol#86) is not in mixedCase
Variable 'TokenBank.MinDeposit' (/sb/0x627fa62ccbb1c1b04ffaecd72a53e37fc0e17839.sol#49) is not in mixedCase
Variable 'TokenBank.Holders' (/sb/0x627fa62ccbb1c1b04ffaecd72a53e37fc0e17839.sol#50) is not in mixedCase
Reference: https://github.com/trailofbits/slither/wiki/Detectors-Documentation#conformance-to-solidity-naming-conventions[0m
INFO:Slither:/sb/0x627fa62ccbb1c1b04ffaecd72a53e37fc0e17839.sol analyzed (3 contracts), 23 result(s) found
