2023-01-17 17:43:31,549: [11] m.main:INFO: Registered plugins: IntrospectionAPIPlugin, <class 'manticore.ethereum.plugins.SkipRevertBasicBlocks'>, <class 'manticore.ethereum.plugins.FilterFunctions'>
2023-01-17 17:43:31,550: [11] m.main:INFO: Beginning analysis
2023-01-17 17:43:31,553: [11] m.e.manticore:INFO: Starting symbolic create contract
2023-01-17 17:44:56,774: [11] m.e.manticore:INFO: Starting symbolic transaction: 0
2023-01-17 17:46:27,898: [11] m.e.manticore:INFO: Found a concrete globalsha3 b'\x00\x00\x00\x00\x00\x00\x00\x00\x00\x00\x00\x00\x00\x00\x00\x00\x00\x00\x00\x00\x00\x00\x00\x00\x00\x00\x00\x00\x00\x02\x00\x00\x00\x00\x00\x00\x00\x00\x00\x00\x00\x00\x00\x00\x00\x00\x00\x00\x00\x00\x00\x00\x00\x00\x00\x00\x00\x00\x00\x00\x00\x00\x00\x00' -> 73138091548938366139099779971772605061518111956507126412222883840269740007539
2023-01-17 17:49:49,190: [11] m.e.manticore:INFO: 4 alive states, 4 terminated states
2023-01-17 17:50:32,766: [11] m.e.manticore:INFO: Starting symbolic transaction: 1
2023-01-17 18:12:09,809: [11] m.e.manticore:INFO: 16 alive states, 13 terminated states
2023-01-17 18:12:54,328: [107] m.c.manticore:INFO: Generated testcase No. 1 - STOP(3 txs)
2023-01-17 18:12:54,329: [99] m.c.manticore:INFO: Generated testcase No. 0 - STOP(3 txs)
2023-01-17 18:12:54,330: [107] m.c.plugin:WARNING: Caught will_solve in state None, but failed to capture its initialization
2023-01-17 18:12:54,330: [99] m.c.plugin:WARNING: Caught will_solve in state None, but failed to capture its initialization
2023-01-17 18:12:54,346: [108] m.c.manticore:INFO: Generated testcase No. 3 - STOP(3 txs)
2023-01-17 18:12:54,348: [108] m.c.plugin:WARNING: Caught will_solve in state None, but failed to capture its initialization
2023-01-17 18:12:54,369: [106] m.c.manticore:INFO: Generated testcase No. 7 - STOP(3 txs)
2023-01-17 18:12:54,370: [106] m.c.plugin:WARNING: Caught will_solve in state None, but failed to capture its initialization
2023-01-17 18:12:54,402: [110] m.c.manticore:INFO: Generated testcase No. 8 - STOP(3 txs)
2023-01-17 18:12:54,404: [110] m.c.plugin:WARNING: Caught will_solve in state None, but failed to capture its initialization
2023-01-17 18:12:54,423: [112] m.c.manticore:INFO: Generated testcase No. 10 - STOP(3 txs)
2023-01-17 18:12:54,425: [112] m.c.plugin:WARNING: Caught will_solve in state None, but failed to capture its initialization
2023-01-17 18:12:54,530: [104] m.c.manticore:INFO: Generated testcase No. 2 - STOP(3 txs)
2023-01-17 18:12:54,531: [104] m.c.plugin:WARNING: Caught will_solve in state None, but failed to capture its initialization
2023-01-17 18:12:54,595: [101] m.c.manticore:INFO: Generated testcase No. 5 - STOP(3 txs)
2023-01-17 18:12:54,595: [103] m.c.manticore:INFO: Generated testcase No. 4 - STOP(3 txs)
2023-01-17 18:12:54,596: [103] m.c.plugin:WARNING: Caught will_solve in state None, but failed to capture its initialization
2023-01-17 18:12:54,596: [101] m.c.plugin:WARNING: Caught will_solve in state None, but failed to capture its initialization
2023-01-17 18:12:54,596: [100] m.c.manticore:INFO: Generated testcase No. 6 - STOP(3 txs)
2023-01-17 18:12:54,598: [100] m.c.plugin:WARNING: Caught will_solve in state None, but failed to capture its initialization
2023-01-17 18:12:54,650: [111] m.c.manticore:INFO: Generated testcase No. 9 - STOP(3 txs)
2023-01-17 18:12:54,651: [111] m.c.plugin:WARNING: Caught will_solve in state None, but failed to capture its initialization
2023-01-17 18:12:54,716: [109] m.c.manticore:INFO: Generated testcase No. 11 - STOP(3 txs)
2023-01-17 18:12:54,717: [109] m.c.plugin:WARNING: Caught will_solve in state None, but failed to capture its initialization
