2023-01-17 17:43:29,820: [11] m.main:INFO: Registered plugins: IntrospectionAPIPlugin, <class 'manticore.ethereum.plugins.SkipRevertBasicBlocks'>, <class 'manticore.ethereum.plugins.FilterFunctions'>
2023-01-17 17:43:29,820: [11] m.main:INFO: Beginning analysis
2023-01-17 17:43:29,824: [11] m.e.manticore:INFO: Starting symbolic create contract
2023-01-17 17:43:34,670: [11] m.e.manticore:INFO: Starting symbolic transaction: 0
2023-01-17 17:46:38,367: [11] m.e.manticore:INFO: 4 alive states, 1 terminated states
2023-01-17 17:46:42,500: [11] m.e.manticore:INFO: Starting symbolic transaction: 1
2023-01-17 18:00:07,561: [11] m.e.manticore:INFO: 16 alive states, 1 terminated states
2023-01-17 18:00:11,535: [101] m.c.manticore:INFO: Generated testcase No. 0 - STOP(3 txs)
2023-01-17 18:00:11,538: [101] m.c.plugin:WARNING: Caught will_solve in state None, but failed to capture its initialization
2023-01-17 18:00:11,941: [112] m.c.manticore:INFO: Generated testcase No. 2 - STOP(3 txs)
2023-01-17 18:00:11,942: [112] m.c.plugin:WARNING: Caught will_solve in state None, but failed to capture its initialization
2023-01-17 18:00:11,959: [102] m.c.manticore:INFO: Generated testcase No. 3 - STOP(3 txs)
2023-01-17 18:00:11,961: [102] m.c.plugin:WARNING: Caught will_solve in state None, but failed to capture its initialization
2023-01-17 18:00:11,962: [104] m.c.manticore:INFO: Generated testcase No. 1 - STOP(3 txs)
2023-01-17 18:00:11,964: [104] m.c.plugin:WARNING: Caught will_solve in state None, but failed to capture its initialization
2023-01-17 18:00:11,991: [106] m.c.manticore:INFO: Generated testcase No. 4 - STOP(3 txs)
2023-01-17 18:00:11,993: [106] m.c.plugin:WARNING: Caught will_solve in state None, but failed to capture its initialization
2023-01-17 18:00:11,995: [110] m.c.manticore:INFO: Generated testcase No. 5 - STOP(3 txs)
2023-01-17 18:00:11,996: [110] m.c.plugin:WARNING: Caught will_solve in state None, but failed to capture its initialization
2023-01-17 18:00:12,008: [105] m.c.manticore:INFO: Generated testcase No. 6 - STOP(3 txs)
2023-01-17 18:00:12,009: [108] m.c.manticore:INFO: Generated testcase No. 7 - STOP(3 txs)
2023-01-17 18:00:12,010: [105] m.c.plugin:WARNING: Caught will_solve in state None, but failed to capture its initialization
2023-01-17 18:00:12,010: [108] m.c.plugin:WARNING: Caught will_solve in state None, but failed to capture its initialization
2023-01-17 18:00:12,011: [109] m.c.manticore:INFO: Generated testcase No. 8 - STOP(3 txs)
2023-01-17 18:00:12,012: [109] m.c.plugin:WARNING: Caught will_solve in state None, but failed to capture its initialization
2023-01-17 18:00:12,030: [114] m.c.manticore:INFO: Generated testcase No. 10 - STOP(3 txs)
2023-01-17 18:00:12,031: [114] m.c.plugin:WARNING: Caught will_solve in state None, but failed to capture its initialization
2023-01-17 18:00:12,031: [111] m.c.manticore:INFO: Generated testcase No. 9 - STOP(3 txs)
2023-01-17 18:00:12,033: [111] m.c.plugin:WARNING: Caught will_solve in state None, but failed to capture its initialization
2023-01-17 18:00:12,092: [115] m.c.manticore:INFO: Generated testcase No. 11 - STOP(3 txs)
2023-01-17 18:00:12,094: [115] m.c.plugin:WARNING: Caught will_solve in state None, but failed to capture its initialization
2023-01-17 18:00:20,621: [101] m.c.manticore:INFO: Generated testcase No. 12 - STOP(3 txs)
2023-01-17 18:00:23,067: [111] m.c.manticore:INFO: Generated testcase No. 13 - STOP(3 txs)
2023-01-17 18:00:23,103: [108] m.c.manticore:INFO: Generated testcase No. 14 - STOP(3 txs)
2023-01-17 18:00:24,625: [114] m.c.manticore:INFO: Generated testcase No. 15 - STOP(3 txs)
2023-01-17 18:00:48,358: [11] m.c.manticore:INFO: Results in /mcore_rdktwb1p
2023-01-17 18:00:48,359: [11] m.c.manticore:INFO: Total time: 844.4868712425232
