INFO:Slither:Compilation warnings/errors on /sb/simple_dao.sol:
/sb/simple_dao.sol:12:3: Warning: No visibility specified. Defaulting to "public". 
  function donate(address to) payable {
  ^ (Relevant source part starts here and spans across multiple lines).
/sb/simple_dao.sol:16:3: Warning: No visibility specified. Defaulting to "public". 
  function withdraw(uint amount) {
  ^ (Relevant source part starts here and spans across multiple lines).
/sb/simple_dao.sol:19:7: Warning: Unused local variable.
      bool res = msg.sender.call.value(amount)();
      ^------^
/sb/simple_dao.sol:24:3: Warning: No visibility specified. Defaulting to "public". 
  function queryCredit(address to) returns (uint){
  ^ (Relevant source part starts here and spans across multiple lines).
/sb/simple_dao.sol:24:3: Warning: Function state mutability can be restricted to view
  function queryCredit(address to) returns (uint){
  ^ (Relevant source part starts here and spans across multiple lines).

INFO:Detectors:[91m
Reentrancy in SimpleDAO.withdraw (/sb/simple_dao.sol#16-22):
	External calls:
	- res = msg.sender.call.value(amount)() (/sb/simple_dao.sol#19)
	State variables written after the call(s):
	- credit (/sb/simple_dao.sol#20)
Reference: https://github.com/trailofbits/slither/wiki/Detectors-Documentation#reentrancy-vulnerabilities[0m
INFO:Detectors:[92m
SimpleDAO.donate (/sb/simple_dao.sol#12-14) should be declared external
SimpleDAO.withdraw (/sb/simple_dao.sol#16-22) should be declared external
SimpleDAO.queryCredit (/sb/simple_dao.sol#24-26) should be declared external
Reference: https://github.com/trailofbits/slither/wiki/Detectors-Documentation#public-function-that-could-be-declared-as-external[0m
INFO:Detectors:[92m
Detected issues with version pragma in /sb/simple_dao.sol:
	- pragma solidity^0.4.2 (/sb/simple_dao.sol#7): it allows old versions
Reference: https://github.com/trailofbits/slither/wiki/Detectors-Documentation#incorrect-version-of-solidity[0m
INFO:Detectors:[92m
Low level call in SimpleDAO.withdraw (/sb/simple_dao.sol#16-22):
	-res = msg.sender.call.value(amount)() /sb/simple_dao.sol#19
Reference: https://github.com/trailofbits/slither/wiki/Detectors-Documentation#low-level-calls[0m
INFO:Slither:/sb/simple_dao.sol analyzed (1 contracts), 6 result(s) found
