INFO:Slither:Compilation warnings/errors on /sb/short_address_example.sol:
/sb/short_address_example.sol:14:6: Warning: Defining constructors as functions with the same name as the contract is deprecated. Use "constructor(...) { ... }" instead.
     function MyToken() {
     ^ (Relevant source part starts here and spans across multiple lines).
/sb/short_address_example.sol:22:10: Warning: Invoking events without "emit" prefix is deprecated.
         Transfer(msg.sender, to, amount);
         ^------------------------------^
/sb/short_address_example.sol:14:6: Warning: No visibility specified. Defaulting to "public". 
     function MyToken() {
     ^ (Relevant source part starts here and spans across multiple lines).
/sb/short_address_example.sol:18:6: Warning: No visibility specified. Defaulting to "public". 
     function sendCoin(address to, uint amount) returns(bool sufficient) {
     ^ (Relevant source part starts here and spans across multiple lines).
/sb/short_address_example.sol:26:6: Warning: No visibility specified. Defaulting to "public". 
     function getBalance(address addr) constant returns(uint) {
     ^ (Relevant source part starts here and spans across multiple lines).

INFO:Detectors:[92m
MyToken.sendCoin (/sb/short_address_example.sol#18-24) should be declared external
MyToken.getBalance (/sb/short_address_example.sol#26-28) should be declared external
Reference: https://github.com/trailofbits/slither/wiki/Detectors-Documentation#public-function-that-could-be-declared-as-external[0m
INFO:Detectors:[92m
Detected issues with version pragma in /sb/short_address_example.sol:
	- pragma solidity^0.4.11 (/sb/short_address_example.sol#7): it allows old versions
Reference: https://github.com/trailofbits/slither/wiki/Detectors-Documentation#incorrect-version-of-solidity[0m
INFO:Detectors:[92m
Function 'MyToken.MyToken' (/sb/short_address_example.sol#14-16) is not in mixedCase
Reference: https://github.com/trailofbits/slither/wiki/Detectors-Documentation#conformance-to-solidity-naming-conventions[0m
INFO:Slither:/sb/short_address_example.sol analyzed (1 contracts), 4 result(s) found
