2023-01-18 08:40:14,741 - Main     - INFO - [1mInitializing seed to 1427655.0[0m
2023-01-18 08:40:14,794 - Fuzzer   - INFO - [1mFuzzing contract [1mEtherGet[0m[0m
2023-01-18 08:40:40,555 - Analysis - INFO - [1mGeneration number 0 	 Code coverage: 61.75% (226/366) 	 Branch coverage: 53.33% (16/30) 	 Transactions: 9 (8 unique)   	 Time: 25.747894287109375[0m
2023-01-18 08:41:10,413 - Analysis - INFO - [1mGeneration number 1 	 Code coverage: 61.75% (226/366) 	 Branch coverage: 53.33% (16/30) 	 Transactions: 17 (10 unique)   	 Time: 55.60603618621826[0m
2023-01-18 08:41:10,597 - Detector - INFO - [1m[33m-----------------------------------------------------[0m
2023-01-18 08:41:10,597 - Detector - INFO - [1m[33m        !!! Unhandled exception detected !!!         [0m
2023-01-18 08:41:10,597 - Detector - INFO - [1m[33m-----------------------------------------------------[0m
2023-01-18 08:41:10,597 - Detector - INFO - [1m[33mSWC-ID:   104[0m
2023-01-18 08:41:10,597 - Detector - INFO - [1m[33mSeverity: Medium[0m
2023-01-18 08:41:10,597 - Detector - INFO - [1m[33m-----------------------------------------------------[0m
2023-01-18 08:41:10,598 - Detector - INFO - [1m[33mSource code line:[0m
2023-01-18 08:41:10,598 - Detector - INFO - [1m[33m-----------------------------------------------------[0m
2023-01-18 08:41:10,598 - Detector - INFO - [1m[33m/sb/0x52d2e0f9b01101a59b38a3d05c80b7618aeed984.sol:27:1[0m
2023-01-18 08:41:10,598 - Detector - INFO - [1m[33maddr.call.value(0 wei)()[0m
2023-01-18 08:41:10,598 - Detector - INFO - [1m[33m-----------------------------------------------------[0m
2023-01-18 08:41:10,598 - Detector - INFO - [1m[33mTransaction sequence:[0m
2023-01-18 08:41:10,598 - Detector - INFO - [1m[33m-----------------------------------------------------[0m
2023-01-18 08:41:10,598 - Detector - INFO - [1m[33mTransaction - getTokens(uint256,address):[0m
2023-01-18 08:41:10,598 - Detector - INFO - [1m[33m-----------------------------------------------------[0m
2023-01-18 08:41:10,598 - Detector - INFO - [1m[33mFrom:      0xdeadbeefdeadbeefdeadbeefdeadbeefdeadbeef[0m
2023-01-18 08:41:10,599 - Detector - INFO - [1m[33mTo:        0x2c5e8a3b3aad9df32339409534e64dfcabcd3a65[0m
2023-01-18 08:41:10,599 - Detector - INFO - [1m[33mValue:     0 Wei[0m
2023-01-18 08:41:10,599 - Detector - INFO - [1m[33mGas Limit: 4500000[0m
2023-01-18 08:41:10,599 - Detector - INFO - [1m[33mInput:     0x2570e31e00000000000000000000000000000000[0m
2023-01-18 08:41:10,599 - Detector - INFO - [1m[33m           000000000000000000000000000000010000000000[0m
2023-01-18 08:41:10,599 - Detector - INFO - [1m[33m           00000000000000deadbeefdeadbeefdeadbeefdead[0m
2023-01-18 08:41:10,599 - Detector - INFO - [1m[33m           beefdeadbeef[0m
2023-01-18 08:41:10,599 - Detector - INFO - [1m[33m-----------------------------------------------------[0m
2023-01-18 08:41:10,602 - Analysis - INFO - [1mGeneration number 2 	 Code coverage: 63.11% (231/366) 	 Branch coverage: 56.67% (17/30) 	 Transactions: 23 (12 unique)   	 Time: 55.79516911506653[0m
2023-01-18 08:41:40,075 - Analysis - INFO - [1mGeneration number 3 	 Code coverage: 63.11% (231/366) 	 Branch coverage: 56.67% (17/30) 	 Transactions: 26 (13 unique)   	 Time: 85.2686517238617[0m
2023-01-18 08:42:09,246 - Analysis - INFO - [1mGeneration number 4 	 Code coverage: 63.11% (231/366) 	 Branch coverage: 56.67% (17/30) 	 Transactions: 30 (13 unique)   	 Time: 114.43910837173462[0m
2023-01-18 08:42:38,870 - Analysis - INFO - [1mGeneration number 5 	 Code coverage: 63.11% (231/366) 	 Branch coverage: 56.67% (17/30) 	 Transactions: 34 (14 unique)   	 Time: 144.06341767311096[0m
2023-01-18 08:43:38,022 - Analysis - INFO - [1mGeneration number 6 	 Code coverage: 63.11% (231/366) 	 Branch coverage: 56.67% (17/30) 	 Transactions: 40 (16 unique)   	 Time: 203.21581745147705[0m
2023-01-18 08:44:04,742 - Analysis - INFO - [1mGeneration number 7 	 Code coverage: 63.11% (231/366) 	 Branch coverage: 56.67% (17/30) 	 Transactions: 45 (16 unique)   	 Time: 229.934992313385[0m
2023-01-18 08:44:34,294 - Analysis - INFO - [1mGeneration number 8 	 Code coverage: 63.11% (231/366) 	 Branch coverage: 56.67% (17/30) 	 Transactions: 51 (17 unique)   	 Time: 259.48772072792053[0m
2023-01-18 08:44:34,551 - Analysis - INFO - [1mGeneration number 9 	 Code coverage: 63.11% (231/366) 	 Branch coverage: 56.67% (17/30) 	 Transactions: 56 (17 unique)   	 Time: 259.74416637420654[0m
2023-01-18 08:44:34,767 - Analysis - INFO - [1mGeneration number 10 	 Code coverage: 63.11% (231/366) 	 Branch coverage: 56.67% (17/30) 	 Transactions: 60 (17 unique)   	 Time: 259.9599061012268[0m
2023-01-18 08:44:34,948 - Analysis - INFO - [1mGeneration number 11 	 Code coverage: 63.11% (231/366) 	 Branch coverage: 56.67% (17/30) 	 Transactions: 64 (17 unique)   	 Time: 260.1414964199066[0m
2023-01-18 08:44:35,099 - Analysis - INFO - [1mGeneration number 12 	 Code coverage: 63.11% (231/366) 	 Branch coverage: 56.67% (17/30) 	 Transactions: 66 (17 unique)   	 Time: 260.29245615005493[0m
2023-01-18 08:44:35,242 - Analysis - INFO - [1mGeneration number 13 	 Code coverage: 63.11% (231/366) 	 Branch coverage: 56.67% (17/30) 	 Transactions: 69 (17 unique)   	 Time: 260.43571162223816[0m
2023-01-18 08:45:04,794 - Analysis - INFO - [1mGeneration number 14 	 Code coverage: 65.03% (238/366) 	 Branch coverage: 63.33% (19/30) 	 Transactions: 83 (26 unique)   	 Time: 289.98717617988586[0m
2023-01-18 08:45:04,937 - Analysis - INFO - [1mGeneration number 15 	 Code coverage: 65.03% (238/366) 	 Branch coverage: 63.33% (19/30) 	 Transactions: 91 (28 unique)   	 Time: 290.1306719779968[0m
2023-01-18 08:45:05,110 - Analysis - INFO - [1mGeneration number 16 	 Code coverage: 72.13% (264/366) 	 Branch coverage: 73.33% (22/30) 	 Transactions: 98 (32 unique)   	 Time: 290.3036003112793[0m
2023-01-18 08:45:05,238 - Analysis - INFO - [1mGeneration number 17 	 Code coverage: 72.13% (264/366) 	 Branch coverage: 73.33% (22/30) 	 Transactions: 103 (33 unique)   	 Time: 290.43151330947876[0m
2023-01-18 08:45:05,414 - Analysis - INFO - [1mGeneration number 18 	 Code coverage: 72.13% (264/366) 	 Branch coverage: 73.33% (22/30) 	 Transactions: 108 (34 unique)   	 Time: 290.6077470779419[0m
2023-01-18 08:45:05,608 - Analysis - INFO - [1mGeneration number 19 	 Code coverage: 72.13% (264/366) 	 Branch coverage: 73.33% (22/30) 	 Transactions: 113 (34 unique)   	 Time: 290.8013949394226[0m
2023-01-18 08:45:05,811 - Analysis - INFO - [1mGeneration number 20 	 Code coverage: 72.13% (264/366) 	 Branch coverage: 73.33% (22/30) 	 Transactions: 119 (34 unique)   	 Time: 291.0044975280762[0m
2023-01-18 08:45:06,036 - Analysis - INFO - [1mGeneration number 21 	 Code coverage: 72.13% (264/366) 	 Branch coverage: 73.33% (22/30) 	 Transactions: 124 (35 unique)   	 Time: 291.22936058044434[0m
2023-01-18 08:45:06,285 - Analysis - INFO - [1mGeneration number 22 	 Code coverage: 72.13% (264/366) 	 Branch coverage: 73.33% (22/30) 	 Transactions: 130 (35 unique)   	 Time: 291.4781918525696[0m
2023-01-18 08:45:06,513 - Analysis - INFO - [1mGeneration number 23 	 Code coverage: 72.13% (264/366) 	 Branch coverage: 73.33% (22/30) 	 Transactions: 135 (35 unique)   	 Time: 291.7063283920288[0m
2023-01-18 08:45:06,753 - Analysis - INFO - [1mGeneration number 24 	 Code coverage: 72.13% (264/366) 	 Branch coverage: 73.33% (22/30) 	 Transactions: 140 (35 unique)   	 Time: 291.9462411403656[0m
2023-01-18 08:45:06,986 - Analysis - INFO - [1mGeneration number 25 	 Code coverage: 72.13% (264/366) 	 Branch coverage: 73.33% (22/30) 	 Transactions: 145 (35 unique)   	 Time: 292.17982268333435[0m
2023-01-18 08:45:07,182 - Analysis - INFO - [1mGeneration number 26 	 Code coverage: 72.13% (264/366) 	 Branch coverage: 73.33% (22/30) 	 Transactions: 149 (35 unique)   	 Time: 292.37561440467834[0m
2023-01-18 08:45:07,404 - Analysis - INFO - [1mGeneration number 27 	 Code coverage: 72.13% (264/366) 	 Branch coverage: 73.33% (22/30) 	 Transactions: 154 (35 unique)   	 Time: 292.5976688861847[0m
2023-01-18 08:45:37,385 - Analysis - INFO - [1mGeneration number 28 	 Code coverage: 94.26% (345/366) 	 Branch coverage: 86.67% (26/30) 	 Transactions: 167 (42 unique)   	 Time: 322.57848954200745[0m
2023-01-18 08:46:06,502 - Analysis - INFO - [1mGeneration number 29 	 Code coverage: 94.26% (345/366) 	 Branch coverage: 86.67% (26/30) 	 Transactions: 173 (45 unique)   	 Time: 351.69492745399475[0m
2023-01-18 08:46:35,732 - Analysis - INFO - [1mGeneration number 30 	 Code coverage: 94.26% (345/366) 	 Branch coverage: 86.67% (26/30) 	 Transactions: 179 (46 unique)   	 Time: 380.9256296157837[0m
2023-01-18 08:47:05,365 - Analysis - INFO - [1mGeneration number 31 	 Code coverage: 94.26% (345/366) 	 Branch coverage: 86.67% (26/30) 	 Transactions: 185 (47 unique)   	 Time: 410.5579409599304[0m
2023-01-18 08:48:04,235 - Analysis - INFO - [1mGeneration number 32 	 Code coverage: 94.26% (345/366) 	 Branch coverage: 86.67% (26/30) 	 Transactions: 191 (50 unique)   	 Time: 469.4282569885254[0m
2023-01-18 08:49:03,273 - Analysis - INFO - [1mGeneration number 33 	 Code coverage: 94.26% (345/366) 	 Branch coverage: 86.67% (26/30) 	 Transactions: 198 (53 unique)   	 Time: 528.4658539295197[0m
2023-01-18 08:50:30,338 - Analysis - INFO - [1mGeneration number 34 	 Code coverage: 94.26% (345/366) 	 Branch coverage: 86.67% (26/30) 	 Transactions: 203 (55 unique)   	 Time: 615.5314462184906[0m
2023-01-18 08:52:29,398 - Analysis - INFO - [1mGeneration number 35 	 Code coverage: 94.26% (345/366) 	 Branch coverage: 86.67% (26/30) 	 Transactions: 209 (57 unique)   	 Time: 734.5916004180908[0m
2023-01-18 08:53:27,780 - Analysis - INFO - [1mGeneration number 36 	 Code coverage: 94.26% (345/366) 	 Branch coverage: 86.67% (26/30) 	 Transactions: 214 (60 unique)   	 Time: 792.9737365245819[0m
2023-01-18 08:54:56,304 - Analysis - INFO - [1mGeneration number 37 	 Code coverage: 94.26% (345/366) 	 Branch coverage: 86.67% (26/30) 	 Transactions: 221 (62 unique)   	 Time: 881.4969084262848[0m
2023-01-18 08:56:54,012 - Analysis - INFO - [1mGeneration number 38 	 Code coverage: 94.26% (345/366) 	 Branch coverage: 86.67% (26/30) 	 Transactions: 236 (67 unique)   	 Time: 999.2057402133942[0m
2023-01-18 08:57:24,016 - Analysis - INFO - [1mGeneration number 39 	 Code coverage: 94.26% (345/366) 	 Branch coverage: 86.67% (26/30) 	 Transactions: 241 (68 unique)   	 Time: 1029.2097585201263[0m
2023-01-18 08:57:24,405 - Analysis - INFO - [1mGeneration number 40 	 Code coverage: 94.26% (345/366) 	 Branch coverage: 86.67% (26/30) 	 Transactions: 246 (68 unique)   	 Time: 1029.5986516475677[0m
2023-01-18 08:57:24,763 - Analysis - INFO - [1mGeneration number 41 	 Code coverage: 94.26% (345/366) 	 Branch coverage: 86.67% (26/30) 	 Transactions: 250 (68 unique)   	 Time: 1029.9561972618103[0m
2023-01-18 08:57:25,152 - Analysis - INFO - [1mGeneration number 42 	 Code coverage: 94.26% (345/366) 	 Branch coverage: 86.67% (26/30) 	 Transactions: 255 (69 unique)   	 Time: 1030.3456687927246[0m
2023-01-18 08:57:25,568 - Analysis - INFO - [1mGeneration number 43 	 Code coverage: 94.26% (345/366) 	 Branch coverage: 86.67% (26/30) 	 Transactions: 260 (69 unique)   	 Time: 1030.7614386081696[0m
2023-01-18 08:57:26,071 - Analysis - INFO - [1mGeneration number 44 	 Code coverage: 94.26% (345/366) 	 Branch coverage: 86.67% (26/30) 	 Transactions: 266 (70 unique)   	 Time: 1031.2647576332092[0m
2023-01-18 08:57:26,685 - Analysis - INFO - [1mGeneration number 45 	 Code coverage: 94.26% (345/366) 	 Branch coverage: 86.67% (26/30) 	 Transactions: 272 (70 unique)   	 Time: 1031.8778984546661[0m
2023-01-18 08:57:27,063 - Analysis - INFO - [1mGeneration number 46 	 Code coverage: 94.26% (345/366) 	 Branch coverage: 86.67% (26/30) 	 Transactions: 278 (70 unique)   	 Time: 1032.2562093734741[0m
2023-01-18 08:57:27,483 - Analysis - INFO - [1mGeneration number 47 	 Code coverage: 94.26% (345/366) 	 Branch coverage: 86.67% (26/30) 	 Transactions: 283 (70 unique)   	 Time: 1032.6764461994171[0m
2023-01-18 08:58:56,376 - Analysis - INFO - [1mGeneration number 48 	 Code coverage: 95.36% (349/366) 	 Branch coverage: 90.00% (27/30) 	 Transactions: 298 (74 unique)   	 Time: 1121.569671869278[0m
2023-01-18 08:59:26,131 - Analysis - INFO - [1mGeneration number 49 	 Code coverage: 95.36% (349/366) 	 Branch coverage: 90.00% (27/30) 	 Transactions: 304 (76 unique)   	 Time: 1151.323975801468[0m
2023-01-18 08:59:55,314 - Analysis - INFO - [1mGeneration number 50 	 Code coverage: 95.36% (349/366) 	 Branch coverage: 90.00% (27/30) 	 Transactions: 310 (76 unique)   	 Time: 1180.506992340088[0m
2023-01-18 09:00:55,026 - Analysis - INFO - [1mGeneration number 51 	 Code coverage: 95.36% (349/366) 	 Branch coverage: 90.00% (27/30) 	 Transactions: 316 (77 unique)   	 Time: 1240.2190356254578[0m
2023-01-18 09:00:55,174 - Analysis - INFO - [1mGeneration number 52 	 Code coverage: 95.36% (349/366) 	 Branch coverage: 90.00% (27/30) 	 Transactions: 320 (77 unique)   	 Time: 1240.3674569129944[0m
2023-01-18 09:00:55,350 - Analysis - INFO - [1mGeneration number 53 	 Code coverage: 95.36% (349/366) 	 Branch coverage: 90.00% (27/30) 	 Transactions: 324 (77 unique)   	 Time: 1240.543544769287[0m
2023-01-18 09:00:55,499 - Analysis - INFO - [1mGeneration number 54 	 Code coverage: 95.36% (349/366) 	 Branch coverage: 90.00% (27/30) 	 Transactions: 327 (77 unique)   	 Time: 1240.692144393921[0m
2023-01-18 09:00:55,878 - Analysis - INFO - [1mGeneration number 55 	 Code coverage: 95.36% (349/366) 	 Branch coverage: 90.00% (27/30) 	 Transactions: 331 (77 unique)   	 Time: 1241.0710263252258[0m
2023-01-18 09:00:56,119 - Analysis - INFO - [1mGeneration number 56 	 Code coverage: 95.36% (349/366) 	 Branch coverage: 90.00% (27/30) 	 Transactions: 333 (77 unique)   	 Time: 1241.3125505447388[0m
2023-01-18 09:00:56,275 - Analysis - INFO - [1mGeneration number 57 	 Code coverage: 95.36% (349/366) 	 Branch coverage: 90.00% (27/30) 	 Transactions: 336 (77 unique)   	 Time: 1241.468719959259[0m
2023-01-18 09:02:53,975 - Analysis - INFO - [1mGeneration number 58 	 Code coverage: 95.36% (349/366) 	 Branch coverage: 90.00% (27/30) 	 Transactions: 352 (82 unique)   	 Time: 1359.1680963039398[0m
2023-01-18 09:03:23,618 - Analysis - INFO - [1mGeneration number 59 	 Code coverage: 95.36% (349/366) 	 Branch coverage: 90.00% (27/30) 	 Transactions: 359 (83 unique)   	 Time: 1388.8111674785614[0m
2023-01-18 09:03:23,912 - Analysis - INFO - [1mGeneration number 60 	 Code coverage: 95.36% (349/366) 	 Branch coverage: 90.00% (27/30) 	 Transactions: 366 (83 unique)   	 Time: 1389.1053614616394[0m
2023-01-18 09:03:54,365 - Analysis - INFO - [1mGeneration number 61 	 Code coverage: 95.36% (349/366) 	 Branch coverage: 90.00% (27/30) 	 Transactions: 371 (83 unique)   	 Time: 1419.5583176612854[0m
2023-01-18 09:04:23,560 - Analysis - INFO - [1mGeneration number 62 	 Code coverage: 95.36% (349/366) 	 Branch coverage: 90.00% (27/30) 	 Transactions: 376 (84 unique)   	 Time: 1448.753809928894[0m
2023-01-18 09:04:23,844 - Analysis - INFO - [1mGeneration number 63 	 Code coverage: 95.36% (349/366) 	 Branch coverage: 90.00% (27/30) 	 Transactions: 382 (85 unique)   	 Time: 1449.0370633602142[0m
2023-01-18 09:04:24,087 - Analysis - INFO - [1mGeneration number 64 	 Code coverage: 95.36% (349/366) 	 Branch coverage: 90.00% (27/30) 	 Transactions: 388 (85 unique)   	 Time: 1449.2807166576385[0m
2023-01-18 09:04:24,307 - Analysis - INFO - [1mGeneration number 65 	 Code coverage: 95.36% (349/366) 	 Branch coverage: 90.00% (27/30) 	 Transactions: 393 (86 unique)   	 Time: 1449.5002245903015[0m
2023-01-18 09:04:24,559 - Analysis - INFO - [1mGeneration number 66 	 Code coverage: 95.36% (349/366) 	 Branch coverage: 90.00% (27/30) 	 Transactions: 400 (87 unique)   	 Time: 1449.7527046203613[0m
2023-01-18 09:04:24,889 - Analysis - INFO - [1mGeneration number 67 	 Code coverage: 95.36% (349/366) 	 Branch coverage: 90.00% (27/30) 	 Transactions: 407 (87 unique)   	 Time: 1450.0824701786041[0m
2023-01-18 09:05:24,048 - Analysis - INFO - [1mGeneration number 68 	 Code coverage: 95.36% (349/366) 	 Branch coverage: 90.00% (27/30) 	 Transactions: 422 (92 unique)   	 Time: 1509.2411212921143[0m
2023-01-18 09:05:53,746 - Analysis - INFO - [1mGeneration number 69 	 Code coverage: 95.36% (349/366) 	 Branch coverage: 90.00% (27/30) 	 Transactions: 429 (94 unique)   	 Time: 1538.9395742416382[0m
2023-01-18 09:05:54,015 - Analysis - INFO - [1mGeneration number 70 	 Code coverage: 95.36% (349/366) 	 Branch coverage: 90.00% (27/30) 	 Transactions: 435 (95 unique)   	 Time: 1539.2084710597992[0m
2023-01-18 09:05:54,308 - Analysis - INFO - [1mGeneration number 71 	 Code coverage: 95.36% (349/366) 	 Branch coverage: 90.00% (27/30) 	 Transactions: 441 (97 unique)   	 Time: 1539.5009932518005[0m
2023-01-18 09:05:54,474 - Analysis - INFO - [1mGeneration number 72 	 Code coverage: 95.36% (349/366) 	 Branch coverage: 90.00% (27/30) 	 Transactions: 444 (97 unique)   	 Time: 1539.6672163009644[0m
2023-01-18 09:05:54,741 - Analysis - INFO - [1mGeneration number 73 	 Code coverage: 95.36% (349/366) 	 Branch coverage: 90.00% (27/30) 	 Transactions: 449 (98 unique)   	 Time: 1539.9346942901611[0m
2023-01-18 09:05:54,925 - Analysis - INFO - [1mGeneration number 74 	 Code coverage: 95.36% (349/366) 	 Branch coverage: 90.00% (27/30) 	 Transactions: 454 (100 unique)   	 Time: 1540.117919921875[0m
2023-01-18 09:05:55,077 - Analysis - INFO - [1mGeneration number 75 	 Code coverage: 95.36% (349/366) 	 Branch coverage: 90.00% (27/30) 	 Transactions: 460 (101 unique)   	 Time: 1540.2704293727875[0m
2023-01-18 09:05:55,320 - Analysis - INFO - [1mGeneration number 76 	 Code coverage: 95.36% (349/366) 	 Branch coverage: 90.00% (27/30) 	 Transactions: 465 (101 unique)   	 Time: 1540.5137004852295[0m
2023-01-18 09:05:55,650 - Analysis - INFO - [1mGeneration number 77 	 Code coverage: 95.36% (349/366) 	 Branch coverage: 90.00% (27/30) 	 Transactions: 470 (101 unique)   	 Time: 1540.8433933258057[0m
2023-01-18 09:07:24,079 - Analysis - INFO - [1mGeneration number 78 	 Code coverage: 95.36% (349/366) 	 Branch coverage: 90.00% (27/30) 	 Transactions: 485 (108 unique)   	 Time: 1629.272706747055[0m
2023-01-18 09:07:24,376 - Analysis - INFO - [1mGeneration number 79 	 Code coverage: 95.36% (349/366) 	 Branch coverage: 90.00% (27/30) 	 Transactions: 491 (110 unique)   	 Time: 1629.5691184997559[0m
2023-01-18 09:07:24,643 - Analysis - INFO - [1mGeneration number 80 	 Code coverage: 95.36% (349/366) 	 Branch coverage: 90.00% (27/30) 	 Transactions: 497 (111 unique)   	 Time: 1629.836455821991[0m
2023-01-18 09:07:24,902 - Analysis - INFO - [1mGeneration number 81 	 Code coverage: 95.36% (349/366) 	 Branch coverage: 90.00% (27/30) 	 Transactions: 500 (111 unique)   	 Time: 1630.0953679084778[0m
2023-01-18 09:07:25,230 - Analysis - INFO - [1mGeneration number 82 	 Code coverage: 95.36% (349/366) 	 Branch coverage: 90.00% (27/30) 	 Transactions: 506 (113 unique)   	 Time: 1630.4238543510437[0m
2023-01-18 09:07:25,554 - Analysis - INFO - [1mGeneration number 83 	 Code coverage: 95.36% (349/366) 	 Branch coverage: 90.00% (27/30) 	 Transactions: 511 (113 unique)   	 Time: 1630.7470755577087[0m
2023-01-18 09:07:26,017 - Analysis - INFO - [1mGeneration number 84 	 Code coverage: 95.36% (349/366) 	 Branch coverage: 90.00% (27/30) 	 Transactions: 517 (114 unique)   	 Time: 1631.21004652977[0m
2023-01-18 09:07:26,363 - Analysis - INFO - [1mGeneration number 85 	 Code coverage: 95.36% (349/366) 	 Branch coverage: 90.00% (27/30) 	 Transactions: 523 (114 unique)   	 Time: 1631.556608915329[0m
2023-01-18 09:07:26,830 - Analysis - INFO - [1mGeneration number 86 	 Code coverage: 95.36% (349/366) 	 Branch coverage: 90.00% (27/30) 	 Transactions: 531 (115 unique)   	 Time: 1632.023017168045[0m
2023-01-18 09:07:27,375 - Analysis - INFO - [1mGeneration number 87 	 Code coverage: 95.36% (349/366) 	 Branch coverage: 90.00% (27/30) 	 Transactions: 538 (116 unique)   	 Time: 1632.5687189102173[0m
2023-01-18 09:08:56,055 - Analysis - INFO - [1mGeneration number 88 	 Code coverage: 95.36% (349/366) 	 Branch coverage: 90.00% (27/30) 	 Transactions: 552 (122 unique)   	 Time: 1721.2481439113617[0m
2023-01-18 09:09:54,689 - Analysis - INFO - [1mGeneration number 89 	 Code coverage: 95.36% (349/366) 	 Branch coverage: 90.00% (27/30) 	 Transactions: 560 (126 unique)   	 Time: 1779.881953716278[0m
