INFO [01-25|08:55:24.400] Starting Geth in ephemeral dev mode... 
INFO [01-25|08:55:24.466] Maximum peer count                       ETH=50 LES=0 total=50
INFO [01-25|08:55:24.467] Smartcard socket not found, disabling    err="stat /run/pcscd/pcscd.comm: no such file or directory"
INFO [01-25|08:55:24.481] Set global gas cap                       cap=50,000,000
INFO [01-25|08:56:05.039] Using developer account                  address=0xD74AC6f209a6Ef3E9b6D081fc8761FC0c71e8ae3
INFO [01-25|08:56:05.189] Allocated trie memory caches             clean=154.00MiB dirty=256.00MiB
INFO [01-25|08:56:05.252] Writing custom genesis block 
INFO [01-25|08:56:05.651] Persisted trie from memory database      nodes=12 size=1.82KiB time=35.472541ms gcnodes=0 gcsize=0.00B gctime=0s livenodes=1 livesize=0.00B
INFO [01-25|08:56:05.764] Initialised chain configuration          config="{ChainID: 1337 Homestead: 0 DAO: <nil> DAOSupport: false EIP150: 0 EIP155: 0 EIP158: 0 Byzantium: 0 Constantinople: 0 Petersburg: 0 Istanbul: 0, Muir Glacier: 0, Berlin: 0, London: 0, Arrow Glacier: <nil>, MergeFork: <nil>, Engine: clique}"
INFO [01-25|08:56:05.834] Initialising Ethereum protocol           network=1337 dbversion=<nil>
INFO [01-25|08:56:05.990] Loaded most recent local header          number=0 hash=4768d4..ca1910 td=1 age=53y10mo2d
INFO [01-25|08:56:06.032] Loaded most recent local full block      number=0 hash=4768d4..ca1910 td=1 age=53y10mo2d
INFO [01-25|08:56:06.032] Loaded most recent local fast block      number=0 hash=4768d4..ca1910 td=1 age=53y10mo2d
WARN [01-25|08:56:06.054] Failed to load snapshot, regenerating    err="missing or corrupted snapshot"
INFO [01-25|08:56:06.054] Rebuilding state snapshot 
INFO [01-25|08:56:06.156] Resuming state snapshot generation       root=6c70e8..f69392 accounts=0 slots=0 storage=0.00B elapsed=101.051ms
INFO [01-25|08:56:06.249] Generated state snapshot                 accounts=10 slots=0 storage=412.00B elapsed=194.111ms
INFO [01-25|08:56:06.506] Stored checkpoint snapshot to disk       number=0 hash=4768d4..ca1910
INFO [01-25|08:56:06.704] Gasprice oracle is ignoring threshold set threshold=2
WARN [01-25|08:56:06.717] Error reading unclean shutdown markers   error="not found"
INFO [01-25|08:56:06.768] Starting peer-to-peer node               instance=Geth/v1.10.14-stable-11a3a350/linux-amd64/go1.17.5
WARN [01-25|08:56:06.862] P2P server will be useless, neither dialing nor listening 
INFO [01-25|08:56:07.903] New local node record                    seq=1,674,636,967,494 id=404c6f77c2614cc1 ip=127.0.0.1 udp=0 tcp=0
INFO [01-25|08:56:07.916] Started P2P networking                   self=enode://2792e6586159a7f6adfa9864fc6eacda1c2275befe59fea6a06bf9fea0fef7b1ce2c9097aac45aa43c96d9749595f92cc8fc58bbe171bf55b4320ed53789036c@127.0.0.1:0
INFO [01-25|08:56:08.403] IPC endpoint opened                      url=/tmp/geth.ipc
INFO [01-25|08:56:08.650] HTTP server started                      endpoint=127.0.0.1:8545 prefix= cors= vhosts=localhost
INFO [01-25|08:56:08.777] Transaction pool price threshold updated price=1,000,000,000
WARN [01-25|08:56:08.780] Failed to get free disk space            path= err="failed to call Statfs: no such file or directory"
INFO [01-25|08:56:08.849] Updated mining threads                   threads=0
INFO [01-25|08:56:08.859] Transaction pool price threshold updated price=1
INFO [01-25|08:56:08.860] Etherbase automatically configured       address=0xD74AC6f209a6Ef3E9b6D081fc8761FC0c71e8ae3
WARN [01-25|08:56:08.891] Block sealing failed                     err="sealing paused while waiting for transactions"
INFO [01-25|08:56:08.954] Commit new mining work                   number=1 sealhash=f2108c..35d68b uncles=0 txs=0 gas=0 fees=0 elapsed=64.406ms
Killed
