/sb/etheraffle.sol
jar:file:/usr/local/lib/node_modules/@smartdec/smartcheck/jdeploy-bundle/smartcheck-2.0-jar-with-dependencies.jar!/solidity-rules.xmlruleId: SOLIDITY_ARRAY_LENGTH_MANIPULATION
patternId: 872bdd
severity: 1
line: 76
column: 16
content: gaps.length--

ruleId: SOLIDITY_ARRAY_LENGTH_MANIPULATION
patternId: 872bdd
severity: 1
line: 159
column: 12
content: gaps.length=0

ruleId: SOLIDITY_EXTRA_GAS_IN_LOOPS
patternId: d3j11j
severity: 1
line: 128
column: 8
content: for(uinti=0;i<totalTickets;i++){if(msg.sender==contestants[i].addr&&raffleId==contestants[i].raffleId){refund+=pricePerTicket;contestants[i]=Contestant(address(0),0);gaps.push(i);TicketRefund(raffleId,msg.sender,i);}}

ruleId: SOLIDITY_EXTRA_GAS_IN_LOOPS
patternId: d3j11j
severity: 1
line: 147
column: 12
content: for(uinti=0;i<totalTickets;i++){if(raffleId==contestants[i].raffleId){TicketRefund(raffleId,contestants[i].addr,i);contestants[i].addr.transfer(pricePerTicket);}}

ruleId: SOLIDITY_EXTRA_GAS_IN_LOOPS
patternId: k4o1l4
severity: 1
line: 72
column: 8
content: while(moneySent>=pricePerTicket&&nextTicket<totalTickets){uintcurrTicket=0;if(gaps.length>0){currTicket=gaps[gaps.length-1];gaps.length--;}else{currTicket=nextTicket++;}contestants[currTicket]=Contestant(msg.sender,raffleId);TicketPurchase(raffleId,msg.sender,currTicket);moneySent-=pricePerTicket;}

ruleId: SOLIDITY_GAS_LIMIT_IN_LOOPS
patternId: 17f23a
severity: 1
line: 72
column: 15
content: moneySent>=pricePerTicket&&nextTicket<totalTickets

ruleId: SOLIDITY_PRAGMAS_VERSION
patternId: 23fc32
severity: 1
line: 8
column: 17
content: ^

ruleId: SOLIDITY_TRANSFER_IN_LOOP
patternId: 8jdj43
severity: 2
line: 147
column: 12
content: for(uinti=0;i<totalTickets;i++){if(raffleId==contestants[i].raffleId){TicketRefund(raffleId,contestants[i].addr,i);contestants[i].addr.transfer(pricePerTicket);}}

ruleId: SOLIDITY_UPGRADE_TO_050
patternId: 901eae
severity: 1
line: 104
column: 27
content: keccak256(seed1,seed2,seed3)

ruleId: SOLIDITY_UPGRADE_TO_050
patternId: 91h3sa
severity: 1
line: 60
column: 24
content: public

ruleId: SOLIDITY_VISIBILITY
patternId: b51ce0
severity: 1
line: 43
column: 4
content: addressfeeAddress;

ruleId: SOLIDITY_VISIBILITY
patternId: b51ce0
severity: 1
line: 50
column: 4
content: uintnextTicket=0;

ruleId: SOLIDITY_VISIBILITY
patternId: b51ce0
severity: 1
line: 51
column: 4
content: mapping(uint=>Contestant)contestants;

ruleId: SOLIDITY_VISIBILITY
patternId: b51ce0
severity: 1
line: 52
column: 4
content: uint[]gaps;

SOLIDITY_VISIBILITY :4
SOLIDITY_PRAGMAS_VERSION :1
SOLIDITY_ARRAY_LENGTH_MANIPULATION :2
SOLIDITY_EXTRA_GAS_IN_LOOPS :3
SOLIDITY_UPGRADE_TO_050 :2
SOLIDITY_GAS_LIMIT_IN_LOOPS :1
SOLIDITY_TRANSFER_IN_LOOP :1
