INFO:Slither:Compilation warnings/errors on /sb/0x7a8721a9d64c74da899424c1b52acbf58ddc9782.sol:
/sb/0x7a8721a9d64c74da899424c1b52acbf58ddc9782.sol:23:5: Warning: Defining constructors as functions with the same name as the contract is deprecated. Use "constructor(...) { ... }" instead.
    function PrivateDeposit()
    ^ (Relevant source part starts here and spans across multiple lines).
/sb/0x7a8721a9d64c74da899424c1b52acbf58ddc9782.sol:23:5: Warning: No visibility specified. Defaulting to "public". 
    function PrivateDeposit()
    ^ (Relevant source part starts here and spans across multiple lines).
/sb/0x7a8721a9d64c74da899424c1b52acbf58ddc9782.sol:31:5: Warning: No visibility specified. Defaulting to "public". 
    function setLog(address _lib) onlyOwner
    ^ (Relevant source part starts here and spans across multiple lines).
/sb/0x7a8721a9d64c74da899424c1b52acbf58ddc9782.sol:47:5: Warning: No visibility specified. Defaulting to "public". 
    function CashOut(uint _am)
    ^ (Relevant source part starts here and spans across multiple lines).

INFO:Detectors:[91m
Reentrancy in PrivateDeposit.CashOut (/sb/0x7a8721a9d64c74da899424c1b52acbf58ddc9782.sol#47-58):
	External calls:
	- msg.sender.call.value(_am)() (/sb/0x7a8721a9d64c74da899424c1b52acbf58ddc9782.sol#52-56)
	State variables written after the call(s):
	- balances (/sb/0x7a8721a9d64c74da899424c1b52acbf58ddc9782.sol#54)
Reference: https://github.com/trailofbits/slither/wiki/Detectors-Documentation#reentrancy-vulnerabilities[0m
INFO:Detectors:[92m
PrivateDeposit.MinDeposit should be constant (/sb/0x7a8721a9d64c74da899424c1b52acbf58ddc9782.sol#13)
Reference: https://github.com/trailofbits/slither/wiki/Detectors-Documentation#state-variables-that-could-be-declared-constant[0m
INFO:Detectors:[92m
PrivateDeposit.setLog (/sb/0x7a8721a9d64c74da899424c1b52acbf58ddc9782.sol#31-34) should be declared external
PrivateDeposit.Deposit (/sb/0x7a8721a9d64c74da899424c1b52acbf58ddc9782.sol#36-45) should be declared external
PrivateDeposit.CashOut (/sb/0x7a8721a9d64c74da899424c1b52acbf58ddc9782.sol#47-58) should be declared external
PrivateDeposit.fallback (/sb/0x7a8721a9d64c74da899424c1b52acbf58ddc9782.sol#60) should be declared external
Log.AddMessage (/sb/0x7a8721a9d64c74da899424c1b52acbf58ddc9782.sol#79-87) should be declared external
Reference: https://github.com/trailofbits/slither/wiki/Detectors-Documentation#public-function-that-could-be-declared-as-external[0m
INFO:Detectors:[92m
Detected issues with version pragma in /sb/0x7a8721a9d64c74da899424c1b52acbf58ddc9782.sol:
	- pragma solidity^0.4.19 (/sb/0x7a8721a9d64c74da899424c1b52acbf58ddc9782.sol#7): it allows old versions
Reference: https://github.com/trailofbits/slither/wiki/Detectors-Documentation#incorrect-version-of-solidity[0m
INFO:Detectors:[92m
Low level call in PrivateDeposit.CashOut (/sb/0x7a8721a9d64c74da899424c1b52acbf58ddc9782.sol#47-58):
	-msg.sender.call.value(_am)() /sb/0x7a8721a9d64c74da899424c1b52acbf58ddc9782.sol#52-56
Reference: https://github.com/trailofbits/slither/wiki/Detectors-Documentation#low-level-calls[0m
INFO:Detectors:[92m
Function 'PrivateDeposit.PrivateDeposit' (/sb/0x7a8721a9d64c74da899424c1b52acbf58ddc9782.sol#23-27) is not in mixedCase
Parameter '_lib' of PrivateDeposit.setLog (/sb/0x7a8721a9d64c74da899424c1b52acbf58ddc9782.sol#31) is not in mixedCase
Function 'PrivateDeposit.Deposit' (/sb/0x7a8721a9d64c74da899424c1b52acbf58ddc9782.sol#36-45) is not in mixedCase
Function 'PrivateDeposit.CashOut' (/sb/0x7a8721a9d64c74da899424c1b52acbf58ddc9782.sol#47-58) is not in mixedCase
Parameter '_am' of PrivateDeposit.CashOut (/sb/0x7a8721a9d64c74da899424c1b52acbf58ddc9782.sol#47) is not in mixedCase
Variable 'PrivateDeposit.MinDeposit' (/sb/0x7a8721a9d64c74da899424c1b52acbf58ddc9782.sol#13) is not in mixedCase
Variable 'PrivateDeposit.TransferLog' (/sb/0x7a8721a9d64c74da899424c1b52acbf58ddc9782.sol#16) is not in mixedCase
Function 'Log.AddMessage' (/sb/0x7a8721a9d64c74da899424c1b52acbf58ddc9782.sol#79-87) is not in mixedCase
Parameter '_adr' of Log.AddMessage (/sb/0x7a8721a9d64c74da899424c1b52acbf58ddc9782.sol#79) is not in mixedCase
Parameter '_val' of Log.AddMessage (/sb/0x7a8721a9d64c74da899424c1b52acbf58ddc9782.sol#79) is not in mixedCase
Parameter '_data' of Log.AddMessage (/sb/0x7a8721a9d64c74da899424c1b52acbf58ddc9782.sol#79) is not in mixedCase
Variable 'Log.History' (/sb/0x7a8721a9d64c74da899424c1b52acbf58ddc9782.sol#75) is not in mixedCase
Variable 'Log.LastMsg' (/sb/0x7a8721a9d64c74da899424c1b52acbf58ddc9782.sol#77) is not in mixedCase
Reference: https://github.com/trailofbits/slither/wiki/Detectors-Documentation#conformance-to-solidity-naming-conventions[0m
INFO:Slither:/sb/0x7a8721a9d64c74da899424c1b52acbf58ddc9782.sol analyzed (2 contracts), 22 result(s) found
