2023-01-18 08:40:07,532 - Main     - INFO - [1mInitializing seed to 1427655.0[0m
2023-01-18 08:40:07,566 - Fuzzer   - INFO - [1mFuzzing contract [1mRealOldFuckMaker[0m[0m
2023-01-18 08:40:28,021 - Analysis - INFO - [1mGeneration number 0 	 Code coverage: 94.85% (129/136) 	 Branch coverage: 75.00% (6/8) 	 Transactions: 5 (4 unique)   	 Time: 20.443565130233765[0m
2023-01-18 08:41:23,241 - Analysis - INFO - [1mGeneration number 1 	 Code coverage: 94.85% (129/136) 	 Branch coverage: 87.50% (7/8) 	 Transactions: 9 (7 unique)   	 Time: 75.6634566783905[0m
2023-01-18 08:42:20,276 - Analysis - INFO - [1mGeneration number 2 	 Code coverage: 94.85% (129/136) 	 Branch coverage: 87.50% (7/8) 	 Transactions: 13 (9 unique)   	 Time: 132.69927263259888[0m
2023-01-18 08:43:16,559 - Analysis - INFO - [1mGeneration number 3 	 Code coverage: 94.85% (129/136) 	 Branch coverage: 87.50% (7/8) 	 Transactions: 17 (11 unique)   	 Time: 188.98153591156006[0m
2023-01-18 08:43:16,612 - Analysis - INFO - [1mGeneration number 4 	 Code coverage: 99.26% (135/136) 	 Branch coverage: 100.00% (8/8) 	 Transactions: 21 (13 unique)   	 Time: 189.03467321395874[0m
2023-01-18 08:43:44,538 - Analysis - INFO - [1mGeneration number 5 	 Code coverage: 99.26% (135/136) 	 Branch coverage: 100.00% (8/8) 	 Transactions: 25 (15 unique)   	 Time: 216.96043133735657[0m
2023-01-18 08:44:41,638 - Analysis - INFO - [1mGeneration number 6 	 Code coverage: 99.26% (135/136) 	 Branch coverage: 100.00% (8/8) 	 Transactions: 29 (17 unique)   	 Time: 274.06130838394165[0m
2023-01-18 08:45:10,862 - Analysis - INFO - [1mGeneration number 7 	 Code coverage: 99.26% (135/136) 	 Branch coverage: 100.00% (8/8) 	 Transactions: 31 (17 unique)   	 Time: 303.2845265865326[0m
2023-01-18 08:46:35,125 - Analysis - INFO - [1mGeneration number 8 	 Code coverage: 99.26% (135/136) 	 Branch coverage: 100.00% (8/8) 	 Transactions: 35 (19 unique)   	 Time: 387.5483355522156[0m
2023-01-18 08:46:35,165 - Detector - INFO - [1m[33m-----------------------------------------------------[0m
2023-01-18 08:46:35,165 - Detector - INFO - [1m[33m        !!! Unhandled exception detected !!!         [0m
2023-01-18 08:46:35,165 - Detector - INFO - [1m[33m-----------------------------------------------------[0m
2023-01-18 08:46:35,165 - Detector - INFO - [1m[33mSWC-ID:   104[0m
2023-01-18 08:46:35,165 - Detector - INFO - [1m[33mSeverity: Medium[0m
2023-01-18 08:46:35,166 - Detector - INFO - [1m[33m-----------------------------------------------------[0m
2023-01-18 08:46:35,166 - Detector - INFO - [1m[33mSource code line:[0m
2023-01-18 08:46:35,166 - Detector - INFO - [1m[33m-----------------------------------------------------[0m
2023-01-18 08:46:35,166 - Detector - INFO - [1m[33m/sb/0xf2570186500a46986f3139f65afedc2afe4f445d.sol:18:1[0m
2023-01-18 08:46:35,166 - Detector - INFO - [1m[33mfuck.call(bytes4(sha3("giveBlockReward()")))[0m
2023-01-18 08:46:35,166 - Detector - INFO - [1m[33m-----------------------------------------------------[0m
2023-01-18 08:46:35,166 - Detector - INFO - [1m[33mTransaction sequence:[0m
2023-01-18 08:46:35,166 - Detector - INFO - [1m[33m-----------------------------------------------------[0m
2023-01-18 08:46:35,166 - Detector - INFO - [1m[33mTransaction - makeOldFucks(uint32):[0m
2023-01-18 08:46:35,166 - Detector - INFO - [1m[33m-----------------------------------------------------[0m
2023-01-18 08:46:35,167 - Detector - INFO - [1m[33mFrom:      0xcafebabecafebabecafebabecafebabecafebabe[0m
2023-01-18 08:46:35,167 - Detector - INFO - [1m[33mTo:        0x2c5e8a3b3aad9df32339409534e64dfcabcd3a65[0m
2023-01-18 08:46:35,167 - Detector - INFO - [1m[33mValue:     0 Wei[0m
2023-01-18 08:46:35,167 - Detector - INFO - [1m[33mGas Limit: 4500000[0m
2023-01-18 08:46:35,167 - Detector - INFO - [1m[33mInput:     0xb535c74100000000000000000000000000000000[0m
2023-01-18 08:46:35,167 - Detector - INFO - [1m[33m           00000000000000000000000000000001[0m
2023-01-18 08:46:35,167 - Detector - INFO - [1m[33m-----------------------------------------------------[0m
2023-01-18 08:47:33,467 - Analysis - INFO - [1mGeneration number 9 	 Code coverage: 99.26% (135/136) 	 Branch coverage: 100.00% (8/8) 	 Transactions: 39 (21 unique)   	 Time: 445.89030361175537[0m
2023-01-18 08:48:29,153 - Analysis - INFO - [1mGeneration number 10 	 Code coverage: 99.26% (135/136) 	 Branch coverage: 100.00% (8/8) 	 Transactions: 43 (24 unique)   	 Time: 501.57568883895874[0m
2023-01-18 08:49:26,897 - Analysis - INFO - [1mGeneration number 11 	 Code coverage: 99.26% (135/136) 	 Branch coverage: 100.00% (8/8) 	 Transactions: 46 (26 unique)   	 Time: 559.3197371959686[0m
2023-01-18 08:50:24,212 - Analysis - INFO - [1mGeneration number 12 	 Code coverage: 99.26% (135/136) 	 Branch coverage: 100.00% (8/8) 	 Transactions: 49 (26 unique)   	 Time: 616.6345856189728[0m
2023-01-18 08:52:18,064 - Analysis - INFO - [1mGeneration number 13 	 Code coverage: 99.26% (135/136) 	 Branch coverage: 100.00% (8/8) 	 Transactions: 53 (28 unique)   	 Time: 730.4872529506683[0m
2023-01-18 08:53:43,485 - Analysis - INFO - [1mGeneration number 14 	 Code coverage: 99.26% (135/136) 	 Branch coverage: 100.00% (8/8) 	 Transactions: 57 (29 unique)   	 Time: 815.9077160358429[0m
2023-01-18 08:55:38,432 - Analysis - INFO - [1mGeneration number 15 	 Code coverage: 99.26% (135/136) 	 Branch coverage: 100.00% (8/8) 	 Transactions: 61 (32 unique)   	 Time: 930.8547155857086[0m
2023-01-18 08:56:35,297 - Analysis - INFO - [1mGeneration number 16 	 Code coverage: 99.26% (135/136) 	 Branch coverage: 100.00% (8/8) 	 Transactions: 69 (36 unique)   	 Time: 987.7202644348145[0m
2023-01-18 08:57:31,501 - Analysis - INFO - [1mGeneration number 17 	 Code coverage: 99.26% (135/136) 	 Branch coverage: 100.00% (8/8) 	 Transactions: 73 (37 unique)   	 Time: 1043.924158334732[0m
2023-01-18 08:58:57,638 - Analysis - INFO - [1mGeneration number 18 	 Code coverage: 99.26% (135/136) 	 Branch coverage: 100.00% (8/8) 	 Transactions: 77 (38 unique)   	 Time: 1130.0606656074524[0m
2023-01-18 08:59:55,047 - Analysis - INFO - [1mGeneration number 19 	 Code coverage: 99.26% (135/136) 	 Branch coverage: 100.00% (8/8) 	 Transactions: 80 (39 unique)   	 Time: 1187.4694957733154[0m
2023-01-18 09:00:23,822 - Analysis - INFO - [1mGeneration number 20 	 Code coverage: 99.26% (135/136) 	 Branch coverage: 100.00% (8/8) 	 Transactions: 84 (41 unique)   	 Time: 1216.244879245758[0m
2023-01-18 09:00:52,776 - Analysis - INFO - [1mGeneration number 21 	 Code coverage: 99.26% (135/136) 	 Branch coverage: 100.00% (8/8) 	 Transactions: 88 (41 unique)   	 Time: 1245.19872713089[0m
2023-01-18 09:01:49,543 - Analysis - INFO - [1mGeneration number 22 	 Code coverage: 99.26% (135/136) 	 Branch coverage: 100.00% (8/8) 	 Transactions: 92 (43 unique)   	 Time: 1301.9657866954803[0m
2023-01-18 09:02:45,985 - Analysis - INFO - [1mGeneration number 23 	 Code coverage: 99.26% (135/136) 	 Branch coverage: 100.00% (8/8) 	 Transactions: 96 (44 unique)   	 Time: 1358.4077367782593[0m
2023-01-18 09:03:13,576 - Analysis - INFO - [1mGeneration number 24 	 Code coverage: 99.26% (135/136) 	 Branch coverage: 100.00% (8/8) 	 Transactions: 99 (44 unique)   	 Time: 1385.998692035675[0m
2023-01-18 09:03:43,120 - Analysis - INFO - [1mGeneration number 25 	 Code coverage: 99.26% (135/136) 	 Branch coverage: 100.00% (8/8) 	 Transactions: 102 (44 unique)   	 Time: 1415.5431611537933[0m
2023-01-18 09:04:39,327 - Analysis - INFO - [1mGeneration number 26 	 Code coverage: 99.26% (135/136) 	 Branch coverage: 100.00% (8/8) 	 Transactions: 110 (47 unique)   	 Time: 1471.7498099803925[0m
2023-01-18 09:06:31,720 - Analysis - INFO - [1mGeneration number 27 	 Code coverage: 99.26% (135/136) 	 Branch coverage: 100.00% (8/8) 	 Transactions: 114 (49 unique)   	 Time: 1584.142502784729[0m
2023-01-18 09:07:28,645 - Analysis - INFO - [1mGeneration number 28 	 Code coverage: 99.26% (135/136) 	 Branch coverage: 100.00% (8/8) 	 Transactions: 117 (50 unique)   	 Time: 1641.0679454803467[0m
2023-01-18 09:08:54,212 - Analysis - INFO - [1mGeneration number 29 	 Code coverage: 99.26% (135/136) 	 Branch coverage: 100.00% (8/8) 	 Transactions: 121 (54 unique)   	 Time: 1726.6349737644196[0m
2023-01-18 09:09:52,087 - Analysis - INFO - [1mGeneration number 30 	 Code coverage: 99.26% (135/136) 	 Branch coverage: 100.00% (8/8) 	 Transactions: 125 (55 unique)   	 Time: 1784.5099811553955[0m
