/sb/0x19cf8481ea15427a98ba3cdd6d9e14690011ab10.sol
jar:file:/usr/local/lib/node_modules/@smartdec/smartcheck/jdeploy-bundle/smartcheck-2.0-jar-with-dependencies.jar!/solidity-rules.xmlruleId: SOLIDITY_ADDRESS_HARDCODED
patternId: adc165
severity: 1
line: 172
column: 31
content: 0x8585D5A25b1FA2A0E6c3BcfC098195bac9789BE2

ruleId: SOLIDITY_ADDRESS_HARDCODED
patternId: c67a09
severity: 1
line: 167
column: 25
content: 0x0

ruleId: SOLIDITY_ADDRESS_HARDCODED
patternId: c67a09
severity: 1
line: 168
column: 25
content: 0x0

ruleId: SOLIDITY_ADDRESS_HARDCODED
patternId: c67a09
severity: 1
line: 169
column: 25
content: 0x0

ruleId: SOLIDITY_ADDRESS_HARDCODED
patternId: c67a09
severity: 1
line: 170
column: 25
content: 0x0

ruleId: SOLIDITY_DEPRECATED_CONSTRUCTIONS
patternId: 49bd2a
severity: 1
line: 77
column: 6
content: throw

ruleId: SOLIDITY_DEPRECATED_CONSTRUCTIONS
patternId: 49bd2a
severity: 1
line: 134
column: 63
content: throw

ruleId: SOLIDITY_DEPRECATED_CONSTRUCTIONS
patternId: 49bd2a
severity: 1
line: 211
column: 6
content: throw

ruleId: SOLIDITY_DEPRECATED_CONSTRUCTIONS
patternId: 49bd2a
severity: 1
line: 214
column: 6
content: throw

ruleId: SOLIDITY_DEPRECATED_CONSTRUCTIONS
patternId: 49bd2a
severity: 1
line: 223
column: 6
content: throw

ruleId: SOLIDITY_DEPRECATED_CONSTRUCTIONS
patternId: 49bd2a
severity: 1
line: 226
column: 6
content: throw

ruleId: SOLIDITY_DEPRECATED_CONSTRUCTIONS
patternId: 49bd2a
severity: 1
line: 330
column: 9
content: throw

ruleId: SOLIDITY_DEPRECATED_CONSTRUCTIONS
patternId: 49bd2a
severity: 1
line: 341
column: 6
content: throw

ruleId: SOLIDITY_DEPRECATED_CONSTRUCTIONS
patternId: 49bd2a
severity: 1
line: 352
column: 6
content: throw

ruleId: SOLIDITY_DEPRECATED_CONSTRUCTIONS
patternId: 49bd2a
severity: 1
line: 368
column: 2
content: throw

ruleId: SOLIDITY_DEPRECATED_CONSTRUCTIONS
patternId: 49bd2a
severity: 1
line: 389
column: 22
content: throw

ruleId: SOLIDITY_DEPRECATED_CONSTRUCTIONS
patternId: 49bd2a
severity: 1
line: 392
column: 28
content: throw

ruleId: SOLIDITY_DEPRECATED_CONSTRUCTIONS
patternId: 49bd2a
severity: 1
line: 395
column: 10
content: throw

ruleId: SOLIDITY_DEPRECATED_CONSTRUCTIONS
patternId: 49bd2a
severity: 1
line: 432
column: 19
content: throw

ruleId: SOLIDITY_DEPRECATED_CONSTRUCTIONS
patternId: 49bd2a
severity: 1
line: 433
column: 35
content: throw

ruleId: SOLIDITY_DEPRECATED_CONSTRUCTIONS
patternId: 49bd2a
severity: 1
line: 437
column: 32
content: throw

ruleId: SOLIDITY_DEPRECATED_CONSTRUCTIONS
patternId: 49bd2a
severity: 1
line: 442
column: 32
content: throw

ruleId: SOLIDITY_DEPRECATED_CONSTRUCTIONS
patternId: 49bd2a
severity: 1
line: 447
column: 32
content: throw

ruleId: SOLIDITY_DEPRECATED_CONSTRUCTIONS
patternId: 49bd2a
severity: 1
line: 451
column: 42
content: throw

ruleId: SOLIDITY_DEPRECATED_CONSTRUCTIONS
patternId: 49bd2a
severity: 1
line: 458
column: 55
content: throw

ruleId: SOLIDITY_DEPRECATED_CONSTRUCTIONS
patternId: 49bd2a
severity: 1
line: 469
column: 26
content: throw

ruleId: SOLIDITY_DEPRECATED_CONSTRUCTIONS
patternId: 49bd2a
severity: 1
line: 473
column: 25
content: throw

ruleId: SOLIDITY_DEPRECATED_CONSTRUCTIONS
patternId: 49bd2a
severity: 1
line: 474
column: 43
content: throw

ruleId: SOLIDITY_DEPRECATED_CONSTRUCTIONS
patternId: 49bd2a
severity: 1
line: 485
column: 21
content: throw

ruleId: SOLIDITY_DEPRECATED_CONSTRUCTIONS
patternId: 49bd2a
severity: 1
line: 486
column: 26
content: throw

ruleId: SOLIDITY_DEPRECATED_CONSTRUCTIONS
patternId: 49bd2a
severity: 1
line: 490
column: 27
content: throw

ruleId: SOLIDITY_DEPRECATED_CONSTRUCTIONS
patternId: 28fa69
severity: 1
line: 19
column: 2
content: functionbalanceOf(addresswho)constantreturns(uint);

ruleId: SOLIDITY_DEPRECATED_CONSTRUCTIONS
patternId: 28fa69
severity: 1
line: 20
column: 2
content: functionallowance(addressowner,addressspender)constantreturns(uint);

ruleId: SOLIDITY_DEPRECATED_CONSTRUCTIONS
patternId: 28fa69
severity: 1
line: 59
column: 2
content: functionmax64(uint64a,uint64b)internalconstantreturns(uint64){returna>=b?a:b;}

ruleId: SOLIDITY_DEPRECATED_CONSTRUCTIONS
patternId: 28fa69
severity: 1
line: 63
column: 2
content: functionmin64(uint64a,uint64b)internalconstantreturns(uint64){returna<b?a:b;}

ruleId: SOLIDITY_DEPRECATED_CONSTRUCTIONS
patternId: 28fa69
severity: 1
line: 67
column: 2
content: functionmax256(uint256a,uint256b)internalconstantreturns(uint256){returna>=b?a:b;}

ruleId: SOLIDITY_DEPRECATED_CONSTRUCTIONS
patternId: 28fa69
severity: 1
line: 71
column: 2
content: functionmin256(uint256a,uint256b)internalconstantreturns(uint256){returna<b?a:b;}

ruleId: SOLIDITY_DEPRECATED_CONSTRUCTIONS
patternId: 28fa69
severity: 1
line: 103
column: 2
content: functionisToken()publicconstantreturns(boolweAre){returntrue;}

ruleId: SOLIDITY_DEPRECATED_CONSTRUCTIONS
patternId: 28fa69
severity: 1
line: 124
column: 2
content: functionbalanceOf(address_owner)constantreturns(uintbalance){returnbalances[_owner];}

ruleId: SOLIDITY_DEPRECATED_CONSTRUCTIONS
patternId: 28fa69
severity: 1
line: 141
column: 2
content: functionallowance(address_owner,address_spender)constantreturns(uintremaining){returnallowed[_owner][_spender];}

ruleId: SOLIDITY_DEPRECATED_CONSTRUCTIONS
patternId: 28fa69
severity: 1
line: 310
column: 2
content: functionbalanceOf(address_owner)constantreturns(uint256balance){returnbalances[_owner];}

ruleId: SOLIDITY_DEPRECATED_CONSTRUCTIONS
patternId: 28fa69
severity: 1
line: 320
column: 2
content: functionallowance(address_owner,address_spender)constantreturns(uint256remaining){returnallowed[_owner][_spender];}

ruleId: SOLIDITY_ERC20_APPROVE
patternId: af782c
severity: 2
line: 128
column: 2
content: functionapprove(address_spender,uint_value)returns(boolsuccess){if((_value!=0)&&(allowed[msg.sender][_spender]!=0))throw;allowed[msg.sender][_spender]=_value;Approval(msg.sender,_spender,_value);returntrue;}

ruleId: SOLIDITY_ERC20_APPROVE
patternId: af782c
severity: 2
line: 314
column: 2
content: functionapprove(address_spender,uint256_value)returns(boolsuccess){allowed[msg.sender][_spender]=_value;Approval(msg.sender,_spender,_value);returntrue;}

ruleId: SOLIDITY_MSGVALUE_EQUALS_ZERO
patternId: 1df89a
severity: 1
line: 392
column: 12
content: msg.value==0

ruleId: SOLIDITY_OVERPOWERED_ROLE
patternId: j83hf7
severity: 2
line: 424
column: 1
content: functionsetBonusCreationRate(uintnewRate){if(msg.sender==owner){bonusCreationRate=newRate;CreationRate=tokenCreationRate+bonusCreationRate;}}

ruleId: SOLIDITY_PRAGMAS_VERSION
patternId: 23fc32
severity: 1
line: 8
column: 16
content: ^

ruleId: SOLIDITY_REVERT_REQUIRE
patternId: c56b12
severity: 1
line: 76
column: 4
content: if(!assertion){throw;}

ruleId: SOLIDITY_REVERT_REQUIRE
patternId: c56b12
severity: 1
line: 134
column: 4
content: if((_value!=0)&&(allowed[msg.sender][_spender]!=0))throw;

ruleId: SOLIDITY_REVERT_REQUIRE
patternId: c56b12
severity: 1
line: 210
column: 8
content: if(msg.sender!=owner){throw;}

ruleId: SOLIDITY_REVERT_REQUIRE
patternId: c56b12
severity: 1
line: 213
column: 10
content: if(supplylimitset!=false){throw;}

ruleId: SOLIDITY_REVERT_REQUIRE
patternId: c56b12
severity: 1
line: 222
column: 8
content: if(msg.sender!=owner){throw;}

ruleId: SOLIDITY_REVERT_REQUIRE
patternId: c56b12
severity: 1
line: 225
column: 9
content: if(supplylimitset!=false){throw;}

ruleId: SOLIDITY_REVERT_REQUIRE
patternId: c56b12
severity: 1
line: 327
column: 3
content: if(funding){receivedEther(msg.sender,msg.value);balances[msg.sender]=balances[msg.sender]+msg.value;}elsethrow;

ruleId: SOLIDITY_REVERT_REQUIRE
patternId: c56b12
severity: 1
line: 340
column: 4
content: if(msg.sender!=owner){throw;}

ruleId: SOLIDITY_REVERT_REQUIRE
patternId: c56b12
severity: 1
line: 351
column: 4
content: if(msg.sender!=owner){throw;}

ruleId: SOLIDITY_REVERT_REQUIRE
patternId: c56b12
severity: 1
line: 367
column: 2
content: if(msg.sender!=owner){throw;}

ruleId: SOLIDITY_REVERT_REQUIRE
patternId: c56b12
severity: 1
line: 389
column: 8
content: if(!funding)throw;

ruleId: SOLIDITY_REVERT_REQUIRE
patternId: c56b12
severity: 1
line: 392
column: 8
content: if(msg.value==0)throw;

ruleId: SOLIDITY_REVERT_REQUIRE
patternId: c56b12
severity: 1
line: 394
column: 8
content: if(msg.value>(supplylimit-totalSupply)/CreationRate)throw;

ruleId: SOLIDITY_REVERT_REQUIRE
patternId: c56b12
severity: 1
line: 432
column: 1
content: if(funding==true)throw;

ruleId: SOLIDITY_REVERT_REQUIRE
patternId: c56b12
severity: 1
line: 433
column: 4
content: if(!owner.send(this.balance))throw;

ruleId: SOLIDITY_REVERT_REQUIRE
patternId: c56b12
severity: 1
line: 437
column: 7
content: if(msg.sender!=owner)throw;

ruleId: SOLIDITY_REVERT_REQUIRE
patternId: c56b12
severity: 1
line: 442
column: 7
content: if(msg.sender!=owner)throw;

ruleId: SOLIDITY_REVERT_REQUIRE
patternId: c56b12
severity: 1
line: 447
column: 7
content: if(msg.sender!=owner)throw;

ruleId: SOLIDITY_REVERT_REQUIRE
patternId: c56b12
severity: 1
line: 451
column: 7
content: if(msg.sender!=migrationMaster)throw;

ruleId: SOLIDITY_REVERT_REQUIRE
patternId: c56b12
severity: 1
line: 458
column: 8
content: if(block.number<=fundingEndBlock+8*oneweek)throw;

ruleId: SOLIDITY_REVERT_REQUIRE
patternId: c56b12
severity: 1
line: 469
column: 8
content: if(migratestate)throw;

ruleId: SOLIDITY_REVERT_REQUIRE
patternId: c56b12
severity: 1
line: 473
column: 8
content: if(_value==0)throw;

ruleId: SOLIDITY_REVERT_REQUIRE
patternId: c56b12
severity: 1
line: 474
column: 8
content: if(_value>balances[msg.sender])throw;

ruleId: SOLIDITY_REVERT_REQUIRE
patternId: c56b12
severity: 1
line: 485
column: 8
content: if(funding)throw;

ruleId: SOLIDITY_REVERT_REQUIRE
patternId: c56b12
severity: 1
line: 486
column: 8
content: if(!refundstate)throw;

ruleId: SOLIDITY_REVERT_REQUIRE
patternId: c56b12
severity: 1
line: 490
column: 8
content: if(ETHValue==0)throw;

ruleId: SOLIDITY_UNCHECKED_CALL
patternId: f39eed
severity: 3
line: 439
column: 14
content: send(this.balance-SubX)

ruleId: SOLIDITY_UPGRADE_TO_050
patternId: 91h3sa
severity: 1
line: 326
column: 26
content: public

ruleId: SOLIDITY_UPGRADE_TO_050
patternId: 341gim
severity: 1
line: 9
column: 99
content: bytes_extraData

ruleId: SOLIDITY_UPGRADE_TO_050
patternId: 341gim
severity: 1
line: 242
column: 62
content: bytes_extraData

ruleId: SOLIDITY_UPGRADE_TO_050
patternId: 441gim
severity: 1
line: 370
column: 2
content: sendTokenAwayt=transfers[numTransfers]

ruleId: SOLIDITY_VISIBILITY
patternId: 23rt6g
severity: 1
line: 9
column: 117
content: public

ruleId: SOLIDITY_VISIBILITY
patternId: 910067
severity: 1
line: 14
column: 4
content: functionmigrateFrom(address_from,uint256_value);

ruleId: SOLIDITY_VISIBILITY
patternId: 910067
severity: 1
line: 19
column: 2
content: functionbalanceOf(addresswho)constantreturns(uint);

ruleId: SOLIDITY_VISIBILITY
patternId: 910067
severity: 1
line: 20
column: 2
content: functionallowance(addressowner,addressspender)constantreturns(uint);

ruleId: SOLIDITY_VISIBILITY
patternId: 910067
severity: 1
line: 22
column: 2
content: functiontransfer(addressto,uintvalue)returns(boolok);

ruleId: SOLIDITY_VISIBILITY
patternId: 910067
severity: 1
line: 23
column: 2
content: functiontransferFrom(addressfrom,addressto,uintvalue)returns(boolok);

ruleId: SOLIDITY_VISIBILITY
patternId: 910067
severity: 1
line: 24
column: 2
content: functionapprove(addressspender,uintvalue)returns(boolok);

ruleId: SOLIDITY_VISIBILITY
patternId: 910067
severity: 1
line: 107
column: 2
content: functiontransfer(address_to,uint_value)returns(boolsuccess){balances[msg.sender]=safeSub(balances[msg.sender],_value);balances[_to]=safeAdd(balances[_to],_value);Transfer(msg.sender,_to,_value);returntrue;}

ruleId: SOLIDITY_VISIBILITY
patternId: 910067
severity: 1
line: 114
column: 2
content: functiontransferFrom(address_from,address_to,uint_value)returns(boolsuccess){uint_allowance=allowed[_from][msg.sender];balances[_to]=safeAdd(balances[_to],_value);balances[_from]=safeSub(balances[_from],_value);allowed[_from][msg.sender]=safeSub(_allowance,_value);Transfer(_from,_to,_value);returntrue;}

ruleId: SOLIDITY_VISIBILITY
patternId: 910067
severity: 1
line: 124
column: 2
content: functionbalanceOf(address_owner)constantreturns(uintbalance){returnbalances[_owner];}

ruleId: SOLIDITY_VISIBILITY
patternId: 910067
severity: 1
line: 128
column: 2
content: functionapprove(address_spender,uint_value)returns(boolsuccess){if((_value!=0)&&(allowed[msg.sender][_spender]!=0))throw;allowed[msg.sender][_spender]=_value;Approval(msg.sender,_spender,_value);returntrue;}

ruleId: SOLIDITY_VISIBILITY
patternId: 910067
severity: 1
line: 141
column: 2
content: functionallowance(address_owner,address_spender)constantreturns(uintremaining){returnallowed[_owner][_spender];}

ruleId: SOLIDITY_VISIBILITY
patternId: 910067
severity: 1
line: 204
column: 2
content: functiondaoPOLSKAtokens(){owner=msg.sender;migrationMaster=msg.sender;}

ruleId: SOLIDITY_VISIBILITY
patternId: 910067
severity: 1
line: 285
column: 2
content: functiontransfer(address_to,uint256_value)returns(boolsuccess){if(balances[msg.sender]>=_value&&balances[_to]+_value>balances[_to]){balances[msg.sender]-=_value;balances[_to]+=_value;Transfer(msg.sender,_to,_value);returntrue;}else{returnfalse;}}

ruleId: SOLIDITY_VISIBILITY
patternId: 910067
severity: 1
line: 298
column: 2
content: functiontransferFrom(address_from,address_to,uint256_value)returns(boolsuccess){if(balances[_from]>=_value&&allowed[_from][msg.sender]>=_value&&balances[_to]+_value>balances[_to]){balances[_to]+=_value;balances[_from]-=_value;allowed[_from][msg.sender]-=_value;Transfer(_from,_to,_value);returntrue;}else{returnfalse;}}

ruleId: SOLIDITY_VISIBILITY
patternId: 910067
severity: 1
line: 310
column: 2
content: functionbalanceOf(address_owner)constantreturns(uint256balance){returnbalances[_owner];}

ruleId: SOLIDITY_VISIBILITY
patternId: 910067
severity: 1
line: 314
column: 2
content: functionapprove(address_spender,uint256_value)returns(boolsuccess){allowed[msg.sender][_spender]=_value;Approval(msg.sender,_spender,_value);returntrue;}

ruleId: SOLIDITY_VISIBILITY
patternId: 910067
severity: 1
line: 320
column: 2
content: functionallowance(address_owner,address_spender)constantreturns(uint256remaining){returnallowed[_owner][_spender];}

ruleId: SOLIDITY_VISIBILITY
patternId: 910067
severity: 1
line: 338
column: 2
content: functionsetTokenInformation(string_name,string_symbol){if(msg.sender!=owner){throw;}name=_name;symbol=_symbol;UpdatedTokenInformation(name,symbol);}

ruleId: SOLIDITY_VISIBILITY
patternId: 910067
severity: 1
line: 349
column: 0
content: functionsetChainsAddresses(addresschainAd,intchainnumber){if(msg.sender!=owner){throw;}if(chainnumber==1){Chain1=chainAd;}if(chainnumber==2){Chain2=chainAd;}if(chainnumber==3){Chain3=chainAd;}if(chainnumber==4){Chain4=chainAd;}}

ruleId: SOLIDITY_VISIBILITY
patternId: 910067
severity: 1
line: 366
column: 1
content: functionsendTokenAw(addressStandardTokenAddress,addressreceiver,uintamount){if(msg.sender!=owner){throw;}sendTokenAwayt=transfers[numTransfers];t.coinContract=StandardToken(StandardTokenAddress);t.amount=amount;t.recipient=receiver;t.coinContract.transfer(receiver,amount);numTransfers++;}

ruleId: SOLIDITY_VISIBILITY
patternId: 910067
severity: 1
line: 387
column: 8
content: functioncreateDaoPOLSKAtokens(addressholder)payable{if(!funding)throw;if(msg.value==0)throw;if(msg.value>(supplylimit-totalSupply)/CreationRate)throw;varnumTokensRAW=msg.value;varnumTokens=msg.value*CreationRate;totalSupply+=numTokens;balances[holder]+=numTokens;balancesRAW[holder]+=numTokensRAW;Transfer(0,holder,numTokens);uint256percentOfTotal=12;uint256additionalTokens=numTokens*percentOfTotal/(100);totalSupply+=additionalTokens;balances[migrationMaster]+=additionalTokens;Transfer(0,migrationMaster,additionalTokens);}

ruleId: SOLIDITY_VISIBILITY
patternId: 910067
severity: 1
line: 424
column: 1
content: functionsetBonusCreationRate(uintnewRate){if(msg.sender==owner){bonusCreationRate=newRate;CreationRate=tokenCreationRate+bonusCreationRate;}}

ruleId: SOLIDITY_VISIBILITY
patternId: b51ce0
severity: 1
line: 96
column: 2
content: mapping(address=>uint)balances;

ruleId: SOLIDITY_VISIBILITY
patternId: b51ce0
severity: 1
line: 98
column: 2
content: mapping(address=>uint)balancesRAW;

ruleId: SOLIDITY_VISIBILITY
patternId: b51ce0
severity: 1
line: 100
column: 2
content: mapping(address=>mapping(address=>uint))allowed;

ruleId: SOLIDITY_VISIBILITY
patternId: b51ce0
severity: 1
line: 185
column: 1
content: mapping(uint=>sendTokenAway)transfers;

ruleId: SOLIDITY_VISIBILITY
patternId: b51ce0
severity: 1
line: 186
column: 1
content: uintnumTransfers=0;

ruleId: SOLIDITY_VISIBILITY
patternId: b51ce0
severity: 1
line: 188
column: 2
content: mapping(address=>uint256)balances;

ruleId: SOLIDITY_VISIBILITY
patternId: b51ce0
severity: 1
line: 189
column: 0
content: mapping(address=>uint256)balancesRAW;

ruleId: SOLIDITY_VISIBILITY
patternId: b51ce0
severity: 1
line: 190
column: 2
content: mapping(address=>mapping(address=>uint256))allowed;

SOLIDITY_VISIBILITY :31
SOLIDITY_MSGVALUE_EQUALS_ZERO :1
SOLIDITY_OVERPOWERED_ROLE :1
SOLIDITY_DEPRECATED_CONSTRUCTIONS :37
SOLIDITY_PRAGMAS_VERSION :1
SOLIDITY_REVERT_REQUIRE :26
SOLIDITY_ADDRESS_HARDCODED :5
SOLIDITY_UPGRADE_TO_050 :4
SOLIDITY_UNCHECKED_CALL :1
SOLIDITY_ERC20_APPROVE :2
