INFO:Slither:Compilation warnings/errors on /sb/0xb5e1b1ee15c6fa0e48fce100125569d430f1bd12.sol:
/sb/0xb5e1b1ee15c6fa0e48fce100125569d430f1bd12.sol:17:5: Warning: Defining constructors as functions with the same name as the contract is deprecated. Use "constructor(...) { ... }" instead.
    function Private_Bank(address _log)
    ^ (Relevant source part starts here and spans across multiple lines).
/sb/0xb5e1b1ee15c6fa0e48fce100125569d430f1bd12.sol:17:5: Warning: No visibility specified. Defaulting to "public". 
    function Private_Bank(address _log)
    ^ (Relevant source part starts here and spans across multiple lines).

INFO:Detectors:[91m
Reentrancy in Private_Bank.CashOut (/sb/0xb5e1b1ee15c6fa0e48fce100125569d430f1bd12.sol#33-46):
	External calls:
	- msg.sender.call.value(_am)() (/sb/0xb5e1b1ee15c6fa0e48fce100125569d430f1bd12.sol#40-44)
	State variables written after the call(s):
	- balances (/sb/0xb5e1b1ee15c6fa0e48fce100125569d430f1bd12.sol#42)
Reference: https://github.com/trailofbits/slither/wiki/Detectors-Documentation#reentrancy-vulnerabilities[0m
INFO:Detectors:[92m
Private_Bank.MinDeposit should be constant (/sb/0xb5e1b1ee15c6fa0e48fce100125569d430f1bd12.sol#13)
Reference: https://github.com/trailofbits/slither/wiki/Detectors-Documentation#state-variables-that-could-be-declared-constant[0m
INFO:Detectors:[92m
Private_Bank.Deposit (/sb/0xb5e1b1ee15c6fa0e48fce100125569d430f1bd12.sol#22-31) should be declared external
Private_Bank.CashOut (/sb/0xb5e1b1ee15c6fa0e48fce100125569d430f1bd12.sol#33-46) should be declared external
Private_Bank.fallback (/sb/0xb5e1b1ee15c6fa0e48fce100125569d430f1bd12.sol#48) should be declared external
Log.AddMessage (/sb/0xb5e1b1ee15c6fa0e48fce100125569d430f1bd12.sol#67-75) should be declared external
Reference: https://github.com/trailofbits/slither/wiki/Detectors-Documentation#public-function-that-could-be-declared-as-external[0m
INFO:Detectors:[92m
Detected issues with version pragma in /sb/0xb5e1b1ee15c6fa0e48fce100125569d430f1bd12.sol:
	- pragma solidity^0.4.19 (/sb/0xb5e1b1ee15c6fa0e48fce100125569d430f1bd12.sol#7): it allows old versions
Reference: https://github.com/trailofbits/slither/wiki/Detectors-Documentation#incorrect-version-of-solidity[0m
INFO:Detectors:[92m
Low level call in Private_Bank.CashOut (/sb/0xb5e1b1ee15c6fa0e48fce100125569d430f1bd12.sol#33-46):
	-msg.sender.call.value(_am)() /sb/0xb5e1b1ee15c6fa0e48fce100125569d430f1bd12.sol#40-44
Reference: https://github.com/trailofbits/slither/wiki/Detectors-Documentation#low-level-calls[0m
INFO:Detectors:[92m
Contract 'Private_Bank' (/sb/0xb5e1b1ee15c6fa0e48fce100125569d430f1bd12.sol#9-50) is not in CapWords
Function 'Private_Bank.Private_Bank' (/sb/0xb5e1b1ee15c6fa0e48fce100125569d430f1bd12.sol#17-20) is not in mixedCase
Parameter '_log' of Private_Bank.Private_Bank (/sb/0xb5e1b1ee15c6fa0e48fce100125569d430f1bd12.sol#17) is not in mixedCase
Function 'Private_Bank.Deposit' (/sb/0xb5e1b1ee15c6fa0e48fce100125569d430f1bd12.sol#22-31) is not in mixedCase
Function 'Private_Bank.CashOut' (/sb/0xb5e1b1ee15c6fa0e48fce100125569d430f1bd12.sol#33-46) is not in mixedCase
Parameter '_am' of Private_Bank.CashOut (/sb/0xb5e1b1ee15c6fa0e48fce100125569d430f1bd12.sol#33) is not in mixedCase
Variable 'Private_Bank.MinDeposit' (/sb/0xb5e1b1ee15c6fa0e48fce100125569d430f1bd12.sol#13) is not in mixedCase
Variable 'Private_Bank.TransferLog' (/sb/0xb5e1b1ee15c6fa0e48fce100125569d430f1bd12.sol#15) is not in mixedCase
Function 'Log.AddMessage' (/sb/0xb5e1b1ee15c6fa0e48fce100125569d430f1bd12.sol#67-75) is not in mixedCase
Parameter '_adr' of Log.AddMessage (/sb/0xb5e1b1ee15c6fa0e48fce100125569d430f1bd12.sol#67) is not in mixedCase
Parameter '_val' of Log.AddMessage (/sb/0xb5e1b1ee15c6fa0e48fce100125569d430f1bd12.sol#67) is not in mixedCase
Parameter '_data' of Log.AddMessage (/sb/0xb5e1b1ee15c6fa0e48fce100125569d430f1bd12.sol#67) is not in mixedCase
Variable 'Log.History' (/sb/0xb5e1b1ee15c6fa0e48fce100125569d430f1bd12.sol#63) is not in mixedCase
Variable 'Log.LastMsg' (/sb/0xb5e1b1ee15c6fa0e48fce100125569d430f1bd12.sol#65) is not in mixedCase
Reference: https://github.com/trailofbits/slither/wiki/Detectors-Documentation#conformance-to-solidity-naming-conventions[0m
INFO:Slither:/sb/0xb5e1b1ee15c6fa0e48fce100125569d430f1bd12.sol analyzed (2 contracts), 22 result(s) found
