INFO:Slither:Compilation warnings/errors on /sb/guess_the_random_number.sol:
/sb/guess_the_random_number.sol:12:5: Warning: Defining constructors as functions with the same name as the contract is deprecated. Use "constructor(...) { ... }" instead.
    function GuessTheRandomNumberChallenge() public payable {
    ^ (Relevant source part starts here and spans across multiple lines).
/sb/guess_the_random_number.sol:15:24: Warning: This function only accepts a single "bytes" argument. Please use "abi.encodePacked(...)" or a similar function to encode the data.
        answer = uint8(keccak256(block.blockhash(block.number - 1), now));
                       ^-----------------------------------------------^
/sb/guess_the_random_number.sol:15:34: Warning: "block.blockhash()" has been deprecated in favor of "blockhash()"
        answer = uint8(keccak256(block.blockhash(block.number - 1), now));
                                 ^-------------^

INFO:Detectors:[91m
GuessTheRandomNumberChallenge.guess (/sb/guess_the_random_number.sol#22-28) sends eth to arbitrary user
	Dangerous calls:
	- msg.sender.transfer(2000000000000000000) (/sb/guess_the_random_number.sol#26)
Reference: https://github.com/trailofbits/slither/wiki/Detectors-Documentation#functions-that-send-ether-to-arbitrary-destinations[0m
INFO:Detectors:[93m
GuessTheRandomNumberChallenge.guess (/sb/guess_the_random_number.sol#22-28) uses a dangerous strict equality:
	- n == answer
GuessTheRandomNumberChallenge.guess (/sb/guess_the_random_number.sol#22-28) uses a dangerous strict equality:
	- n == answer
GuessTheRandomNumberChallenge.isComplete (/sb/guess_the_random_number.sol#18-20) uses a dangerous strict equality:
	- address(this).balance == 0
Reference: https://github.com/trailofbits/slither/wiki/Detectors-Documentation#dangerous-strict-equalities[0m
INFO:Detectors:[92m
Deprecated standard detected @ /sb/guess_the_random_number.sol#15:
	- Usage of "block.blockhash()" should be replaced with "blockhash()"
Reference: https://github.com/trailofbits/slither/wiki/Detectors-Documentation#deprecated-standards[0m
INFO:Detectors:[92m
GuessTheRandomNumberChallenge.isComplete (/sb/guess_the_random_number.sol#18-20) should be declared external
GuessTheRandomNumberChallenge.guess (/sb/guess_the_random_number.sol#22-28) should be declared external
Reference: https://github.com/trailofbits/slither/wiki/Detectors-Documentation#public-function-that-could-be-declared-as-external[0m
INFO:Detectors:[92m
Detected issues with version pragma in /sb/guess_the_random_number.sol:
	- pragma solidity^0.4.21 (/sb/guess_the_random_number.sol#7): it allows old versions
Reference: https://github.com/trailofbits/slither/wiki/Detectors-Documentation#incorrect-version-of-solidity[0m
INFO:Detectors:[92m
Function 'GuessTheRandomNumberChallenge.GuessTheRandomNumberChallenge' (/sb/guess_the_random_number.sol#12-16) is not in mixedCase
Reference: https://github.com/trailofbits/slither/wiki/Detectors-Documentation#conformance-to-solidity-naming-conventions[0m
INFO:Slither:/sb/guess_the_random_number.sol analyzed (1 contracts), 8 result(s) found
