Directories in use:
home:         /var/lib/neo4j
config:       /etc/neo4j
logs:         /var/log/neo4j
plugins:      /var/lib/neo4j/plugins
import:       /var/lib/neo4j/import
data:         /var/lib/neo4j/data
certificates: /var/lib/neo4j/certificates
licenses:     /var/lib/neo4j/licenses
run:          /var/lib/neo4j/run
Starting Neo4j.
Started neo4j (pid:35). It is available at http://localhost:7474
There may be a short delay until the server is ready.
Neo4j is not running.
Neo4j is not running.
Neo4j is not running.
Neo4j is not running.
Neo4j is not running.
Neo4j is not running.
Neo4j is not running.
Neo4j is not running.
Neo4j is not running.
Neo4j is not running.
Neo4j is not running.
Neo4j is not running.
Neo4j is not running.
Neo4j is not running.
Neo4j is not running.
Neo4j is not running.
Neo4j is not running.
Neo4j is not running.
Neo4j is not running.
Neo4j is not running.
Neo4j is not running.
Neo4j is not running.
Neo4j is not running.
Neo4j is not running.
Neo4j is not running.
Neo4j is not running.
Neo4j is not running.
Neo4j is not running.
Neo4j is not running.
Neo4j is not running.
Neo4j is not running.
Neo4j is not running.
Neo4j is not running.
Neo4j is not running.
Neo4j is not running.
Neo4j is running.
/sb/wallet_04_confused_sign.sol
17:07:45.875 [ForkJoinPool.commonPool-worker-3] ERROR de.fraunhofer.aisec.cpg.graph.TypeManager - Unknown language (frontend: SolidityLanguageFrontend)
17:07:45.878 [ForkJoinPool.commonPool-worker-3] ERROR de.fraunhofer.aisec.cpg.graph.TypeManager - Unknown language (frontend: SolidityLanguageFrontend)
17:07:45.880 [ForkJoinPool.commonPool-worker-3] ERROR de.fraunhofer.aisec.cpg.graph.TypeManager - Unknown language (frontend: SolidityLanguageFrontend)
17:07:45.883 [ForkJoinPool.commonPool-worker-3] ERROR de.fraunhofer.aisec.cpg.graph.TypeManager - Unknown language (frontend: SolidityLanguageFrontend)
17:07:45.884 [ForkJoinPool.commonPool-worker-3] ERROR de.fraunhofer.aisec.cpg.graph.TypeManager - Unknown language (frontend: SolidityLanguageFrontend)
17:07:45.892 [ForkJoinPool.commonPool-worker-3] ERROR de.fraunhofer.aisec.cpg.graph.TypeManager - Unknown language (frontend: SolidityLanguageFrontend)
17:07:45.892 [ForkJoinPool.commonPool-worker-3] ERROR de.fraunhofer.aisec.cpg.graph.TypeManager - Unknown language (frontend: SolidityLanguageFrontend)
17:07:45.899 [ForkJoinPool.commonPool-worker-3] ERROR de.fraunhofer.aisec.cpg.graph.TypeManager - Unknown language (frontend: SolidityLanguageFrontend)
17:07:45.899 [ForkJoinPool.commonPool-worker-3] ERROR de.fraunhofer.aisec.cpg.graph.TypeManager - Unknown language (frontend: SolidityLanguageFrontend)
17:07:45.899 [ForkJoinPool.commonPool-worker-3] ERROR de.fraunhofer.aisec.cpg.graph.TypeManager - Unknown language (frontend: SolidityLanguageFrontend)
17:07:45.901 [ForkJoinPool.commonPool-worker-3] ERROR de.fraunhofer.aisec.cpg.graph.TypeManager - Unknown language (frontend: SolidityLanguageFrontend)
17:07:45.901 [ForkJoinPool.commonPool-worker-3] ERROR de.fraunhofer.aisec.cpg.graph.TypeManager - Unknown language (frontend: SolidityLanguageFrontend)
17:07:45.901 [ForkJoinPool.commonPool-worker-3] ERROR de.fraunhofer.aisec.cpg.graph.TypeManager - Unknown language (frontend: SolidityLanguageFrontend)
17:07:45.901 [ForkJoinPool.commonPool-worker-3] ERROR de.fraunhofer.aisec.cpg.graph.TypeManager - Unknown language (frontend: SolidityLanguageFrontend)
17:07:45.901 [ForkJoinPool.commonPool-worker-3] ERROR de.fraunhofer.aisec.cpg.graph.TypeManager - Unknown language (frontend: SolidityLanguageFrontend)
17:07:45.910 [ForkJoinPool.commonPool-worker-3] ERROR de.fraunhofer.aisec.cpg.graph.TypeManager - Unknown language (frontend: SolidityLanguageFrontend)
17:07:45.918 [ForkJoinPool.commonPool-worker-3] ERROR de.fraunhofer.aisec.cpg.graph.TypeManager - Unknown language (frontend: SolidityLanguageFrontend)
17:07:45.919 [ForkJoinPool.commonPool-worker-3] ERROR de.fraunhofer.aisec.cpg.graph.TypeManager - Unknown language (frontend: SolidityLanguageFrontend)
17:07:45.919 [ForkJoinPool.commonPool-worker-3] ERROR de.fraunhofer.aisec.cpg.graph.TypeManager - Unknown language (frontend: SolidityLanguageFrontend)
17:07:45.919 [ForkJoinPool.commonPool-worker-3] ERROR de.fraunhofer.aisec.cpg.graph.TypeManager - Unknown language (frontend: SolidityLanguageFrontend)
17:07:45.923 [ForkJoinPool.commonPool-worker-3] ERROR de.fraunhofer.aisec.cpg.graph.TypeManager - Unknown language (frontend: SolidityLanguageFrontend)
17:07:45.923 [ForkJoinPool.commonPool-worker-3] ERROR de.fraunhofer.aisec.cpg.graph.TypeManager - Unknown language (frontend: SolidityLanguageFrontend)
17:07:45.923 [ForkJoinPool.commonPool-worker-3] ERROR de.fraunhofer.aisec.cpg.graph.TypeManager - Unknown language (frontend: SolidityLanguageFrontend)
17:07:45.923 [ForkJoinPool.commonPool-worker-3] ERROR de.fraunhofer.aisec.cpg.graph.TypeManager - Unknown language (frontend: SolidityLanguageFrontend)
17:07:45.924 [ForkJoinPool.commonPool-worker-3] ERROR de.fraunhofer.aisec.cpg.graph.TypeManager - Unknown language (frontend: SolidityLanguageFrontend)
17:07:45.925 [ForkJoinPool.commonPool-worker-3] ERROR de.fraunhofer.aisec.cpg.graph.TypeManager - Unknown language (frontend: SolidityLanguageFrontend)
17:07:45.925 [ForkJoinPool.commonPool-worker-3] ERROR de.fraunhofer.aisec.cpg.graph.TypeManager - Unknown language (frontend: SolidityLanguageFrontend)
17:07:45.925 [ForkJoinPool.commonPool-worker-3] ERROR de.fraunhofer.aisec.cpg.graph.TypeManager - Unknown language (frontend: SolidityLanguageFrontend)
17:07:45.925 [ForkJoinPool.commonPool-worker-3] ERROR de.fraunhofer.aisec.cpg.graph.TypeManager - Unknown language (frontend: SolidityLanguageFrontend)
17:07:45.925 [ForkJoinPool.commonPool-worker-3] ERROR de.fraunhofer.aisec.cpg.graph.TypeManager - Unknown language (frontend: SolidityLanguageFrontend)
17:07:45.936 [ForkJoinPool.commonPool-worker-3] ERROR de.fraunhofer.aisec.cpg.graph.TypeManager - Unknown language (frontend: SolidityLanguageFrontend)
17:07:45.936 [ForkJoinPool.commonPool-worker-3] ERROR de.fraunhofer.aisec.cpg.graph.TypeManager - Unknown language (frontend: SolidityLanguageFrontend)
17:07:45.937 [ForkJoinPool.commonPool-worker-3] ERROR de.fraunhofer.aisec.cpg.graph.TypeManager - Unknown language (frontend: SolidityLanguageFrontend)
17:07:45.938 [ForkJoinPool.commonPool-worker-3] ERROR de.fraunhofer.aisec.cpg.graph.TypeManager - Unknown language (frontend: SolidityLanguageFrontend)
17:07:45.938 [ForkJoinPool.commonPool-worker-3] ERROR de.fraunhofer.aisec.cpg.graph.TypeManager - Unknown language (frontend: SolidityLanguageFrontend)
17:07:45.938 [ForkJoinPool.commonPool-worker-3] ERROR de.fraunhofer.aisec.cpg.graph.TypeManager - Unknown language (frontend: SolidityLanguageFrontend)
17:07:45.939 [ForkJoinPool.commonPool-worker-3] ERROR de.fraunhofer.aisec.cpg.graph.TypeManager - Unknown language (frontend: SolidityLanguageFrontend)
17:07:45.939 [ForkJoinPool.commonPool-worker-3] ERROR de.fraunhofer.aisec.cpg.graph.TypeManager - Unknown language (frontend: SolidityLanguageFrontend)
17:07:45.939 [ForkJoinPool.commonPool-worker-3] ERROR de.fraunhofer.aisec.cpg.graph.TypeManager - Unknown language (frontend: SolidityLanguageFrontend)
17:07:45.939 [ForkJoinPool.commonPool-worker-3] ERROR de.fraunhofer.aisec.cpg.graph.TypeManager - Unknown language (frontend: SolidityLanguageFrontend)
17:07:45.963 [ForkJoinPool.commonPool-worker-3] ERROR de.fraunhofer.aisec.cpg.graph.TypeManager - Unknown language (frontend: SolidityLanguageFrontend)
17:07:45.965 [ForkJoinPool.commonPool-worker-3] ERROR de.fraunhofer.aisec.cpg.graph.TypeManager - Unknown language (frontend: SolidityLanguageFrontend)
17:07:45.966 [ForkJoinPool.commonPool-worker-3] ERROR de.fraunhofer.aisec.cpg.graph.TypeManager - Unknown language (frontend: SolidityLanguageFrontend)
17:07:45.974 [ForkJoinPool.commonPool-worker-3] ERROR de.fraunhofer.aisec.cpg.graph.TypeManager - Unknown language (frontend: SolidityLanguageFrontend)
17:07:45.974 [ForkJoinPool.commonPool-worker-3] ERROR de.fraunhofer.aisec.cpg.graph.TypeManager - Unknown language (frontend: SolidityLanguageFrontend)
17:07:48.011 [ForkJoinPool.commonPool-worker-3] ERROR de.fraunhofer.aisec.cpg.graph.TypeManager - Unknown language (frontend: SolidityLanguageFrontend)
17:07:48.011 [ForkJoinPool.commonPool-worker-3] ERROR de.fraunhofer.aisec.cpg.graph.TypeManager - Unknown language (frontend: SolidityLanguageFrontend)
17:07:48.017 [ForkJoinPool.commonPool-worker-3] ERROR de.fraunhofer.aisec.cpg.graph.TypeManager - Unknown language (frontend: SolidityLanguageFrontend)
17:07:48.017 [ForkJoinPool.commonPool-worker-3] ERROR de.fraunhofer.aisec.cpg.graph.TypeManager - Unknown language (frontend: SolidityLanguageFrontend)
17:07:48.017 [ForkJoinPool.commonPool-worker-3] ERROR de.fraunhofer.aisec.cpg.graph.TypeManager - Unknown language (frontend: SolidityLanguageFrontend)
17:07:48.019 [ForkJoinPool.commonPool-worker-3] ERROR de.fraunhofer.aisec.cpg.graph.TypeManager - Unknown language (frontend: SolidityLanguageFrontend)
17:07:48.020 [ForkJoinPool.commonPool-worker-3] ERROR de.fraunhofer.aisec.cpg.graph.TypeManager - Unknown language (frontend: SolidityLanguageFrontend)
17:07:48.020 [ForkJoinPool.commonPool-worker-3] ERROR de.fraunhofer.aisec.cpg.graph.TypeManager - Unknown language (frontend: SolidityLanguageFrontend)
17:07:48.020 [ForkJoinPool.commonPool-worker-3] ERROR de.fraunhofer.aisec.cpg.graph.TypeManager - Unknown language (frontend: SolidityLanguageFrontend)
17:07:48.020 [ForkJoinPool.commonPool-worker-3] ERROR de.fraunhofer.aisec.cpg.graph.TypeManager - Unknown language (frontend: SolidityLanguageFrontend)
17:07:48.033 [ForkJoinPool.commonPool-worker-3] ERROR de.fraunhofer.aisec.cpg.graph.TypeManager - Unknown language (frontend: SolidityLanguageFrontend)
17:07:48.033 [ForkJoinPool.commonPool-worker-3] ERROR de.fraunhofer.aisec.cpg.graph.TypeManager - Unknown language (frontend: SolidityLanguageFrontend)
17:07:48.033 [ForkJoinPool.commonPool-worker-3] ERROR de.fraunhofer.aisec.cpg.graph.TypeManager - Unknown language (frontend: SolidityLanguageFrontend)
17:07:48.033 [ForkJoinPool.commonPool-worker-3] ERROR de.fraunhofer.aisec.cpg.graph.TypeManager - Unknown language (frontend: SolidityLanguageFrontend)
17:07:48.034 [ForkJoinPool.commonPool-worker-3] ERROR de.fraunhofer.aisec.cpg.graph.TypeManager - Unknown language (frontend: SolidityLanguageFrontend)
17:07:48.040 [ForkJoinPool.commonPool-worker-3] ERROR de.fraunhofer.aisec.cpg.graph.TypeManager - Unknown language (frontend: SolidityLanguageFrontend)
17:07:48.041 [ForkJoinPool.commonPool-worker-3] ERROR de.fraunhofer.aisec.cpg.graph.TypeManager - Unknown language (frontend: SolidityLanguageFrontend)
17:07:48.041 [ForkJoinPool.commonPool-worker-3] ERROR de.fraunhofer.aisec.cpg.graph.TypeManager - Unknown language (frontend: SolidityLanguageFrontend)
17:07:48.041 [ForkJoinPool.commonPool-worker-3] ERROR de.fraunhofer.aisec.cpg.graph.TypeManager - Unknown language (frontend: SolidityLanguageFrontend)
17:07:48.041 [ForkJoinPool.commonPool-worker-3] ERROR de.fraunhofer.aisec.cpg.graph.TypeManager - Unknown language (frontend: SolidityLanguageFrontend)
17:07:48.099 [ForkJoinPool.commonPool-worker-3] ERROR de.fraunhofer.aisec.cpg.graph.TypeManager - Unknown language (frontend: SolidityLanguageFrontend)
17:07:48.100 [ForkJoinPool.commonPool-worker-3] ERROR de.fraunhofer.aisec.cpg.graph.TypeManager - Unknown language (frontend: SolidityLanguageFrontend)
17:07:48.117 [ForkJoinPool.commonPool-worker-3] ERROR de.fraunhofer.aisec.cpg.graph.TypeManager - Unknown language (frontend: SolidityLanguageFrontend)
17:07:48.118 [ForkJoinPool.commonPool-worker-3] ERROR de.fraunhofer.aisec.cpg.graph.TypeManager - Unknown language (frontend: SolidityLanguageFrontend)
17:07:48.118 [ForkJoinPool.commonPool-worker-3] ERROR de.fraunhofer.aisec.cpg.graph.TypeManager - Unknown language (frontend: SolidityLanguageFrontend)
17:07:48.204 [ForkJoinPool.commonPool-worker-3] ERROR de.fraunhofer.aisec.cpg.graph.TypeManager - Unknown language (frontend: SolidityLanguageFrontend)
17:07:48.204 [ForkJoinPool.commonPool-worker-3] ERROR de.fraunhofer.aisec.cpg.graph.TypeManager - Unknown language (frontend: SolidityLanguageFrontend)
17:07:48.204 [ForkJoinPool.commonPool-worker-3] ERROR de.fraunhofer.aisec.cpg.graph.TypeManager - Unknown language (frontend: SolidityLanguageFrontend)
17:07:48.204 [ForkJoinPool.commonPool-worker-3] ERROR de.fraunhofer.aisec.cpg.graph.TypeManager - Unknown language (frontend: SolidityLanguageFrontend)
17:07:48.204 [ForkJoinPool.commonPool-worker-3] ERROR de.fraunhofer.aisec.cpg.graph.TypeManager - Unknown language (frontend: SolidityLanguageFrontend)
17:07:48.217 [ForkJoinPool.commonPool-worker-3] ERROR de.fraunhofer.aisec.cpg.graph.TypeManager - Unknown language (frontend: SolidityLanguageFrontend)
17:07:48.219 [ForkJoinPool.commonPool-worker-3] ERROR de.fraunhofer.aisec.cpg.graph.TypeManager - Unknown language (frontend: SolidityLanguageFrontend)
17:07:48.219 [ForkJoinPool.commonPool-worker-3] ERROR de.fraunhofer.aisec.cpg.graph.TypeManager - Unknown language (frontend: SolidityLanguageFrontend)
17:07:48.219 [ForkJoinPool.commonPool-worker-3] ERROR de.fraunhofer.aisec.cpg.graph.TypeManager - Unknown language (frontend: SolidityLanguageFrontend)
17:07:48.220 [ForkJoinPool.commonPool-worker-3] ERROR de.fraunhofer.aisec.cpg.graph.TypeManager - Unknown language (frontend: SolidityLanguageFrontend)
17:07:48.221 [ForkJoinPool.commonPool-worker-3] ERROR de.fraunhofer.aisec.cpg.graph.TypeManager - Unknown language (frontend: SolidityLanguageFrontend)
17:07:48.222 [ForkJoinPool.commonPool-worker-3] ERROR de.fraunhofer.aisec.cpg.graph.TypeManager - Unknown language (frontend: SolidityLanguageFrontend)
17:07:48.222 [ForkJoinPool.commonPool-worker-3] ERROR de.fraunhofer.aisec.cpg.graph.TypeManager - Unknown language (frontend: SolidityLanguageFrontend)
17:07:48.222 [ForkJoinPool.commonPool-worker-3] ERROR de.fraunhofer.aisec.cpg.graph.TypeManager - Unknown language (frontend: SolidityLanguageFrontend)
17:07:48.223 [ForkJoinPool.commonPool-worker-3] ERROR de.fraunhofer.aisec.cpg.graph.TypeManager - Unknown language (frontend: SolidityLanguageFrontend)
17:07:48.226 [ForkJoinPool.commonPool-worker-3] ERROR de.fraunhofer.aisec.cpg.graph.TypeManager - Unknown language (frontend: SolidityLanguageFrontend)
17:07:48.229 [ForkJoinPool.commonPool-worker-3] ERROR de.fraunhofer.aisec.cpg.graph.TypeManager - Unknown language (frontend: SolidityLanguageFrontend)
17:07:48.229 [ForkJoinPool.commonPool-worker-3] ERROR de.fraunhofer.aisec.cpg.graph.TypeManager - Unknown language (frontend: SolidityLanguageFrontend)
17:07:48.230 [ForkJoinPool.commonPool-worker-3] ERROR de.fraunhofer.aisec.cpg.graph.TypeManager - Unknown language (frontend: SolidityLanguageFrontend)
17:07:48.230 [ForkJoinPool.commonPool-worker-3] ERROR de.fraunhofer.aisec.cpg.graph.TypeManager - Unknown language (frontend: SolidityLanguageFrontend)
17:07:48.232 [ForkJoinPool.commonPool-worker-3] ERROR de.fraunhofer.aisec.cpg.graph.TypeManager - Unknown language (frontend: SolidityLanguageFrontend)
17:07:48.232 [ForkJoinPool.commonPool-worker-3] ERROR de.fraunhofer.aisec.cpg.graph.TypeManager - Unknown language (frontend: SolidityLanguageFrontend)
17:07:48.233 [ForkJoinPool.commonPool-worker-3] ERROR de.fraunhofer.aisec.cpg.graph.TypeManager - Unknown language (frontend: SolidityLanguageFrontend)
17:07:48.233 [ForkJoinPool.commonPool-worker-3] ERROR de.fraunhofer.aisec.cpg.graph.TypeManager - Unknown language (frontend: SolidityLanguageFrontend)
17:07:48.234 [ForkJoinPool.commonPool-worker-3] ERROR de.fraunhofer.aisec.cpg.graph.TypeManager - Unknown language (frontend: SolidityLanguageFrontend)
17:07:48.235 [ForkJoinPool.commonPool-worker-3] ERROR de.fraunhofer.aisec.cpg.graph.TypeManager - Unknown language (frontend: SolidityLanguageFrontend)
17:07:48.239 [ForkJoinPool.commonPool-worker-3] ERROR de.fraunhofer.aisec.cpg.graph.TypeManager - Unknown language (frontend: SolidityLanguageFrontend)
17:07:48.239 [ForkJoinPool.commonPool-worker-3] ERROR de.fraunhofer.aisec.cpg.graph.TypeManager - Unknown language (frontend: SolidityLanguageFrontend)
17:07:48.241 [ForkJoinPool.commonPool-worker-3] ERROR de.fraunhofer.aisec.cpg.graph.TypeManager - Unknown language (frontend: SolidityLanguageFrontend)
17:07:48.241 [ForkJoinPool.commonPool-worker-3] ERROR de.fraunhofer.aisec.cpg.graph.TypeManager - Unknown language (frontend: SolidityLanguageFrontend)
17:07:48.244 [ForkJoinPool.commonPool-worker-3] ERROR de.fraunhofer.aisec.cpg.graph.TypeManager - Unknown language (frontend: SolidityLanguageFrontend)
17:07:48.244 [ForkJoinPool.commonPool-worker-3] ERROR de.fraunhofer.aisec.cpg.graph.TypeManager - Unknown language (frontend: SolidityLanguageFrontend)
17:07:48.244 [ForkJoinPool.commonPool-worker-3] ERROR de.fraunhofer.aisec.cpg.graph.TypeManager - Unknown language (frontend: SolidityLanguageFrontend)
17:07:48.245 [ForkJoinPool.commonPool-worker-3] ERROR de.fraunhofer.aisec.cpg.graph.TypeManager - Unknown language (frontend: SolidityLanguageFrontend)
17:07:48.245 [ForkJoinPool.commonPool-worker-3] ERROR de.fraunhofer.aisec.cpg.graph.TypeManager - Unknown language (frontend: SolidityLanguageFrontend)
17:07:48.246 [ForkJoinPool.commonPool-worker-3] ERROR de.fraunhofer.aisec.cpg.graph.TypeManager - Unknown language (frontend: SolidityLanguageFrontend)
17:07:48.247 [ForkJoinPool.commonPool-worker-3] ERROR de.fraunhofer.aisec.cpg.graph.TypeManager - Unknown language (frontend: SolidityLanguageFrontend)
17:07:48.247 [ForkJoinPool.commonPool-worker-3] ERROR de.fraunhofer.aisec.cpg.graph.TypeManager - Unknown language (frontend: SolidityLanguageFrontend)
17:07:48.248 [ForkJoinPool.commonPool-worker-3] ERROR de.fraunhofer.aisec.cpg.graph.TypeManager - Unknown language (frontend: SolidityLanguageFrontend)
17:07:48.248 [ForkJoinPool.commonPool-worker-3] ERROR de.fraunhofer.aisec.cpg.graph.TypeManager - Unknown language (frontend: SolidityLanguageFrontend)
17:07:48.250 [ForkJoinPool.commonPool-worker-3] ERROR de.fraunhofer.aisec.cpg.graph.TypeManager - Unknown language (frontend: SolidityLanguageFrontend)
17:07:48.251 [ForkJoinPool.commonPool-worker-3] ERROR de.fraunhofer.aisec.cpg.graph.TypeManager - Unknown language (frontend: SolidityLanguageFrontend)
17:07:48.251 [ForkJoinPool.commonPool-worker-3] ERROR de.fraunhofer.aisec.cpg.graph.TypeManager - Unknown language (frontend: SolidityLanguageFrontend)
17:07:48.251 [ForkJoinPool.commonPool-worker-3] ERROR de.fraunhofer.aisec.cpg.graph.TypeManager - Unknown language (frontend: SolidityLanguageFrontend)
17:07:48.251 [ForkJoinPool.commonPool-worker-3] ERROR de.fraunhofer.aisec.cpg.graph.TypeManager - Unknown language (frontend: SolidityLanguageFrontend)
17:07:48.263 [ForkJoinPool.commonPool-worker-3] ERROR de.fraunhofer.aisec.cpg.graph.TypeManager - Unknown language (frontend: SolidityLanguageFrontend)
17:07:48.263 [ForkJoinPool.commonPool-worker-3] ERROR de.fraunhofer.aisec.cpg.graph.TypeManager - Unknown language (frontend: SolidityLanguageFrontend)
17:07:48.263 [ForkJoinPool.commonPool-worker-3] ERROR de.fraunhofer.aisec.cpg.graph.TypeManager - Unknown language (frontend: SolidityLanguageFrontend)
17:07:48.264 [ForkJoinPool.commonPool-worker-3] ERROR de.fraunhofer.aisec.cpg.graph.TypeManager - Unknown language (frontend: SolidityLanguageFrontend)
17:07:48.264 [ForkJoinPool.commonPool-worker-3] ERROR de.fraunhofer.aisec.cpg.graph.TypeManager - Unknown language (frontend: SolidityLanguageFrontend)
17:07:48.265 [ForkJoinPool.commonPool-worker-3] ERROR de.fraunhofer.aisec.cpg.graph.TypeManager - Unknown language (frontend: SolidityLanguageFrontend)
17:07:48.266 [ForkJoinPool.commonPool-worker-3] ERROR de.fraunhofer.aisec.cpg.graph.TypeManager - Unknown language (frontend: SolidityLanguageFrontend)
17:07:48.266 [ForkJoinPool.commonPool-worker-3] ERROR de.fraunhofer.aisec.cpg.graph.TypeManager - Unknown language (frontend: SolidityLanguageFrontend)
17:07:48.266 [ForkJoinPool.commonPool-worker-3] ERROR de.fraunhofer.aisec.cpg.graph.TypeManager - Unknown language (frontend: SolidityLanguageFrontend)
17:07:48.266 [ForkJoinPool.commonPool-worker-3] ERROR de.fraunhofer.aisec.cpg.graph.TypeManager - Unknown language (frontend: SolidityLanguageFrontend)
17:07:48.269 [ForkJoinPool.commonPool-worker-3] ERROR de.fraunhofer.aisec.cpg.graph.TypeManager - Unknown language (frontend: SolidityLanguageFrontend)
17:07:48.270 [ForkJoinPool.commonPool-worker-3] ERROR de.fraunhofer.aisec.cpg.graph.TypeManager - Unknown language (frontend: SolidityLanguageFrontend)
17:07:48.271 [ForkJoinPool.commonPool-worker-3] ERROR de.fraunhofer.aisec.cpg.graph.TypeManager - Unknown language (frontend: SolidityLanguageFrontend)
17:07:48.273 [ForkJoinPool.commonPool-worker-3] ERROR de.fraunhofer.aisec.cpg.graph.TypeManager - Unknown language (frontend: SolidityLanguageFrontend)
17:07:48.274 [ForkJoinPool.commonPool-worker-3] ERROR de.fraunhofer.aisec.cpg.graph.TypeManager - Unknown language (frontend: SolidityLanguageFrontend)
17:07:48.278 [ForkJoinPool.commonPool-worker-3] ERROR de.fraunhofer.aisec.cpg.graph.TypeManager - Unknown language (frontend: SolidityLanguageFrontend)
17:07:48.278 [ForkJoinPool.commonPool-worker-3] ERROR de.fraunhofer.aisec.cpg.graph.TypeManager - Unknown language (frontend: SolidityLanguageFrontend)
17:07:48.279 [ForkJoinPool.commonPool-worker-3] ERROR de.fraunhofer.aisec.cpg.graph.TypeManager - Unknown language (frontend: SolidityLanguageFrontend)
17:07:48.279 [ForkJoinPool.commonPool-worker-3] ERROR de.fraunhofer.aisec.cpg.graph.TypeManager - Unknown language (frontend: SolidityLanguageFrontend)
17:07:48.279 [ForkJoinPool.commonPool-worker-3] ERROR de.fraunhofer.aisec.cpg.graph.TypeManager - Unknown language (frontend: SolidityLanguageFrontend)
17:07:48.286 [ForkJoinPool.commonPool-worker-3] ERROR de.fraunhofer.aisec.cpg.graph.TypeManager - Unknown language (frontend: SolidityLanguageFrontend)
17:07:48.287 [ForkJoinPool.commonPool-worker-3] ERROR de.fraunhofer.aisec.cpg.graph.TypeManager - Unknown language (frontend: SolidityLanguageFrontend)
17:07:48.287 [ForkJoinPool.commonPool-worker-3] ERROR de.fraunhofer.aisec.cpg.graph.TypeManager - Unknown language (frontend: SolidityLanguageFrontend)
17:07:48.287 [ForkJoinPool.commonPool-worker-3] ERROR de.fraunhofer.aisec.cpg.graph.TypeManager - Unknown language (frontend: SolidityLanguageFrontend)
17:07:48.287 [ForkJoinPool.commonPool-worker-3] ERROR de.fraunhofer.aisec.cpg.graph.TypeManager - Unknown language (frontend: SolidityLanguageFrontend)
17:07:48.289 [ForkJoinPool.commonPool-worker-3] ERROR de.fraunhofer.aisec.cpg.graph.TypeManager - Unknown language (frontend: SolidityLanguageFrontend)
17:07:48.289 [ForkJoinPool.commonPool-worker-3] ERROR de.fraunhofer.aisec.cpg.graph.TypeManager - Unknown language (frontend: SolidityLanguageFrontend)
17:07:48.289 [ForkJoinPool.commonPool-worker-3] ERROR de.fraunhofer.aisec.cpg.graph.TypeManager - Unknown language (frontend: SolidityLanguageFrontend)
17:07:48.289 [ForkJoinPool.commonPool-worker-3] ERROR de.fraunhofer.aisec.cpg.graph.TypeManager - Unknown language (frontend: SolidityLanguageFrontend)
17:07:48.289 [ForkJoinPool.commonPool-worker-3] ERROR de.fraunhofer.aisec.cpg.graph.TypeManager - Unknown language (frontend: SolidityLanguageFrontend)
17:07:48.292 [ForkJoinPool.commonPool-worker-3] ERROR de.fraunhofer.aisec.cpg.graph.TypeManager - Unknown language (frontend: SolidityLanguageFrontend)
17:07:48.292 [ForkJoinPool.commonPool-worker-3] ERROR de.fraunhofer.aisec.cpg.graph.TypeManager - Unknown language (frontend: SolidityLanguageFrontend)
17:07:48.293 [ForkJoinPool.commonPool-worker-3] ERROR de.fraunhofer.aisec.cpg.graph.TypeManager - Unknown language (frontend: SolidityLanguageFrontend)
17:07:48.293 [ForkJoinPool.commonPool-worker-3] ERROR de.fraunhofer.aisec.cpg.graph.TypeManager - Unknown language (frontend: SolidityLanguageFrontend)
17:07:48.293 [ForkJoinPool.commonPool-worker-3] ERROR de.fraunhofer.aisec.cpg.graph.TypeManager - Unknown language (frontend: SolidityLanguageFrontend)
17:07:48.293 [ForkJoinPool.commonPool-worker-3] ERROR de.fraunhofer.aisec.cpg.graph.TypeManager - Unknown language (frontend: SolidityLanguageFrontend)
17:07:48.294 [ForkJoinPool.commonPool-worker-3] ERROR de.fraunhofer.aisec.cpg.graph.TypeManager - Unknown language (frontend: SolidityLanguageFrontend)
17:07:48.294 [ForkJoinPool.commonPool-worker-3] ERROR de.fraunhofer.aisec.cpg.graph.TypeManager - Unknown language (frontend: SolidityLanguageFrontend)
17:07:48.294 [ForkJoinPool.commonPool-worker-3] ERROR de.fraunhofer.aisec.cpg.graph.TypeManager - Unknown language (frontend: SolidityLanguageFrontend)
17:07:48.294 [ForkJoinPool.commonPool-worker-3] ERROR de.fraunhofer.aisec.cpg.graph.TypeManager - Unknown language (frontend: SolidityLanguageFrontend)
17:07:48.294 [ForkJoinPool.commonPool-worker-3] ERROR de.fraunhofer.aisec.cpg.graph.TypeManager - Unknown language (frontend: SolidityLanguageFrontend)
17:07:48.295 [ForkJoinPool.commonPool-worker-3] ERROR de.fraunhofer.aisec.cpg.graph.TypeManager - Unknown language (frontend: SolidityLanguageFrontend)
17:07:48.295 [ForkJoinPool.commonPool-worker-3] ERROR de.fraunhofer.aisec.cpg.graph.TypeManager - Unknown language (frontend: SolidityLanguageFrontend)
17:07:48.295 [ForkJoinPool.commonPool-worker-3] ERROR de.fraunhofer.aisec.cpg.graph.TypeManager - Unknown language (frontend: SolidityLanguageFrontend)
17:07:48.295 [ForkJoinPool.commonPool-worker-3] ERROR de.fraunhofer.aisec.cpg.graph.TypeManager - Unknown language (frontend: SolidityLanguageFrontend)
17:07:48.296 [ForkJoinPool.commonPool-worker-3] ERROR de.fraunhofer.aisec.cpg.graph.TypeManager - Unknown language (frontend: SolidityLanguageFrontend)
17:07:48.297 [ForkJoinPool.commonPool-worker-3] ERROR de.fraunhofer.aisec.cpg.graph.TypeManager - Unknown language (frontend: SolidityLanguageFrontend)
17:07:48.297 [ForkJoinPool.commonPool-worker-3] ERROR de.fraunhofer.aisec.cpg.graph.TypeManager - Unknown language (frontend: SolidityLanguageFrontend)
17:07:48.297 [ForkJoinPool.commonPool-worker-3] ERROR de.fraunhofer.aisec.cpg.graph.TypeManager - Unknown language (frontend: SolidityLanguageFrontend)
17:07:48.297 [ForkJoinPool.commonPool-worker-3] ERROR de.fraunhofer.aisec.cpg.graph.TypeManager - Unknown language (frontend: SolidityLanguageFrontend)
17:07:48.298 [ForkJoinPool.commonPool-worker-3] ERROR de.fraunhofer.aisec.cpg.graph.TypeManager - Unknown language (frontend: SolidityLanguageFrontend)
17:07:48.298 [ForkJoinPool.commonPool-worker-3] ERROR de.fraunhofer.aisec.cpg.graph.TypeManager - Unknown language (frontend: SolidityLanguageFrontend)
17:07:48.298 [ForkJoinPool.commonPool-worker-3] ERROR de.fraunhofer.aisec.cpg.graph.TypeManager - Unknown language (frontend: SolidityLanguageFrontend)
17:07:48.300 [ForkJoinPool.commonPool-worker-3] ERROR de.fraunhofer.aisec.cpg.graph.TypeManager - Unknown language (frontend: SolidityLanguageFrontend)
17:07:48.300 [ForkJoinPool.commonPool-worker-3] ERROR de.fraunhofer.aisec.cpg.graph.TypeManager - Unknown language (frontend: SolidityLanguageFrontend)
17:07:48.301 [ForkJoinPool.commonPool-worker-3] ERROR de.fraunhofer.aisec.cpg.graph.TypeManager - Unknown language (frontend: SolidityLanguageFrontend)
17:07:48.301 [ForkJoinPool.commonPool-worker-3] ERROR de.fraunhofer.aisec.cpg.graph.TypeManager - Unknown language (frontend: SolidityLanguageFrontend)
17:07:48.301 [ForkJoinPool.commonPool-worker-3] ERROR de.fraunhofer.aisec.cpg.graph.TypeManager - Unknown language (frontend: SolidityLanguageFrontend)
17:07:48.301 [ForkJoinPool.commonPool-worker-3] ERROR de.fraunhofer.aisec.cpg.graph.TypeManager - Unknown language (frontend: SolidityLanguageFrontend)
17:07:48.301 [ForkJoinPool.commonPool-worker-3] ERROR de.fraunhofer.aisec.cpg.graph.TypeManager - Unknown language (frontend: SolidityLanguageFrontend)
17:07:48.303 [ForkJoinPool.commonPool-worker-3] ERROR de.fraunhofer.aisec.cpg.graph.TypeManager - Unknown language (frontend: SolidityLanguageFrontend)
17:07:48.304 [ForkJoinPool.commonPool-worker-3] ERROR de.fraunhofer.aisec.cpg.graph.TypeManager - Unknown language (frontend: SolidityLanguageFrontend)
17:07:48.304 [ForkJoinPool.commonPool-worker-3] ERROR de.fraunhofer.aisec.cpg.graph.TypeManager - Unknown language (frontend: SolidityLanguageFrontend)
17:07:48.304 [ForkJoinPool.commonPool-worker-3] ERROR de.fraunhofer.aisec.cpg.graph.TypeManager - Unknown language (frontend: SolidityLanguageFrontend)
17:07:48.304 [ForkJoinPool.commonPool-worker-3] ERROR de.fraunhofer.aisec.cpg.graph.TypeManager - Unknown language (frontend: SolidityLanguageFrontend)
17:07:48.305 [ForkJoinPool.commonPool-worker-3] ERROR de.fraunhofer.aisec.cpg.graph.TypeManager - Unknown language (frontend: SolidityLanguageFrontend)
17:07:48.306 [ForkJoinPool.commonPool-worker-3] ERROR de.fraunhofer.aisec.cpg.graph.TypeManager - Unknown language (frontend: SolidityLanguageFrontend)
17:07:48.306 [ForkJoinPool.commonPool-worker-3] ERROR de.fraunhofer.aisec.cpg.graph.TypeManager - Unknown language (frontend: SolidityLanguageFrontend)
17:07:48.306 [ForkJoinPool.commonPool-worker-3] ERROR de.fraunhofer.aisec.cpg.graph.TypeManager - Unknown language (frontend: SolidityLanguageFrontend)
17:07:48.306 [ForkJoinPool.commonPool-worker-3] ERROR de.fraunhofer.aisec.cpg.graph.TypeManager - Unknown language (frontend: SolidityLanguageFrontend)
17:07:48.309 [ForkJoinPool.commonPool-worker-3] ERROR de.fraunhofer.aisec.cpg.graph.TypeManager - Unknown language (frontend: SolidityLanguageFrontend)
17:07:48.309 [ForkJoinPool.commonPool-worker-3] ERROR de.fraunhofer.aisec.cpg.graph.TypeManager - Unknown language (frontend: SolidityLanguageFrontend)
17:07:48.311 [ForkJoinPool.commonPool-worker-3] ERROR de.fraunhofer.aisec.cpg.graph.TypeManager - Unknown language (frontend: SolidityLanguageFrontend)
17:07:48.311 [ForkJoinPool.commonPool-worker-3] ERROR de.fraunhofer.aisec.cpg.graph.TypeManager - Unknown language (frontend: SolidityLanguageFrontend)
17:07:48.311 [ForkJoinPool.commonPool-worker-3] ERROR de.fraunhofer.aisec.cpg.graph.TypeManager - Unknown language (frontend: SolidityLanguageFrontend)
17:07:48.324 [ForkJoinPool.commonPool-worker-3] ERROR de.fraunhofer.aisec.cpg.graph.TypeManager - Unknown language (frontend: SolidityLanguageFrontend)
17:07:48.324 [ForkJoinPool.commonPool-worker-3] ERROR de.fraunhofer.aisec.cpg.graph.TypeManager - Unknown language (frontend: SolidityLanguageFrontend)
17:07:48.324 [ForkJoinPool.commonPool-worker-3] ERROR de.fraunhofer.aisec.cpg.graph.TypeManager - Unknown language (frontend: SolidityLanguageFrontend)
17:07:48.324 [ForkJoinPool.commonPool-worker-3] ERROR de.fraunhofer.aisec.cpg.graph.TypeManager - Unknown language (frontend: SolidityLanguageFrontend)
17:07:48.324 [ForkJoinPool.commonPool-worker-3] ERROR de.fraunhofer.aisec.cpg.graph.TypeManager - Unknown language (frontend: SolidityLanguageFrontend)
17:07:48.325 [ForkJoinPool.commonPool-worker-3] ERROR de.fraunhofer.aisec.cpg.graph.TypeManager - Unknown language (frontend: SolidityLanguageFrontend)
17:07:48.325 [ForkJoinPool.commonPool-worker-3] ERROR de.fraunhofer.aisec.cpg.graph.TypeManager - Unknown language (frontend: SolidityLanguageFrontend)
17:07:48.325 [ForkJoinPool.commonPool-worker-3] ERROR de.fraunhofer.aisec.cpg.graph.TypeManager - Unknown language (frontend: SolidityLanguageFrontend)
17:07:48.326 [ForkJoinPool.commonPool-worker-3] ERROR de.fraunhofer.aisec.cpg.graph.TypeManager - Unknown language (frontend: SolidityLanguageFrontend)
17:07:48.326 [ForkJoinPool.commonPool-worker-3] ERROR de.fraunhofer.aisec.cpg.graph.TypeManager - Unknown language (frontend: SolidityLanguageFrontend)
17:07:48.344 [ForkJoinPool.commonPool-worker-3] ERROR de.fraunhofer.aisec.cpg.graph.TypeManager - Unknown language (frontend: SolidityLanguageFrontend)
17:07:48.345 [ForkJoinPool.commonPool-worker-3] ERROR de.fraunhofer.aisec.cpg.graph.TypeManager - Unknown language (frontend: SolidityLanguageFrontend)
17:07:48.345 [ForkJoinPool.commonPool-worker-3] ERROR de.fraunhofer.aisec.cpg.graph.TypeManager - Unknown language (frontend: SolidityLanguageFrontend)
17:07:48.345 [ForkJoinPool.commonPool-worker-3] ERROR de.fraunhofer.aisec.cpg.graph.TypeManager - Unknown language (frontend: SolidityLanguageFrontend)
17:07:48.345 [ForkJoinPool.commonPool-worker-3] ERROR de.fraunhofer.aisec.cpg.graph.TypeManager - Unknown language (frontend: SolidityLanguageFrontend)
17:07:48.738 [ForkJoinPool.commonPool-worker-3] ERROR de.fraunhofer.aisec.cpg.passes.scopes.ScopeManager - Could not find the scope address needed to resolve the call address.transfer. Falling back to the current scope
17:07:48.842 [ForkJoinPool.commonPool-worker-3] ERROR de.fraunhofer.aisec.cpg.graph.TypeManager - Unknown language (frontend: SolidityLanguageFrontend)
17:07:48.845 [ForkJoinPool.commonPool-worker-3] ERROR de.fraunhofer.aisec.cpg.graph.TypeManager - Unknown language (frontend: SolidityLanguageFrontend)
17:07:48.846 [ForkJoinPool.commonPool-worker-3] ERROR de.fraunhofer.aisec.cpg.graph.TypeManager - Unknown language (frontend: SolidityLanguageFrontend)
17:07:48.846 [ForkJoinPool.commonPool-worker-3] ERROR de.fraunhofer.aisec.cpg.graph.TypeManager - Unknown language (frontend: SolidityLanguageFrontend)
17:07:48.849 [ForkJoinPool.commonPool-worker-3] ERROR de.fraunhofer.aisec.cpg.graph.TypeManager - Unknown language (frontend: SolidityLanguageFrontend)
17:07:48.849 [ForkJoinPool.commonPool-worker-3] ERROR de.fraunhofer.aisec.cpg.passes.scopes.ScopeManager - Could not find the scope UNKNOWN needed to resolve the call UNKNOWN.transfer. Falling back to the current scope
17:07:48.868 [ForkJoinPool.commonPool-worker-3] ERROR de.fraunhofer.aisec.cpg.graph.TypeManager - Unknown language (frontend: SolidityLanguageFrontend)
17:07:48.874 [ForkJoinPool.commonPool-worker-3] ERROR de.fraunhofer.aisec.cpg.graph.TypeManager - Unknown language (frontend: SolidityLanguageFrontend)
17:07:48.875 [ForkJoinPool.commonPool-worker-3] ERROR de.fraunhofer.aisec.cpg.graph.TypeManager - Unknown language (frontend: SolidityLanguageFrontend)
17:07:48.876 [ForkJoinPool.commonPool-worker-3] ERROR de.fraunhofer.aisec.cpg.graph.TypeManager - Unknown language (frontend: SolidityLanguageFrontend)
17:07:48.877 [ForkJoinPool.commonPool-worker-3] ERROR de.fraunhofer.aisec.cpg.graph.TypeManager - Unknown language (frontend: SolidityLanguageFrontend)
Jan 25, 2023 5:07:54 PM org.neo4j.driver.internal.logging.JULogger info
INFO: Direct driver instance 1724399560 created for server address localhost:7687
Saving file:wallet_04_confused_sign.sol
Jan 25, 2023 5:08:06 PM org.neo4j.driver.internal.logging.JULogger info
INFO: Closing driver instance 1724399560
Jan 25, 2023 5:08:06 PM org.neo4j.driver.internal.logging.JULogger info
INFO: Closing connection pool towards localhost:7687
Running checks
Jan 25, 2023 5:08:06 PM org.neo4j.driver.internal.logging.JULogger info
INFO: Direct driver instance 178575564 created for server address localhost:7687
AddressPaddingCheck took 4495 ms
AccessControlSelfdestructCheck took 556 ms
CallReturnCheck took 429 ms
AccessControlLogicCheck took 319 ms
ReentrancyCheck took 1607 ms
DefaultProxyDelegateCheck took 1170 ms
TXOriginCheck took 368 ms
OverUnderflowCheck took 1423 ms
LocalWriteToStorageCheck took 643 ms
DOSThroughExhaustionCheck took 268 ms
Jan 25, 2023 5:08:18 PM org.neo4j.driver.internal.logging.JULogger info
INFO: Closing driver instance 178575564
Jan 25, 2023 5:08:18 PM org.neo4j.driver.internal.logging.JULogger info
INFO: Closing connection pool towards localhost:7687
Nr. Files: 1
File: /sb/wallet_04_confused_sign.sol
- Reentrancy Vulnerability, wallet_04_confused_sign.sol 31:10-31:39
- Result of expression can be over- or under-flown by external entity, wallet_04_confused_sign.sol 25:10-25:45
- Result of expression can be over- or under-flown by external entity, wallet_04_confused_sign.sol 24:17-24:49
Graph translation: 3951 ms, Persisting graph: 17938 ms, AddressPaddingCheck: 4495 ms, AccessControlSelfdestructCheck: 556 ms, CallReturnCheck: 429 ms, AccessControlLogicCheck: 319 ms, ReentrancyCheck: 1607 ms, DefaultProxyDelegateCheck: 1170 ms, TXOriginCheck: 368 ms, OverUnderflowCheck: 1423 ms, LocalWriteToStorageCheck: 643 ms, DOSThroughExhaustionCheck: 268 ms, All checks: 11589 ms
