INFO:Slither:Compilation warnings/errors on /sb/FindThisHash.sol:
/sb/FindThisHash.sol:17:25: Warning: "sha3" has been deprecated in favour of "keccak256"
        require(hash == sha3(solution));
                        ^------------^
/sb/FindThisHash.sol:17:25: Warning: This function only accepts a single "bytes" argument. Please use "abi.encodePacked(...)" or a similar function to encode the data.
        require(hash == sha3(solution));
                        ^------------^
/sb/FindThisHash.sol:17:25: Warning: The provided argument of type string memory is not implicitly convertible to expected type bytes memory.
        require(hash == sha3(solution));
                        ^------------^

INFO:Detectors:[91m
FindThisHash.solve (/sb/FindThisHash.sol#14-19) sends eth to arbitrary user
	Dangerous calls:
	- msg.sender.transfer(1000000000000000000000) (/sb/FindThisHash.sol#18)
Reference: https://github.com/trailofbits/slither/wiki/Detectors-Documentation#functions-that-send-ether-to-arbitrary-destinations[0m
INFO:Detectors:[92m
Deprecated standard detected @ /sb/FindThisHash.sol#17:
	- Usage of "sha3()" should be replaced with "keccak256()"
Reference: https://github.com/trailofbits/slither/wiki/Detectors-Documentation#deprecated-standards[0m
INFO:Detectors:[92m
FindThisHash.solve (/sb/FindThisHash.sol#14-19) should be declared external
Reference: https://github.com/trailofbits/slither/wiki/Detectors-Documentation#public-function-that-could-be-declared-as-external[0m
INFO:Detectors:[92m
Detected issues with version pragma in /sb/FindThisHash.sol:
	- pragma solidity^0.4.22 (/sb/FindThisHash.sol#7): it allows old versions
Reference: https://github.com/trailofbits/slither/wiki/Detectors-Documentation#incorrect-version-of-solidity[0m
INFO:Detectors:[92m
Constant 'FindThisHash.hash' (/sb/FindThisHash.sol#10) is not in UPPER_CASE_WITH_UNDERSCORES
Reference: https://github.com/trailofbits/slither/wiki/Detectors-Documentation#conformance-to-solidity-naming-conventions[0m
INFO:Slither:/sb/FindThisHash.sol analyzed (1 contracts), 5 result(s) found
