2023-01-17 17:43:24,711: [12] m.main:INFO: Registered plugins: IntrospectionAPIPlugin, <class 'manticore.ethereum.plugins.SkipRevertBasicBlocks'>, <class 'manticore.ethereum.plugins.FilterFunctions'>
2023-01-17 17:43:24,712: [12] m.main:INFO: Beginning analysis
2023-01-17 17:43:24,714: [12] m.e.manticore:INFO: Starting symbolic create contract
2023-01-17 17:43:25,511: [12] m.e.manticore:INFO: Starting symbolic transaction: 0
2023-01-17 17:43:37,451: [12] m.e.manticore:INFO: 6 alive states, 1 terminated states
2023-01-17 17:43:37,826: [12] m.e.manticore:INFO: Starting symbolic transaction: 1
2023-01-17 17:46:14,767: [12] m.e.manticore:INFO: 36 alive states, 1 terminated states
2023-01-17 17:46:15,480: [111] m.c.manticore:INFO: Generated testcase No. 0 - STOP(3 txs)
2023-01-17 17:46:15,482: [111] m.c.plugin:WARNING: Caught will_solve in state None, but failed to capture its initialization
2023-01-17 17:46:15,509: [108] m.c.manticore:INFO: Generated testcase No. 1 - STOP(3 txs)
2023-01-17 17:46:15,511: [108] m.c.plugin:WARNING: Caught will_solve in state None, but failed to capture its initialization
2023-01-17 17:46:15,593: [102] m.c.manticore:INFO: Generated testcase No. 2 - STOP(3 txs)
2023-01-17 17:46:15,594: [102] m.c.plugin:WARNING: Caught will_solve in state None, but failed to capture its initialization
2023-01-17 17:46:15,784: [103] m.c.manticore:INFO: Generated testcase No. 4 - STOP(3 txs)
2023-01-17 17:46:15,786: [103] m.c.plugin:WARNING: Caught will_solve in state None, but failed to capture its initialization
2023-01-17 17:46:15,795: [104] m.c.manticore:INFO: Generated testcase No. 5 - STOP(3 txs)
2023-01-17 17:46:15,797: [104] m.c.plugin:WARNING: Caught will_solve in state None, but failed to capture its initialization
2023-01-17 17:46:15,839: [105] m.c.manticore:INFO: Generated testcase No. 3 - STOP(3 txs)
2023-01-17 17:46:15,840: [105] m.c.plugin:WARNING: Caught will_solve in state None, but failed to capture its initialization
2023-01-17 17:46:16,010: [115] m.c.manticore:INFO: Generated testcase No. 7 - STOP(3 txs)
2023-01-17 17:46:16,011: [115] m.c.plugin:WARNING: Caught will_solve in state None, but failed to capture its initialization
2023-01-17 17:46:16,032: [106] m.c.manticore:INFO: Generated testcase No. 6 - STOP(3 txs)
2023-01-17 17:46:16,033: [106] m.c.plugin:WARNING: Caught will_solve in state None, but failed to capture its initialization
2023-01-17 17:46:16,047: [112] m.c.manticore:INFO: Generated testcase No. 8 - STOP(3 txs)
2023-01-17 17:46:16,048: [112] m.c.plugin:WARNING: Caught will_solve in state None, but failed to capture its initialization
2023-01-17 17:46:18,138: [111] m.c.manticore:INFO: Generated testcase No. 9 - STOP(3 txs)
2023-01-17 17:46:18,331: [108] m.c.manticore:INFO: Generated testcase No. 10 - STOP(3 txs)
2023-01-17 17:46:20,195: [115] m.c.manticore:INFO: Generated testcase No. 11 - STOP(3 txs)
2023-01-17 17:46:20,296: [102] m.c.manticore:INFO: Generated testcase No. 12 - STOP(3 txs)
2023-01-17 17:46:20,651: [106] m.c.manticore:INFO: Generated testcase No. 13 - STOP(3 txs)
2023-01-17 17:46:20,842: [111] m.c.manticore:INFO: Generated testcase No. 14 - STOP(3 txs)
2023-01-17 17:46:20,955: [104] m.c.manticore:INFO: Generated testcase No. 15 - STOP(3 txs)
2023-01-17 17:46:21,419: [103] m.c.manticore:INFO: Generated testcase No. 16 - STOP(3 txs)
2023-01-17 17:46:22,145: [105] m.c.manticore:INFO: Generated testcase No. 17 - STOP(3 txs)
2023-01-17 17:46:22,146: [108] m.c.manticore:INFO: Generated testcase No. 18 - STOP(3 txs)
2023-01-17 17:46:22,283: [112] m.c.manticore:INFO: Generated testcase No. 19 - STOP(3 txs)
2023-01-17 17:46:24,416: [105] m.c.manticore:INFO: Generated testcase No. 20 - STOP(3 txs)
2023-01-17 17:46:24,542: [111] m.c.manticore:INFO: Generated testcase No. 21 - STOP(3 txs)
2023-01-17 17:46:24,579: [102] m.c.manticore:INFO: Generated testcase No. 22 - STOP(3 txs)
2023-01-17 17:46:24,639: [108] m.c.manticore:INFO: Generated testcase No. 23 - STOP(3 txs)
2023-01-17 17:46:24,819: [115] m.c.manticore:INFO: Generated testcase No. 24 - STOP(3 txs)
2023-01-17 17:46:25,026: [112] m.c.manticore:INFO: Generated testcase No. 25 - STOP(3 txs)
2023-01-17 17:46:25,290: [106] m.c.manticore:INFO: Generated testcase No. 26 - STOP(3 txs)
2023-01-17 17:46:27,965: [108] m.c.manticore:INFO: Generated testcase No. 27 - STOP(3 txs)
2023-01-17 17:46:28,262: [115] m.c.manticore:INFO: Generated testcase No. 28 - STOP(3 txs)
2023-01-17 17:46:28,502: [111] m.c.manticore:INFO: Generated testcase No. 29 - STOP(3 txs)
2023-01-17 17:46:30,993: [105] m.c.manticore:INFO: Generated testcase No. 30 - STOP(3 txs)
2023-01-17 17:46:31,579: [112] m.c.manticore:INFO: Generated testcase No. 31 - STOP(3 txs)
2023-01-17 17:46:31,985: [106] m.c.manticore:INFO: Generated testcase No. 32 - STOP(3 txs)
2023-01-17 17:46:32,070: [115] m.c.manticore:INFO: Generated testcase No. 33 - STOP(3 txs)
2023-01-17 17:46:32,229: [108] m.c.manticore:INFO: Generated testcase No. 34 - STOP(3 txs)
2023-01-17 17:46:32,379: [111] m.c.manticore:INFO: Generated testcase No. 35 - STOP(3 txs)
2023-01-17 17:48:40,723: [12] m.c.manticore:INFO: Results in /mcore_qbo8gf5l
2023-01-17 17:48:40,724: [12] m.c.manticore:INFO: Total time: 302.7633113861084
