INFO:Slither:Compilation warnings/errors on /sb/etheraffle.sol:
/sb/etheraffle.sol:55:5: Warning: Defining constructors as functions with the same name as the contract is deprecated. Use "constructor(...) { ... }" instead.
    function Ethraffle_v4b() public {
    ^ (Relevant source part starts here and spans across multiple lines).
/sb/etheraffle.sol:82:13: Warning: Invoking events without "emit" prefix is deprecated.
            TicketPurchase(raffleId, msg.sender, currTicket);
            ^----------------------------------------------^
/sb/etheraffle.sol:104:28: Warning: This function only accepts a single "bytes" argument. Please use "abi.encodePacked(...)" or a similar function to encode the data.
        bytes32 randHash = keccak256(seed1, seed2, seed3);
                           ^----------------------------^
/sb/etheraffle.sol:108:9: Warning: Invoking events without "emit" prefix is deprecated.
        RaffleResult(raffleId, winningNumber, winningAddress, seed1, seed2, seed3, randHash);
        ^----------------------------------------------------------------------------------^
/sb/etheraffle.sol:133:17: Warning: Invoking events without "emit" prefix is deprecated.
                TicketRefund(raffleId, msg.sender, i);
                ^-----------------------------------^
/sb/etheraffle.sol:149:21: Warning: Invoking events without "emit" prefix is deprecated.
                    TicketRefund(raffleId, contestants[i].addr, i);
                    ^--------------------------------------------^
/sb/etheraffle.sol:154:13: Warning: Invoking events without "emit" prefix is deprecated.
            RaffleResult(raffleId, totalTickets, address(0), address(0), address(0), 0, 0);
            ^----------------------------------------------------------------------------^

INFO:Detectors:[92m
Ethraffle_v4b.endRaffle has external calls inside a loop:
	- contestants[i].addr.transfer(pricePerTicket) (/sb/etheraffle.sol#150)
Reference: https://github.com/trailofbits/slither/wiki/Detectors-Documentation/_edit#calls-inside-a-loop[0m
INFO:Detectors:[92m
Ethraffle_v4b.fallback (/sb/etheraffle.sol#60-62) should be declared external
Ethraffle_v4b.getRefund (/sb/etheraffle.sol#126-140) should be declared external
Ethraffle_v4b.endRaffle (/sb/etheraffle.sol#143-161) should be declared external
Ethraffle_v4b.togglePause (/sb/etheraffle.sol#163-167) should be declared external
Ethraffle_v4b.kill (/sb/etheraffle.sol#169-173) should be declared external
Reference: https://github.com/trailofbits/slither/wiki/Detectors-Documentation#public-function-that-could-be-declared-as-external[0m
INFO:Detectors:[92m
Detected issues with version pragma in /sb/etheraffle.sol:
	- pragma solidity^0.4.16 (/sb/etheraffle.sol#8): it allows old versions
Reference: https://github.com/trailofbits/slither/wiki/Detectors-Documentation#incorrect-version-of-solidity[0m
INFO:Detectors:[92m
Contract 'Ethraffle_v4b' (/sb/etheraffle.sol#10-174) is not in CapWords
Function 'Ethraffle_v4b.Ethraffle_v4b' (/sb/etheraffle.sol#55-57) is not in mixedCase
Constant 'Ethraffle_v4b.prize' (/sb/etheraffle.sol#39) is not in UPPER_CASE_WITH_UNDERSCORES
Constant 'Ethraffle_v4b.fee' (/sb/etheraffle.sol#40) is not in UPPER_CASE_WITH_UNDERSCORES
Constant 'Ethraffle_v4b.totalTickets' (/sb/etheraffle.sol#41) is not in UPPER_CASE_WITH_UNDERSCORES
Constant 'Ethraffle_v4b.pricePerTicket' (/sb/etheraffle.sol#42) is not in UPPER_CASE_WITH_UNDERSCORES
Reference: https://github.com/trailofbits/slither/wiki/Detectors-Documentation#conformance-to-solidity-naming-conventions[0m
INFO:Slither:/sb/etheraffle.sol analyzed (1 contracts), 13 result(s) found
