INFO:Slither:Compilation warnings/errors on /sb/0x07f7ecb66d788ab01dc93b9b71a88401de7d0f2e.sol:
/sb/0x07f7ecb66d788ab01dc93b9b71a88401de7d0f2e.sol:201:9: Warning: Return value of low-level calls not used.
        whale.call.value(amount)(bytes4(keccak256("donate()")));
        ^-----------------------------------------------------^
/sb/0x07f7ecb66d788ab01dc93b9b71a88401de7d0f2e.sol:213:9: Warning: Return value of low-level calls not used.
        whale.call.value(amount)(bytes4(keccak256("donate()")));
        ^-----------------------------------------------------^

INFO:Detectors:[91m
PoCGame.payout (/sb/0x07f7ecb66d788ab01dc93b9b71a88401de7d0f2e.sol#185-192) sends eth to arbitrary user
	Dangerous calls:
	- winner.transfer(ethToTransfer) (/sb/0x07f7ecb66d788ab01dc93b9b71a88401de7d0f2e.sol#190)
PoCGame.loseWager (/sb/0x07f7ecb66d788ab01dc93b9b71a88401de7d0f2e.sol#209-216) sends eth to arbitrary user
	Dangerous calls:
	- whale.call.value(amount)(bytes4(keccak256()(donate()))) (/sb/0x07f7ecb66d788ab01dc93b9b71a88401de7d0f2e.sol#213)
Reference: https://github.com/trailofbits/slither/wiki/Detectors-Documentation#functions-that-send-ether-to-arbitrary-destinations[0m
INFO:Detectors:[93m
PoCGame.play (/sb/0x07f7ecb66d788ab01dc93b9b71a88401de7d0f2e.sol#141-169) uses a dangerous strict equality:
	- winningNumber == difficulty / 2
Reference: https://github.com/trailofbits/slither/wiki/Detectors-Documentation#dangerous-strict-equalities[0m
INFO:Detectors:[92m
Reentrancy in PoCGame.donateToWhale (/sb/0x07f7ecb66d788ab01dc93b9b71a88401de7d0f2e.sol#197-204):
	External calls:
	- whale.call.value(amount)(bytes4(keccak256()(donate()))) (/sb/0x07f7ecb66d788ab01dc93b9b71a88401de7d0f2e.sol#201)
	State variables written after the call(s):
	- totalDonated (/sb/0x07f7ecb66d788ab01dc93b9b71a88401de7d0f2e.sol#202)
Reentrancy in PoCGame.loseWager (/sb/0x07f7ecb66d788ab01dc93b9b71a88401de7d0f2e.sol#209-216):
	External calls:
	- whale.call.value(amount)(bytes4(keccak256()(donate()))) (/sb/0x07f7ecb66d788ab01dc93b9b71a88401de7d0f2e.sol#213)
	State variables written after the call(s):
	- totalDonated (/sb/0x07f7ecb66d788ab01dc93b9b71a88401de7d0f2e.sol#214)
Reference: https://github.com/trailofbits/slither/wiki/Detectors-Documentation#reentrancy-vulnerabilities-2[0m
INFO:Detectors:[92m
PoCGame.randomSeed should be constant (/sb/0x07f7ecb66d788ab01dc93b9b71a88401de7d0f2e.sol#57)
Reference: https://github.com/trailofbits/slither/wiki/Detectors-Documentation#state-variables-that-could-be-declared-constant[0m
INFO:Detectors:[92m
PoCGame.OpenToThePublic (/sb/0x07f7ecb66d788ab01dc93b9b71a88401de7d0f2e.sol#83-88) should be declared external
PoCGame.AdjustBetAmounts (/sb/0x07f7ecb66d788ab01dc93b9b71a88401de7d0f2e.sol#93-100) should be declared external
PoCGame.AdjustDifficulty (/sb/0x07f7ecb66d788ab01dc93b9b71a88401de7d0f2e.sol#105-112) should be declared external
PoCGame.fallback (/sb/0x07f7ecb66d788ab01dc93b9b71a88401de7d0f2e.sol#115) should be declared external
PoCGame.wager (/sb/0x07f7ecb66d788ab01dc93b9b71a88401de7d0f2e.sol#120-136) should be declared external
PoCGame.play (/sb/0x07f7ecb66d788ab01dc93b9b71a88401de7d0f2e.sol#141-169) should be declared external
PoCGame.donate (/sb/0x07f7ecb66d788ab01dc93b9b71a88401de7d0f2e.sol#174-180) should be declared external
PoCGame.ethBalance (/sb/0x07f7ecb66d788ab01dc93b9b71a88401de7d0f2e.sol#222-228) should be declared external
PoCGame.currentDifficulty (/sb/0x07f7ecb66d788ab01dc93b9b71a88401de7d0f2e.sol#234-240) should be declared external
PoCGame.currentBetLimit (/sb/0x07f7ecb66d788ab01dc93b9b71a88401de7d0f2e.sol#246-252) should be declared external
PoCGame.hasPlayerWagered (/sb/0x07f7ecb66d788ab01dc93b9b71a88401de7d0f2e.sol#254-268) should be declared external
PoCGame.winnersPot (/sb/0x07f7ecb66d788ab01dc93b9b71a88401de7d0f2e.sol#273-279) should be declared external
PoCGame.transferAnyERC20Token (/sb/0x07f7ecb66d788ab01dc93b9b71a88401de7d0f2e.sol#284-290) should be declared external
ERC20Interface.transfer (/sb/0x07f7ecb66d788ab01dc93b9b71a88401de7d0f2e.sol#296) should be declared external
Reference: https://github.com/trailofbits/slither/wiki/Detectors-Documentation#public-function-that-could-be-declared-as-external[0m
INFO:Detectors:[92m
Detected issues with version pragma in /sb/0x07f7ecb66d788ab01dc93b9b71a88401de7d0f2e.sol:
	- pragma solidity^0.4.21 (/sb/0x07f7ecb66d788ab01dc93b9b71a88401de7d0f2e.sol#7): it allows old versions
Reference: https://github.com/trailofbits/slither/wiki/Detectors-Documentation#incorrect-version-of-solidity[0m
INFO:Detectors:[92m
Low level call in PoCGame.donateToWhale (/sb/0x07f7ecb66d788ab01dc93b9b71a88401de7d0f2e.sol#197-204):
	-whale.call.value(amount)(bytes4(keccak256()(donate()))) /sb/0x07f7ecb66d788ab01dc93b9b71a88401de7d0f2e.sol#201
Low level call in PoCGame.loseWager (/sb/0x07f7ecb66d788ab01dc93b9b71a88401de7d0f2e.sol#209-216):
	-whale.call.value(amount)(bytes4(keccak256()(donate()))) /sb/0x07f7ecb66d788ab01dc93b9b71a88401de7d0f2e.sol#213
Reference: https://github.com/trailofbits/slither/wiki/Detectors-Documentation#low-level-calls[0m
INFO:Detectors:[92m
Function 'PoCGame.OpenToThePublic' (/sb/0x07f7ecb66d788ab01dc93b9b71a88401de7d0f2e.sol#83-88) is not in mixedCase
Function 'PoCGame.AdjustBetAmounts' (/sb/0x07f7ecb66d788ab01dc93b9b71a88401de7d0f2e.sol#93-100) is not in mixedCase
Function 'PoCGame.AdjustDifficulty' (/sb/0x07f7ecb66d788ab01dc93b9b71a88401de7d0f2e.sol#105-112) is not in mixedCase
Reference: https://github.com/trailofbits/slither/wiki/Detectors-Documentation#conformance-to-solidity-naming-conventions[0m
INFO:Detectors:[92m
PoCGame.randomSeed (/sb/0x07f7ecb66d788ab01dc93b9b71a88401de7d0f2e.sol#57) is never used in PoCGame
Reference: https://github.com/trailofbits/slither/wiki/Detectors-Documentation#unused-state-variables[0m
INFO:Slither:/sb/0x07f7ecb66d788ab01dc93b9b71a88401de7d0f2e.sol analyzed (2 contracts), 27 result(s) found
