INFO:Slither:Compilation warnings/errors on /sb/governmental_survey.sol:
/sb/governmental_survey.sol:17:3: Warning: Defining constructors as functions with the same name as the contract is deprecated. Use "constructor(...) { ... }" instead.
  function Governmental() {
  ^ (Relevant source part starts here and spans across multiple lines).
/sb/governmental_survey.sol:19:28: Warning: "throw" is deprecated in favour of "revert()", "require()" and "assert()".
    if (msg.value<1 ether) throw;
                           ^---^
/sb/governmental_survey.sol:23:30: Warning: "throw" is deprecated in favour of "revert()", "require()" and "assert()".
    if (msg.value<jackpot/2) throw;
                             ^---^
/sb/governmental_survey.sol:32:7: Warning: "throw" is deprecated in favour of "revert()", "require()" and "assert()".
      throw;
      ^---^
/sb/governmental_survey.sol:34:5: Warning: Failure condition of 'send' ignored. Consider using 'transfer' instead.
    lastInvestor.send(jackpot);
    ^------------------------^
/sb/governmental_survey.sol:35:16: Warning: Using contract member "balance" inherited from the address type is deprecated. Convert the contract to "address" type to access the member, for example use "address(contract).balance" instead.
    owner.send(this.balance-1 ether);
               ^----------^
/sb/governmental_survey.sol:35:5: Warning: Failure condition of 'send' ignored. Consider using 'transfer' instead.
    owner.send(this.balance-1 ether);
    ^------------------------------^
/sb/governmental_survey.sol:17:3: Warning: No visibility specified. Defaulting to "public". 
  function Governmental() {
  ^ (Relevant source part starts here and spans across multiple lines).
/sb/governmental_survey.sol:19:9: Warning: "msg.value" used in non-payable function. Do you want to add the "payable" modifier to this function?
    if (msg.value<1 ether) throw;
        ^-------^
/sb/governmental_survey.sol:22:3: Warning: No visibility specified. Defaulting to "public". 
  function invest() {
  ^ (Relevant source part starts here and spans across multiple lines).
/sb/governmental_survey.sol:23:9: Warning: "msg.value" used in non-payable function. Do you want to add the "payable" modifier to this function?
    if (msg.value<jackpot/2) throw;
        ^-------^
/sb/governmental_survey.sol:25:16: Warning: "msg.value" used in non-payable function. Do you want to add the "payable" modifier to this function?
    jackpot += msg.value/2;
               ^-------^
/sb/governmental_survey.sol:30:3: Warning: No visibility specified. Defaulting to "public". 
  function resetInvestment() {
  ^ (Relevant source part starts here and spans across multiple lines).
/sb/governmental_survey.sol:45:3: Warning: No visibility specified. Defaulting to "public". 
  function attack(address target, uint count) {
  ^ (Relevant source part starts here and spans across multiple lines).
/sb/governmental_survey.sol:47:23: Warning: "msg.gas" has been deprecated in favor of "gasleft()"
      this.attack.gas(msg.gas-2000)(target, count+1);
                      ^-----^

INFO:Detectors:[91m
Governmental.resetInvestment (/sb/governmental_survey.sol#30-40) sends eth to arbitrary user
	Dangerous calls:
	- owner.send(this.balance - 1000000000000000000) (/sb/governmental_survey.sol#35)
Reference: https://github.com/trailofbits/slither/wiki/Detectors-Documentation#functions-that-send-ether-to-arbitrary-destinations[0m
INFO:Detectors:[92m
Governmental.resetInvestment (/sb/governmental_survey.sol#30-40) uses timestamp for comparisons
	Dangerous comparisons:
	- block.timestamp < lastInvestmentTimestamp + ONE_MINUTE (/sb/governmental_survey.sol#31-32)
Reference: https://github.com/trailofbits/slither/wiki/Detectors-Documentation#block-timestamp[0m
INFO:Detectors:[92m
Governmental.ONE_MINUTE should be constant (/sb/governmental_survey.sol#15)
Reference: https://github.com/trailofbits/slither/wiki/Detectors-Documentation#state-variables-that-could-be-declared-constant[0m
INFO:Detectors:[92m
Deprecated standard detected @ /sb/governmental_survey.sol#19:
	- Usage of "throw" should be replaced with "revert()"
Deprecated standard detected @ /sb/governmental_survey.sol#23:
	- Usage of "throw" should be replaced with "revert()"
Deprecated standard detected @ /sb/governmental_survey.sol#32:
	- Usage of "throw" should be replaced with "revert()"
Deprecated standard detected @ /sb/governmental_survey.sol#47:
	- Usage of "msg.gas" should be replaced with "gasleft()"
Reference: https://github.com/trailofbits/slither/wiki/Detectors-Documentation#deprecated-standards[0m
INFO:Detectors:[92m
Governmental.invest (/sb/governmental_survey.sol#22-28) should be declared external
Governmental.resetInvestment (/sb/governmental_survey.sol#30-40) should be declared external
Attacker.attack (/sb/governmental_survey.sol#45-52) should be declared external
Reference: https://github.com/trailofbits/slither/wiki/Detectors-Documentation#public-function-that-could-be-declared-as-external[0m
INFO:Detectors:[92m
Detected issues with version pragma in /sb/governmental_survey.sol:
	- pragma solidity^0.4.0 (/sb/governmental_survey.sol#8): it allows old versions
Reference: https://github.com/trailofbits/slither/wiki/Detectors-Documentation#incorrect-version-of-solidity[0m
INFO:Detectors:[92m
Function 'Governmental.Governmental' (/sb/governmental_survey.sol#17-20) is not in mixedCase
Variable 'Governmental.ONE_MINUTE' (/sb/governmental_survey.sol#15) is not in mixedCase
Reference: https://github.com/trailofbits/slither/wiki/Detectors-Documentation#conformance-to-solidity-naming-conventions[0m
INFO:Slither:/sb/governmental_survey.sol analyzed (2 contracts), 13 result(s) found
