/sb/spank_chain_payment.sol
jar:file:/usr/local/lib/node_modules/@smartdec/smartcheck/jdeploy-bundle/smartcheck-2.0-jar-with-dependencies.jar!/solidity-rules.xmlruleId: SOLIDITY_ADDRESS_HARDCODED
patternId: b140cd
severity: 1
line: 63
column: 31
content: 0x00

ruleId: SOLIDITY_ADDRESS_HARDCODED
patternId: c67a09
severity: 1
line: 70
column: 20
content: 0x0

ruleId: SOLIDITY_ADDRESS_HARDCODED
patternId: c67a09
severity: 1
line: 85
column: 20
content: 0x0

ruleId: SOLIDITY_ADDRESS_HARDCODED
patternId: c67a09
severity: 1
line: 518
column: 25
content: 0x0

ruleId: SOLIDITY_DEPRECATED_CONSTRUCTIONS
patternId: 28fa69
severity: 1
line: 28
column: 5
content: functionbalanceOf(address_owner)publicconstantreturns(uint256balance);

ruleId: SOLIDITY_DEPRECATED_CONSTRUCTIONS
patternId: 28fa69
severity: 1
line: 52
column: 5
content: functionallowance(address_owner,address_spender)publicconstantreturns(uint256remaining);

ruleId: SOLIDITY_DEPRECATED_CONSTRUCTIONS
patternId: 28fa69
severity: 1
line: 205
column: 5
content: functionbalanceOf(address_owner)publicconstantreturns(uint256balance){returnbalances[_owner];}

ruleId: SOLIDITY_DEPRECATED_CONSTRUCTIONS
patternId: 28fa69
severity: 1
line: 215
column: 5
content: functionallowance(address_owner,address_spender)publicconstantreturns(uint256remaining){returnallowed[_owner][_spender];}

ruleId: SOLIDITY_ERC20_APPROVE
patternId: af782c
severity: 2
line: 209
column: 5
content: functionapprove(address_spender,uint256_value)publicreturns(boolsuccess){allowed[msg.sender][_spender]=_value;emitApproval(msg.sender,_spender,_value);returntrue;}

ruleId: SOLIDITY_EXTRA_GAS_IN_LOOPS
patternId: d3j11j
severity: 1
line: 823
column: 9
content: for(uint256i=64;i<=_proof.length;i+=32){assembly{proofElem:=mload(add(_proof,i))}if(cursor<proofElem){cursor=keccak256(abi.encodePacked(cursor,proofElem));}else{cursor=keccak256(abi.encodePacked(proofElem,cursor));}}

ruleId: SOLIDITY_GAS_LIMIT_IN_LOOPS
patternId: f6f853
severity: 2
line: 106
column: 9
content: for(uinti=0;i<len;i+=2){s=substring(_hexstr,i,i+1);r=substring(_hexstr,i+1,i+2);uintp=parseInt16Char(s)*16+parseInt16Char(r);bstr[k++]=uintToBytes32(p)[31];}

ruleId: SOLIDITY_PRAGMAS_VERSION
patternId: 23fc32
severity: 1
line: 9
column: 17
content: ^

ruleId: SOLIDITY_REVERT_REQUIRE
patternId: c56b12
severity: 1
line: 123
column: 16
content: if((bresult[0]>=97)&&(bresult[0]<=102)){returnuint(bresult[0])-87;}else{revert();}

ruleId: SOLIDITY_SHOULD_NOT_BE_PURE
patternId: 11314f
severity: 1
line: 62
column: 5
content: functionrecoverSigner(bytes32_hashedMsg,string_sig)publicpurereturns(address){require(_hashedMsg!=0x00);bytesmemoryprefix="\x19Ethereum Signed Message:\n32";bytes32prefixedHash=keccak256(abi.encodePacked(prefix,_hashedMsg));if(bytes(_sig).length!=132){return0x0;}bytes32r;bytes32s;uint8v;bytesmemorysig=hexstrToBytes(substring(_sig,2,132));assembly{r:=mload(add(sig,32))s:=mload(add(sig,64))v:=byte(0,mload(add(sig,96)))}if(v<27){v+=27;}if(v<27||v>28){return0x0;}returnecrecover(prefixedHash,v,r,s);}

ruleId: SOLIDITY_SHOULD_NOT_BE_PURE
patternId: 11314f
severity: 1
line: 132
column: 5
content: functionuintToBytes32(uint_uint)publicpurereturns(bytesb){b=newbytes(32);assembly{mstore(add(b,32),_uint)}}

ruleId: SOLIDITY_SHOULD_NOT_BE_PURE
patternId: 11314f
severity: 1
line: 819
column: 5
content: function_isContained(bytes32_hash,bytes_proof,bytes32_root)internalpurereturns(bool){bytes32cursor=_hash;bytes32proofElem;for(uint256i=64;i<=_proof.length;i+=32){assembly{proofElem:=mload(add(_proof,i))}if(cursor<proofElem){cursor=keccak256(abi.encodePacked(cursor,proofElem));}else{cursor=keccak256(abi.encodePacked(proofElem,cursor));}}returncursor==_root;}

ruleId: SOLIDITY_UPGRADE_TO_050
patternId: 83k1no
severity: 1
line: 259
column: 26
content: call(bytes4(bytes32(keccak256("receiveApproval(address,uint256,address,bytes)"))),msg.sender,_value,this,_extraData)

ruleId: SOLIDITY_UPGRADE_TO_050
patternId: 341gim
severity: 1
line: 62
column: 48
content: string_sig

ruleId: SOLIDITY_UPGRADE_TO_050
patternId: 341gim
severity: 1
line: 91
column: 45
content: string_sig

ruleId: SOLIDITY_UPGRADE_TO_050
patternId: 341gim
severity: 1
line: 98
column: 28
content: string_hexstr

ruleId: SOLIDITY_UPGRADE_TO_050
patternId: 341gim
severity: 1
line: 98
column: 65
content: bytes

ruleId: SOLIDITY_UPGRADE_TO_050
patternId: 341gim
severity: 1
line: 116
column: 29
content: string_char

ruleId: SOLIDITY_UPGRADE_TO_050
patternId: 341gim
severity: 1
line: 132
column: 61
content: bytesb

ruleId: SOLIDITY_UPGRADE_TO_050
patternId: 341gim
severity: 1
line: 139
column: 38
content: string_msg

ruleId: SOLIDITY_UPGRADE_TO_050
patternId: 341gim
severity: 1
line: 147
column: 60
content: stringstr

ruleId: SOLIDITY_UPGRADE_TO_050
patternId: 341gim
severity: 1
line: 167
column: 24
content: string_str

ruleId: SOLIDITY_UPGRADE_TO_050
patternId: 341gim
severity: 1
line: 167
column: 92
content: string

ruleId: SOLIDITY_UPGRADE_TO_050
patternId: 341gim
severity: 1
line: 240
column: 9
content: string_tokenName

ruleId: SOLIDITY_UPGRADE_TO_050
patternId: 341gim
severity: 1
line: 242
column: 9
content: string_tokenSymbol

ruleId: SOLIDITY_UPGRADE_TO_050
patternId: 341gim
severity: 1
line: 252
column: 63
content: bytes_extraData

ruleId: SOLIDITY_UPGRADE_TO_050
patternId: 341gim
severity: 1
line: 499
column: 9
content: string_sigA

ruleId: SOLIDITY_UPGRADE_TO_050
patternId: 341gim
severity: 1
line: 500
column: 9
content: string_sigI

ruleId: SOLIDITY_UPGRADE_TO_050
patternId: 341gim
severity: 1
line: 554
column: 9
content: string_sigA

ruleId: SOLIDITY_UPGRADE_TO_050
patternId: 341gim
severity: 1
line: 555
column: 9
content: string_sigI

ruleId: SOLIDITY_UPGRADE_TO_050
patternId: 341gim
severity: 1
line: 618
column: 9
content: bytes_proof

ruleId: SOLIDITY_UPGRADE_TO_050
patternId: 341gim
severity: 1
line: 623
column: 9
content: stringsigA

ruleId: SOLIDITY_UPGRADE_TO_050
patternId: 341gim
severity: 1
line: 669
column: 9
content: stringsigA

ruleId: SOLIDITY_UPGRADE_TO_050
patternId: 341gim
severity: 1
line: 819
column: 42
content: bytes_proof

ruleId: SOLIDITY_USING_INLINE_ASSEMBLY
patternId: 109cd5
severity: 1
line: 76
column: 9
content: assembly{r:=mload(add(sig,32))s:=mload(add(sig,64))v:=byte(0,mload(add(sig,96)))}

ruleId: SOLIDITY_USING_INLINE_ASSEMBLY
patternId: 109cd5
severity: 1
line: 134
column: 9
content: assembly{mstore(add(b,32),_uint)}

ruleId: SOLIDITY_USING_INLINE_ASSEMBLY
patternId: 109cd5
severity: 1
line: 824
column: 13
content: assembly{proofElem:=mload(add(_proof,i))}

ruleId: SOLIDITY_VISIBILITY
patternId: b51ce0
severity: 1
line: 219
column: 5
content: mapping(address=>uint256)balances;

ruleId: SOLIDITY_VISIBILITY
patternId: b51ce0
severity: 1
line: 220
column: 5
content: mapping(address=>mapping(address=>uint256))allowed;

SOLIDITY_VISIBILITY :2
SOLIDITY_DEPRECATED_CONSTRUCTIONS :4
SOLIDITY_PRAGMAS_VERSION :1
SOLIDITY_REVERT_REQUIRE :1
SOLIDITY_EXTRA_GAS_IN_LOOPS :1
SOLIDITY_ADDRESS_HARDCODED :4
SOLIDITY_UPGRADE_TO_050 :22
SOLIDITY_GAS_LIMIT_IN_LOOPS :1
SOLIDITY_USING_INLINE_ASSEMBLY :3
SOLIDITY_SHOULD_NOT_BE_PURE :3
SOLIDITY_ERC20_APPROVE :1
