INFO:Slither:Compilation warnings/errors on /sb/parity_wallet_bug_2.sol:
/sb/parity_wallet_bug_2.sol:131:5: Warning: Use of the "var" keyword is deprecated.
    var pending = m_pending[_operation];
    ^---------^
/sb/parity_wallet_bug_2.sol:195:5: Warning: Use of the "var" keyword is deprecated.
    var pending = m_pending[_operation];
    ^---------^
/sb/parity_wallet_bug_2.sol:221:54: Warning: "throw" is deprecated in favour of "revert()", "require()" and "assert()".
  modifier only_uninitialized { if (m_numOwners > 0) throw; _; }
                                                     ^---^
/sb/parity_wallet_bug_2.sol:250:11: Warning: "throw" is deprecated in favour of "revert()", "require()" and "assert()".
          throw;
          ^---^
/sb/parity_wallet_bug_2.sol:286:11: Warning: "throw" is deprecated in favour of "revert()", "require()" and "assert()".
          throw;
          ^---^
/sb/parity_wallet_bug_2.sol:303:5: Warning: Use of the "var" keyword is deprecated.
    var pending = m_pending[_operation];
    ^---------^
/sb/parity_wallet_bug_2.sol:108:7: Warning: Invoking events without "emit" prefix is deprecated.
      Deposit(msg.sender, msg.value);
      ^----------------------------^
/sb/parity_wallet_bug_2.sol:135:7: Warning: Invoking events without "emit" prefix is deprecated.
      Revoke(msg.sender, _operation);
      ^----------------------------^
/sb/parity_wallet_bug_2.sol:140:67: Warning: "sha3" has been deprecated in favour of "keccak256"
  function changeOwner(address _from, address _to) onlymanyowners(sha3(msg.data)) external {
                                                                  ^------------^
/sb/parity_wallet_bug_2.sol:149:5: Warning: Invoking events without "emit" prefix is deprecated.
    OwnerChanged(_from, _to);
    ^----------------------^
/sb/parity_wallet_bug_2.sol:152:52: Warning: "sha3" has been deprecated in favour of "keccak256"
  function addOwner(address _owner) onlymanyowners(sha3(msg.data)) external {
                                                   ^------------^
/sb/parity_wallet_bug_2.sol:163:5: Warning: Invoking events without "emit" prefix is deprecated.
    OwnerAdded(_owner);
    ^----------------^
/sb/parity_wallet_bug_2.sol:166:55: Warning: "sha3" has been deprecated in favour of "keccak256"
  function removeOwner(address _owner) onlymanyowners(sha3(msg.data)) external {
                                                      ^------------^
/sb/parity_wallet_bug_2.sol:175:5: Warning: Invoking events without "emit" prefix is deprecated.
    OwnerRemoved(_owner);
    ^------------------^
/sb/parity_wallet_bug_2.sol:178:64: Warning: "sha3" has been deprecated in favour of "keccak256"
  function changeRequirement(uint _newRequired) onlymanyowners(sha3(msg.data)) external {
                                                               ^------------^
/sb/parity_wallet_bug_2.sol:182:5: Warning: Invoking events without "emit" prefix is deprecated.
    RequirementChanged(_newRequired);
    ^------------------------------^
/sb/parity_wallet_bug_2.sol:212:57: Warning: "sha3" has been deprecated in favour of "keccak256"
  function setDailyLimit(uint _newLimit) onlymanyowners(sha3(msg.data)) external {
                                                        ^------------^
/sb/parity_wallet_bug_2.sol:216:45: Warning: "sha3" has been deprecated in favour of "keccak256"
  function resetSpentToday() onlymanyowners(sha3(msg.data)) external {
                                            ^------------^
/sb/parity_wallet_bug_2.sol:233:45: Warning: "sha3" has been deprecated in favour of "keccak256"
  function kill(address _to) onlymanyowners(sha3(msg.data)) external {
                                            ^------------^
/sb/parity_wallet_bug_2.sol:234:5: Warning: "suicide" has been deprecated in favour of "selfdestruct"
    suicide(_to);
    ^----------^
/sb/parity_wallet_bug_2.sol:252:7: Warning: Invoking events without "emit" prefix is deprecated.
      SingleTransact(msg.sender, _value, _to, _data, created);
      ^-----------------------------------------------------^
/sb/parity_wallet_bug_2.sol:255:16: Warning: "sha3" has been deprecated in favour of "keccak256"
      o_hash = sha3(msg.data, block.number);
               ^--------------------------^
/sb/parity_wallet_bug_2.sol:255:16: Warning: This function only accepts a single "bytes" argument. Please use "abi.encodePacked(...)" or a similar function to encode the data.
      o_hash = sha3(msg.data, block.number);
               ^--------------------------^
/sb/parity_wallet_bug_2.sol:263:9: Warning: Invoking events without "emit" prefix is deprecated.
        ConfirmationNeeded(o_hash, msg.sender, _value, _to, _data);
        ^--------------------------------------------------------^
/sb/parity_wallet_bug_2.sol:289:7: Warning: Invoking events without "emit" prefix is deprecated.
      MultiTransact(msg.sender, _h, m_txs[_h].value, m_txs[_h].to, m_txs[_h].data, created);
      ^-----------------------------------------------------------------------------------^
/sb/parity_wallet_bug_2.sol:317:7: Warning: Invoking events without "emit" prefix is deprecated.
      Confirmation(msg.sender, _operation);
      ^----------------------------------^
/sb/parity_wallet_bug_2.sol:383:37: Warning: This looks like an address but has an invalid checksum. If this is not used as an address, please prepend '00'. Correct checksummed address: '0xCAfEcAfeCAfECaFeCaFecaFecaFECafECafeCaFe'. For more information please see https://solidity.readthedocs.io/en/develop/types.html#address-literals
  address constant _walletLibrary = 0xcafecafecafecafecafecafecafecafecafecafe;
                                    ^----------------------------------------^
/sb/parity_wallet_bug_2.sol:59:3: Warning: No visibility specified. Defaulting to "public". 
  function isOwner(address _addr) constant returns (bool);
  ^------------------------------------------------------^
/sb/parity_wallet_bug_2.sol:67:3: Warning: No visibility specified. Defaulting to "public". 
  function confirm(bytes32 _h) returns (bool o_success);
  ^----------------------------------------------------^
/sb/parity_wallet_bug_2.sol:105:3: Warning: No visibility specified. Defaulting to "public". 
  function() payable {
  ^ (Relevant source part starts here and spans across multiple lines).
/sb/parity_wallet_bug_2.sol:113:3: Warning: No visibility specified. Defaulting to "public". 
  function initMultiowned(address[] _owners, uint _required) only_uninitialized {
  ^ (Relevant source part starts here and spans across multiple lines).
/sb/parity_wallet_bug_2.sol:190:3: Warning: No visibility specified. Defaulting to "public". 
  function isOwner(address _addr) constant returns (bool) {
  ^ (Relevant source part starts here and spans across multiple lines).
/sb/parity_wallet_bug_2.sol:207:3: Warning: No visibility specified. Defaulting to "public". 
  function initDaylimit(uint _limit) only_uninitialized {
  ^ (Relevant source part starts here and spans across multiple lines).
/sb/parity_wallet_bug_2.sol:226:3: Warning: No visibility specified. Defaulting to "public". 
  function initWallet(address[] _owners, uint _required, uint _daylimit) only_uninitialized {
  ^ (Relevant source part starts here and spans across multiple lines).
/sb/parity_wallet_bug_2.sol:268:19: Warning: Unused function parameter. Remove or comment out the variable name to silence this warning.
  function create(uint _value, bytes _code) internal returns (address o_addr) {
                  ^---------^
/sb/parity_wallet_bug_2.sol:268:32: Warning: Unused function parameter. Remove or comment out the variable name to silence this warning.
  function create(uint _value, bytes _code) internal returns (address o_addr) {
                               ^---------^
/sb/parity_wallet_bug_2.sol:268:63: Warning: Unused function parameter. Remove or comment out the variable name to silence this warning.
  function create(uint _value, bytes _code) internal returns (address o_addr) {
                                                              ^------------^
/sb/parity_wallet_bug_2.sol:279:3: Warning: No visibility specified. Defaulting to "public". 
  function confirm(bytes32 _h) onlymanyowners(_h) returns (bool o_success) {
  ^ (Relevant source part starts here and spans across multiple lines).
/sb/parity_wallet_bug_2.sol:268:3: Warning: Function state mutability can be restricted to pure
  function create(uint _value, bytes _code) internal returns (address o_addr) {
  ^ (Relevant source part starts here and spans across multiple lines).

INFO:Detectors:[91m
Reentrancy in WalletLibrary.confirm (/sb/parity_wallet_bug_2.sol#279-293):
	External calls:
	- ! m_txs[_h].to.call.value(m_txs[_h].value)(m_txs[_h].data) (/sb/parity_wallet_bug_2.sol#285-286)
	State variables written after the call(s):
	- m_txs (/sb/parity_wallet_bug_2.sol#290)
Reference: https://github.com/trailofbits/slither/wiki/Detectors-Documentation#reentrancy-vulnerabilities[0m
INFO:Detectors:[93m
created in WalletLibrary.execute (/sb/parity_wallet_bug_2.sol#245) is a local variable never initialiazed
created in WalletLibrary.confirm (/sb/parity_wallet_bug_2.sol#281) is a local variable never initialiazed
Reference: https://github.com/trailofbits/slither/wiki/Detectors-Documentation#uninitialized-local-variables[0m
INFO:Detectors:[92m
Deprecated standard detected @ /sb/parity_wallet_bug_2.sol#234:
	- Usage of "suicide()" should be replaced with "selfdestruct()"
Deprecated standard detected @ /sb/parity_wallet_bug_2.sol#250:
	- Usage of "throw" should be replaced with "revert()"
Deprecated standard detected @ /sb/parity_wallet_bug_2.sol#255:
	- Usage of "sha3()" should be replaced with "keccak256()"
Deprecated standard detected @ /sb/parity_wallet_bug_2.sol#286:
	- Usage of "throw" should be replaced with "revert()"
Deprecated standard detected @ /sb/parity_wallet_bug_2.sol#221:
	- Usage of "throw" should be replaced with "revert()"
Reference: https://github.com/trailofbits/slither/wiki/Detectors-Documentation#deprecated-standards[0m
INFO:Detectors:[92m
WalletAbi.isOwner (/sb/parity_wallet_bug_2.sol#59) should be declared external
WalletAbi.confirm (/sb/parity_wallet_bug_2.sol#67) should be declared external
WalletLibrary.fallback (/sb/parity_wallet_bug_2.sol#105-109) should be declared external
WalletLibrary.initWallet (/sb/parity_wallet_bug_2.sol#226-229) should be declared external
Reference: https://github.com/trailofbits/slither/wiki/Detectors-Documentation#public-function-that-could-be-declared-as-external[0m
INFO:Detectors:[92m
Detected issues with version pragma in /sb/parity_wallet_bug_2.sol:
	- pragma solidity^0.4.9 (/sb/parity_wallet_bug_2.sol#18): it allows old versions
Reference: https://github.com/trailofbits/slither/wiki/Detectors-Documentation#incorrect-version-of-solidity[0m
INFO:Detectors:[92m
Low level call in WalletLibrary.execute (/sb/parity_wallet_bug_2.sol#241-266):
	-! _to.call.value(_value)(_data) /sb/parity_wallet_bug_2.sol#249-250
Low level call in WalletLibrary.confirm (/sb/parity_wallet_bug_2.sol#279-293):
	-! m_txs[_h].to.call.value(m_txs[_h].value)(m_txs[_h].data) /sb/parity_wallet_bug_2.sol#285-286
Reference: https://github.com/trailofbits/slither/wiki/Detectors-Documentation#low-level-calls[0m
INFO:Detectors:[92m
Parameter '_owners' of WalletLibrary.initMultiowned (/sb/parity_wallet_bug_2.sol#113) is not in mixedCase
Parameter '_required' of WalletLibrary.initMultiowned (/sb/parity_wallet_bug_2.sol#113) is not in mixedCase
Parameter '_operation' of WalletLibrary.revoke (/sb/parity_wallet_bug_2.sol#126) is not in mixedCase
Parameter '_from' of WalletLibrary.changeOwner (/sb/parity_wallet_bug_2.sol#140) is not in mixedCase
Parameter '_to' of WalletLibrary.changeOwner (/sb/parity_wallet_bug_2.sol#140) is not in mixedCase
Parameter '_owner' of WalletLibrary.addOwner (/sb/parity_wallet_bug_2.sol#152) is not in mixedCase
Parameter '_owner' of WalletLibrary.removeOwner (/sb/parity_wallet_bug_2.sol#166) is not in mixedCase
Parameter '_newRequired' of WalletLibrary.changeRequirement (/sb/parity_wallet_bug_2.sol#178) is not in mixedCase
Parameter '_addr' of WalletLibrary.isOwner (/sb/parity_wallet_bug_2.sol#190) is not in mixedCase
Parameter '_operation' of WalletLibrary.hasConfirmed (/sb/parity_wallet_bug_2.sol#194) is not in mixedCase
Parameter '_owner' of WalletLibrary.hasConfirmed (/sb/parity_wallet_bug_2.sol#194) is not in mixedCase
Parameter '_limit' of WalletLibrary.initDaylimit (/sb/parity_wallet_bug_2.sol#207) is not in mixedCase
Parameter '_newLimit' of WalletLibrary.setDailyLimit (/sb/parity_wallet_bug_2.sol#212) is not in mixedCase
Parameter '_owners' of WalletLibrary.initWallet (/sb/parity_wallet_bug_2.sol#226) is not in mixedCase
Parameter '_required' of WalletLibrary.initWallet (/sb/parity_wallet_bug_2.sol#226) is not in mixedCase
Parameter '_daylimit' of WalletLibrary.initWallet (/sb/parity_wallet_bug_2.sol#226) is not in mixedCase
Parameter '_to' of WalletLibrary.kill (/sb/parity_wallet_bug_2.sol#233) is not in mixedCase
Parameter '_to' of WalletLibrary.execute (/sb/parity_wallet_bug_2.sol#241) is not in mixedCase
Parameter '_value' of WalletLibrary.execute (/sb/parity_wallet_bug_2.sol#241) is not in mixedCase
Parameter '_data' of WalletLibrary.execute (/sb/parity_wallet_bug_2.sol#241) is not in mixedCase
Parameter '_h' of WalletLibrary.confirm (/sb/parity_wallet_bug_2.sol#279) is not in mixedCase
Parameter '_operation' of WalletLibrary.confirmAndCheck (/sb/parity_wallet_bug_2.sol#297) is not in mixedCase
Parameter '_value' of WalletLibrary.underLimit (/sb/parity_wallet_bug_2.sol#351) is not in mixedCase
Constant 'WalletLibrary._walletLibrary' (/sb/parity_wallet_bug_2.sol#383) is not in UPPER_CASE_WITH_UNDERSCORES
Variable 'WalletLibrary.m_required' (/sb/parity_wallet_bug_2.sol#386) is not in mixedCase
Variable 'WalletLibrary.m_numOwners' (/sb/parity_wallet_bug_2.sol#388) is not in mixedCase
Variable 'WalletLibrary.m_dailyLimit' (/sb/parity_wallet_bug_2.sol#390) is not in mixedCase
Variable 'WalletLibrary.m_spentToday' (/sb/parity_wallet_bug_2.sol#391) is not in mixedCase
Variable 'WalletLibrary.m_lastDay' (/sb/parity_wallet_bug_2.sol#392) is not in mixedCase
Variable 'WalletLibrary.m_owners' (/sb/parity_wallet_bug_2.sol#395) is not in mixedCase
Constant 'WalletLibrary.c_maxOwners' (/sb/parity_wallet_bug_2.sol#397) is not in UPPER_CASE_WITH_UNDERSCORES
Variable 'WalletLibrary.m_ownerIndex' (/sb/parity_wallet_bug_2.sol#399) is not in mixedCase
Variable 'WalletLibrary.m_pending' (/sb/parity_wallet_bug_2.sol#401) is not in mixedCase
Variable 'WalletLibrary.m_pendingIndex' (/sb/parity_wallet_bug_2.sol#402) is not in mixedCase
Variable 'WalletLibrary.m_txs' (/sb/parity_wallet_bug_2.sol#405) is not in mixedCase
Modifier 'WalletLibrary.only_uninitialized' (/sb/parity_wallet_bug_2.sol#221) is not in mixedCase
Reference: https://github.com/trailofbits/slither/wiki/Detectors-Documentation#conformance-to-solidity-naming-conventions[0m
INFO:Detectors:[92m
WalletLibrary._walletLibrary (/sb/parity_wallet_bug_2.sol#383) is never used in WalletLibrary
Reference: https://github.com/trailofbits/slither/wiki/Detectors-Documentation#unused-state-variables[0m
INFO:Slither:/sb/parity_wallet_bug_2.sol analyzed (3 contracts), 52 result(s) found
