2023-01-17 17:43:34,330: [11] m.main:INFO: Registered plugins: IntrospectionAPIPlugin, <class 'manticore.ethereum.plugins.SkipRevertBasicBlocks'>, <class 'manticore.ethereum.plugins.FilterFunctions'>
2023-01-17 17:43:34,330: [11] m.main:INFO: Beginning analysis
2023-01-17 17:43:34,334: [11] m.e.manticore:INFO: Starting symbolic create contract
2023-01-17 17:43:35,534: [11] m.e.manticore:INFO: Starting symbolic transaction: 0
2023-01-17 17:44:24,587: [11] m.e.manticore:INFO: 3 alive states, 6 terminated states
2023-01-17 17:44:25,187: [11] m.e.manticore:INFO: Starting symbolic transaction: 1
2023-01-17 17:48:51,879: [11] m.e.manticore:INFO: 9 alive states, 21 terminated states
2023-01-17 17:48:54,574: [101] m.c.plugin:WARNING: Caught will_solve in state None, but failed to capture its initialization
2023-01-17 17:48:54,642: [107] m.c.plugin:WARNING: Caught will_solve in state None, but failed to capture its initialization
2023-01-17 17:48:54,646: [106] m.c.plugin:WARNING: Caught will_solve in state None, but failed to capture its initialization
2023-01-17 17:48:54,666: [104] m.c.plugin:WARNING: Caught will_solve in state None, but failed to capture its initialization
2023-01-17 17:48:54,684: [102] m.c.plugin:WARNING: Caught will_solve in state None, but failed to capture its initialization
2023-01-17 17:48:54,731: [108] m.c.plugin:WARNING: Caught will_solve in state None, but failed to capture its initialization
2023-01-17 17:48:54,743: [105] m.c.plugin:WARNING: Caught will_solve in state None, but failed to capture its initialization
2023-01-17 17:48:54,747: [103] m.c.plugin:WARNING: Caught will_solve in state None, but failed to capture its initialization
2023-01-17 17:48:54,768: [109] m.c.plugin:WARNING: Caught will_solve in state None, but failed to capture its initialization
2023-01-17 17:48:56,045: [101] m.c.manticore:INFO: Generated testcase No. 0 - STOP(3 txs)
2023-01-17 17:48:56,058: [106] m.c.manticore:INFO: Generated testcase No. 1 - STOP(3 txs)
2023-01-17 17:48:56,168: [108] m.c.manticore:INFO: Generated testcase No. 2 - STOP(3 txs)
2023-01-17 17:48:56,551: [107] m.c.manticore:INFO: Generated testcase No. 3 - STOP(3 txs)
2023-01-17 17:48:56,676: [105] m.c.manticore:INFO: Generated testcase No. 4 - STOP(3 txs)
2023-01-17 17:48:56,679: [104] m.c.manticore:INFO: Generated testcase No. 5 - STOP(3 txs)
2023-01-17 17:48:56,799: [103] m.c.manticore:INFO: Generated testcase No. 6 - STOP(3 txs)
2023-01-17 17:48:56,845: [102] m.c.manticore:INFO: Generated testcase No. 7 - STOP(3 txs)
2023-01-17 17:48:56,882: [109] m.c.manticore:INFO: Generated testcase No. 8 - STOP(3 txs)
2023-01-17 17:49:05,015: [11] m.c.plugin:WARNING: Caught will_solve in state None, but failed to capture its initialization
2023-01-17 17:49:40,591: [11] m.c.manticore:INFO: Results in /mcore_76sxo7bs
2023-01-17 17:49:40,592: [11] m.c.manticore:INFO: Total time: 315.0750527381897
