INFO:Slither:Compilation warnings/errors on /sb/0x610495793564aed0f9c7fc48dc4c7c9151d34fd6.sol:
/sb/0x610495793564aed0f9c7fc48dc4c7c9151d34fd6.sol:33:9: Warning: Return value of low-level calls not used.
        _target.call.value(_value)(_data);
        ^-------------------------------^

INFO:Detectors:[92m
SimpleWallet.fallback (/sb/0x610495793564aed0f9c7fc48dc4c7c9151d34fd6.sol#19-21) should be declared external
SimpleWallet.withdrawAll (/sb/0x610495793564aed0f9c7fc48dc4c7c9151d34fd6.sol#23-25) should be declared external
SimpleWallet.sendMoney (/sb/0x610495793564aed0f9c7fc48dc4c7c9151d34fd6.sol#31-34) should be declared external
Reference: https://github.com/trailofbits/slither/wiki/Detectors-Documentation#public-function-that-could-be-declared-as-external[0m
INFO:Detectors:[92m
Low level call in SimpleWallet.sendMoney (/sb/0x610495793564aed0f9c7fc48dc4c7c9151d34fd6.sol#31-34):
	-_target.call.value(_value)(_data) /sb/0x610495793564aed0f9c7fc48dc4c7c9151d34fd6.sol#33
Reference: https://github.com/trailofbits/slither/wiki/Detectors-Documentation#low-level-calls[0m
INFO:Detectors:[92m
Parameter '_value' of SimpleWallet.withdraw (/sb/0x610495793564aed0f9c7fc48dc4c7c9151d34fd6.sol#27) is not in mixedCase
Parameter '_target' of SimpleWallet.sendMoney (/sb/0x610495793564aed0f9c7fc48dc4c7c9151d34fd6.sol#31) is not in mixedCase
Parameter '_value' of SimpleWallet.sendMoney (/sb/0x610495793564aed0f9c7fc48dc4c7c9151d34fd6.sol#31) is not in mixedCase
Parameter '_data' of SimpleWallet.sendMoney (/sb/0x610495793564aed0f9c7fc48dc4c7c9151d34fd6.sol#31) is not in mixedCase
Reference: https://github.com/trailofbits/slither/wiki/Detectors-Documentation#conformance-to-solidity-naming-conventions[0m
INFO:Slither:/sb/0x610495793564aed0f9c7fc48dc4c7c9151d34fd6.sol analyzed (1 contracts), 8 result(s) found
