/sb/0x70f9eddb3931491aab1aeafbc1e7f1ca2a012db4.sol
jar:file:/usr/local/lib/node_modules/@smartdec/smartcheck/jdeploy-bundle/smartcheck-2.0-jar-with-dependencies.jar!/solidity-rules.xmlruleId: SOLIDITY_ADDRESS_HARDCODED
patternId: adc165
severity: 1
line: 21
column: 1247
content: 0x2f61E7e1023Bc22063B8da897d8323965a7712B7

ruleId: SOLIDITY_ADDRESS_HARDCODED
patternId: adc165
severity: 1
line: 21
column: 1297
content: 0x2f61E7e1023Bc22063B8da897d8323965a7712B7

ruleId: SOLIDITY_PRAGMAS_VERSION
patternId: 23fc32
severity: 1
line: 7
column: 16
content: ^

ruleId: SOLIDITY_UNCHECKED_CALL
patternId: f39eed
severity: 3
line: 29
column: 12
content: call.value(msg.value)(data)

ruleId: SOLIDITY_UPGRADE_TO_050
patternId: 91h3sa
severity: 1
line: 12
column: 15
content: public

ruleId: SOLIDITY_UPGRADE_TO_050
patternId: 341gim
severity: 1
line: 26
column: 33
content: bytesdata

SOLIDITY_PRAGMAS_VERSION :1
SOLIDITY_ADDRESS_HARDCODED :2
SOLIDITY_UPGRADE_TO_050 :2
SOLIDITY_UNCHECKED_CALL :1
