INFO [01-25|09:07:05.901] Starting Geth in ephemeral dev mode... 
INFO [01-25|09:07:06.650] Maximum peer count                       ETH=50 LES=0 total=50
INFO [01-25|09:07:06.694] Smartcard socket not found, disabling    err="stat /run/pcscd/pcscd.comm: no such file or directory"
INFO [01-25|09:07:07.069] Set global gas cap                       cap=50,000,000
INFO [01-25|09:07:42.449] Using developer account                  address=0x19f9E3Acef99629705905447f3A024B9072C60a5
INFO [01-25|09:07:42.585] Allocated trie memory caches             clean=154.00MiB dirty=256.00MiB
INFO [01-25|09:07:42.692] Writing custom genesis block 
INFO [01-25|09:07:43.081] Persisted trie from memory database      nodes=12 size=1.82KiB time=1.918292ms gcnodes=0 gcsize=0.00B gctime=0s livenodes=1 livesize=0.00B
INFO [01-25|09:07:43.222] Initialised chain configuration          config="{ChainID: 1337 Homestead: 0 DAO: <nil> DAOSupport: false EIP150: 0 EIP155: 0 EIP158: 0 Byzantium: 0 Constantinople: 0 Petersburg: 0 Istanbul: 0, Muir Glacier: 0, Berlin: 0, London: 0, Arrow Glacier: <nil>, MergeFork: <nil>, Engine: clique}"
INFO [01-25|09:07:43.319] Initialising Ethereum protocol           network=1337 dbversion=<nil>
INFO [01-25|09:07:43.398] Loaded most recent local header          number=0 hash=79db7a..464f4e td=1 age=53y10mo2d
INFO [01-25|09:07:43.486] Loaded most recent local full block      number=0 hash=79db7a..464f4e td=1 age=53y10mo2d
INFO [01-25|09:07:43.487] Loaded most recent local fast block      number=0 hash=79db7a..464f4e td=1 age=53y10mo2d
WARN [01-25|09:07:43.580] Failed to load snapshot, regenerating    err="missing or corrupted snapshot"
INFO [01-25|09:07:43.615] Rebuilding state snapshot 
INFO [01-25|09:07:43.663] Resuming state snapshot generation       root=f5b9a4..143173 accounts=0 slots=0 storage=0.00B elapsed=47.256ms
INFO [01-25|09:07:43.823] Generated state snapshot                 accounts=10 slots=0 storage=412.00B elapsed=207.497ms
INFO [01-25|09:07:43.933] Stored checkpoint snapshot to disk       number=0 hash=79db7a..464f4e
INFO [01-25|09:07:44.093] Gasprice oracle is ignoring threshold set threshold=2
WARN [01-25|09:07:44.262] Error reading unclean shutdown markers   error="not found"
INFO [01-25|09:07:44.275] Starting peer-to-peer node               instance=Geth/v1.10.14-stable-11a3a350/linux-amd64/go1.17.5
WARN [01-25|09:07:44.292] P2P server will be useless, neither dialing nor listening 
INFO [01-25|09:07:45.205] New local node record                    seq=1,674,637,664,880 id=4e9dd7b3768ccc3f ip=127.0.0.1 udp=0 tcp=0
INFO [01-25|09:07:45.336] IPC endpoint opened                      url=/tmp/geth.ipc
INFO [01-25|09:07:45.566] HTTP server started                      endpoint=127.0.0.1:8545 prefix= cors= vhosts=localhost
INFO [01-25|09:07:45.676] Transaction pool price threshold updated price=1,000,000,000
INFO [01-25|09:07:45.688] Updated mining threads                   threads=0
INFO [01-25|09:07:45.694] Transaction pool price threshold updated price=1
INFO [01-25|09:07:45.696] Etherbase automatically configured       address=0x19f9E3Acef99629705905447f3A024B9072C60a5
INFO [01-25|09:07:45.717] Commit new mining work                   number=1 sealhash=edd412..7f3673 uncles=0 txs=0 gas=0 fees=0 elapsed=17.506ms
WARN [01-25|09:07:45.723] Block sealing failed                     err="sealing paused while waiting for transactions"
WARN [01-25|09:07:45.739] Failed to get free disk space            path= err="failed to call Statfs: no such file or directory"
INFO [01-25|09:07:45.740] Started P2P networking                   self=enode://7faff03763b1fd51e1b87812d18b8c7bf591a43e0f8411fb3edbd2e7df71f735e535dea81fa63248ac9c9576d50c7e9db4c12d264dfbe8f64f2eb073264af5a2@127.0.0.1:0
2023-01-25 09:12:17 421c3d18a57d pakala.sm[21] INFO Analysis finished with 5 outcomes (4 interesting, 0 unfinished), coverage is 86%
2023-01-25 09:12:43 421c3d18a57d pakala.recursive_analyzer[21] INFO_INTERACTIVE Now scanning paths of length 1.
WARN [01-25|09:12:44.133] Served parity_listStorageKeys            conn=127.0.0.1:40222 reqid=1 duration=3.685833ms err="the method parity_listStorageKeys does not exist/is not available"
2023-01-25 09:12:44 421c3d18a57d pakala.analyzer[21] WARNING Cannot list storage keys (ValueError). We will lose a bit of accuracy. Try to use a node that supports the parity_listStorageKeys RPC. 
2023-01-25 09:12:46 421c3d18a57d pakala.analyzer[21] INFO Loaded 10 storage slots from the contract (non-exhaustive). 0 non-zero.
2023-01-25 09:13:07 421c3d18a57d pakala.recursive_analyzer[21] INFO_INTERACTIVE Now scanning paths of length 2.
2023-01-25 09:13:48 421c3d18a57d pakala.recursive_analyzer[21] INFO_INTERACTIVE Now scanning paths of length 3.
2023-01-25 09:16:37 421c3d18a57d pakala.recursive_analyzer[21] INFO_INTERACTIVE Now scanning paths of length 4.
2023-01-25 09:27:39 421c3d18a57d pakala.recursive_analyzer[21] INFO_INTERACTIVE Now scanning paths of length 5.
Analyzing contract at 0xDEADBEEF00000000000000000000000000000000 with balance 1.337000 ether.
Starting symbolic execution step...
Symbolic execution finished with coverage 86%.
Outcomes: 4 interesting. 5 total and 0 unfinished paths.

Starting analysis step...
Nothing to report.
