INFO:Slither:Compilation warnings/errors on /sb/0x663e4229142a27f00bafb5d087e1e730648314c3.sol:
/sb/0x663e4229142a27f00bafb5d087e1e730648314c3.sol:35:3: Warning: Defining constructors as functions with the same name as the contract is deprecated. Use "constructor(...) { ... }" instead.
  function Ownable() {
  ^ (Relevant source part starts here and spans across multiple lines).
/sb/0x663e4229142a27f00bafb5d087e1e730648314c3.sol:770:9: Warning: Use of the "var" keyword is deprecated.
        var outputString = new string(_stringLength);
        ^--------------^
/sb/0x663e4229142a27f00bafb5d087e1e730648314c3.sol:1474:5: Warning: Defining constructors as functions with the same name as the contract is deprecated. Use "constructor(...) { ... }" instead.
    function ClockAuction(address _nftAddress, uint256 _cut) public {
    ^ (Relevant source part starts here and spans across multiple lines).
/sb/0x663e4229142a27f00bafb5d087e1e730648314c3.sol:1627:5: Warning: Defining constructors as functions with the same name as the contract is deprecated. Use "constructor(...) { ... }" instead.
    function SiringClockAuction(address _nftAddr, uint256 _cut) public
    ^ (Relevant source part starts here and spans across multiple lines).
/sb/0x663e4229142a27f00bafb5d087e1e730648314c3.sol:1706:5: Warning: Defining constructors as functions with the same name as the contract is deprecated. Use "constructor(...) { ... }" instead.
    function SaleClockAuction(address _nftAddr, uint256 _cut) public
    ^ (Relevant source part starts here and spans across multiple lines).
/sb/0x663e4229142a27f00bafb5d087e1e730648314c3.sol:1858:5: Warning: Defining constructors as functions with the same name as the contract is deprecated. Use "constructor(...) { ... }" instead.
    function SaleClockAuctionERC20(address _nftAddr, uint256 _cut) public
    ^ (Relevant source part starts here and spans across multiple lines).
/sb/0x663e4229142a27f00bafb5d087e1e730648314c3.sol:2360:5: Warning: Defining constructors as functions with the same name as the contract is deprecated. Use "constructor(...) { ... }" instead.
    function PandaCore() public {
    ^ (Relevant source part starts here and spans across multiple lines).
/sb/0x663e4229142a27f00bafb5d087e1e730648314c3.sol:404:9: Warning: Invoking events without "emit" prefix is deprecated.
        Transfer(_from, _to, _tokenId);
        ^----------------------------^
/sb/0x663e4229142a27f00bafb5d087e1e730648314c3.sol:491:9: Warning: Invoking events without "emit" prefix is deprecated.
        Birth(
        ^ (Relevant source part starts here and spans across multiple lines).
/sb/0x663e4229142a27f00bafb5d087e1e730648314c3.sol:662:9: Warning: Invoking events without "emit" prefix is deprecated.
        Approval(msg.sender, _to, _tokenId);
        ^---------------------------------^
/sb/0x663e4229142a27f00bafb5d087e1e730648314c3.sol:1025:9: Warning: Invoking events without "emit" prefix is deprecated.
        Pregnant(pandaIndexToOwner[_matronId], _matronId, _sireId, matron.cooldownEndBlock);
        ^---------------------------------------------------------------------------------^
/sb/0x663e4229142a27f00bafb5d087e1e730648314c3.sol:1131:21: Warning: This function only accepts a single "bytes" argument. Please use "abi.encodePacked(...)" or a similar function to encode the data.
        if (uint256(keccak256(block.blockhash(block.number - 2), now)) % 100 < probability) {
                    ^-----------------------------------------------^
/sb/0x663e4229142a27f00bafb5d087e1e730648314c3.sol:1136:13: Warning: Invoking events without "emit" prefix is deprecated.
            Abortion(pandaIndexToOwner[_matronId], _matronId, sireId);
            ^-------------------------------------------------------^
/sb/0x663e4229142a27f00bafb5d087e1e730648314c3.sol:1152:9: Warning: Failure condition of 'send' ignored. Consider using 'transfer' instead.
        msg.sender.send(autoBirthFee);
        ^---------------------------^
/sb/0x663e4229142a27f00bafb5d087e1e730648314c3.sol:1237:9: Warning: Invoking events without "emit" prefix is deprecated.
        AuctionCreated(
        ^ (Relevant source part starts here and spans across multiple lines).
/sb/0x663e4229142a27f00bafb5d087e1e730648314c3.sol:1249:9: Warning: Invoking events without "emit" prefix is deprecated.
        AuctionCancelled(_tokenId);
        ^------------------------^
/sb/0x663e4229142a27f00bafb5d087e1e730648314c3.sol:1310:9: Warning: Invoking events without "emit" prefix is deprecated.
        AuctionSuccessful(_tokenId, price, msg.sender);
        ^--------------------------------------------^
/sb/0x663e4229142a27f00bafb5d087e1e730648314c3.sol:1444:5: Warning: Invoking events without "emit" prefix is deprecated.
    Pause();
    ^-----^
/sb/0x663e4229142a27f00bafb5d087e1e730648314c3.sol:1453:5: Warning: Invoking events without "emit" prefix is deprecated.
    Unpause();
    ^-------^
/sb/0x663e4229142a27f00bafb5d087e1e730648314c3.sol:1496:36: Warning: Using contract member "balance" inherited from the address type is deprecated. Convert the contract to "address" type to access the member, for example use "address(contract).balance" instead.
        bool res = nftAddress.send(this.balance);
                                   ^----------^
/sb/0x663e4229142a27f00bafb5d087e1e730648314c3.sol:1808:25: Warning: This function only accepts a single "bytes" argument. Please use "abi.encodePacked(...)" or a similar function to encode the data.
        bytes32 bHash = keccak256(block.blockhash(block.number),block.blockhash(block.number-1));
                        ^----------------------------------------------------------------------^
/sb/0x663e4229142a27f00bafb5d087e1e730648314c3.sol:1918:9: Warning: Invoking events without "emit" prefix is deprecated.
        AuctionERC20Created(
        ^ (Relevant source part starts here and spans across multiple lines).
/sb/0x663e4229142a27f00bafb5d087e1e730648314c3.sol:2013:9: Warning: Invoking events without "emit" prefix is deprecated.
        AuctionSuccessful(_tokenId, price, msg.sender);
        ^--------------------------------------------^
/sb/0x663e4229142a27f00bafb5d087e1e730648314c3.sol:2398:9: Warning: Invoking events without "emit" prefix is deprecated.
        ContractUpgrade(_v2Address);
        ^-------------------------^
/sb/0x663e4229142a27f00bafb5d087e1e730648314c3.sol:2461:27: Warning: Using contract member "balance" inherited from the address type is deprecated. Convert the contract to "address" type to access the member, for example use "address(contract).balance" instead.
        uint256 balance = this.balance;
                          ^----------^
/sb/0x663e4229142a27f00bafb5d087e1e730648314c3.sol:2467:13: Warning: Failure condition of 'send' ignored. Consider using 'transfer' instead.
            cfoAddress.send(balance - subtractFees);
            ^-------------------------------------^
/sb/0x663e4229142a27f00bafb5d087e1e730648314c3.sol:11:5: Warning: No visibility specified. Defaulting to "public". 
    function totalSupply() constant returns (uint supply);
    ^----------------------------------------------------^
/sb/0x663e4229142a27f00bafb5d087e1e730648314c3.sol:12:5: Warning: No visibility specified. Defaulting to "public". 
    function balanceOf( address who ) constant returns (uint value);
    ^--------------------------------------------------------------^
/sb/0x663e4229142a27f00bafb5d087e1e730648314c3.sol:13:5: Warning: No visibility specified. Defaulting to "public". 
    function allowance( address owner, address spender ) constant returns (uint _allowance);
    ^--------------------------------------------------------------------------------------^
/sb/0x663e4229142a27f00bafb5d087e1e730648314c3.sol:15:5: Warning: No visibility specified. Defaulting to "public". 
    function transfer( address to, uint value) returns (bool ok);
    ^-----------------------------------------------------------^
/sb/0x663e4229142a27f00bafb5d087e1e730648314c3.sol:16:5: Warning: No visibility specified. Defaulting to "public". 
    function transferFrom( address from, address to, uint value) returns (bool ok);
    ^-----------------------------------------------------------------------------^
/sb/0x663e4229142a27f00bafb5d087e1e730648314c3.sol:17:5: Warning: No visibility specified. Defaulting to "public". 
    function approve( address spender, uint value ) returns (bool ok);
    ^----------------------------------------------------------------^
/sb/0x663e4229142a27f00bafb5d087e1e730648314c3.sol:35:3: Warning: No visibility specified. Defaulting to "public". 
  function Ownable() {
  ^ (Relevant source part starts here and spans across multiple lines).
/sb/0x663e4229142a27f00bafb5d087e1e730648314c3.sol:53:3: Warning: No visibility specified. Defaulting to "public". 
  function transferOwnership(address newOwner) onlyOwner {
  ^ (Relevant source part starts here and spans across multiple lines).
/sb/0x663e4229142a27f00bafb5d087e1e730648314c3.sol:1131:31: Warning: "block.blockhash()" has been deprecated in favor of "blockhash()"
        if (uint256(keccak256(block.blockhash(block.number - 2), now)) % 100 < probability) {
                              ^-------------^
/sb/0x663e4229142a27f00bafb5d087e1e730648314c3.sol:1442:3: Warning: No visibility specified. Defaulting to "public". 
  function pause() onlyOwner whenNotPaused returns (bool) {
  ^ (Relevant source part starts here and spans across multiple lines).
/sb/0x663e4229142a27f00bafb5d087e1e730648314c3.sol:1451:3: Warning: No visibility specified. Defaulting to "public". 
  function unpause() onlyOwner whenPaused returns (bool) {
  ^ (Relevant source part starts here and spans across multiple lines).
/sb/0x663e4229142a27f00bafb5d087e1e730648314c3.sol:1496:9: Warning: Unused local variable.
        bool res = nftAddress.send(this.balance);
        ^------^
/sb/0x663e4229142a27f00bafb5d087e1e730648314c3.sol:1808:35: Warning: "block.blockhash()" has been deprecated in favor of "blockhash()"
        bytes32 bHash = keccak256(block.blockhash(block.number),block.blockhash(block.number-1));
                                  ^-------------^
/sb/0x663e4229142a27f00bafb5d087e1e730648314c3.sol:1808:65: Warning: "block.blockhash()" has been deprecated in favor of "blockhash()"
        bytes32 bHash = keccak256(block.blockhash(block.number),block.blockhash(block.number-1));
                                                                ^-------------^
/sb/0x663e4229142a27f00bafb5d087e1e730648314c3.sol:1927:18: Warning: Unused function parameter. Remove or comment out the variable name to silence this warning.
    function bid(uint256 _tokenId)
                 ^--------------^
/sb/0x663e4229142a27f00bafb5d087e1e730648314c3.sol:1939:9: Warning: Unused local variable.
        address seller = tokenIdToAuction[_tokenId].seller;
        ^------------^
/sb/0x663e4229142a27f00bafb5d087e1e730648314c3.sol:1942:9: Warning: Unused local variable.
        uint256 price = _bidERC20(_erc20address,msg.sender,_tokenId, _amount);
        ^-----------^
/sb/0x663e4229142a27f00bafb5d087e1e730648314c3.sol:1958:88: Warning: Unused function parameter. Remove or comment out the variable name to silence this warning.
    function withdrawERC20Balance(address _erc20Address, address _to) external returns(bool res)  {
                                                                                       ^------^
/sb/0x663e4229142a27f00bafb5d087e1e730648314c3.sol:516:5: Warning: Function state mutability can be restricted to pure
    function getMetadata(uint256 _tokenId, string) public view returns (bytes32[4] buffer, uint256 count) {
    ^ (Relevant source part starts here and spans across multiple lines).
/sb/0x663e4229142a27f00bafb5d087e1e730648314c3.sol:747:5: Warning: Function state mutability can be restricted to pure
    function _memcpy(uint _dest, uint _src, uint _len) private view {
    ^ (Relevant source part starts here and spans across multiple lines).
/sb/0x663e4229142a27f00bafb5d087e1e730648314c3.sol:990:5: Warning: Function state mutability can be restricted to view
    function _exchangeMatronSireId(uint256 _matronId, uint256 _sireId) internal returns(uint256, uint256) {
    ^ (Relevant source part starts here and spans across multiple lines).

INFO:Detectors:[91m
Reentrancy in PandaAuction.bidOnSiringAuction (/sb/0x663e4229142a27f00bafb5d087e1e730648314c3.sol#2166-2186):
	External calls:
	- require(bool)(_canBreedWithViaAuction(_matronId,_sireId)) (/sb/0x663e4229142a27f00bafb5d087e1e730648314c3.sol#2177)
	- currentPrice = siringAuction.getCurrentPrice(_sireId) (/sb/0x663e4229142a27f00bafb5d087e1e730648314c3.sol#2180)
	- siringAuction.bid.value(msg.value - autoBirthFee)(_sireId) (/sb/0x663e4229142a27f00bafb5d087e1e730648314c3.sol#2184)
	- _breedWith(uint32(_matronId),uint32(_sireId),msg.sender) (/sb/0x663e4229142a27f00bafb5d087e1e730648314c3.sol#2185)
	External calls sending eth:
	- siringAuction.bid.value(msg.value - autoBirthFee)(_sireId) (/sb/0x663e4229142a27f00bafb5d087e1e730648314c3.sol#2184)
	State variables written after the call(s):
	- pandas (/sb/0x663e4229142a27f00bafb5d087e1e730648314c3.sol#2185)
Reentrancy in PandaBreeding.giveBirth (/sb/0x663e4229142a27f00bafb5d087e1e730648314c3.sol#1091-1158):
	External calls:
	- probability = (geneScience.getPureFromGene(matron.genes) + geneScience.getPureFromGene(sire.genes)) / 2 + _factors[0] (/sb/0x663e4229142a27f00bafb5d087e1e730648314c3.sol#1122)
	- kittenId = _createPanda(_matronId,matron.siringWithId,parentGen + 1,childGenes,owner) (/sb/0x663e4229142a27f00bafb5d087e1e730648314c3.sol#1134)
	External calls sending eth:
	- msg.sender.send(autoBirthFee) (/sb/0x663e4229142a27f00bafb5d087e1e730648314c3.sol#1152)
	State variables written after the call(s):
	- childOwner (/sb/0x663e4229142a27f00bafb5d087e1e730648314c3.sol#1154)
Reference: https://github.com/trailofbits/slither/wiki/Detectors-Documentation#reentrancy-vulnerabilities[0m
INFO:Detectors:[93m
PandaOwnership._memcpy (/sb/0x663e4229142a27f00bafb5d087e1e730648314c3.sol#747-764) is declared view but contains assembly code
PandaOwnership._toString (/sb/0x663e4229142a27f00bafb5d087e1e730648314c3.sol#769-782) is declared view but contains assembly code
Reference: https://github.com/trailofbits/slither/wiki/Detectors-Documentation#constant-functions-changing-the-state[0m
INFO:Detectors:[93m
ERC721 (/sb/0x663e4229142a27f00bafb5d087e1e730648314c3.sol#63-84) has incorrect ERC20 function interface(s):
	-approve (/sb/0x663e4229142a27f00bafb5d087e1e730648314c3.sol#68)
	-transfer (/sb/0x663e4229142a27f00bafb5d087e1e730648314c3.sol#69)
	-transferFrom (/sb/0x663e4229142a27f00bafb5d087e1e730648314c3.sol#70)
PandaOwnership (/sb/0x663e4229142a27f00bafb5d087e1e730648314c3.sol#544-784) has incorrect ERC20 function interface(s):
	-approve (/sb/0x663e4229142a27f00bafb5d087e1e730648314c3.sol#648-663)
	-transfer (/sb/0x663e4229142a27f00bafb5d087e1e730648314c3.sol#616-640)
	-transferFrom (/sb/0x663e4229142a27f00bafb5d087e1e730648314c3.sol#672-692)
Reference: https://github.com/trailofbits/slither/wiki/Detectors-Documentation#incorrect-erc20-interface[0m
INFO:Detectors:[93m
SaleClockAuction.bid (/sb/0x663e4229142a27f00bafb5d087e1e730648314c3.sol#1776-1791) uses a dangerous strict equality:
	- isGen0 == 1
Reference: https://github.com/trailofbits/slither/wiki/Detectors-Documentation#dangerous-strict-equalities[0m
INFO:Detectors:[93m
Reentrancy in PandaBreeding._breedWith (/sb/0x663e4229142a27f00bafb5d087e1e730648314c3.sol#1000-1026):
	External calls:
	- (_matronId,_sireId) = _exchangeMatronSireId(_matronId,_sireId) (/sb/0x663e4229142a27f00bafb5d087e1e730648314c3.sol#1002)
	State variables written after the call(s):
	- pandas (/sb/0x663e4229142a27f00bafb5d087e1e730648314c3.sol#1008)
Reentrancy in PandaBase._createPanda (/sb/0x663e4229142a27f00bafb5d087e1e730648314c3.sol#416-504):
	External calls:
	- pureDegree = uint16(geneScience.getPureFromGene(_genes)) (/sb/0x663e4229142a27f00bafb5d087e1e730648314c3.sol#439)
	- _tp = geneScience.getWizzType(_genes) (/sb/0x663e4229142a27f00bafb5d087e1e730648314c3.sol#453)
	- _genes = geneScience.clearWizzType(_genes) (/sb/0x663e4229142a27f00bafb5d087e1e730648314c3.sol#455)
	State variables written after the call(s):
	- pandas (/sb/0x663e4229142a27f00bafb5d087e1e730648314c3.sol#484)
	- wizzPandaCount (/sb/0x663e4229142a27f00bafb5d087e1e730648314c3.sol#465)
Reentrancy in SaleClockAuctionERC20.bidERC20 (/sb/0x663e4229142a27f00bafb5d087e1e730648314c3.sol#1935-1945):
	External calls:
	- price = _bidERC20(_erc20address,msg.sender,_tokenId,_amount) (/sb/0x663e4229142a27f00bafb5d087e1e730648314c3.sol#1942)
	- _transfer(msg.sender,_tokenId) (/sb/0x663e4229142a27f00bafb5d087e1e730648314c3.sol#1943)
	State variables written after the call(s):
	- tokenIdToErc20Address (/sb/0x663e4229142a27f00bafb5d087e1e730648314c3.sol#1944)
Reentrancy in PandaBreeding.breedWithAuto (/sb/0x663e4229142a27f00bafb5d087e1e730648314c3.sol#1033-1081):
	External calls:
	- require(bool)(_isValidMatingPair(matron,_matronId,sire,_sireId)) (/sb/0x663e4229142a27f00bafb5d087e1e730648314c3.sol#1072-1077)
	- _breedWith(_matronId,_sireId,msg.sender) (/sb/0x663e4229142a27f00bafb5d087e1e730648314c3.sol#1080)
	State variables written after the call(s):
	- pandas (/sb/0x663e4229142a27f00bafb5d087e1e730648314c3.sol#1080)
	- sireAllowedToAddress (/sb/0x663e4229142a27f00bafb5d087e1e730648314c3.sol#1080)
Reentrancy in PandaBreeding.giveBirth (/sb/0x663e4229142a27f00bafb5d087e1e730648314c3.sol#1091-1158):
	External calls:
	- probability = (geneScience.getPureFromGene(matron.genes) + geneScience.getPureFromGene(sire.genes)) / 2 + _factors[0] (/sb/0x663e4229142a27f00bafb5d087e1e730648314c3.sol#1122)
	- kittenId = _createPanda(_matronId,matron.siringWithId,parentGen + 1,childGenes,owner) (/sb/0x663e4229142a27f00bafb5d087e1e730648314c3.sol#1134)
	State variables written after the call(s):
	- pandas (/sb/0x663e4229142a27f00bafb5d087e1e730648314c3.sol#1134)
Reference: https://github.com/trailofbits/slither/wiki/Detectors-Documentation#reentrancy-vulnerabilities-1[0m
INFO:Detectors:[93m
SaleClockAuctionERC20.withdrawERC20Balance (/sb/0x663e4229142a27f00bafb5d087e1e730648314c3.sol#1958-1962) does not use the value returned by external calls:
	-ERC20(_erc20Address).transfer(_to,balances[_erc20Address]) (/sb/0x663e4229142a27f00bafb5d087e1e730648314c3.sol#1961)
PandaAuction.withdrawERC20Balance (/sb/0x663e4229142a27f00bafb5d087e1e730648314c3.sol#2197-2200) does not use the value returned by external calls:
	-saleAuctionERC20.withdrawERC20Balance(_erc20Address,_to) (/sb/0x663e4229142a27f00bafb5d087e1e730648314c3.sol#2199)
Reference: https://github.com/trailofbits/slither/wiki/Detectors-Documentation#unused-return[0m
INFO:Detectors:[92m
Reentrancy in ClockAuction.ClockAuction (/sb/0x663e4229142a27f00bafb5d087e1e730648314c3.sol#1474-1481):
	External calls:
	- require(bool)(candidateContract.supportsInterface(InterfaceSignature_ERC721)) (/sb/0x663e4229142a27f00bafb5d087e1e730648314c3.sol#1479)
	State variables written after the call(s):
	- nonFungibleContract (/sb/0x663e4229142a27f00bafb5d087e1e730648314c3.sol#1480)
Reentrancy in SaleClockAuctionERC20._bidERC20 (/sb/0x663e4229142a27f00bafb5d087e1e730648314c3.sol#1966-2016):
	External calls:
	- require(bool)(ERC20(_erc20Address).transferFrom(_buyerAddress,seller,sellerProceeds)) (/sb/0x663e4229142a27f00bafb5d087e1e730648314c3.sol#2005)
	- require(bool)(ERC20(_erc20Address).transferFrom(_buyerAddress,address(this),auctioneerCut)) (/sb/0x663e4229142a27f00bafb5d087e1e730648314c3.sol#2007)
	State variables written after the call(s):
	- balances (/sb/0x663e4229142a27f00bafb5d087e1e730648314c3.sol#2008)
Reentrancy in PandaBreeding._breedWith (/sb/0x663e4229142a27f00bafb5d087e1e730648314c3.sol#1000-1026):
	External calls:
	- (_matronId,_sireId) = _exchangeMatronSireId(_matronId,_sireId) (/sb/0x663e4229142a27f00bafb5d087e1e730648314c3.sol#1002)
	- _triggerCooldown(sire) (/sb/0x663e4229142a27f00bafb5d087e1e730648314c3.sol#1011)
	- _triggerCooldown(matron) (/sb/0x663e4229142a27f00bafb5d087e1e730648314c3.sol#1012)
	State variables written after the call(s):
	- childOwner (/sb/0x663e4229142a27f00bafb5d087e1e730648314c3.sol#1022)
	- pregnantPandas (/sb/0x663e4229142a27f00bafb5d087e1e730648314c3.sol#1020)
	- sireAllowedToAddress (/sb/0x663e4229142a27f00bafb5d087e1e730648314c3.sol#1016)
	- sireAllowedToAddress (/sb/0x663e4229142a27f00bafb5d087e1e730648314c3.sol#1017)
Reentrancy in PandaBase._createPanda (/sb/0x663e4229142a27f00bafb5d087e1e730648314c3.sol#416-504):
	External calls:
	- pureDegree = uint16(geneScience.getPureFromGene(_genes)) (/sb/0x663e4229142a27f00bafb5d087e1e730648314c3.sol#439)
	- _tp = geneScience.getWizzType(_genes) (/sb/0x663e4229142a27f00bafb5d087e1e730648314c3.sol#453)
	- _genes = geneScience.clearWizzType(_genes) (/sb/0x663e4229142a27f00bafb5d087e1e730648314c3.sol#455)
	State variables written after the call(s):
	- gen0CreatedCount (/sb/0x663e4229142a27f00bafb5d087e1e730648314c3.sol#470)
	- ownershipTokenCount (/sb/0x663e4229142a27f00bafb5d087e1e730648314c3.sol#501)
	- pandaIndexToApproved (/sb/0x663e4229142a27f00bafb5d087e1e730648314c3.sol#501)
	- pandaIndexToOwner (/sb/0x663e4229142a27f00bafb5d087e1e730648314c3.sol#501)
	- sireAllowedToAddress (/sb/0x663e4229142a27f00bafb5d087e1e730648314c3.sol#501)
Reentrancy in SaleClockAuction.bid (/sb/0x663e4229142a27f00bafb5d087e1e730648314c3.sol#1776-1791):
	External calls:
	- _transfer(msg.sender,_tokenId) (/sb/0x663e4229142a27f00bafb5d087e1e730648314c3.sol#1783)
	External calls sending eth:
	- price = _bid(_tokenId,msg.value) (/sb/0x663e4229142a27f00bafb5d087e1e730648314c3.sol#1782)
	State variables written after the call(s):
	- gen0SaleCount (/sb/0x663e4229142a27f00bafb5d087e1e730648314c3.sol#1789)
	- lastGen0SalePrices (/sb/0x663e4229142a27f00bafb5d087e1e730648314c3.sol#1788)
Reentrancy in PandaAuction.bidOnSiringAuction (/sb/0x663e4229142a27f00bafb5d087e1e730648314c3.sol#2166-2186):
	External calls:
	- require(bool)(_canBreedWithViaAuction(_matronId,_sireId)) (/sb/0x663e4229142a27f00bafb5d087e1e730648314c3.sol#2177)
	- currentPrice = siringAuction.getCurrentPrice(_sireId) (/sb/0x663e4229142a27f00bafb5d087e1e730648314c3.sol#2180)
	- siringAuction.bid.value(msg.value - autoBirthFee)(_sireId) (/sb/0x663e4229142a27f00bafb5d087e1e730648314c3.sol#2184)
	- _breedWith(uint32(_matronId),uint32(_sireId),msg.sender) (/sb/0x663e4229142a27f00bafb5d087e1e730648314c3.sol#2185)
	External calls sending eth:
	- siringAuction.bid.value(msg.value - autoBirthFee)(_sireId) (/sb/0x663e4229142a27f00bafb5d087e1e730648314c3.sol#2184)
	State variables written after the call(s):
	- childOwner (/sb/0x663e4229142a27f00bafb5d087e1e730648314c3.sol#2185)
Reentrancy in PandaBreeding.breedWithAuto (/sb/0x663e4229142a27f00bafb5d087e1e730648314c3.sol#1033-1081):
	External calls:
	- require(bool)(_isValidMatingPair(matron,_matronId,sire,_sireId)) (/sb/0x663e4229142a27f00bafb5d087e1e730648314c3.sol#1072-1077)
	- _breedWith(_matronId,_sireId,msg.sender) (/sb/0x663e4229142a27f00bafb5d087e1e730648314c3.sol#1080)
	State variables written after the call(s):
	- childOwner (/sb/0x663e4229142a27f00bafb5d087e1e730648314c3.sol#1080)
Reentrancy in SaleClockAuctionERC20.cancelAuction (/sb/0x663e4229142a27f00bafb5d087e1e730648314c3.sol#1947-1956):
	External calls:
	- _cancelAuction(_tokenId,seller) (/sb/0x663e4229142a27f00bafb5d087e1e730648314c3.sol#1954)
	State variables written after the call(s):
	- tokenIdToErc20Address (/sb/0x663e4229142a27f00bafb5d087e1e730648314c3.sol#1955)
Reentrancy in ClockAuction.createAuction (/sb/0x663e4229142a27f00bafb5d087e1e730648314c3.sol#1506-1533):
	External calls:
	- require(bool)(_owns(msg.sender,_tokenId)) (/sb/0x663e4229142a27f00bafb5d087e1e730648314c3.sol#1522)
	- _escrow(msg.sender,_tokenId) (/sb/0x663e4229142a27f00bafb5d087e1e730648314c3.sol#1523)
	State variables written after the call(s):
	- tokenIdToAuction (/sb/0x663e4229142a27f00bafb5d087e1e730648314c3.sol#1532)
Reentrancy in SiringClockAuction.createAuction (/sb/0x663e4229142a27f00bafb5d087e1e730648314c3.sol#1637-1663):
	External calls:
	- _escrow(_seller,_tokenId) (/sb/0x663e4229142a27f00bafb5d087e1e730648314c3.sol#1653)
	State variables written after the call(s):
	- tokenIdToAuction (/sb/0x663e4229142a27f00bafb5d087e1e730648314c3.sol#1662)
Reentrancy in SaleClockAuction.createAuction (/sb/0x663e4229142a27f00bafb5d087e1e730648314c3.sol#1718-1744):
	External calls:
	- _escrow(_seller,_tokenId) (/sb/0x663e4229142a27f00bafb5d087e1e730648314c3.sol#1734)
	State variables written after the call(s):
	- tokenIdToAuction (/sb/0x663e4229142a27f00bafb5d087e1e730648314c3.sol#1743)
Reentrancy in SaleClockAuctionERC20.createAuction (/sb/0x663e4229142a27f00bafb5d087e1e730648314c3.sol#1874-1905):
	External calls:
	- _escrow(_seller,_tokenId) (/sb/0x663e4229142a27f00bafb5d087e1e730648314c3.sol#1894)
	State variables written after the call(s):
	- tokenIdToAuction (/sb/0x663e4229142a27f00bafb5d087e1e730648314c3.sol#1903)
	- tokenIdToErc20Address (/sb/0x663e4229142a27f00bafb5d087e1e730648314c3.sol#1904)
Reentrancy in SaleClockAuction.createGen0Auction (/sb/0x663e4229142a27f00bafb5d087e1e730648314c3.sol#1746-1772):
	External calls:
	- _escrow(_seller,_tokenId) (/sb/0x663e4229142a27f00bafb5d087e1e730648314c3.sol#1762)
	State variables written after the call(s):
	- tokenIdToAuction (/sb/0x663e4229142a27f00bafb5d087e1e730648314c3.sol#1771)
Reentrancy in PandaBreeding.giveBirth (/sb/0x663e4229142a27f00bafb5d087e1e730648314c3.sol#1091-1158):
	External calls:
	- probability = (geneScience.getPureFromGene(matron.genes) + geneScience.getPureFromGene(sire.genes)) / 2 + _factors[0] (/sb/0x663e4229142a27f00bafb5d087e1e730648314c3.sol#1122)
	- kittenId = _createPanda(_matronId,matron.siringWithId,parentGen + 1,childGenes,owner) (/sb/0x663e4229142a27f00bafb5d087e1e730648314c3.sol#1134)
	State variables written after the call(s):
	- pandaIndexToOwner (/sb/0x663e4229142a27f00bafb5d087e1e730648314c3.sol#1134)
	- pregnantPandas (/sb/0x663e4229142a27f00bafb5d087e1e730648314c3.sol#1148)
Reentrancy in PandaBreeding.setGeneScienceAddress (/sb/0x663e4229142a27f00bafb5d087e1e730648314c3.sol#815-823):
	External calls:
	- require(bool)(candidateContract.isGeneScience()) (/sb/0x663e4229142a27f00bafb5d087e1e730648314c3.sol#819)
	State variables written after the call(s):
	- geneScience (/sb/0x663e4229142a27f00bafb5d087e1e730648314c3.sol#822)
Reentrancy in PandaAuction.setSaleAuctionAddress (/sb/0x663e4229142a27f00bafb5d087e1e730648314c3.sol#2032-2040):
	External calls:
	- require(bool)(candidateContract.isSaleClockAuction()) (/sb/0x663e4229142a27f00bafb5d087e1e730648314c3.sol#2036)
	State variables written after the call(s):
	- saleAuction (/sb/0x663e4229142a27f00bafb5d087e1e730648314c3.sol#2039)
Reentrancy in PandaAuction.setSaleAuctionERC20Address (/sb/0x663e4229142a27f00bafb5d087e1e730648314c3.sol#2042-2050):
	External calls:
	- require(bool)(candidateContract.isSaleClockAuctionERC20()) (/sb/0x663e4229142a27f00bafb5d087e1e730648314c3.sol#2046)
	State variables written after the call(s):
	- saleAuctionERC20 (/sb/0x663e4229142a27f00bafb5d087e1e730648314c3.sol#2049)
Reentrancy in PandaAuction.setSiringAuctionAddress (/sb/0x663e4229142a27f00bafb5d087e1e730648314c3.sol#2054-2062):
	External calls:
	- require(bool)(candidateContract.isSiringClockAuction()) (/sb/0x663e4229142a27f00bafb5d087e1e730648314c3.sol#2058)
	State variables written after the call(s):
	- siringAuction (/sb/0x663e4229142a27f00bafb5d087e1e730648314c3.sol#2061)
Reference: https://github.com/trailofbits/slither/wiki/Detectors-Documentation#reentrancy-vulnerabilities-2[0m
INFO:Detectors:[92m
PandaOwnership._memcpy uses assembly (/sb/0x663e4229142a27f00bafb5d087e1e730648314c3.sol#747-764)
	- /sb/0x663e4229142a27f00bafb5d087e1e730648314c3.sol#750-753
	- /sb/0x663e4229142a27f00bafb5d087e1e730648314c3.sol#759-764
PandaOwnership._toString uses assembly (/sb/0x663e4229142a27f00bafb5d087e1e730648314c3.sol#769-782)
	- /sb/0x663e4229142a27f00bafb5d087e1e730648314c3.sol#774-779
Reference: https://github.com/trailofbits/slither/wiki/Detectors-Documentation#assembly-usage[0m
INFO:Detectors:[92m
SaleClockAuction.isSaleClockAuction should be constant (/sb/0x663e4229142a27f00bafb5d087e1e730648314c3.sol#1693)
SaleClockAuctionERC20.isSaleClockAuctionERC20 should be constant (/sb/0x663e4229142a27f00bafb5d087e1e730648314c3.sol#1849)
SiringClockAuction.isSiringClockAuction should be constant (/sb/0x663e4229142a27f00bafb5d087e1e730648314c3.sol#1624)
Reference: https://github.com/trailofbits/slither/wiki/Detectors-Documentation#state-variables-that-could-be-declared-constant[0m
INFO:Detectors:[92m
Deprecated standard detected @ /sb/0x663e4229142a27f00bafb5d087e1e730648314c3.sol#1131-1137:
	- Usage of "block.blockhash()" should be replaced with "blockhash()"
Deprecated standard detected @ /sb/0x663e4229142a27f00bafb5d087e1e730648314c3.sol#1808:
	- Usage of "block.blockhash()" should be replaced with "blockhash()"
Reference: https://github.com/trailofbits/slither/wiki/Detectors-Documentation#deprecated-standards[0m
INFO:Detectors:[92m
ERC20.totalSupply (/sb/0x663e4229142a27f00bafb5d087e1e730648314c3.sol#11) should be declared external
ERC20.balanceOf (/sb/0x663e4229142a27f00bafb5d087e1e730648314c3.sol#12) should be declared external
ERC20.allowance (/sb/0x663e4229142a27f00bafb5d087e1e730648314c3.sol#13) should be declared external
ERC20.transfer (/sb/0x663e4229142a27f00bafb5d087e1e730648314c3.sol#15) should be declared external
ERC20.transferFrom (/sb/0x663e4229142a27f00bafb5d087e1e730648314c3.sol#16) should be declared external
ERC20.approve (/sb/0x663e4229142a27f00bafb5d087e1e730648314c3.sol#17) should be declared external
Ownable.transferOwnership (/sb/0x663e4229142a27f00bafb5d087e1e730648314c3.sol#53-57) should be declared external
GeneScienceInterface.isGeneScience (/sb/0x663e4229142a27f00bafb5d087e1e730648314c3.sol#88) should be declared external
GeneScienceInterface.mixGenes (/sb/0x663e4229142a27f00bafb5d087e1e730648314c3.sol#94) should be declared external
GeneScienceInterface.getPureFromGene (/sb/0x663e4229142a27f00bafb5d087e1e730648314c3.sol#96) should be declared external
GeneScienceInterface.getSex (/sb/0x663e4229142a27f00bafb5d087e1e730648314c3.sol#99) should be declared external
GeneScienceInterface.getWizzType (/sb/0x663e4229142a27f00bafb5d087e1e730648314c3.sol#102) should be declared external
GeneScienceInterface.clearWizzType (/sb/0x663e4229142a27f00bafb5d087e1e730648314c3.sol#104) should be declared external
ERC721Metadata.getMetadata (/sb/0x663e4229142a27f00bafb5d087e1e730648314c3.sol#516-531) should be declared external
Pausable.pause (/sb/0x663e4229142a27f00bafb5d087e1e730648314c3.sol#1442-1446) should be declared external
Pausable.unpause (/sb/0x663e4229142a27f00bafb5d087e1e730648314c3.sol#1451-1455) should be declared external
Reference: https://github.com/trailofbits/slither/wiki/Detectors-Documentation#public-function-that-could-be-declared-as-external[0m
INFO:Detectors:[92m
Detected issues with version pragma in /sb/0x663e4229142a27f00bafb5d087e1e730648314c3.sol:
	- pragma solidity^0.4.11 (/sb/0x663e4229142a27f00bafb5d087e1e730648314c3.sol#7): it allows old versions
Reference: https://github.com/trailofbits/slither/wiki/Detectors-Documentation#incorrect-version-of-solidity[0m
INFO:Detectors:[92m
Function 'Ownable.Ownable' (/sb/0x663e4229142a27f00bafb5d087e1e730648314c3.sol#35-37) is not in mixedCase
Parameter '_newCEO' of PandaAccessControl.setCEO (/sb/0x663e4229142a27f00bafb5d087e1e730648314c3.sol#168) is not in mixedCase
Parameter '_newCFO' of PandaAccessControl.setCFO (/sb/0x663e4229142a27f00bafb5d087e1e730648314c3.sol#176) is not in mixedCase
Parameter '_newCOO' of PandaAccessControl.setCOO (/sb/0x663e4229142a27f00bafb5d087e1e730648314c3.sol#184) is not in mixedCase
Parameter '_tp' of PandaBase.getWizzPandaQuotaOf (/sb/0x663e4229142a27f00bafb5d087e1e730648314c3.sol#370) is not in mixedCase
Parameter '_tp' of PandaBase.getWizzPandaCountOf (/sb/0x663e4229142a27f00bafb5d087e1e730648314c3.sol#374) is not in mixedCase
Parameter '_tp' of PandaBase.setTotalWizzPandaOf (/sb/0x663e4229142a27f00bafb5d087e1e730648314c3.sol#378) is not in mixedCase
Parameter '_total' of PandaBase.setTotalWizzPandaOf (/sb/0x663e4229142a27f00bafb5d087e1e730648314c3.sol#378) is not in mixedCase
Parameter '_id' of PandaBase.getWizzTypeOf (/sb/0x663e4229142a27f00bafb5d087e1e730648314c3.sol#384) is not in mixedCase
Function 'PandaBase._transfer' (/sb/0x663e4229142a27f00bafb5d087e1e730648314c3.sol#390-405) is not in mixedCase
Parameter '_from' of PandaBase._transfer (/sb/0x663e4229142a27f00bafb5d087e1e730648314c3.sol#390) is not in mixedCase
Parameter '_to' of PandaBase._transfer (/sb/0x663e4229142a27f00bafb5d087e1e730648314c3.sol#390) is not in mixedCase
Parameter '_tokenId' of PandaBase._transfer (/sb/0x663e4229142a27f00bafb5d087e1e730648314c3.sol#390) is not in mixedCase
Function 'PandaBase._createPanda' (/sb/0x663e4229142a27f00bafb5d087e1e730648314c3.sol#416-504) is not in mixedCase
Parameter '_matronId' of PandaBase._createPanda (/sb/0x663e4229142a27f00bafb5d087e1e730648314c3.sol#417) is not in mixedCase
Parameter '_sireId' of PandaBase._createPanda (/sb/0x663e4229142a27f00bafb5d087e1e730648314c3.sol#418) is not in mixedCase
Parameter '_generation' of PandaBase._createPanda (/sb/0x663e4229142a27f00bafb5d087e1e730648314c3.sol#419) is not in mixedCase
Parameter '_genes' of PandaBase._createPanda (/sb/0x663e4229142a27f00bafb5d087e1e730648314c3.sol#420) is not in mixedCase
Parameter '_owner' of PandaBase._createPanda (/sb/0x663e4229142a27f00bafb5d087e1e730648314c3.sol#421) is not in mixedCase
Parameter '_tokenId' of ERC721Metadata.getMetadata (/sb/0x663e4229142a27f00bafb5d087e1e730648314c3.sol#516) is not in mixedCase
Parameter '' of ERC721Metadata.getMetadata (/sb/0x663e4229142a27f00bafb5d087e1e730648314c3.sol#516) is not in mixedCase
Parameter '_owner' of PandaOwnership.balanceOf (/sb/0x663e4229142a27f00bafb5d087e1e730648314c3.sol#606) is not in mixedCase
Parameter '_tokenId' of PandaOwnership.ownerOf (/sb/0x663e4229142a27f00bafb5d087e1e730648314c3.sol#702) is not in mixedCase
Parameter '_to' of PandaOwnership.approve (/sb/0x663e4229142a27f00bafb5d087e1e730648314c3.sol#649) is not in mixedCase
Parameter '_tokenId' of PandaOwnership.approve (/sb/0x663e4229142a27f00bafb5d087e1e730648314c3.sol#650) is not in mixedCase
Parameter '_to' of PandaOwnership.transfer (/sb/0x663e4229142a27f00bafb5d087e1e730648314c3.sol#617) is not in mixedCase
Parameter '_tokenId' of PandaOwnership.transfer (/sb/0x663e4229142a27f00bafb5d087e1e730648314c3.sol#618) is not in mixedCase
Parameter '_from' of PandaOwnership.transferFrom (/sb/0x663e4229142a27f00bafb5d087e1e730648314c3.sol#673) is not in mixedCase
Parameter '_to' of PandaOwnership.transferFrom (/sb/0x663e4229142a27f00bafb5d087e1e730648314c3.sol#674) is not in mixedCase
Parameter '_tokenId' of PandaOwnership.transferFrom (/sb/0x663e4229142a27f00bafb5d087e1e730648314c3.sol#675) is not in mixedCase
Parameter '_interfaceID' of PandaOwnership.supportsInterface (/sb/0x663e4229142a27f00bafb5d087e1e730648314c3.sol#568) is not in mixedCase
Function 'PandaOwnership._owns' (/sb/0x663e4229142a27f00bafb5d087e1e730648314c3.sol#583-585) is not in mixedCase
Parameter '_claimant' of PandaOwnership._owns (/sb/0x663e4229142a27f00bafb5d087e1e730648314c3.sol#583) is not in mixedCase
Parameter '_tokenId' of PandaOwnership._owns (/sb/0x663e4229142a27f00bafb5d087e1e730648314c3.sol#583) is not in mixedCase
Function 'PandaOwnership._approvedFor' (/sb/0x663e4229142a27f00bafb5d087e1e730648314c3.sol#590-592) is not in mixedCase
Parameter '_claimant' of PandaOwnership._approvedFor (/sb/0x663e4229142a27f00bafb5d087e1e730648314c3.sol#590) is not in mixedCase
Parameter '_tokenId' of PandaOwnership._approvedFor (/sb/0x663e4229142a27f00bafb5d087e1e730648314c3.sol#590) is not in mixedCase
Function 'PandaOwnership._approve' (/sb/0x663e4229142a27f00bafb5d087e1e730648314c3.sol#599-601) is not in mixedCase
Parameter '_tokenId' of PandaOwnership._approve (/sb/0x663e4229142a27f00bafb5d087e1e730648314c3.sol#599) is not in mixedCase
Parameter '_approved' of PandaOwnership._approve (/sb/0x663e4229142a27f00bafb5d087e1e730648314c3.sol#599) is not in mixedCase
Parameter '_owner' of PandaOwnership.tokensOfOwner (/sb/0x663e4229142a27f00bafb5d087e1e730648314c3.sol#718) is not in mixedCase
Function 'PandaOwnership._memcpy' (/sb/0x663e4229142a27f00bafb5d087e1e730648314c3.sol#747-764) is not in mixedCase
Parameter '_dest' of PandaOwnership._memcpy (/sb/0x663e4229142a27f00bafb5d087e1e730648314c3.sol#747) is not in mixedCase
Parameter '_src' of PandaOwnership._memcpy (/sb/0x663e4229142a27f00bafb5d087e1e730648314c3.sol#747) is not in mixedCase
Parameter '_len' of PandaOwnership._memcpy (/sb/0x663e4229142a27f00bafb5d087e1e730648314c3.sol#747) is not in mixedCase
Function 'PandaOwnership._toString' (/sb/0x663e4229142a27f00bafb5d087e1e730648314c3.sol#769-782) is not in mixedCase
Parameter '_stringLength' of PandaOwnership._toString (/sb/0x663e4229142a27f00bafb5d087e1e730648314c3.sol#769) is not in mixedCase
Constant 'PandaOwnership.InterfaceSignature_ERC165' (/sb/0x663e4229142a27f00bafb5d087e1e730648314c3.sol#550-551) is not in UPPER_CASE_WITH_UNDERSCORES
Constant 'PandaOwnership.InterfaceSignature_ERC721' (/sb/0x663e4229142a27f00bafb5d087e1e730648314c3.sol#553-563) is not in UPPER_CASE_WITH_UNDERSCORES
Parameter '_address' of PandaBreeding.setGeneScienceAddress (/sb/0x663e4229142a27f00bafb5d087e1e730648314c3.sol#815) is not in mixedCase
Function 'PandaBreeding._isReadyToBreed' (/sb/0x663e4229142a27f00bafb5d087e1e730648314c3.sol#828-833) is not in mixedCase
Parameter '_kit' of PandaBreeding._isReadyToBreed (/sb/0x663e4229142a27f00bafb5d087e1e730648314c3.sol#828) is not in mixedCase
Function 'PandaBreeding._isSiringPermitted' (/sb/0x663e4229142a27f00bafb5d087e1e730648314c3.sol#838-845) is not in mixedCase
Parameter '_sireId' of PandaBreeding._isSiringPermitted (/sb/0x663e4229142a27f00bafb5d087e1e730648314c3.sol#838) is not in mixedCase
Parameter '_matronId' of PandaBreeding._isSiringPermitted (/sb/0x663e4229142a27f00bafb5d087e1e730648314c3.sol#838) is not in mixedCase
Function 'PandaBreeding._triggerCooldown' (/sb/0x663e4229142a27f00bafb5d087e1e730648314c3.sol#850-861) is not in mixedCase
Parameter '_kitten' of PandaBreeding._triggerCooldown (/sb/0x663e4229142a27f00bafb5d087e1e730648314c3.sol#850) is not in mixedCase
Parameter '_addr' of PandaBreeding.approveSiring (/sb/0x663e4229142a27f00bafb5d087e1e730648314c3.sol#867) is not in mixedCase
Parameter '_sireId' of PandaBreeding.approveSiring (/sb/0x663e4229142a27f00bafb5d087e1e730648314c3.sol#867) is not in mixedCase
Function 'PandaBreeding._isReadyToGiveBirth' (/sb/0x663e4229142a27f00bafb5d087e1e730648314c3.sol#883-885) is not in mixedCase
Parameter '_matron' of PandaBreeding._isReadyToGiveBirth (/sb/0x663e4229142a27f00bafb5d087e1e730648314c3.sol#883) is not in mixedCase
Parameter '_pandaId' of PandaBreeding.isReadyToBreed (/sb/0x663e4229142a27f00bafb5d087e1e730648314c3.sol#890) is not in mixedCase
Parameter '_pandaId' of PandaBreeding.isPregnant (/sb/0x663e4229142a27f00bafb5d087e1e730648314c3.sol#901) is not in mixedCase
Function 'PandaBreeding._isValidMatingPair' (/sb/0x663e4229142a27f00bafb5d087e1e730648314c3.sol#916-959) is not in mixedCase
Parameter '_matron' of PandaBreeding._isValidMatingPair (/sb/0x663e4229142a27f00bafb5d087e1e730648314c3.sol#917) is not in mixedCase
Parameter '_matronId' of PandaBreeding._isValidMatingPair (/sb/0x663e4229142a27f00bafb5d087e1e730648314c3.sol#918) is not in mixedCase
Parameter '_sire' of PandaBreeding._isValidMatingPair (/sb/0x663e4229142a27f00bafb5d087e1e730648314c3.sol#919) is not in mixedCase
Parameter '_sireId' of PandaBreeding._isValidMatingPair (/sb/0x663e4229142a27f00bafb5d087e1e730648314c3.sol#920) is not in mixedCase
Function 'PandaBreeding._canBreedWithViaAuction' (/sb/0x663e4229142a27f00bafb5d087e1e730648314c3.sol#963-970) is not in mixedCase
Parameter '_matronId' of PandaBreeding._canBreedWithViaAuction (/sb/0x663e4229142a27f00bafb5d087e1e730648314c3.sol#963) is not in mixedCase
Parameter '_sireId' of PandaBreeding._canBreedWithViaAuction (/sb/0x663e4229142a27f00bafb5d087e1e730648314c3.sol#963) is not in mixedCase
Parameter '_matronId' of PandaBreeding.canBreedWith (/sb/0x663e4229142a27f00bafb5d087e1e730648314c3.sol#978) is not in mixedCase
Parameter '_sireId' of PandaBreeding.canBreedWith (/sb/0x663e4229142a27f00bafb5d087e1e730648314c3.sol#978) is not in mixedCase
Function 'PandaBreeding._exchangeMatronSireId' (/sb/0x663e4229142a27f00bafb5d087e1e730648314c3.sol#990-996) is not in mixedCase
Parameter '_matronId' of PandaBreeding._exchangeMatronSireId (/sb/0x663e4229142a27f00bafb5d087e1e730648314c3.sol#990) is not in mixedCase
Parameter '_sireId' of PandaBreeding._exchangeMatronSireId (/sb/0x663e4229142a27f00bafb5d087e1e730648314c3.sol#990) is not in mixedCase
Function 'PandaBreeding._breedWith' (/sb/0x663e4229142a27f00bafb5d087e1e730648314c3.sol#1000-1026) is not in mixedCase
Parameter '_matronId' of PandaBreeding._breedWith (/sb/0x663e4229142a27f00bafb5d087e1e730648314c3.sol#1000) is not in mixedCase
Parameter '_sireId' of PandaBreeding._breedWith (/sb/0x663e4229142a27f00bafb5d087e1e730648314c3.sol#1000) is not in mixedCase
Parameter '_owner' of PandaBreeding._breedWith (/sb/0x663e4229142a27f00bafb5d087e1e730648314c3.sol#1000) is not in mixedCase
Parameter '_matronId' of PandaBreeding.breedWithAuto (/sb/0x663e4229142a27f00bafb5d087e1e730648314c3.sol#1033) is not in mixedCase
Parameter '_sireId' of PandaBreeding.breedWithAuto (/sb/0x663e4229142a27f00bafb5d087e1e730648314c3.sol#1033) is not in mixedCase
Parameter '_matronId' of PandaBreeding.giveBirth (/sb/0x663e4229142a27f00bafb5d087e1e730648314c3.sol#1091) is not in mixedCase
Parameter '_childGenes' of PandaBreeding.giveBirth (/sb/0x663e4229142a27f00bafb5d087e1e730648314c3.sol#1091) is not in mixedCase
Parameter '_factors' of PandaBreeding.giveBirth (/sb/0x663e4229142a27f00bafb5d087e1e730648314c3.sol#1091) is not in mixedCase
Function 'ClockAuctionBase._owns' (/sb/0x663e4229142a27f00bafb5d087e1e730648314c3.sol#1204-1206) is not in mixedCase
Parameter '_claimant' of ClockAuctionBase._owns (/sb/0x663e4229142a27f00bafb5d087e1e730648314c3.sol#1204) is not in mixedCase
Parameter '_tokenId' of ClockAuctionBase._owns (/sb/0x663e4229142a27f00bafb5d087e1e730648314c3.sol#1204) is not in mixedCase
Function 'ClockAuctionBase._escrow' (/sb/0x663e4229142a27f00bafb5d087e1e730648314c3.sol#1212-1215) is not in mixedCase
Parameter '_owner' of ClockAuctionBase._escrow (/sb/0x663e4229142a27f00bafb5d087e1e730648314c3.sol#1212) is not in mixedCase
Parameter '_tokenId' of ClockAuctionBase._escrow (/sb/0x663e4229142a27f00bafb5d087e1e730648314c3.sol#1212) is not in mixedCase
Function 'ClockAuctionBase._transfer' (/sb/0x663e4229142a27f00bafb5d087e1e730648314c3.sol#1221-1224) is not in mixedCase
Parameter '_receiver' of ClockAuctionBase._transfer (/sb/0x663e4229142a27f00bafb5d087e1e730648314c3.sol#1221) is not in mixedCase
Parameter '_tokenId' of ClockAuctionBase._transfer (/sb/0x663e4229142a27f00bafb5d087e1e730648314c3.sol#1221) is not in mixedCase
Function 'ClockAuctionBase._addAuction' (/sb/0x663e4229142a27f00bafb5d087e1e730648314c3.sol#1230-1243) is not in mixedCase
Parameter '_tokenId' of ClockAuctionBase._addAuction (/sb/0x663e4229142a27f00bafb5d087e1e730648314c3.sol#1230) is not in mixedCase
Parameter '_auction' of ClockAuctionBase._addAuction (/sb/0x663e4229142a27f00bafb5d087e1e730648314c3.sol#1230) is not in mixedCase
Function 'ClockAuctionBase._cancelAuction' (/sb/0x663e4229142a27f00bafb5d087e1e730648314c3.sol#1246-1250) is not in mixedCase
Parameter '_tokenId' of ClockAuctionBase._cancelAuction (/sb/0x663e4229142a27f00bafb5d087e1e730648314c3.sol#1246) is not in mixedCase
Parameter '_seller' of ClockAuctionBase._cancelAuction (/sb/0x663e4229142a27f00bafb5d087e1e730648314c3.sol#1246) is not in mixedCase
Function 'ClockAuctionBase._bid' (/sb/0x663e4229142a27f00bafb5d087e1e730648314c3.sol#1254-1313) is not in mixedCase
Parameter '_tokenId' of ClockAuctionBase._bid (/sb/0x663e4229142a27f00bafb5d087e1e730648314c3.sol#1254) is not in mixedCase
Parameter '_bidAmount' of ClockAuctionBase._bid (/sb/0x663e4229142a27f00bafb5d087e1e730648314c3.sol#1254) is not in mixedCase
Function 'ClockAuctionBase._removeAuction' (/sb/0x663e4229142a27f00bafb5d087e1e730648314c3.sol#1319-1321) is not in mixedCase
Parameter '_tokenId' of ClockAuctionBase._removeAuction (/sb/0x663e4229142a27f00bafb5d087e1e730648314c3.sol#1319) is not in mixedCase
Function 'ClockAuctionBase._isOnAuction' (/sb/0x663e4229142a27f00bafb5d087e1e730648314c3.sol#1325-1327) is not in mixedCase
Parameter '_auction' of ClockAuctionBase._isOnAuction (/sb/0x663e4229142a27f00bafb5d087e1e730648314c3.sol#1325) is not in mixedCase
Function 'ClockAuctionBase._currentPrice' (/sb/0x663e4229142a27f00bafb5d087e1e730648314c3.sol#1333-1353) is not in mixedCase
Parameter '_auction' of ClockAuctionBase._currentPrice (/sb/0x663e4229142a27f00bafb5d087e1e730648314c3.sol#1333) is not in mixedCase
Function 'ClockAuctionBase._computeCurrentPrice' (/sb/0x663e4229142a27f00bafb5d087e1e730648314c3.sol#1359-1394) is not in mixedCase
Parameter '_startingPrice' of ClockAuctionBase._computeCurrentPrice (/sb/0x663e4229142a27f00bafb5d087e1e730648314c3.sol#1360) is not in mixedCase
Parameter '_endingPrice' of ClockAuctionBase._computeCurrentPrice (/sb/0x663e4229142a27f00bafb5d087e1e730648314c3.sol#1361) is not in mixedCase
Parameter '_duration' of ClockAuctionBase._computeCurrentPrice (/sb/0x663e4229142a27f00bafb5d087e1e730648314c3.sol#1362) is not in mixedCase
Parameter '_secondsPassed' of ClockAuctionBase._computeCurrentPrice (/sb/0x663e4229142a27f00bafb5d087e1e730648314c3.sol#1363) is not in mixedCase
Function 'ClockAuctionBase._computeCut' (/sb/0x663e4229142a27f00bafb5d087e1e730648314c3.sol#1398-1405) is not in mixedCase
Parameter '_price' of ClockAuctionBase._computeCut (/sb/0x663e4229142a27f00bafb5d087e1e730648314c3.sol#1398) is not in mixedCase
Function 'ClockAuction.ClockAuction' (/sb/0x663e4229142a27f00bafb5d087e1e730648314c3.sol#1474-1481) is not in mixedCase
Parameter '_nftAddress' of ClockAuction.ClockAuction (/sb/0x663e4229142a27f00bafb5d087e1e730648314c3.sol#1474) is not in mixedCase
Parameter '_cut' of ClockAuction.ClockAuction (/sb/0x663e4229142a27f00bafb5d087e1e730648314c3.sol#1474) is not in mixedCase
Parameter '_tokenId' of ClockAuction.createAuction (/sb/0x663e4229142a27f00bafb5d087e1e730648314c3.sol#1507) is not in mixedCase
Parameter '_startingPrice' of ClockAuction.createAuction (/sb/0x663e4229142a27f00bafb5d087e1e730648314c3.sol#1508) is not in mixedCase
Parameter '_endingPrice' of ClockAuction.createAuction (/sb/0x663e4229142a27f00bafb5d087e1e730648314c3.sol#1509) is not in mixedCase
Parameter '_duration' of ClockAuction.createAuction (/sb/0x663e4229142a27f00bafb5d087e1e730648314c3.sol#1510) is not in mixedCase
Parameter '_seller' of ClockAuction.createAuction (/sb/0x663e4229142a27f00bafb5d087e1e730648314c3.sol#1511) is not in mixedCase
Parameter '_tokenId' of ClockAuction.bid (/sb/0x663e4229142a27f00bafb5d087e1e730648314c3.sol#1538) is not in mixedCase
Parameter '_tokenId' of ClockAuction.cancelAuction (/sb/0x663e4229142a27f00bafb5d087e1e730648314c3.sol#1553) is not in mixedCase
Parameter '_tokenId' of ClockAuction.cancelAuctionWhenPaused (/sb/0x663e4229142a27f00bafb5d087e1e730648314c3.sol#1567) is not in mixedCase
Parameter '_tokenId' of ClockAuction.getAuction (/sb/0x663e4229142a27f00bafb5d087e1e730648314c3.sol#1579) is not in mixedCase
Parameter '_tokenId' of ClockAuction.getCurrentPrice (/sb/0x663e4229142a27f00bafb5d087e1e730648314c3.sol#1603) is not in mixedCase
Constant 'ClockAuction.InterfaceSignature_ERC721' (/sb/0x663e4229142a27f00bafb5d087e1e730648314c3.sol#1466) is not in UPPER_CASE_WITH_UNDERSCORES
Parameter '_tokenId' of SiringClockAuction.createAuction (/sb/0x663e4229142a27f00bafb5d087e1e730648314c3.sol#1638) is not in mixedCase
Parameter '_startingPrice' of SiringClockAuction.createAuction (/sb/0x663e4229142a27f00bafb5d087e1e730648314c3.sol#1639) is not in mixedCase
Parameter '_endingPrice' of SiringClockAuction.createAuction (/sb/0x663e4229142a27f00bafb5d087e1e730648314c3.sol#1640) is not in mixedCase
Parameter '_duration' of SiringClockAuction.createAuction (/sb/0x663e4229142a27f00bafb5d087e1e730648314c3.sol#1641) is not in mixedCase
Parameter '_seller' of SiringClockAuction.createAuction (/sb/0x663e4229142a27f00bafb5d087e1e730648314c3.sol#1642) is not in mixedCase
Parameter '_tokenId' of SiringClockAuction.bid (/sb/0x663e4229142a27f00bafb5d087e1e730648314c3.sol#1669) is not in mixedCase
Function 'SiringClockAuction.SiringClockAuction' (/sb/0x663e4229142a27f00bafb5d087e1e730648314c3.sol#1627-1628) is not in mixedCase
Parameter '_tokenId' of SaleClockAuction.createAuction (/sb/0x663e4229142a27f00bafb5d087e1e730648314c3.sol#1719) is not in mixedCase
Parameter '_startingPrice' of SaleClockAuction.createAuction (/sb/0x663e4229142a27f00bafb5d087e1e730648314c3.sol#1720) is not in mixedCase
Parameter '_endingPrice' of SaleClockAuction.createAuction (/sb/0x663e4229142a27f00bafb5d087e1e730648314c3.sol#1721) is not in mixedCase
Parameter '_duration' of SaleClockAuction.createAuction (/sb/0x663e4229142a27f00bafb5d087e1e730648314c3.sol#1722) is not in mixedCase
Parameter '_seller' of SaleClockAuction.createAuction (/sb/0x663e4229142a27f00bafb5d087e1e730648314c3.sol#1723) is not in mixedCase
Parameter '_tokenId' of SaleClockAuction.bid (/sb/0x663e4229142a27f00bafb5d087e1e730648314c3.sol#1776) is not in mixedCase
Function 'SaleClockAuction.SaleClockAuction' (/sb/0x663e4229142a27f00bafb5d087e1e730648314c3.sol#1706-1710) is not in mixedCase
Parameter '_tokenId' of SaleClockAuction.createGen0Auction (/sb/0x663e4229142a27f00bafb5d087e1e730648314c3.sol#1747) is not in mixedCase
Parameter '_startingPrice' of SaleClockAuction.createGen0Auction (/sb/0x663e4229142a27f00bafb5d087e1e730648314c3.sol#1748) is not in mixedCase
Parameter '_endingPrice' of SaleClockAuction.createGen0Auction (/sb/0x663e4229142a27f00bafb5d087e1e730648314c3.sol#1749) is not in mixedCase
Parameter '_duration' of SaleClockAuction.createGen0Auction (/sb/0x663e4229142a27f00bafb5d087e1e730648314c3.sol#1750) is not in mixedCase
Parameter '_seller' of SaleClockAuction.createGen0Auction (/sb/0x663e4229142a27f00bafb5d087e1e730648314c3.sol#1751) is not in mixedCase
Parameter '_tokenId' of SaleClockAuction.createPanda (/sb/0x663e4229142a27f00bafb5d087e1e730648314c3.sol#1793) is not in mixedCase
Parameter '_type' of SaleClockAuction.createPanda (/sb/0x663e4229142a27f00bafb5d087e1e730648314c3.sol#1793) is not in mixedCase
Constant 'SaleClockAuction.SurpriseValue' (/sb/0x663e4229142a27f00bafb5d087e1e730648314c3.sol#1698) is not in UPPER_CASE_WITH_UNDERSCORES
Variable 'SaleClockAuction.CommonPanda' (/sb/0x663e4229142a27f00bafb5d087e1e730648314c3.sol#1700) is not in mixedCase
Variable 'SaleClockAuction.RarePanda' (/sb/0x663e4229142a27f00bafb5d087e1e730648314c3.sol#1701) is not in mixedCase
Variable 'SaleClockAuction.CommonPandaIndex' (/sb/0x663e4229142a27f00bafb5d087e1e730648314c3.sol#1702) is not in mixedCase
Variable 'SaleClockAuction.RarePandaIndex' (/sb/0x663e4229142a27f00bafb5d087e1e730648314c3.sol#1703) is not in mixedCase
Parameter '_tokenId' of SaleClockAuctionERC20.cancelAuction (/sb/0x663e4229142a27f00bafb5d087e1e730648314c3.sol#1947) is not in mixedCase
Function 'SaleClockAuctionERC20.SaleClockAuctionERC20' (/sb/0x663e4229142a27f00bafb5d087e1e730648314c3.sol#1858-1859) is not in mixedCase
Parameter '_erc20address' of SaleClockAuctionERC20.erc20ContractSwitch (/sb/0x663e4229142a27f00bafb5d087e1e730648314c3.sol#1861) is not in mixedCase
Parameter '_onoff' of SaleClockAuctionERC20.erc20ContractSwitch (/sb/0x663e4229142a27f00bafb5d087e1e730648314c3.sol#1861) is not in mixedCase
Parameter '_tokenId' of SaleClockAuctionERC20.createAuction (/sb/0x663e4229142a27f00bafb5d087e1e730648314c3.sol#1875) is not in mixedCase
Parameter '_erc20Address' of SaleClockAuctionERC20.createAuction (/sb/0x663e4229142a27f00bafb5d087e1e730648314c3.sol#1876) is not in mixedCase
Parameter '_startingPrice' of SaleClockAuctionERC20.createAuction (/sb/0x663e4229142a27f00bafb5d087e1e730648314c3.sol#1877) is not in mixedCase
Parameter '_endingPrice' of SaleClockAuctionERC20.createAuction (/sb/0x663e4229142a27f00bafb5d087e1e730648314c3.sol#1878) is not in mixedCase
Parameter '_duration' of SaleClockAuctionERC20.createAuction (/sb/0x663e4229142a27f00bafb5d087e1e730648314c3.sol#1879) is not in mixedCase
Parameter '_seller' of SaleClockAuctionERC20.createAuction (/sb/0x663e4229142a27f00bafb5d087e1e730648314c3.sol#1880) is not in mixedCase
Function 'SaleClockAuctionERC20._addAuctionERC20' (/sb/0x663e4229142a27f00bafb5d087e1e730648314c3.sol#1911-1925) is not in mixedCase
Parameter '_tokenId' of SaleClockAuctionERC20._addAuctionERC20 (/sb/0x663e4229142a27f00bafb5d087e1e730648314c3.sol#1911) is not in mixedCase
Parameter '_auction' of SaleClockAuctionERC20._addAuctionERC20 (/sb/0x663e4229142a27f00bafb5d087e1e730648314c3.sol#1911) is not in mixedCase
Parameter '_erc20address' of SaleClockAuctionERC20._addAuctionERC20 (/sb/0x663e4229142a27f00bafb5d087e1e730648314c3.sol#1911) is not in mixedCase
Parameter '_tokenId' of SaleClockAuctionERC20.bidERC20 (/sb/0x663e4229142a27f00bafb5d087e1e730648314c3.sol#1935) is not in mixedCase
Parameter '_amount' of SaleClockAuctionERC20.bidERC20 (/sb/0x663e4229142a27f00bafb5d087e1e730648314c3.sol#1935) is not in mixedCase
Parameter '_erc20Address' of SaleClockAuctionERC20.withdrawERC20Balance (/sb/0x663e4229142a27f00bafb5d087e1e730648314c3.sol#1958) is not in mixedCase
Parameter '_to' of SaleClockAuctionERC20.withdrawERC20Balance (/sb/0x663e4229142a27f00bafb5d087e1e730648314c3.sol#1958) is not in mixedCase
Function 'SaleClockAuctionERC20._bidERC20' (/sb/0x663e4229142a27f00bafb5d087e1e730648314c3.sol#1966-2016) is not in mixedCase
Parameter '_erc20Address' of SaleClockAuctionERC20._bidERC20 (/sb/0x663e4229142a27f00bafb5d087e1e730648314c3.sol#1966) is not in mixedCase
Parameter '_buyerAddress' of SaleClockAuctionERC20._bidERC20 (/sb/0x663e4229142a27f00bafb5d087e1e730648314c3.sol#1966) is not in mixedCase
Parameter '_tokenId' of SaleClockAuctionERC20._bidERC20 (/sb/0x663e4229142a27f00bafb5d087e1e730648314c3.sol#1966) is not in mixedCase
Parameter '_bidAmount' of SaleClockAuctionERC20._bidERC20 (/sb/0x663e4229142a27f00bafb5d087e1e730648314c3.sol#1966) is not in mixedCase
Parameter '_address' of PandaAuction.setSaleAuctionAddress (/sb/0x663e4229142a27f00bafb5d087e1e730648314c3.sol#2032) is not in mixedCase
Parameter '_address' of PandaAuction.setSaleAuctionERC20Address (/sb/0x663e4229142a27f00bafb5d087e1e730648314c3.sol#2042) is not in mixedCase
Parameter '_address' of PandaAuction.setSiringAuctionAddress (/sb/0x663e4229142a27f00bafb5d087e1e730648314c3.sol#2054) is not in mixedCase
Parameter '_pandaId' of PandaAuction.createSaleAuction (/sb/0x663e4229142a27f00bafb5d087e1e730648314c3.sol#2067) is not in mixedCase
Parameter '_startingPrice' of PandaAuction.createSaleAuction (/sb/0x663e4229142a27f00bafb5d087e1e730648314c3.sol#2068) is not in mixedCase
Parameter '_endingPrice' of PandaAuction.createSaleAuction (/sb/0x663e4229142a27f00bafb5d087e1e730648314c3.sol#2069) is not in mixedCase
Parameter '_duration' of PandaAuction.createSaleAuction (/sb/0x663e4229142a27f00bafb5d087e1e730648314c3.sol#2070) is not in mixedCase
Parameter '_pandaId' of PandaAuction.createSaleAuctionERC20 (/sb/0x663e4229142a27f00bafb5d087e1e730648314c3.sol#2098) is not in mixedCase
Parameter '_erc20address' of PandaAuction.createSaleAuctionERC20 (/sb/0x663e4229142a27f00bafb5d087e1e730648314c3.sol#2099) is not in mixedCase
Parameter '_startingPrice' of PandaAuction.createSaleAuctionERC20 (/sb/0x663e4229142a27f00bafb5d087e1e730648314c3.sol#2100) is not in mixedCase
Parameter '_endingPrice' of PandaAuction.createSaleAuctionERC20 (/sb/0x663e4229142a27f00bafb5d087e1e730648314c3.sol#2101) is not in mixedCase
Parameter '_duration' of PandaAuction.createSaleAuctionERC20 (/sb/0x663e4229142a27f00bafb5d087e1e730648314c3.sol#2102) is not in mixedCase
Parameter '_erc20address' of PandaAuction.switchSaleAuctionERC20For (/sb/0x663e4229142a27f00bafb5d087e1e730648314c3.sol#2128) is not in mixedCase
Parameter '_onoff' of PandaAuction.switchSaleAuctionERC20For (/sb/0x663e4229142a27f00bafb5d087e1e730648314c3.sol#2128) is not in mixedCase
Parameter '_pandaId' of PandaAuction.createSiringAuction (/sb/0x663e4229142a27f00bafb5d087e1e730648314c3.sol#2137) is not in mixedCase
Parameter '_startingPrice' of PandaAuction.createSiringAuction (/sb/0x663e4229142a27f00bafb5d087e1e730648314c3.sol#2138) is not in mixedCase
Parameter '_endingPrice' of PandaAuction.createSiringAuction (/sb/0x663e4229142a27f00bafb5d087e1e730648314c3.sol#2139) is not in mixedCase
Parameter '_duration' of PandaAuction.createSiringAuction (/sb/0x663e4229142a27f00bafb5d087e1e730648314c3.sol#2140) is not in mixedCase
Parameter '_sireId' of PandaAuction.bidOnSiringAuction (/sb/0x663e4229142a27f00bafb5d087e1e730648314c3.sol#2167) is not in mixedCase
Parameter '_matronId' of PandaAuction.bidOnSiringAuction (/sb/0x663e4229142a27f00bafb5d087e1e730648314c3.sol#2168) is not in mixedCase
Parameter '_erc20Address' of PandaAuction.withdrawERC20Balance (/sb/0x663e4229142a27f00bafb5d087e1e730648314c3.sol#2197) is not in mixedCase
Parameter '_to' of PandaAuction.withdrawERC20Balance (/sb/0x663e4229142a27f00bafb5d087e1e730648314c3.sol#2197) is not in mixedCase
Parameter '_genes' of PandaMinting.createWizzPanda (/sb/0x663e4229142a27f00bafb5d087e1e730648314c3.sol#2228) is not in mixedCase
Parameter '_generation' of PandaMinting.createWizzPanda (/sb/0x663e4229142a27f00bafb5d087e1e730648314c3.sol#2228) is not in mixedCase
Parameter '_owner' of PandaMinting.createWizzPanda (/sb/0x663e4229142a27f00bafb5d087e1e730648314c3.sol#2228) is not in mixedCase
Parameter '_genes' of PandaMinting.createPanda (/sb/0x663e4229142a27f00bafb5d087e1e730648314c3.sol#2240) is not in mixedCase
Parameter '_generation' of PandaMinting.createPanda (/sb/0x663e4229142a27f00bafb5d087e1e730648314c3.sol#2240) is not in mixedCase
Parameter '_type' of PandaMinting.createPanda (/sb/0x663e4229142a27f00bafb5d087e1e730648314c3.sol#2240) is not in mixedCase
Parameter '_pandaId' of PandaMinting.createGen0Auction (/sb/0x663e4229142a27f00bafb5d087e1e730648314c3.sol#2277) is not in mixedCase
Function 'PandaMinting._computeNextGen0Price' (/sb/0x663e4229142a27f00bafb5d087e1e730648314c3.sol#2294-2308) is not in mixedCase
Function 'PandaCore.PandaCore' (/sb/0x663e4229142a27f00bafb5d087e1e730648314c3.sol#2360-2376) is not in mixedCase
Parameter '_v2Address' of PandaCore.setNewAddress (/sb/0x663e4229142a27f00bafb5d087e1e730648314c3.sol#2395) is not in mixedCase
Parameter '_id' of PandaCore.getPanda (/sb/0x663e4229142a27f00bafb5d087e1e730648314c3.sol#2414) is not in mixedCase
Reference: https://github.com/trailofbits/slither/wiki/Detectors-Documentation#conformance-to-solidity-naming-conventions[0m
INFO:Detectors:[92m
ERC721 (/sb/0x663e4229142a27f00bafb5d087e1e730648314c3.sol#63-84) does not mark important ERC20 parameters as 'indexed':
	-Transfer (/sb/0x663e4229142a27f00bafb5d087e1e730648314c3.sol#73) does not index parameter 'from'
	-Transfer (/sb/0x663e4229142a27f00bafb5d087e1e730648314c3.sol#73) does not index parameter 'to'
	-Approval (/sb/0x663e4229142a27f00bafb5d087e1e730648314c3.sol#74) does not index parameter 'owner'
	-Approval (/sb/0x663e4229142a27f00bafb5d087e1e730648314c3.sol#74) does not index parameter 'approved'
Reference: https://github.com/trailofbits/slither/wiki/Detectors-Documentation#unindexed-erc20-event-parameters[0m
INFO:Slither:/sb/0x663e4229142a27f00bafb5d087e1e730648314c3.sol analyzed (18 contracts), 267 result(s) found
