INFO:Slither:Compilation warnings/errors on /sb/0xe894d54dca59cb53fe9cbc5155093605c7068220.sol:
/sb/0xe894d54dca59cb53fe9cbc5155093605c7068220.sol:17:13: Warning: Return value of low-level calls not used.
            caddress.call(id,from,_tos[i],_value);
            ^-----------------------------------^

INFO:Detectors:[92m
airDrop.transfer has external calls inside a loop:
	- caddress.call(id,from,_tos[i],_value) (/sb/0xe894d54dca59cb53fe9cbc5155093605c7068220.sol#17)
Reference: https://github.com/trailofbits/slither/wiki/Detectors-Documentation/_edit#calls-inside-a-loop[0m
INFO:Detectors:[92m
airDrop.transfer (/sb/0xe894d54dca59cb53fe9cbc5155093605c7068220.sol#11-20) should be declared external
Reference: https://github.com/trailofbits/slither/wiki/Detectors-Documentation#public-function-that-could-be-declared-as-external[0m
INFO:Detectors:[92m
Low level call in airDrop.transfer (/sb/0xe894d54dca59cb53fe9cbc5155093605c7068220.sol#11-20):
	-caddress.call(id,from,_tos[i],_value) /sb/0xe894d54dca59cb53fe9cbc5155093605c7068220.sol#17
Reference: https://github.com/trailofbits/slither/wiki/Detectors-Documentation#low-level-calls[0m
INFO:Detectors:[92m
Contract 'airDrop' (/sb/0xe894d54dca59cb53fe9cbc5155093605c7068220.sol#9-21) is not in CapWords
Parameter '_tos' of airDrop.transfer (/sb/0xe894d54dca59cb53fe9cbc5155093605c7068220.sol#11) is not in mixedCase
Parameter '_decimals' of airDrop.transfer (/sb/0xe894d54dca59cb53fe9cbc5155093605c7068220.sol#11) is not in mixedCase
Reference: https://github.com/trailofbits/slither/wiki/Detectors-Documentation#conformance-to-solidity-naming-conventions[0m
INFO:Slither:/sb/0xe894d54dca59cb53fe9cbc5155093605c7068220.sol analyzed (1 contracts), 6 result(s) found
