2023-01-17 17:43:29,614: [11] m.main:INFO: Registered plugins: IntrospectionAPIPlugin, <class 'manticore.ethereum.plugins.SkipRevertBasicBlocks'>, <class 'manticore.ethereum.plugins.FilterFunctions'>
2023-01-17 17:43:29,614: [11] m.main:INFO: Beginning analysis
2023-01-17 17:43:29,619: [11] m.e.manticore:INFO: Starting symbolic create contract
2023-01-17 17:43:30,317: [11] m.e.manticore:INFO: Starting symbolic transaction: 0
2023-01-17 17:43:35,022: [11] m.e.manticore:INFO: 2 alive states, 2 terminated states
2023-01-17 17:43:35,373: [11] m.e.manticore:INFO: Starting symbolic transaction: 1
2023-01-17 17:43:48,213: [11] m.e.manticore:INFO: 5 alive states, 3 terminated states
2023-01-17 17:43:48,434: [11] m.e.manticore:INFO: Starting symbolic transaction: 2
2023-01-17 17:44:39,156: [11] m.e.manticore:INFO: 14 alive states, 4 terminated states
2023-01-17 17:44:39,876: [118] m.c.manticore:INFO: Generated testcase No. 0 - STOP(4 txs)
2023-01-17 17:44:39,877: [118] m.c.plugin:WARNING: Caught will_solve in state None, but failed to capture its initialization
2023-01-17 17:44:39,991: [115] m.c.manticore:INFO: Generated testcase No. 1 - STOP(4 txs)
2023-01-17 17:44:39,993: [115] m.c.plugin:WARNING: Caught will_solve in state None, but failed to capture its initialization
2023-01-17 17:44:40,212: [117] m.c.manticore:INFO: Generated testcase No. 2 - STOP(4 txs)
2023-01-17 17:44:40,213: [117] m.c.plugin:WARNING: Caught will_solve in state None, but failed to capture its initialization
2023-01-17 17:44:40,392: [125] m.c.manticore:INFO: Generated testcase No. 3 - STOP(4 txs)
2023-01-17 17:44:40,393: [125] m.c.plugin:WARNING: Caught will_solve in state None, but failed to capture its initialization
2023-01-17 17:44:40,537: [116] m.c.manticore:INFO: Generated testcase No. 4 - STOP(4 txs)
2023-01-17 17:44:40,538: [116] m.c.plugin:WARNING: Caught will_solve in state None, but failed to capture its initialization
2023-01-17 17:44:41,066: [120] m.c.manticore:INFO: Generated testcase No. 5 - STOP(4 txs)
2023-01-17 17:44:41,067: [120] m.c.plugin:WARNING: Caught will_solve in state None, but failed to capture its initialization
2023-01-17 17:44:41,210: [123] m.c.manticore:INFO: Generated testcase No. 6 - STOP(4 txs)
2023-01-17 17:44:41,212: [123] m.c.plugin:WARNING: Caught will_solve in state None, but failed to capture its initialization
2023-01-17 17:44:44,188: [118] m.c.manticore:INFO: Generated testcase No. 7 - STOP(4 txs)
2023-01-17 17:44:47,689: [115] m.c.manticore:INFO: Generated testcase No. 8 - STOP(4 txs)
2023-01-17 17:44:50,662: [118] m.c.manticore:INFO: Generated testcase No. 9 - STOP(4 txs)
2023-01-17 17:44:56,139: [120] m.c.manticore:INFO: Generated testcase No. 10 - STOP(4 txs)
2023-01-17 17:44:59,517: [125] m.c.manticore:INFO: Generated testcase No. 11 - STOP(4 txs)
2023-01-17 17:45:02,110: [115] m.c.manticore:INFO: Generated testcase No. 12 - STOP(4 txs)
2023-01-17 17:45:02,940: [120] m.c.manticore:INFO: Generated testcase No. 13 - STOP(4 txs)
2023-01-17 17:45:54,186: [11] m.c.manticore:INFO: Results in /mcore_c1fyc2k2
2023-01-17 17:45:54,187: [11] m.c.manticore:INFO: Total time: 125.62481141090393
