/sb/0x524960d55174d912768678d8c606b4d50b79d7b1.sol
jar:file:/usr/local/lib/node_modules/@smartdec/smartcheck/jdeploy-bundle/smartcheck-2.0-jar-with-dependencies.jar!/solidity-rules.xmlruleId: SOLIDITY_ADDRESS_HARDCODED
patternId: adc165
severity: 1
line: 13
column: 21
content: 0x96a65609a7b84e8842732deb08f56c3e21ac6f8a

ruleId: SOLIDITY_ADDRESS_HARDCODED
patternId: adc165
severity: 1
line: 19
column: 7
content: 0xaa27f8c1160886aacba64b2319d8d5469ef2af79

ruleId: SOLIDITY_PRAGMAS_VERSION
patternId: 23fc32
severity: 1
line: 7
column: 16
content: ^

ruleId: SOLIDITY_UNCHECKED_CALL
patternId: f39eed
severity: 3
line: 21
column: 19
content: call("register","CentraToken")

ruleId: SOLIDITY_UPGRADE_TO_050
patternId: 83k1no
severity: 1
line: 21
column: 19
content: call("register","CentraToken")

ruleId: SOLIDITY_UPGRADE_TO_050
patternId: 83k1no
severity: 1
line: 22
column: 23
content: call(bytes4(keccak256("transfer(address,uint256)")),c2,k)

ruleId: SOLIDITY_VISIBILITY
patternId: 910067
severity: 1
line: 11
column: 1
content: functiontransfer()returns(bool){addresscontract_address;contract_address=0x96a65609a7b84e8842732deb08f56c3e21ac6f8a;addressc1;addressc2;uint256k;k=1;c2=0xaa27f8c1160886aacba64b2319d8d5469ef2af79;contract_address.call("register","CentraToken");if(!contract_address.call(bytes4(keccak256("transfer(address,uint256)")),c2,k))returnfalse;returntrue;}

SOLIDITY_VISIBILITY :1
SOLIDITY_PRAGMAS_VERSION :1
SOLIDITY_ADDRESS_HARDCODED :2
SOLIDITY_UPGRADE_TO_050 :2
SOLIDITY_UNCHECKED_CALL :1
