INFO:Slither:Compilation warnings/errors on /sb/0xb620cee6b52f96f3c6b253e6eea556aa2d214a99.sol:
/sb/0xb620cee6b52f96f3c6b253e6eea556aa2d214a99.sol:87:5: Warning: This declaration shadows an existing declaration.
    uint256 secret = uint256(hash);
    ^------------^
/sb/0xb620cee6b52f96f3c6b253e6eea556aa2d214a99.sol:26:1: The shadowed declaration is here:
uint256 public secret;
^-------------------^

/sb/0xb620cee6b52f96f3c6b253e6eea556aa2d214a99.sol:86:20: Warning: This function only accepts a single "bytes" argument. Please use "abi.encodePacked(...)" or a similar function to encode the data.
    bytes32 hash = keccak256(blockhash(block.number-1));
                   ^----------------------------------^
/sb/0xb620cee6b52f96f3c6b253e6eea556aa2d214a99.sol:86:20: Warning: The provided argument of type bytes32 is not implicitly convertible to expected type bytes memory.
    bytes32 hash = keccak256(blockhash(block.number-1));
                   ^----------------------------------^
/sb/0xb620cee6b52f96f3c6b253e6eea556aa2d214a99.sol:100:2: Warning: Return value of low-level calls not used.
	firstTarget.call.value(msg.value)();
	^---------------------------------^
/sb/0xb620cee6b52f96f3c6b253e6eea556aa2d214a99.sol:106:2: Warning: Return value of low-level calls not used.
	secondTarget.call.value(msg.value)();
	^----------------------------------^
/sb/0xb620cee6b52f96f3c6b253e6eea556aa2d214a99.sol:133:2: Warning: Return value of low-level calls not used.
	owner.call.value(1 wei)();
	^-----------------------^

INFO:Detectors:[93m
DrainMe.unlockSecret (/sb/0xb620cee6b52f96f3c6b253e6eea556aa2d214a99.sol#85-95) uses a dangerous strict equality:
	- secret % 5 == 0
Reference: https://github.com/trailofbits/slither/wiki/Detectors-Documentation#dangerous-strict-equalities[0m
INFO:Detectors:[92m
DrainMe.unlockSecret.secret (local variable @ /sb/0xb620cee6b52f96f3c6b253e6eea556aa2d214a99.sol#87) shadows:
	- DrainMe.secret (state variable @ /sb/0xb620cee6b52f96f3c6b253e6eea556aa2d214a99.sol#26)
Reference: https://github.com/trailofbits/slither/wiki/Detectors-Documentation#local-variable-shadowing[0m
INFO:Detectors:[92m
DrainMe.firstTarget should be constant (/sb/0xb620cee6b52f96f3c6b253e6eea556aa2d214a99.sol#20)
DrainMe.secondTarget should be constant (/sb/0xb620cee6b52f96f3c6b253e6eea556aa2d214a99.sol#21)
Reference: https://github.com/trailofbits/slither/wiki/Detectors-Documentation#state-variables-that-could-be-declared-constant[0m
INFO:Detectors:[92m
DrainMe.DranMe (/sb/0xb620cee6b52f96f3c6b253e6eea556aa2d214a99.sol#32-34) should be declared external
DrainMe.getLength (/sb/0xb620cee6b52f96f3c6b253e6eea556aa2d214a99.sol#55-57) should be declared external
DrainMe.setSecret (/sb/0xb620cee6b52f96f3c6b253e6eea556aa2d214a99.sol#59-61) should be declared external
DrainMe.getPlayerCount (/sb/0xb620cee6b52f96f3c6b253e6eea556aa2d214a99.sol#63-65) should be declared external
DrainMe.getPrize (/sb/0xb620cee6b52f96f3c6b253e6eea556aa2d214a99.sol#67-69) should be declared external
DrainMe.becomePlayer (/sb/0xb620cee6b52f96f3c6b253e6eea556aa2d214a99.sol#71-75) should be declared external
DrainMe.manipulateSecret (/sb/0xb620cee6b52f96f3c6b253e6eea556aa2d214a99.sol#77-83) should be declared external
DrainMe.callFirstTarget (/sb/0xb620cee6b52f96f3c6b253e6eea556aa2d214a99.sol#97-101) should be declared external
DrainMe.callSecondTarget (/sb/0xb620cee6b52f96f3c6b253e6eea556aa2d214a99.sol#103-107) should be declared external
DrainMe.setSeed (/sb/0xb620cee6b52f96f3c6b253e6eea556aa2d214a99.sol#109-111) should be declared external
DrainMe.addSeed (/sb/0xb620cee6b52f96f3c6b253e6eea556aa2d214a99.sol#113-115) should be declared external
DrainMe.guessSeed (/sb/0xb620cee6b52f96f3c6b253e6eea556aa2d214a99.sol#117-122) should be declared external
DrainMe.checkSecret (/sb/0xb620cee6b52f96f3c6b253e6eea556aa2d214a99.sol#124-129) should be declared external
DrainMe.winPrize (/sb/0xb620cee6b52f96f3c6b253e6eea556aa2d214a99.sol#131-134) should be declared external
DrainMe.claimPrize (/sb/0xb620cee6b52f96f3c6b253e6eea556aa2d214a99.sol#136-138) should be declared external
DrainMe.fallback (/sb/0xb620cee6b52f96f3c6b253e6eea556aa2d214a99.sol#142-143) should be declared external
Reference: https://github.com/trailofbits/slither/wiki/Detectors-Documentation#public-function-that-could-be-declared-as-external[0m
INFO:Detectors:[92m
Detected issues with version pragma in /sb/0xb620cee6b52f96f3c6b253e6eea556aa2d214a99.sol:
	- pragma solidity^0.4.23 (/sb/0xb620cee6b52f96f3c6b253e6eea556aa2d214a99.sol#12): it allows old versions
Reference: https://github.com/trailofbits/slither/wiki/Detectors-Documentation#incorrect-version-of-solidity[0m
INFO:Detectors:[92m
Low level call in DrainMe.callFirstTarget (/sb/0xb620cee6b52f96f3c6b253e6eea556aa2d214a99.sol#97-101):
	-firstTarget.call.value(msg.value)() /sb/0xb620cee6b52f96f3c6b253e6eea556aa2d214a99.sol#100
Low level call in DrainMe.callSecondTarget (/sb/0xb620cee6b52f96f3c6b253e6eea556aa2d214a99.sol#103-107):
	-secondTarget.call.value(msg.value)() /sb/0xb620cee6b52f96f3c6b253e6eea556aa2d214a99.sol#106
Low level call in DrainMe.winPrize (/sb/0xb620cee6b52f96f3c6b253e6eea556aa2d214a99.sol#131-134):
	-owner.call.value(1)() /sb/0xb620cee6b52f96f3c6b253e6eea556aa2d214a99.sol#133
Reference: https://github.com/trailofbits/slither/wiki/Detectors-Documentation#low-level-calls[0m
INFO:Detectors:[92m
Function 'DrainMe.DranMe' (/sb/0xb620cee6b52f96f3c6b253e6eea556aa2d214a99.sol#32-34) is not in mixedCase
Parameter '_secret' of DrainMe.setSecret (/sb/0xb620cee6b52f96f3c6b253e6eea556aa2d214a99.sol#59) is not in mixedCase
Parameter '_index' of DrainMe.setSeed (/sb/0xb620cee6b52f96f3c6b253e6eea556aa2d214a99.sol#109) is not in mixedCase
Parameter '_value' of DrainMe.setSeed (/sb/0xb620cee6b52f96f3c6b253e6eea556aa2d214a99.sol#109) is not in mixedCase
Parameter '_add' of DrainMe.addSeed (/sb/0xb620cee6b52f96f3c6b253e6eea556aa2d214a99.sol#113) is not in mixedCase
Parameter '_seed' of DrainMe.guessSeed (/sb/0xb620cee6b52f96f3c6b253e6eea556aa2d214a99.sol#117) is not in mixedCase
Reference: https://github.com/trailofbits/slither/wiki/Detectors-Documentation#conformance-to-solidity-naming-conventions[0m
INFO:Slither:/sb/0xb620cee6b52f96f3c6b253e6eea556aa2d214a99.sol analyzed (1 contracts), 29 result(s) found
