2023-01-17 17:43:24,679: [12] m.main:INFO: Registered plugins: IntrospectionAPIPlugin, <class 'manticore.ethereum.plugins.SkipRevertBasicBlocks'>, <class 'manticore.ethereum.plugins.FilterFunctions'>
2023-01-17 17:43:24,679: [12] m.main:INFO: Beginning analysis
2023-01-17 17:43:24,682: [12] m.e.manticore:INFO: Starting symbolic create contract
2023-01-17 18:09:50,109: [12] m.e.manticore:INFO: Failed to create contract: exception in constructor
2023-01-17 18:09:53,360: [12] m.c.manticore:INFO: Results in /mcore_uceusu95
2023-01-17 18:09:53,360: [12] m.c.manticore:INFO: Total time: 1180.5553829669952
2023-01-17 18:09:54,924: [82] m.main:INFO: Registered plugins: IntrospectionAPIPlugin, <class 'manticore.ethereum.plugins.SkipRevertBasicBlocks'>, <class 'manticore.ethereum.plugins.FilterFunctions'>
2023-01-17 18:09:54,925: [82] m.main:INFO: Beginning analysis
2023-01-17 18:09:54,928: [82] m.e.manticore:INFO: Starting symbolic create contract
2023-01-17 18:09:56,784: [82] m.e.manticore:INFO: Starting symbolic transaction: 0
2023-01-17 18:09:58,623: [82] m.c.worker:ERROR: Exception in state 0: ManticoreError('Forking on unfeasible constraint set')
Traceback (most recent call last):
  File "/usr/local/lib/python3.7/dist-packages/manticore/core/worker.py", line 137, in run
    current_state.execute()
  File "/usr/local/lib/python3.7/dist-packages/manticore/ethereum/state.py", line 8, in execute
    return self._platform.execute()
  File "/usr/local/lib/python3.7/dist-packages/manticore/platforms/evm.py", line 3106, in execute
    self.current_vm.execute()
  File "/usr/local/lib/python3.7/dist-packages/manticore/platforms/evm.py", line 1322, in execute
    raise Concretize("Symbolic PC", expression=expression, setstate=setstate, policy="ALL")
manticore.core.state.Concretize

During handling of the above exception, another exception occurred:

Traceback (most recent call last):
  File "/usr/local/lib/python3.7/dist-packages/manticore/core/worker.py", line 158, in run
    m._fork(current_state, exc.expression, exc.policy, exc.setstate, exc.values)
  File "/usr/local/lib/python3.7/dist-packages/manticore/core/manticore.py", line 518, in _fork
    raise ManticoreError("Forking on unfeasible constraint set")
manticore.exceptions.ManticoreError: Forking on unfeasible constraint set
 
2023-01-17 18:09:58,637: [82] m.e.manticore:INFO: 0 alive states, 1 terminated states
2023-01-17 18:09:58,783: [82] m.c.manticore:INFO: Results in /mcore_ivb_o38i
2023-01-17 18:09:58,783: [82] m.c.manticore:INFO: Total time: 1.989881992340088
2023-01-17 18:09:59,964: [144] m.main:INFO: Registered plugins: IntrospectionAPIPlugin, <class 'manticore.ethereum.plugins.SkipRevertBasicBlocks'>, <class 'manticore.ethereum.plugins.FilterFunctions'>
2023-01-17 18:09:59,965: [144] m.main:INFO: Beginning analysis
2023-01-17 18:09:59,969: [144] m.e.manticore:INFO: Starting symbolic create contract
2023-01-17 18:10:02,384: [144] m.e.manticore:INFO: Starting symbolic transaction: 0
2023-01-17 18:10:05,562: [144] m.c.worker:ERROR: Exception in state 0: ManticoreError('Forking on unfeasible constraint set')
Traceback (most recent call last):
  File "/usr/local/lib/python3.7/dist-packages/manticore/core/worker.py", line 137, in run
    current_state.execute()
  File "/usr/local/lib/python3.7/dist-packages/manticore/ethereum/state.py", line 8, in execute
    return self._platform.execute()
  File "/usr/local/lib/python3.7/dist-packages/manticore/platforms/evm.py", line 3106, in execute
    self.current_vm.execute()
  File "/usr/local/lib/python3.7/dist-packages/manticore/platforms/evm.py", line 1322, in execute
    raise Concretize("Symbolic PC", expression=expression, setstate=setstate, policy="ALL")
manticore.core.state.Concretize

During handling of the above exception, another exception occurred:

Traceback (most recent call last):
  File "/usr/local/lib/python3.7/dist-packages/manticore/core/worker.py", line 158, in run
    m._fork(current_state, exc.expression, exc.policy, exc.setstate, exc.values)
  File "/usr/local/lib/python3.7/dist-packages/manticore/core/manticore.py", line 518, in _fork
    raise ManticoreError("Forking on unfeasible constraint set")
manticore.exceptions.ManticoreError: Forking on unfeasible constraint set
 
2023-01-17 18:10:05,587: [144] m.e.manticore:INFO: 0 alive states, 1 terminated states
2023-01-17 18:10:05,768: [144] m.c.manticore:INFO: Results in /mcore_3sdy6z3l
2023-01-17 18:10:05,768: [144] m.c.manticore:INFO: Total time: 3.355663537979126
2023-01-17 18:10:06,889: [206] m.main:INFO: Registered plugins: IntrospectionAPIPlugin, <class 'manticore.ethereum.plugins.SkipRevertBasicBlocks'>, <class 'manticore.ethereum.plugins.FilterFunctions'>
2023-01-17 18:10:06,890: [206] m.main:INFO: Beginning analysis
2023-01-17 18:10:06,894: [206] m.e.manticore:INFO: Starting symbolic create contract
2023-01-17 18:10:09,303: [206] m.e.manticore:INFO: Starting symbolic transaction: 0
2023-01-17 18:10:14,650: [206] m.e.manticore:INFO: 0 alive states, 2 terminated states
2023-01-17 18:10:14,823: [206] m.c.manticore:INFO: Results in /mcore_99j10mro
2023-01-17 18:10:14,824: [206] m.c.manticore:INFO: Total time: 5.505349397659302
2023-01-17 18:10:16,022: [271] m.main:INFO: Registered plugins: IntrospectionAPIPlugin, <class 'manticore.ethereum.plugins.SkipRevertBasicBlocks'>, <class 'manticore.ethereum.plugins.FilterFunctions'>
2023-01-17 18:10:16,023: [271] m.main:INFO: Beginning analysis
2023-01-17 18:10:16,027: [271] m.e.manticore:INFO: Starting symbolic create contract
2023-01-17 18:10:20,226: [271] m.e.manticore:INFO: Starting symbolic transaction: 0
2023-01-17 18:11:30,101: [271] m.c.worker:ERROR: Exception in state 10: ManticoreError('Forking on unfeasible constraint set')
Traceback (most recent call last):
  File "/usr/local/lib/python3.7/dist-packages/manticore/core/worker.py", line 137, in run
    current_state.execute()
  File "/usr/local/lib/python3.7/dist-packages/manticore/ethereum/state.py", line 8, in execute
    return self._platform.execute()
  File "/usr/local/lib/python3.7/dist-packages/manticore/platforms/evm.py", line 3106, in execute
    self.current_vm.execute()
  File "/usr/local/lib/python3.7/dist-packages/manticore/platforms/evm.py", line 1322, in execute
    raise Concretize("Symbolic PC", expression=expression, setstate=setstate, policy="ALL")
manticore.core.state.Concretize

During handling of the above exception, another exception occurred:

Traceback (most recent call last):
  File "/usr/local/lib/python3.7/dist-packages/manticore/core/worker.py", line 158, in run
    m._fork(current_state, exc.expression, exc.policy, exc.setstate, exc.values)
  File "/usr/local/lib/python3.7/dist-packages/manticore/core/manticore.py", line 518, in _fork
    raise ManticoreError("Forking on unfeasible constraint set")
manticore.exceptions.ManticoreError: Forking on unfeasible constraint set
 
2023-01-17 18:11:57,123: [271] m.e.manticore:INFO: 0 alive states, 6 terminated states
2023-01-17 18:11:58,336: [271] m.c.manticore:INFO: Results in /mcore_zfvabav8
2023-01-17 18:11:58,337: [271] m.c.manticore:INFO: Total time: 98.05875825881958
2023-01-17 18:11:59,403: [366] m.main:INFO: Registered plugins: IntrospectionAPIPlugin, <class 'manticore.ethereum.plugins.SkipRevertBasicBlocks'>, <class 'manticore.ethereum.plugins.FilterFunctions'>
2023-01-17 18:11:59,404: [366] m.main:INFO: Beginning analysis
2023-01-17 18:11:59,408: [366] m.e.manticore:INFO: Starting symbolic create contract
2023-01-17 18:13:04,571: [366] m.e.manticore:INFO: Starting symbolic transaction: 0
