2023-01-17 17:44:06,183: [11] m.main:INFO: Registered plugins: IntrospectionAPIPlugin, <class 'manticore.ethereum.plugins.SkipRevertBasicBlocks'>, <class 'manticore.ethereum.plugins.FilterFunctions'>
2023-01-17 17:44:06,183: [11] m.main:INFO: Beginning analysis
2023-01-17 17:44:06,187: [11] m.e.manticore:INFO: Starting symbolic create contract
2023-01-17 17:44:07,525: [11] m.e.manticore:INFO: Starting symbolic transaction: 0
2023-01-17 17:44:18,913: [11] m.e.manticore:INFO: 2 alive states, 1 terminated states
2023-01-17 17:44:19,501: [11] m.e.manticore:INFO: Starting symbolic transaction: 1
2023-01-17 17:44:47,255: [11] m.e.manticore:INFO: 4 alive states, 1 terminated states
2023-01-17 17:44:48,114: [89] m.c.manticore:INFO: Generated testcase No. 0 - STOP(3 txs)
2023-01-17 17:44:48,116: [89] m.c.plugin:WARNING: Caught will_solve in state None, but failed to capture its initialization
2023-01-17 17:44:48,126: [87] m.c.manticore:INFO: Generated testcase No. 1 - STOP(3 txs)
2023-01-17 17:44:48,127: [87] m.c.plugin:WARNING: Caught will_solve in state None, but failed to capture its initialization
2023-01-17 17:44:48,433: [86] m.c.manticore:INFO: Generated testcase No. 2 - STOP(3 txs)
2023-01-17 17:44:48,435: [86] m.c.plugin:WARNING: Caught will_solve in state None, but failed to capture its initialization
2023-01-17 17:44:48,549: [90] m.c.manticore:INFO: Generated testcase No. 3 - STOP(3 txs)
2023-01-17 17:44:48,550: [90] m.c.plugin:WARNING: Caught will_solve in state None, but failed to capture its initialization
2023-01-17 17:44:54,120: [11] m.c.manticore:INFO: Results in /mcore_1pwu21p6
2023-01-17 17:44:54,120: [11] m.c.manticore:INFO: Total time: 34.57077932357788
2023-01-17 17:44:55,525: [114] m.main:INFO: Registered plugins: IntrospectionAPIPlugin, <class 'manticore.ethereum.plugins.SkipRevertBasicBlocks'>, <class 'manticore.ethereum.plugins.FilterFunctions'>
2023-01-17 17:44:55,525: [114] m.main:INFO: Beginning analysis
2023-01-17 17:44:55,530: [114] m.e.manticore:INFO: Starting symbolic create contract
2023-01-17 17:44:59,433: [114] m.e.manticore:INFO: Starting symbolic transaction: 0
2023-01-17 17:45:45,152: [114] m.e.manticore:INFO: 3 alive states, 1 terminated states
2023-01-17 17:45:45,967: [114] m.e.manticore:INFO: Starting symbolic transaction: 1
2023-01-17 17:48:16,410: [114] m.e.manticore:INFO: 9 alive states, 1 terminated states
2023-01-17 17:48:17,601: [201] m.c.manticore:INFO: Generated testcase No. 0 - STOP(3 txs)
2023-01-17 17:48:17,603: [201] m.c.plugin:WARNING: Caught will_solve in state None, but failed to capture its initialization
2023-01-17 17:48:17,634: [202] m.c.manticore:INFO: Generated testcase No. 1 - STOP(3 txs)
2023-01-17 17:48:17,635: [202] m.c.plugin:WARNING: Caught will_solve in state None, but failed to capture its initialization
2023-01-17 17:48:17,642: [207] m.c.manticore:INFO: Generated testcase No. 2 - STOP(3 txs)
2023-01-17 17:48:17,644: [207] m.c.plugin:WARNING: Caught will_solve in state None, but failed to capture its initialization
2023-01-17 17:48:17,653: [206] m.c.manticore:INFO: Generated testcase No. 3 - STOP(3 txs)
2023-01-17 17:48:17,654: [206] m.c.plugin:WARNING: Caught will_solve in state None, but failed to capture its initialization
2023-01-17 17:48:17,666: [204] m.c.manticore:INFO: Generated testcase No. 4 - STOP(3 txs)
2023-01-17 17:48:17,669: [204] m.c.plugin:WARNING: Caught will_solve in state None, but failed to capture its initialization
2023-01-17 17:48:17,677: [211] m.c.manticore:INFO: Generated testcase No. 5 - STOP(3 txs)
2023-01-17 17:48:17,678: [211] m.c.plugin:WARNING: Caught will_solve in state None, but failed to capture its initialization
2023-01-17 17:48:17,683: [203] m.c.manticore:INFO: Generated testcase No. 6 - STOP(3 txs)
2023-01-17 17:48:17,684: [203] m.c.plugin:WARNING: Caught will_solve in state None, but failed to capture its initialization
2023-01-17 17:48:17,692: [210] m.c.manticore:INFO: Generated testcase No. 7 - STOP(3 txs)
2023-01-17 17:48:17,693: [210] m.c.plugin:WARNING: Caught will_solve in state None, but failed to capture its initialization
2023-01-17 17:48:17,695: [208] m.c.manticore:INFO: Generated testcase No. 8 - STOP(3 txs)
2023-01-17 17:48:17,696: [208] m.c.plugin:WARNING: Caught will_solve in state None, but failed to capture its initialization
2023-01-17 17:48:22,450: [114] m.c.manticore:INFO: Results in /mcore_bwent11_
2023-01-17 17:48:22,450: [114] m.c.manticore:INFO: Total time: 156.2513062953949
2023-01-17 17:48:23,657: [244] m.main:INFO: Registered plugins: IntrospectionAPIPlugin, <class 'manticore.ethereum.plugins.SkipRevertBasicBlocks'>, <class 'manticore.ethereum.plugins.FilterFunctions'>
2023-01-17 17:48:23,659: [244] m.main:INFO: Beginning analysis
2023-01-17 17:48:23,664: [244] m.e.manticore:INFO: Starting symbolic create contract
2023-01-17 17:48:27,134: [244] m.e.manticore:INFO: Starting symbolic transaction: 0
2023-01-17 17:50:40,292: [244] m.e.manticore:INFO: Found a concrete globalsha3 b'\x00\x00\x00\x00\x00\x00\x00\x00\x00\x00\x00\x00\x00\x00\x00\x00\x00\x00\x00\x00\x00\x00\x00\x00\x00\x00\x00\x00\x00\x02\x00\x00\x00\x00\x00\x00\x00\x00\x00\x00\x00\x00\x00\x00\x00\x00\x00\x00\x00\x00\x00\x00\x00\x00\x00\x00\x00\x00\x00\x00\x00\x00\x00\x04' -> 93405925606848684242376394016972829529189361045273175667784367156876440055338
2023-01-17 17:51:31,362: [244] m.e.manticore:INFO: 10 alive states, 1 terminated states
2023-01-17 17:51:33,392: [244] m.e.manticore:INFO: Starting symbolic transaction: 1
