INFO:Slither:Compilation warnings/errors on /sb/0x23a91059fdc9579a9fbd0edc5f2ea0bfdb70deb4.sol:
/sb/0x23a91059fdc9579a9fbd0edc5f2ea0bfdb70deb4.sol:17:5: Warning: Defining constructors as functions with the same name as the contract is deprecated. Use "constructor(...) { ... }" instead.
    function PrivateBank(address _log)
    ^ (Relevant source part starts here and spans across multiple lines).
/sb/0x23a91059fdc9579a9fbd0edc5f2ea0bfdb70deb4.sol:17:5: Warning: No visibility specified. Defaulting to "public". 
    function PrivateBank(address _log)
    ^ (Relevant source part starts here and spans across multiple lines).
/sb/0x23a91059fdc9579a9fbd0edc5f2ea0bfdb70deb4.sol:33:5: Warning: No visibility specified. Defaulting to "public". 
    function CashOut(uint _am)
    ^ (Relevant source part starts here and spans across multiple lines).

INFO:Detectors:[91m
Reentrancy in PrivateBank.CashOut (/sb/0x23a91059fdc9579a9fbd0edc5f2ea0bfdb70deb4.sol#33-44):
	External calls:
	- msg.sender.call.value(_am)() (/sb/0x23a91059fdc9579a9fbd0edc5f2ea0bfdb70deb4.sol#38-42)
	State variables written after the call(s):
	- balances (/sb/0x23a91059fdc9579a9fbd0edc5f2ea0bfdb70deb4.sol#40)
Reference: https://github.com/trailofbits/slither/wiki/Detectors-Documentation#reentrancy-vulnerabilities[0m
INFO:Detectors:[92m
PrivateBank.MinDeposit should be constant (/sb/0x23a91059fdc9579a9fbd0edc5f2ea0bfdb70deb4.sol#13)
Reference: https://github.com/trailofbits/slither/wiki/Detectors-Documentation#state-variables-that-could-be-declared-constant[0m
INFO:Detectors:[92m
PrivateBank.Deposit (/sb/0x23a91059fdc9579a9fbd0edc5f2ea0bfdb70deb4.sol#22-31) should be declared external
PrivateBank.CashOut (/sb/0x23a91059fdc9579a9fbd0edc5f2ea0bfdb70deb4.sol#33-44) should be declared external
PrivateBank.fallback (/sb/0x23a91059fdc9579a9fbd0edc5f2ea0bfdb70deb4.sol#46) should be declared external
Log.AddMessage (/sb/0x23a91059fdc9579a9fbd0edc5f2ea0bfdb70deb4.sol#65-73) should be declared external
Reference: https://github.com/trailofbits/slither/wiki/Detectors-Documentation#public-function-that-could-be-declared-as-external[0m
INFO:Detectors:[92m
Detected issues with version pragma in /sb/0x23a91059fdc9579a9fbd0edc5f2ea0bfdb70deb4.sol:
	- pragma solidity^0.4.19 (/sb/0x23a91059fdc9579a9fbd0edc5f2ea0bfdb70deb4.sol#7): it allows old versions
Reference: https://github.com/trailofbits/slither/wiki/Detectors-Documentation#incorrect-version-of-solidity[0m
INFO:Detectors:[92m
Low level call in PrivateBank.CashOut (/sb/0x23a91059fdc9579a9fbd0edc5f2ea0bfdb70deb4.sol#33-44):
	-msg.sender.call.value(_am)() /sb/0x23a91059fdc9579a9fbd0edc5f2ea0bfdb70deb4.sol#38-42
Reference: https://github.com/trailofbits/slither/wiki/Detectors-Documentation#low-level-calls[0m
INFO:Detectors:[92m
Function 'PrivateBank.PrivateBank' (/sb/0x23a91059fdc9579a9fbd0edc5f2ea0bfdb70deb4.sol#17-20) is not in mixedCase
Parameter '_log' of PrivateBank.PrivateBank (/sb/0x23a91059fdc9579a9fbd0edc5f2ea0bfdb70deb4.sol#17) is not in mixedCase
Function 'PrivateBank.Deposit' (/sb/0x23a91059fdc9579a9fbd0edc5f2ea0bfdb70deb4.sol#22-31) is not in mixedCase
Function 'PrivateBank.CashOut' (/sb/0x23a91059fdc9579a9fbd0edc5f2ea0bfdb70deb4.sol#33-44) is not in mixedCase
Parameter '_am' of PrivateBank.CashOut (/sb/0x23a91059fdc9579a9fbd0edc5f2ea0bfdb70deb4.sol#33) is not in mixedCase
Variable 'PrivateBank.MinDeposit' (/sb/0x23a91059fdc9579a9fbd0edc5f2ea0bfdb70deb4.sol#13) is not in mixedCase
Variable 'PrivateBank.TransferLog' (/sb/0x23a91059fdc9579a9fbd0edc5f2ea0bfdb70deb4.sol#15) is not in mixedCase
Function 'Log.AddMessage' (/sb/0x23a91059fdc9579a9fbd0edc5f2ea0bfdb70deb4.sol#65-73) is not in mixedCase
Parameter '_adr' of Log.AddMessage (/sb/0x23a91059fdc9579a9fbd0edc5f2ea0bfdb70deb4.sol#65) is not in mixedCase
Parameter '_val' of Log.AddMessage (/sb/0x23a91059fdc9579a9fbd0edc5f2ea0bfdb70deb4.sol#65) is not in mixedCase
Parameter '_data' of Log.AddMessage (/sb/0x23a91059fdc9579a9fbd0edc5f2ea0bfdb70deb4.sol#65) is not in mixedCase
Variable 'Log.History' (/sb/0x23a91059fdc9579a9fbd0edc5f2ea0bfdb70deb4.sol#61) is not in mixedCase
Variable 'Log.LastMsg' (/sb/0x23a91059fdc9579a9fbd0edc5f2ea0bfdb70deb4.sol#63) is not in mixedCase
Reference: https://github.com/trailofbits/slither/wiki/Detectors-Documentation#conformance-to-solidity-naming-conventions[0m
INFO:Slither:/sb/0x23a91059fdc9579a9fbd0edc5f2ea0bfdb70deb4.sol analyzed (2 contracts), 21 result(s) found
