INFO:Slither:Compilation warnings/errors on /sb/0x7d09edb07d23acb532a82be3da5c17d9d85806b4.sol:
/sb/0x7d09edb07d23acb532a82be3da5c17d9d85806b4.sol:198:9: Warning: Return value of low-level calls not used.
        whale.call.value(amount)(bytes4(keccak256("donate()")));
        ^-----------------------------------------------------^
/sb/0x7d09edb07d23acb532a82be3da5c17d9d85806b4.sol:210:9: Warning: Return value of low-level calls not used.
        whale.call.value(amount)(bytes4(keccak256("donate()")));
        ^-----------------------------------------------------^

INFO:Detectors:[91m
PoCGame.payout (/sb/0x7d09edb07d23acb532a82be3da5c17d9d85806b4.sol#182-189) sends eth to arbitrary user
	Dangerous calls:
	- winner.transfer(ethToTransfer) (/sb/0x7d09edb07d23acb532a82be3da5c17d9d85806b4.sol#187)
PoCGame.loseWager (/sb/0x7d09edb07d23acb532a82be3da5c17d9d85806b4.sol#206-213) sends eth to arbitrary user
	Dangerous calls:
	- whale.call.value(amount)(bytes4(keccak256()(donate()))) (/sb/0x7d09edb07d23acb532a82be3da5c17d9d85806b4.sol#210)
Reference: https://github.com/trailofbits/slither/wiki/Detectors-Documentation#functions-that-send-ether-to-arbitrary-destinations[0m
INFO:Detectors:[93m
PoCGame.play (/sb/0x7d09edb07d23acb532a82be3da5c17d9d85806b4.sol#138-166) uses a dangerous strict equality:
	- winningNumber == difficulty / 2
Reference: https://github.com/trailofbits/slither/wiki/Detectors-Documentation#dangerous-strict-equalities[0m
INFO:Detectors:[92m
Reentrancy in PoCGame.donateToWhale (/sb/0x7d09edb07d23acb532a82be3da5c17d9d85806b4.sol#194-201):
	External calls:
	- whale.call.value(amount)(bytes4(keccak256()(donate()))) (/sb/0x7d09edb07d23acb532a82be3da5c17d9d85806b4.sol#198)
	State variables written after the call(s):
	- totalDonated (/sb/0x7d09edb07d23acb532a82be3da5c17d9d85806b4.sol#199)
Reentrancy in PoCGame.loseWager (/sb/0x7d09edb07d23acb532a82be3da5c17d9d85806b4.sol#206-213):
	External calls:
	- whale.call.value(amount)(bytes4(keccak256()(donate()))) (/sb/0x7d09edb07d23acb532a82be3da5c17d9d85806b4.sol#210)
	State variables written after the call(s):
	- totalDonated (/sb/0x7d09edb07d23acb532a82be3da5c17d9d85806b4.sol#211)
Reference: https://github.com/trailofbits/slither/wiki/Detectors-Documentation#reentrancy-vulnerabilities-2[0m
INFO:Detectors:[92m
PoCGame.randomSeed should be constant (/sb/0x7d09edb07d23acb532a82be3da5c17d9d85806b4.sol#57)
Reference: https://github.com/trailofbits/slither/wiki/Detectors-Documentation#state-variables-that-could-be-declared-constant[0m
INFO:Detectors:[92m
PoCGame.OpenToThePublic (/sb/0x7d09edb07d23acb532a82be3da5c17d9d85806b4.sol#83-88) should be declared external
PoCGame.AdjustBetAmounts (/sb/0x7d09edb07d23acb532a82be3da5c17d9d85806b4.sol#93-100) should be declared external
PoCGame.AdjustDifficulty (/sb/0x7d09edb07d23acb532a82be3da5c17d9d85806b4.sol#105-112) should be declared external
PoCGame.fallback (/sb/0x7d09edb07d23acb532a82be3da5c17d9d85806b4.sol#115) should be declared external
PoCGame.wager (/sb/0x7d09edb07d23acb532a82be3da5c17d9d85806b4.sol#120-133) should be declared external
PoCGame.play (/sb/0x7d09edb07d23acb532a82be3da5c17d9d85806b4.sol#138-166) should be declared external
PoCGame.donate (/sb/0x7d09edb07d23acb532a82be3da5c17d9d85806b4.sol#171-177) should be declared external
PoCGame.ethBalance (/sb/0x7d09edb07d23acb532a82be3da5c17d9d85806b4.sol#219-225) should be declared external
PoCGame.currentDifficulty (/sb/0x7d09edb07d23acb532a82be3da5c17d9d85806b4.sol#231-237) should be declared external
PoCGame.currentBetLimit (/sb/0x7d09edb07d23acb532a82be3da5c17d9d85806b4.sol#243-249) should be declared external
PoCGame.hasPlayerWagered (/sb/0x7d09edb07d23acb532a82be3da5c17d9d85806b4.sol#251-265) should be declared external
PoCGame.winnersPot (/sb/0x7d09edb07d23acb532a82be3da5c17d9d85806b4.sol#270-276) should be declared external
PoCGame.transferAnyERC20Token (/sb/0x7d09edb07d23acb532a82be3da5c17d9d85806b4.sol#281-287) should be declared external
ERC20Interface.transfer (/sb/0x7d09edb07d23acb532a82be3da5c17d9d85806b4.sol#293) should be declared external
Reference: https://github.com/trailofbits/slither/wiki/Detectors-Documentation#public-function-that-could-be-declared-as-external[0m
INFO:Detectors:[92m
Detected issues with version pragma in /sb/0x7d09edb07d23acb532a82be3da5c17d9d85806b4.sol:
	- pragma solidity^0.4.21 (/sb/0x7d09edb07d23acb532a82be3da5c17d9d85806b4.sol#7): it allows old versions
Reference: https://github.com/trailofbits/slither/wiki/Detectors-Documentation#incorrect-version-of-solidity[0m
INFO:Detectors:[92m
Low level call in PoCGame.donateToWhale (/sb/0x7d09edb07d23acb532a82be3da5c17d9d85806b4.sol#194-201):
	-whale.call.value(amount)(bytes4(keccak256()(donate()))) /sb/0x7d09edb07d23acb532a82be3da5c17d9d85806b4.sol#198
Low level call in PoCGame.loseWager (/sb/0x7d09edb07d23acb532a82be3da5c17d9d85806b4.sol#206-213):
	-whale.call.value(amount)(bytes4(keccak256()(donate()))) /sb/0x7d09edb07d23acb532a82be3da5c17d9d85806b4.sol#210
Reference: https://github.com/trailofbits/slither/wiki/Detectors-Documentation#low-level-calls[0m
INFO:Detectors:[92m
Function 'PoCGame.OpenToThePublic' (/sb/0x7d09edb07d23acb532a82be3da5c17d9d85806b4.sol#83-88) is not in mixedCase
Function 'PoCGame.AdjustBetAmounts' (/sb/0x7d09edb07d23acb532a82be3da5c17d9d85806b4.sol#93-100) is not in mixedCase
Function 'PoCGame.AdjustDifficulty' (/sb/0x7d09edb07d23acb532a82be3da5c17d9d85806b4.sol#105-112) is not in mixedCase
Reference: https://github.com/trailofbits/slither/wiki/Detectors-Documentation#conformance-to-solidity-naming-conventions[0m
INFO:Detectors:[92m
PoCGame.randomSeed (/sb/0x7d09edb07d23acb532a82be3da5c17d9d85806b4.sol#57) is never used in PoCGame
Reference: https://github.com/trailofbits/slither/wiki/Detectors-Documentation#unused-state-variables[0m
INFO:Slither:/sb/0x7d09edb07d23acb532a82be3da5c17d9d85806b4.sol analyzed (2 contracts), 27 result(s) found
