INFO:Slither:Compilation warnings/errors on /sb/0xe82f0742a71a02b9e9ffc142fdcb6eb1ed06fb87.sol:
/sb/0xe82f0742a71a02b9e9ffc142fdcb6eb1ed06fb87.sol:20:824: Warning: Using contract member "balance" inherited from the address type is deprecated. Convert the contract to "address" type to access the member, for example use "address(contract).balance" instead.
 ... this.balance ... 
     ^----------^
/sb/0xe82f0742a71a02b9e9ffc142fdcb6eb1ed06fb87.sol:21:33: Warning: Using contract member "balance" inherited from the address type is deprecated. Convert the contract to "address" type to access the member, for example use "address(contract).balance" instead.
            msg.sender.transfer(this.balance);
                                ^----------^
/sb/0xe82f0742a71a02b9e9ffc142fdcb6eb1ed06fb87.sol:30:24: Warning: Using contract member "balance" inherited from the address type is deprecated. Convert the contract to "address" type to access the member, for example use "address(contract).balance" instead.
        Owner.transfer(this.balance);
                       ^----------^
/sb/0xe82f0742a71a02b9e9ffc142fdcb6eb1ed06fb87.sol:39:9: Warning: Return value of low-level calls not used.
        adr.call.value(msg.value)(data);
        ^-----------------------------^

INFO:Detectors:[91m
Freebie.GetFreebie (/sb/0xe82f0742a71a02b9e9ffc142fdcb6eb1ed06fb87.sol#15-23) sends eth to arbitrary user
	Dangerous calls:
	- msg.sender.transfer(this.balance) (/sb/0xe82f0742a71a02b9e9ffc142fdcb6eb1ed06fb87.sol#21)
Reference: https://github.com/trailofbits/slither/wiki/Detectors-Documentation#functions-that-send-ether-to-arbitrary-destinations[0m
INFO:Detectors:[92m
Freebie.fallback (/sb/0xe82f0742a71a02b9e9ffc142fdcb6eb1ed06fb87.sol#13) should be declared external
Freebie.GetFreebie (/sb/0xe82f0742a71a02b9e9ffc142fdcb6eb1ed06fb87.sol#15-23) should be declared external
Freebie.withdraw (/sb/0xe82f0742a71a02b9e9ffc142fdcb6eb1ed06fb87.sol#25-31) should be declared external
Freebie.Command (/sb/0xe82f0742a71a02b9e9ffc142fdcb6eb1ed06fb87.sol#33-40) should be declared external
Reference: https://github.com/trailofbits/slither/wiki/Detectors-Documentation#public-function-that-could-be-declared-as-external[0m
INFO:Detectors:[92m
Detected issues with version pragma in /sb/0xe82f0742a71a02b9e9ffc142fdcb6eb1ed06fb87.sol:
	- pragma solidity^0.4.19 (/sb/0xe82f0742a71a02b9e9ffc142fdcb6eb1ed06fb87.sol#7): it allows old versions
Reference: https://github.com/trailofbits/slither/wiki/Detectors-Documentation#incorrect-version-of-solidity[0m
INFO:Detectors:[92m
Low level call in Freebie.Command (/sb/0xe82f0742a71a02b9e9ffc142fdcb6eb1ed06fb87.sol#33-40):
	-adr.call.value(msg.value)(data) /sb/0xe82f0742a71a02b9e9ffc142fdcb6eb1ed06fb87.sol#39
Reference: https://github.com/trailofbits/slither/wiki/Detectors-Documentation#low-level-calls[0m
INFO:Detectors:[92m
Function 'Freebie.GetFreebie' (/sb/0xe82f0742a71a02b9e9ffc142fdcb6eb1ed06fb87.sol#15-23) is not in mixedCase
Function 'Freebie.Command' (/sb/0xe82f0742a71a02b9e9ffc142fdcb6eb1ed06fb87.sol#33-40) is not in mixedCase
Variable 'Freebie.Owner' (/sb/0xe82f0742a71a02b9e9ffc142fdcb6eb1ed06fb87.sol#11) is not in mixedCase
Reference: https://github.com/trailofbits/slither/wiki/Detectors-Documentation#conformance-to-solidity-naming-conventions[0m
INFO:Slither:/sb/0xe82f0742a71a02b9e9ffc142fdcb6eb1ed06fb87.sol analyzed (1 contracts), 10 result(s) found
