2023-01-17 17:43:25,101: [12] m.main:INFO: Registered plugins: IntrospectionAPIPlugin, <class 'manticore.ethereum.plugins.SkipRevertBasicBlocks'>, <class 'manticore.ethereum.plugins.FilterFunctions'>
2023-01-17 17:43:25,101: [12] m.main:INFO: Beginning analysis
2023-01-17 17:43:25,104: [12] m.e.manticore:INFO: Starting symbolic create contract
2023-01-17 17:43:36,074: [12] m.e.manticore:INFO: Starting symbolic transaction: 0
2023-01-17 17:45:01,441: [12] m.e.manticore:INFO: Found a concrete globalsha3 b'\x00\x00\x00\x00\x00\x00\x00\x00\x00\x00\x00\x00\x00\x00\x00\x00\x00\x00\x00\x00\x00\x00\x00\x00\x00\x00\x00\x00\x00\x02\x00\x00\x00\x00\x00\x00\x00\x00\x00\x00\x00\x00\x00\x00\x00\x00\x00\x00\x00\x00\x00\x00\x00\x00\x00\x00\x00\x00\x00\x00\x00\x00\x00\x03' -> 109825747609387604026257694119480052437337487955339004288381632936333863410599
2023-01-17 17:49:02,206: [12] m.c.worker:ERROR: Exception in state 6: ManticoreError('Forking on unfeasible constraint set')
Traceback (most recent call last):
  File "/usr/local/lib/python3.7/dist-packages/manticore/core/worker.py", line 137, in run
    current_state.execute()
  File "/usr/local/lib/python3.7/dist-packages/manticore/ethereum/state.py", line 8, in execute
    return self._platform.execute()
  File "/usr/local/lib/python3.7/dist-packages/manticore/platforms/evm.py", line 3106, in execute
    self.current_vm.execute()
  File "/usr/local/lib/python3.7/dist-packages/manticore/platforms/evm.py", line 1322, in execute
    raise Concretize("Symbolic PC", expression=expression, setstate=setstate, policy="ALL")
manticore.core.state.Concretize

During handling of the above exception, another exception occurred:

Traceback (most recent call last):
  File "/usr/local/lib/python3.7/dist-packages/manticore/core/worker.py", line 158, in run
    m._fork(current_state, exc.expression, exc.policy, exc.setstate, exc.values)
  File "/usr/local/lib/python3.7/dist-packages/manticore/core/manticore.py", line 518, in _fork
    raise ManticoreError("Forking on unfeasible constraint set")
manticore.exceptions.ManticoreError: Forking on unfeasible constraint set
 
2023-01-17 17:52:32,132: [12] m.e.manticore:INFO: 1 alive states, 3 terminated states
2023-01-17 17:52:42,955: [12] m.e.manticore:INFO: Starting symbolic transaction: 1
2023-01-17 17:57:34,402: [12] m.c.worker:ERROR: Exception in state 2: ManticoreError('Forking on unfeasible constraint set')
Traceback (most recent call last):
  File "/usr/local/lib/python3.7/dist-packages/manticore/core/worker.py", line 137, in run
    current_state.execute()
  File "/usr/local/lib/python3.7/dist-packages/manticore/ethereum/state.py", line 8, in execute
    return self._platform.execute()
  File "/usr/local/lib/python3.7/dist-packages/manticore/platforms/evm.py", line 3106, in execute
    self.current_vm.execute()
  File "/usr/local/lib/python3.7/dist-packages/manticore/platforms/evm.py", line 1322, in execute
    raise Concretize("Symbolic PC", expression=expression, setstate=setstate, policy="ALL")
manticore.core.state.Concretize

During handling of the above exception, another exception occurred:

Traceback (most recent call last):
  File "/usr/local/lib/python3.7/dist-packages/manticore/core/worker.py", line 158, in run
    m._fork(current_state, exc.expression, exc.policy, exc.setstate, exc.values)
  File "/usr/local/lib/python3.7/dist-packages/manticore/core/manticore.py", line 518, in _fork
    raise ManticoreError("Forking on unfeasible constraint set")
manticore.exceptions.ManticoreError: Forking on unfeasible constraint set
 
2023-01-17 18:00:46,055: [12] m.e.manticore:INFO: 1 alive states, 5 terminated states
2023-01-17 18:00:56,364: [105] m.c.manticore:INFO: Generated testcase No. 0 - STOP(3 txs)
2023-01-17 18:00:56,366: [105] m.c.plugin:WARNING: Caught will_solve in state None, but failed to capture its initialization
2023-01-17 18:01:32,378: [12] m.c.manticore:INFO: Results in /mcore_l34kwm_j
2023-01-17 18:01:32,379: [12] m.c.manticore:INFO: Total time: 528.6152451038361
2023-01-17 18:01:33,515: [136] m.main:INFO: Registered plugins: IntrospectionAPIPlugin, <class 'manticore.ethereum.plugins.SkipRevertBasicBlocks'>, <class 'manticore.ethereum.plugins.FilterFunctions'>
2023-01-17 18:01:33,516: [136] m.main:INFO: Beginning analysis
2023-01-17 18:01:33,520: [136] m.e.manticore:INFO: Starting symbolic create contract
2023-01-17 18:01:34,463: [136] m.e.manticore:INFO: Starting symbolic transaction: 0
2023-01-17 18:01:34,675: [136] m.e.manticore:INFO: 0 alive states, 1 terminated states
2023-01-17 18:01:34,749: [136] m.e.manticore:INFO: Starting symbolic transaction: 1
2023-01-17 18:01:34,994: [136] m.c.manticore:INFO: Results in /mcore_c596qi9o
2023-01-17 18:01:34,995: [136] m.c.manticore:INFO: Total time: 0.5267109870910645
