2023-01-18 08:40:21,015 - Main     - INFO - [1mInitializing seed to 1427655.0[0m
2023-01-18 08:40:21,156 - Fuzzer   - INFO - [1mFuzzing contract [1mEthraffle_v4b[0m[0m
2023-01-18 08:40:21,786 - Analysis - INFO - [1mGeneration number 0 	 Code coverage: 34.57% (475/1374) 	 Branch coverage: 66.30% (61/92) 	 Transactions: 27 (26 unique)   	 Time: 0.5975809097290039[0m
2023-01-18 08:40:22,212 - Analysis - INFO - [1mGeneration number 1 	 Code coverage: 34.57% (475/1374) 	 Branch coverage: 67.39% (62/92) 	 Transactions: 45 (30 unique)   	 Time: 1.023923635482788[0m
2023-01-18 08:40:22,710 - Detector - INFO - [1m[31m-----------------------------------------------------[0m
2023-01-18 08:40:22,710 - Detector - INFO - [1m[31m          !!! Integer overflow detected !!!          [0m
2023-01-18 08:40:22,710 - Detector - INFO - [1m[31m-----------------------------------------------------[0m
2023-01-18 08:40:22,710 - Detector - INFO - [1m[31mSWC-ID:   101[0m
2023-01-18 08:40:22,710 - Detector - INFO - [1m[31mSeverity: High[0m
2023-01-18 08:40:22,710 - Detector - INFO - [1m[31m-----------------------------------------------------[0m
2023-01-18 08:40:22,711 - Detector - INFO - [1m[31mSource code line:[0m
2023-01-18 08:40:22,711 - Detector - INFO - [1m[31m-----------------------------------------------------[0m
2023-01-18 08:40:22,711 - Detector - INFO - [1m[31m/sb/etheraffle.sol:83:1[0m
2023-01-18 08:40:22,711 - Detector - INFO - [1m[31mmoneySent -= pricePerTicket[0m
2023-01-18 08:40:22,711 - Detector - INFO - [1m[31m-----------------------------------------------------[0m
2023-01-18 08:40:22,711 - Detector - INFO - [1m[31mTransaction sequence:[0m
2023-01-18 08:40:22,711 - Detector - INFO - [1m[31m-----------------------------------------------------[0m
2023-01-18 08:40:22,712 - Detector - INFO - [1m[31mTransaction:[0m
2023-01-18 08:40:22,712 - Detector - INFO - [1m[31m-----------------------------------------------------[0m
2023-01-18 08:40:22,712 - Detector - INFO - [1m[31mFrom:      0xdeadbeefdeadbeefdeadbeefdeadbeefdeadbeef[0m
2023-01-18 08:40:22,712 - Detector - INFO - [1m[31mTo:        0x2c5e8a3b3aad9df32339409534e64dfcabcd3a65[0m
2023-01-18 08:40:22,712 - Detector - INFO - [1m[31mValue:     50600000000000000 Wei[0m
2023-01-18 08:40:22,712 - Detector - INFO - [1m[31mGas Limit: 4500000[0m
2023-01-18 08:40:22,712 - Detector - INFO - [1m[31mInput:     0x00000000[0m
2023-01-18 08:40:22,712 - Detector - INFO - [1m[31m-----------------------------------------------------[0m
2023-01-18 08:40:22,721 - Analysis - INFO - [1mGeneration number 2 	 Code coverage: 45.05% (619/1374) 	 Branch coverage: 71.74% (66/92) 	 Transactions: 60 (34 unique)   	 Time: 1.5328993797302246[0m
2023-01-18 08:40:24,542 - Analysis - INFO - [1mGeneration number 3 	 Code coverage: 54.29% (746/1374) 	 Branch coverage: 73.91% (68/92) 	 Transactions: 85 (46 unique)   	 Time: 3.35392165184021[0m
2023-01-18 08:40:29,188 - Detector - INFO - [1m[33m-----------------------------------------------------[0m
2023-01-18 08:40:29,188 - Detector - INFO - [1m[33m    !!! Transaction order dependency detected !!!    [0m
2023-01-18 08:40:29,188 - Detector - INFO - [1m[33m-----------------------------------------------------[0m
2023-01-18 08:40:29,188 - Detector - INFO - [1m[33mSWC-ID:   114[0m
2023-01-18 08:40:29,189 - Detector - INFO - [1m[33mSeverity: Medium[0m
2023-01-18 08:40:29,189 - Detector - INFO - [1m[33m-----------------------------------------------------[0m
2023-01-18 08:40:29,189 - Detector - INFO - [1m[33mSource code line:[0m
2023-01-18 08:40:29,189 - Detector - INFO - [1m[33m-----------------------------------------------------[0m
2023-01-18 08:40:29,189 - Detector - INFO - [1m[33m/sb/etheraffle.sol:81:1[0m
2023-01-18 08:40:29,189 - Detector - INFO - [1m[33mcontestants[currTicket] = Contestant(msg.sender, raffleId)[0m
2023-01-18 08:40:29,189 - Detector - INFO - [1m[33m-----------------------------------------------------[0m
2023-01-18 08:40:29,189 - Detector - INFO - [1m[33mTransaction sequence:[0m
2023-01-18 08:40:29,189 - Detector - INFO - [1m[33m-----------------------------------------------------[0m
2023-01-18 08:40:29,189 - Detector - INFO - [1m[33mTransaction 1:[0m
2023-01-18 08:40:29,190 - Detector - INFO - [1m[33m-----------------------------------------------------[0m
2023-01-18 08:40:29,190 - Detector - INFO - [1m[33mFrom:      0xdeadbeefdeadbeefdeadbeefdeadbeefdeadbeef[0m
2023-01-18 08:40:29,190 - Detector - INFO - [1m[33mTo:        0x2c5e8a3b3aad9df32339409534e64dfcabcd3a65[0m
2023-01-18 08:40:29,190 - Detector - INFO - [1m[33mValue:     50600000000000000 Wei[0m
2023-01-18 08:40:29,190 - Detector - INFO - [1m[33mGas Limit: 4500000[0m
2023-01-18 08:40:29,190 - Detector - INFO - [1m[33mInput:     0x[0m
2023-01-18 08:40:29,190 - Detector - INFO - [1m[33m-----------------------------------------------------[0m
2023-01-18 08:40:29,190 - Detector - INFO - [1m[33mTransaction 2 - getRefund():[0m
2023-01-18 08:40:29,190 - Detector - INFO - [1m[33m-----------------------------------------------------[0m
2023-01-18 08:40:29,190 - Detector - INFO - [1m[33mFrom:      0xdeadbeefdeadbeefdeadbeefdeadbeefdeadbeef[0m
2023-01-18 08:40:29,191 - Detector - INFO - [1m[33mTo:        0x2c5e8a3b3aad9df32339409534e64dfcabcd3a65[0m
2023-01-18 08:40:29,191 - Detector - INFO - [1m[33mValue:     0 Wei[0m
2023-01-18 08:40:29,191 - Detector - INFO - [1m[33mGas Limit: 4500000[0m
2023-01-18 08:40:29,191 - Detector - INFO - [1m[33mInput:     0xb2d5ae44[0m
2023-01-18 08:40:29,191 - Detector - INFO - [1m[33m-----------------------------------------------------[0m
2023-01-18 08:40:29,191 - Detector - INFO - [1m[33mTransaction 3 - getRefund():[0m
2023-01-18 08:40:29,191 - Detector - INFO - [1m[33m-----------------------------------------------------[0m
2023-01-18 08:40:29,191 - Detector - INFO - [1m[33mFrom:      0xcafebabecafebabecafebabecafebabecafebabe[0m
2023-01-18 08:40:29,191 - Detector - INFO - [1m[33mTo:        0x2c5e8a3b3aad9df32339409534e64dfcabcd3a65[0m
2023-01-18 08:40:29,191 - Detector - INFO - [1m[33mValue:     0 Wei[0m
2023-01-18 08:40:29,191 - Detector - INFO - [1m[33mGas Limit: 4500000[0m
2023-01-18 08:40:29,192 - Detector - INFO - [1m[33mInput:     0xb2d5ae44[0m
2023-01-18 08:40:29,192 - Detector - INFO - [1m[33m-----------------------------------------------------[0m
2023-01-18 08:40:31,296 - Analysis - INFO - [1mGeneration number 4 	 Code coverage: 54.29% (746/1374) 	 Branch coverage: 73.91% (68/92) 	 Transactions: 154 (67 unique)   	 Time: 10.107367992401123[0m
2023-01-18 08:40:40,357 - Analysis - INFO - [1mGeneration number 5 	 Code coverage: 54.29% (746/1374) 	 Branch coverage: 73.91% (68/92) 	 Transactions: 224 (86 unique)   	 Time: 19.168084383010864[0m
2023-01-18 08:40:49,865 - Analysis - INFO - [1mGeneration number 6 	 Code coverage: 54.29% (746/1374) 	 Branch coverage: 73.91% (68/92) 	 Transactions: 298 (100 unique)   	 Time: 28.67624068260193[0m
2023-01-18 08:40:59,577 - Analysis - INFO - [1mGeneration number 7 	 Code coverage: 54.29% (746/1374) 	 Branch coverage: 73.91% (68/92) 	 Transactions: 374 (112 unique)   	 Time: 38.38887095451355[0m
2023-01-18 08:41:09,496 - Analysis - INFO - [1mGeneration number 8 	 Code coverage: 54.29% (746/1374) 	 Branch coverage: 73.91% (68/92) 	 Transactions: 450 (122 unique)   	 Time: 48.30765891075134[0m
2023-01-18 08:41:20,958 - Analysis - INFO - [1mGeneration number 9 	 Code coverage: 54.29% (746/1374) 	 Branch coverage: 73.91% (68/92) 	 Transactions: 538 (138 unique)   	 Time: 59.76974272727966[0m
2023-01-18 08:41:33,819 - Analysis - INFO - [1mGeneration number 10 	 Code coverage: 54.29% (746/1374) 	 Branch coverage: 73.91% (68/92) 	 Transactions: 638 (153 unique)   	 Time: 72.63024926185608[0m
2023-01-18 08:41:46,009 - Analysis - INFO - [1mGeneration number 11 	 Code coverage: 54.29% (746/1374) 	 Branch coverage: 73.91% (68/92) 	 Transactions: 728 (168 unique)   	 Time: 84.820059299469[0m
2023-01-18 08:41:59,239 - Analysis - INFO - [1mGeneration number 12 	 Code coverage: 54.29% (746/1374) 	 Branch coverage: 73.91% (68/92) 	 Transactions: 824 (180 unique)   	 Time: 98.05043411254883[0m
2023-01-18 08:42:11,751 - Analysis - INFO - [1mGeneration number 13 	 Code coverage: 54.29% (746/1374) 	 Branch coverage: 73.91% (68/92) 	 Transactions: 915 (192 unique)   	 Time: 110.56276416778564[0m
2023-01-18 08:42:22,961 - Analysis - INFO - [1mGeneration number 14 	 Code coverage: 54.29% (746/1374) 	 Branch coverage: 73.91% (68/92) 	 Transactions: 1002 (198 unique)   	 Time: 121.7719955444336[0m
2023-01-18 08:42:25,900 - Analysis - INFO - [1mGeneration number 15 	 Code coverage: 67.18% (923/1374) 	 Branch coverage: 83.70% (77/92) 	 Transactions: 1052 (221 unique)   	 Time: 124.71144461631775[0m
2023-01-18 08:42:29,980 - Analysis - INFO - [1mGeneration number 16 	 Code coverage: 67.18% (923/1374) 	 Branch coverage: 83.70% (77/92) 	 Transactions: 1109 (236 unique)   	 Time: 128.79148745536804[0m
2023-01-18 08:42:36,338 - Analysis - INFO - [1mGeneration number 17 	 Code coverage: 74.53% (1024/1374) 	 Branch coverage: 86.96% (80/92) 	 Transactions: 1186 (250 unique)   	 Time: 135.14935684204102[0m
2023-01-18 08:42:45,310 - Analysis - INFO - [1mGeneration number 18 	 Code coverage: 77.29% (1062/1374) 	 Branch coverage: 90.22% (83/92) 	 Transactions: 1274 (266 unique)   	 Time: 144.12132048606873[0m
2023-01-18 08:42:54,081 - Analysis - INFO - [1mGeneration number 19 	 Code coverage: 77.29% (1062/1374) 	 Branch coverage: 90.22% (83/92) 	 Transactions: 1365 (278 unique)   	 Time: 152.89202547073364[0m
2023-01-18 08:43:03,632 - Analysis - INFO - [1mGeneration number 20 	 Code coverage: 77.29% (1062/1374) 	 Branch coverage: 90.22% (83/92) 	 Transactions: 1461 (289 unique)   	 Time: 162.44325423240662[0m
2023-01-18 08:43:12,349 - Analysis - INFO - [1mGeneration number 21 	 Code coverage: 77.29% (1062/1374) 	 Branch coverage: 90.22% (83/92) 	 Transactions: 1552 (298 unique)   	 Time: 171.16022419929504[0m
2023-01-18 08:43:21,412 - Analysis - INFO - [1mGeneration number 22 	 Code coverage: 77.29% (1062/1374) 	 Branch coverage: 90.22% (83/92) 	 Transactions: 1645 (306 unique)   	 Time: 180.2233967781067[0m
2023-01-18 08:43:30,837 - Analysis - INFO - [1mGeneration number 23 	 Code coverage: 77.29% (1062/1374) 	 Branch coverage: 90.22% (83/92) 	 Transactions: 1747 (318 unique)   	 Time: 189.6487398147583[0m
2023-01-18 08:43:40,882 - Analysis - INFO - [1mGeneration number 24 	 Code coverage: 77.29% (1062/1374) 	 Branch coverage: 90.22% (83/92) 	 Transactions: 1842 (327 unique)   	 Time: 199.69311618804932[0m
2023-01-18 08:43:52,076 - Analysis - INFO - [1mGeneration number 25 	 Code coverage: 77.29% (1062/1374) 	 Branch coverage: 90.22% (83/92) 	 Transactions: 1958 (340 unique)   	 Time: 210.88743591308594[0m
2023-01-18 08:44:01,458 - Analysis - INFO - [1mGeneration number 26 	 Code coverage: 77.29% (1062/1374) 	 Branch coverage: 90.22% (83/92) 	 Transactions: 2052 (348 unique)   	 Time: 220.269273519516[0m
2023-01-18 08:44:09,282 - Analysis - INFO - [1mGeneration number 27 	 Code coverage: 77.29% (1062/1374) 	 Branch coverage: 90.22% (83/92) 	 Transactions: 2132 (354 unique)   	 Time: 228.0930461883545[0m
2023-01-18 08:44:18,884 - Analysis - INFO - [1mGeneration number 28 	 Code coverage: 77.29% (1062/1374) 	 Branch coverage: 90.22% (83/92) 	 Transactions: 2233 (363 unique)   	 Time: 237.69542813301086[0m
2023-01-18 08:44:27,841 - Analysis - INFO - [1mGeneration number 29 	 Code coverage: 77.29% (1062/1374) 	 Branch coverage: 90.22% (83/92) 	 Transactions: 2326 (369 unique)   	 Time: 246.6524691581726[0m
2023-01-18 08:44:31,786 - Analysis - INFO - [1mGeneration number 30 	 Code coverage: 77.29% (1062/1374) 	 Branch coverage: 90.22% (83/92) 	 Transactions: 2387 (394 unique)   	 Time: 250.59737992286682[0m
2023-01-18 08:44:38,558 - Analysis - INFO - [1mGeneration number 31 	 Code coverage: 77.29% (1062/1374) 	 Branch coverage: 90.22% (83/92) 	 Transactions: 2468 (414 unique)   	 Time: 257.3690299987793[0m
2023-01-18 08:44:45,588 - Analysis - INFO - [1mGeneration number 32 	 Code coverage: 77.29% (1062/1374) 	 Branch coverage: 90.22% (83/92) 	 Transactions: 2551 (427 unique)   	 Time: 264.398996591568[0m
2023-01-18 08:44:52,586 - Analysis - INFO - [1mGeneration number 33 	 Code coverage: 77.29% (1062/1374) 	 Branch coverage: 90.22% (83/92) 	 Transactions: 2634 (440 unique)   	 Time: 271.3972861766815[0m
2023-01-18 08:44:59,685 - Analysis - INFO - [1mGeneration number 34 	 Code coverage: 77.29% (1062/1374) 	 Branch coverage: 90.22% (83/92) 	 Transactions: 2711 (447 unique)   	 Time: 278.496707201004[0m
2023-01-18 08:45:08,380 - Analysis - INFO - [1mGeneration number 35 	 Code coverage: 77.29% (1062/1374) 	 Branch coverage: 90.22% (83/92) 	 Transactions: 2797 (458 unique)   	 Time: 287.1916468143463[0m
2023-01-18 08:45:20,047 - Analysis - INFO - [1mGeneration number 36 	 Code coverage: 77.29% (1062/1374) 	 Branch coverage: 90.22% (83/92) 	 Transactions: 2908 (475 unique)   	 Time: 298.8581187725067[0m
2023-01-18 08:45:31,454 - Analysis - INFO - [1mGeneration number 37 	 Code coverage: 77.29% (1062/1374) 	 Branch coverage: 90.22% (83/92) 	 Transactions: 3015 (488 unique)   	 Time: 310.26555371284485[0m
2023-01-18 08:45:42,532 - Analysis - INFO - [1mGeneration number 38 	 Code coverage: 77.29% (1062/1374) 	 Branch coverage: 90.22% (83/92) 	 Transactions: 3123 (501 unique)   	 Time: 321.34388399124146[0m
2023-01-18 08:45:53,858 - Analysis - INFO - [1mGeneration number 39 	 Code coverage: 77.29% (1062/1374) 	 Branch coverage: 90.22% (83/92) 	 Transactions: 3222 (515 unique)   	 Time: 332.6689999103546[0m
2023-01-18 08:45:56,592 - Analysis - INFO - [1mGeneration number 40 	 Code coverage: 77.29% (1062/1374) 	 Branch coverage: 90.22% (83/92) 	 Transactions: 3274 (531 unique)   	 Time: 335.40372800827026[0m
2023-01-18 08:46:00,094 - Analysis - INFO - [1mGeneration number 41 	 Code coverage: 77.29% (1062/1374) 	 Branch coverage: 90.22% (83/92) 	 Transactions: 3322 (545 unique)   	 Time: 338.9053227901459[0m
2023-01-18 08:46:05,493 - Analysis - INFO - [1mGeneration number 42 	 Code coverage: 77.29% (1062/1374) 	 Branch coverage: 90.22% (83/92) 	 Transactions: 3388 (559 unique)   	 Time: 344.30420684814453[0m
2023-01-18 08:46:08,549 - Detector - INFO - [1m[33m-----------------------------------------------------[0m
2023-01-18 08:46:08,549 - Detector - INFO - [1m[33m    !!! Transaction order dependency detected !!!    [0m
2023-01-18 08:46:08,549 - Detector - INFO - [1m[33m-----------------------------------------------------[0m
2023-01-18 08:46:08,549 - Detector - INFO - [1m[33mSWC-ID:   114[0m
2023-01-18 08:46:08,549 - Detector - INFO - [1m[33mSeverity: Medium[0m
2023-01-18 08:46:08,549 - Detector - INFO - [1m[33m-----------------------------------------------------[0m
2023-01-18 08:46:08,549 - Detector - INFO - [1m[33mSource code line:[0m
2023-01-18 08:46:08,550 - Detector - INFO - [1m[33m-----------------------------------------------------[0m
2023-01-18 08:46:08,550 - Detector - INFO - [1m[33m/sb/etheraffle.sol:158:1[0m
2023-01-18 08:46:08,550 - Detector - INFO - [1m[33mblockNumber = block.number[0m
2023-01-18 08:46:08,550 - Detector - INFO - [1m[33m-----------------------------------------------------[0m
2023-01-18 08:46:08,550 - Detector - INFO - [1m[33mTransaction sequence:[0m
2023-01-18 08:46:08,550 - Detector - INFO - [1m[33m-----------------------------------------------------[0m
2023-01-18 08:46:08,550 - Detector - INFO - [1m[33mTransaction 1 - endRaffle():[0m
2023-01-18 08:46:08,550 - Detector - INFO - [1m[33m-----------------------------------------------------[0m
2023-01-18 08:46:08,550 - Detector - INFO - [1m[33mFrom:      0xcafebabecafebabecafebabecafebabecafebabe[0m
2023-01-18 08:46:08,550 - Detector - INFO - [1m[33mTo:        0x2c5e8a3b3aad9df32339409534e64dfcabcd3a65[0m
2023-01-18 08:46:08,550 - Detector - INFO - [1m[33mValue:     0 Wei[0m
2023-01-18 08:46:08,551 - Detector - INFO - [1m[33mGas Limit: 4500000[0m
2023-01-18 08:46:08,551 - Detector - INFO - [1m[33mInput:     0xee095c0e[0m
2023-01-18 08:46:08,551 - Detector - INFO - [1m[33m-----------------------------------------------------[0m
2023-01-18 08:46:08,551 - Detector - INFO - [1m[33mTransaction 2 - getRefund():[0m
2023-01-18 08:46:08,551 - Detector - INFO - [1m[33m-----------------------------------------------------[0m
2023-01-18 08:46:08,551 - Detector - INFO - [1m[33mFrom:      0xdeadbeefdeadbeefdeadbeefdeadbeefdeadbeef[0m
2023-01-18 08:46:08,551 - Detector - INFO - [1m[33mTo:        0x2c5e8a3b3aad9df32339409534e64dfcabcd3a65[0m
2023-01-18 08:46:08,551 - Detector - INFO - [1m[33mValue:     0 Wei[0m
2023-01-18 08:46:08,551 - Detector - INFO - [1m[33mGas Limit: 4500000[0m
2023-01-18 08:46:08,551 - Detector - INFO - [1m[33mInput:     0xb2d5ae44[0m
2023-01-18 08:46:08,552 - Detector - INFO - [1m[33m-----------------------------------------------------[0m
2023-01-18 08:46:08,552 - Detector - INFO - [1m[33mTransaction 3 - togglePause():[0m
2023-01-18 08:46:08,552 - Detector - INFO - [1m[33m-----------------------------------------------------[0m
2023-01-18 08:46:08,552 - Detector - INFO - [1m[33mFrom:      0xdeadbeefdeadbeefdeadbeefdeadbeefdeadbeef[0m
2023-01-18 08:46:08,552 - Detector - INFO - [1m[33mTo:        0x2c5e8a3b3aad9df32339409534e64dfcabcd3a65[0m
2023-01-18 08:46:08,552 - Detector - INFO - [1m[33mValue:     0 Wei[0m
2023-01-18 08:46:08,552 - Detector - INFO - [1m[33mGas Limit: 4500000[0m
2023-01-18 08:46:08,552 - Detector - INFO - [1m[33mInput:     0xc4ae3168[0m
2023-01-18 08:46:08,552 - Detector - INFO - [1m[33m-----------------------------------------------------[0m
2023-01-18 08:46:08,552 - Detector - INFO - [1m[33mTransaction 4 - buyTickets():[0m
2023-01-18 08:46:08,553 - Detector - INFO - [1m[33m-----------------------------------------------------[0m
2023-01-18 08:46:08,553 - Detector - INFO - [1m[33mFrom:      0xcafebabecafebabecafebabecafebabecafebabe[0m
2023-01-18 08:46:08,553 - Detector - INFO - [1m[33mTo:        0x2c5e8a3b3aad9df32339409534e64dfcabcd3a65[0m
2023-01-18 08:46:08,553 - Detector - INFO - [1m[33mValue:     1 Wei[0m
2023-01-18 08:46:08,553 - Detector - INFO - [1m[33mGas Limit: 4500000[0m
2023-01-18 08:46:08,553 - Detector - INFO - [1m[33mInput:     0xc8199826[0m
2023-01-18 08:46:08,553 - Detector - INFO - [1m[33m-----------------------------------------------------[0m
2023-01-18 08:46:08,553 - Detector - INFO - [1m[33mTransaction 5 - buyTickets():[0m
2023-01-18 08:46:08,553 - Detector - INFO - [1m[33m-----------------------------------------------------[0m
2023-01-18 08:46:08,553 - Detector - INFO - [1m[33mFrom:      0xdeadbeefdeadbeefdeadbeefdeadbeefdeadbeef[0m
2023-01-18 08:46:08,554 - Detector - INFO - [1m[33mTo:        0x2c5e8a3b3aad9df32339409534e64dfcabcd3a65[0m
2023-01-18 08:46:08,554 - Detector - INFO - [1m[33mValue:     4398046511104 Wei[0m
2023-01-18 08:46:08,554 - Detector - INFO - [1m[33mGas Limit: 4500000[0m
2023-01-18 08:46:08,554 - Detector - INFO - [1m[33mInput:     0xc8199826[0m
2023-01-18 08:46:08,554 - Detector - INFO - [1m[33m-----------------------------------------------------[0m
2023-01-18 08:46:12,655 - Analysis - INFO - [1mGeneration number 43 	 Code coverage: 77.29% (1062/1374) 	 Branch coverage: 90.22% (83/92) 	 Transactions: 3464 (570 unique)   	 Time: 351.46671056747437[0m
2023-01-18 08:46:20,524 - Analysis - INFO - [1mGeneration number 44 	 Code coverage: 77.29% (1062/1374) 	 Branch coverage: 90.22% (83/92) 	 Transactions: 3543 (580 unique)   	 Time: 359.33584427833557[0m
2023-01-18 08:46:28,159 - Analysis - INFO - [1mGeneration number 45 	 Code coverage: 77.29% (1062/1374) 	 Branch coverage: 90.22% (83/92) 	 Transactions: 3615 (589 unique)   	 Time: 366.970055103302[0m
2023-01-18 08:46:38,262 - Analysis - INFO - [1mGeneration number 46 	 Code coverage: 77.29% (1062/1374) 	 Branch coverage: 90.22% (83/92) 	 Transactions: 3706 (604 unique)   	 Time: 377.0731520652771[0m
2023-01-18 08:46:47,511 - Analysis - INFO - [1mGeneration number 47 	 Code coverage: 77.29% (1062/1374) 	 Branch coverage: 90.22% (83/92) 	 Transactions: 3784 (612 unique)   	 Time: 386.3226842880249[0m
2023-01-18 08:46:55,986 - Analysis - INFO - [1mGeneration number 48 	 Code coverage: 77.29% (1062/1374) 	 Branch coverage: 90.22% (83/92) 	 Transactions: 3856 (621 unique)   	 Time: 394.79703664779663[0m
2023-01-18 08:47:05,428 - Analysis - INFO - [1mGeneration number 49 	 Code coverage: 77.29% (1062/1374) 	 Branch coverage: 90.22% (83/92) 	 Transactions: 3938 (630 unique)   	 Time: 404.23942136764526[0m
2023-01-18 08:47:07,670 - Analysis - INFO - [1mGeneration number 50 	 Code coverage: 77.29% (1062/1374) 	 Branch coverage: 90.22% (83/92) 	 Transactions: 3991 (642 unique)   	 Time: 406.4816792011261[0m
2023-01-18 08:47:09,746 - Analysis - INFO - [1mGeneration number 51 	 Code coverage: 77.29% (1062/1374) 	 Branch coverage: 90.22% (83/92) 	 Transactions: 4058 (661 unique)   	 Time: 408.557293176651[0m
2023-01-18 08:47:12,143 - Analysis - INFO - [1mGeneration number 52 	 Code coverage: 77.29% (1062/1374) 	 Branch coverage: 90.22% (83/92) 	 Transactions: 4119 (669 unique)   	 Time: 410.9548966884613[0m
2023-01-18 08:47:14,984 - Analysis - INFO - [1mGeneration number 53 	 Code coverage: 77.29% (1062/1374) 	 Branch coverage: 90.22% (83/92) 	 Transactions: 4185 (678 unique)   	 Time: 413.7956097126007[0m
2023-01-18 08:47:17,611 - Analysis - INFO - [1mGeneration number 54 	 Code coverage: 77.80% (1069/1374) 	 Branch coverage: 91.30% (84/92) 	 Transactions: 4243 (684 unique)   	 Time: 416.4221830368042[0m
2023-01-18 08:47:20,434 - Analysis - INFO - [1mGeneration number 55 	 Code coverage: 77.80% (1069/1374) 	 Branch coverage: 91.30% (84/92) 	 Transactions: 4314 (692 unique)   	 Time: 419.245578289032[0m
2023-01-18 08:47:23,039 - Analysis - INFO - [1mGeneration number 56 	 Code coverage: 77.80% (1069/1374) 	 Branch coverage: 91.30% (84/92) 	 Transactions: 4376 (695 unique)   	 Time: 421.85065269470215[0m
2023-01-18 08:47:25,813 - Analysis - INFO - [1mGeneration number 57 	 Code coverage: 77.80% (1069/1374) 	 Branch coverage: 91.30% (84/92) 	 Transactions: 4441 (702 unique)   	 Time: 424.6243817806244[0m
2023-01-18 08:47:28,995 - Analysis - INFO - [1mGeneration number 58 	 Code coverage: 77.80% (1069/1374) 	 Branch coverage: 91.30% (84/92) 	 Transactions: 4509 (705 unique)   	 Time: 427.8061327934265[0m
2023-01-18 08:47:32,009 - Analysis - INFO - [1mGeneration number 59 	 Code coverage: 77.80% (1069/1374) 	 Branch coverage: 91.30% (84/92) 	 Transactions: 4587 (712 unique)   	 Time: 430.82025170326233[0m
2023-01-18 08:47:34,028 - Analysis - INFO - [1mGeneration number 60 	 Code coverage: 77.80% (1069/1374) 	 Branch coverage: 91.30% (84/92) 	 Transactions: 4645 (716 unique)   	 Time: 432.8391261100769[0m
2023-01-18 08:47:36,275 - Analysis - INFO - [1mGeneration number 61 	 Code coverage: 77.80% (1069/1374) 	 Branch coverage: 91.30% (84/92) 	 Transactions: 4723 (725 unique)   	 Time: 435.08599829673767[0m
2023-01-18 08:47:39,439 - Analysis - INFO - [1mGeneration number 62 	 Code coverage: 77.80% (1069/1374) 	 Branch coverage: 91.30% (84/92) 	 Transactions: 4802 (733 unique)   	 Time: 438.2508554458618[0m
2023-01-18 08:47:42,112 - Analysis - INFO - [1mGeneration number 63 	 Code coverage: 77.80% (1069/1374) 	 Branch coverage: 91.30% (84/92) 	 Transactions: 4876 (737 unique)   	 Time: 440.9233384132385[0m
2023-01-18 08:47:44,510 - Analysis - INFO - [1mGeneration number 64 	 Code coverage: 77.80% (1069/1374) 	 Branch coverage: 91.30% (84/92) 	 Transactions: 4944 (741 unique)   	 Time: 443.321900844574[0m
2023-01-18 08:47:47,164 - Analysis - INFO - [1mGeneration number 65 	 Code coverage: 77.80% (1069/1374) 	 Branch coverage: 91.30% (84/92) 	 Transactions: 5007 (742 unique)   	 Time: 445.97532296180725[0m
2023-01-18 08:47:49,982 - Analysis - INFO - [1mGeneration number 66 	 Code coverage: 77.80% (1069/1374) 	 Branch coverage: 91.30% (84/92) 	 Transactions: 5067 (760 unique)   	 Time: 448.79352951049805[0m
2023-01-18 08:47:54,278 - Analysis - INFO - [1mGeneration number 67 	 Code coverage: 77.80% (1069/1374) 	 Branch coverage: 91.30% (84/92) 	 Transactions: 5140 (779 unique)   	 Time: 453.08913135528564[0m
2023-01-18 08:47:58,808 - Analysis - INFO - [1mGeneration number 68 	 Code coverage: 77.80% (1069/1374) 	 Branch coverage: 91.30% (84/92) 	 Transactions: 5216 (789 unique)   	 Time: 457.61972165107727[0m
2023-01-18 08:48:03,243 - Analysis - INFO - [1mGeneration number 69 	 Code coverage: 77.80% (1069/1374) 	 Branch coverage: 91.30% (84/92) 	 Transactions: 5305 (803 unique)   	 Time: 462.0540406703949[0m
2023-01-18 08:48:07,187 - Analysis - INFO - [1mGeneration number 70 	 Code coverage: 77.80% (1069/1374) 	 Branch coverage: 91.30% (84/92) 	 Transactions: 5381 (810 unique)   	 Time: 465.9984874725342[0m
2023-01-18 08:48:11,447 - Analysis - INFO - [1mGeneration number 71 	 Code coverage: 77.80% (1069/1374) 	 Branch coverage: 91.30% (84/92) 	 Transactions: 5467 (821 unique)   	 Time: 470.2587022781372[0m
2023-01-18 08:48:15,424 - Analysis - INFO - [1mGeneration number 72 	 Code coverage: 77.80% (1069/1374) 	 Branch coverage: 91.30% (84/92) 	 Transactions: 5549 (828 unique)   	 Time: 474.23573112487793[0m
2023-01-18 08:48:20,449 - Analysis - INFO - [1mGeneration number 73 	 Code coverage: 77.80% (1069/1374) 	 Branch coverage: 91.30% (84/92) 	 Transactions: 5638 (835 unique)   	 Time: 479.2601270675659[0m
2023-01-18 08:48:25,733 - Analysis - INFO - [1mGeneration number 74 	 Code coverage: 77.80% (1069/1374) 	 Branch coverage: 91.30% (84/92) 	 Transactions: 5732 (847 unique)   	 Time: 484.5440902709961[0m
2023-01-18 08:48:31,139 - Analysis - INFO - [1mGeneration number 75 	 Code coverage: 77.80% (1069/1374) 	 Branch coverage: 91.30% (84/92) 	 Transactions: 5830 (858 unique)   	 Time: 489.95041036605835[0m
2023-01-18 08:48:34,404 - Analysis - INFO - [1mGeneration number 76 	 Code coverage: 77.80% (1069/1374) 	 Branch coverage: 91.30% (84/92) 	 Transactions: 5883 (871 unique)   	 Time: 493.2149863243103[0m
2023-01-18 08:48:39,424 - Analysis - INFO - [1mGeneration number 77 	 Code coverage: 77.80% (1069/1374) 	 Branch coverage: 91.30% (84/92) 	 Transactions: 5940 (888 unique)   	 Time: 498.2350661754608[0m
2023-01-18 08:48:46,439 - Analysis - INFO - [1mGeneration number 78 	 Code coverage: 77.80% (1069/1374) 	 Branch coverage: 91.30% (84/92) 	 Transactions: 6027 (905 unique)   	 Time: 505.2502236366272[0m
2023-01-18 08:48:55,202 - Analysis - INFO - [1mGeneration number 79 	 Code coverage: 77.80% (1069/1374) 	 Branch coverage: 91.30% (84/92) 	 Transactions: 6118 (920 unique)   	 Time: 514.0139033794403[0m
2023-01-18 08:49:03,238 - Analysis - INFO - [1mGeneration number 80 	 Code coverage: 77.80% (1069/1374) 	 Branch coverage: 91.30% (84/92) 	 Transactions: 6204 (929 unique)   	 Time: 522.0497272014618[0m
2023-01-18 08:49:10,503 - Analysis - INFO - [1mGeneration number 81 	 Code coverage: 77.80% (1069/1374) 	 Branch coverage: 91.30% (84/92) 	 Transactions: 6282 (935 unique)   	 Time: 529.3144900798798[0m
2023-01-18 08:49:17,583 - Analysis - INFO - [1mGeneration number 82 	 Code coverage: 77.80% (1069/1374) 	 Branch coverage: 91.30% (84/92) 	 Transactions: 6350 (942 unique)   	 Time: 536.3942224979401[0m
2023-01-18 08:49:23,698 - Analysis - INFO - [1mGeneration number 83 	 Code coverage: 77.80% (1069/1374) 	 Branch coverage: 91.30% (84/92) 	 Transactions: 6414 (949 unique)   	 Time: 542.509712934494[0m
2023-01-18 08:49:31,084 - Analysis - INFO - [1mGeneration number 84 	 Code coverage: 77.80% (1069/1374) 	 Branch coverage: 91.30% (84/92) 	 Transactions: 6493 (960 unique)   	 Time: 549.8957748413086[0m
2023-01-18 08:49:37,832 - Analysis - INFO - [1mGeneration number 85 	 Code coverage: 77.80% (1069/1374) 	 Branch coverage: 91.30% (84/92) 	 Transactions: 6564 (969 unique)   	 Time: 556.6431097984314[0m
2023-01-18 08:49:41,859 - Analysis - INFO - [1mGeneration number 86 	 Code coverage: 77.80% (1069/1374) 	 Branch coverage: 91.30% (84/92) 	 Transactions: 6624 (983 unique)   	 Time: 560.6708664894104[0m
2023-01-18 08:49:49,303 - Analysis - INFO - [1mGeneration number 87 	 Code coverage: 77.80% (1069/1374) 	 Branch coverage: 91.30% (84/92) 	 Transactions: 6700 (1005 unique)   	 Time: 568.114030122757[0m
2023-01-18 08:49:56,225 - Analysis - INFO - [1mGeneration number 88 	 Code coverage: 77.80% (1069/1374) 	 Branch coverage: 91.30% (84/92) 	 Transactions: 6777 (1018 unique)   	 Time: 575.0365545749664[0m
2023-01-18 08:50:03,152 - Analysis - INFO - [1mGeneration number 89 	 Code coverage: 77.80% (1069/1374) 	 Branch coverage: 91.30% (84/92) 	 Transactions: 6856 (1027 unique)   	 Time: 581.9637839794159[0m
2023-01-18 08:50:08,603 - Analysis - INFO - [1mGeneration number 90 	 Code coverage: 77.80% (1069/1374) 	 Branch coverage: 91.30% (84/92) 	 Transactions: 6922 (1031 unique)   	 Time: 587.4140863418579[0m
2023-01-18 08:50:13,835 - Analysis - INFO - [1mGeneration number 91 	 Code coverage: 77.80% (1069/1374) 	 Branch coverage: 91.30% (84/92) 	 Transactions: 6987 (1038 unique)   	 Time: 592.6467006206512[0m
2023-01-18 08:50:20,147 - Analysis - INFO - [1mGeneration number 92 	 Code coverage: 77.80% (1069/1374) 	 Branch coverage: 91.30% (84/92) 	 Transactions: 7064 (1046 unique)   	 Time: 598.958922624588[0m
2023-01-18 08:50:26,237 - Analysis - INFO - [1mGeneration number 93 	 Code coverage: 77.80% (1069/1374) 	 Branch coverage: 91.30% (84/92) 	 Transactions: 7136 (1049 unique)   	 Time: 605.0484185218811[0m
2023-01-18 08:50:31,876 - Analysis - INFO - [1mGeneration number 94 	 Code coverage: 77.80% (1069/1374) 	 Branch coverage: 91.30% (84/92) 	 Transactions: 7226 (1056 unique)   	 Time: 610.6876165866852[0m
2023-01-18 08:50:36,772 - Analysis - INFO - [1mGeneration number 95 	 Code coverage: 77.80% (1069/1374) 	 Branch coverage: 91.30% (84/92) 	 Transactions: 7315 (1061 unique)   	 Time: 615.5833556652069[0m
2023-01-18 08:50:40,697 - Analysis - INFO - [1mGeneration number 96 	 Code coverage: 77.80% (1069/1374) 	 Branch coverage: 91.30% (84/92) 	 Transactions: 7377 (1074 unique)   	 Time: 619.5089640617371[0m
2023-01-18 08:50:45,645 - Detector - INFO - [1m[33m-----------------------------------------------------[0m
2023-01-18 08:50:45,645 - Detector - INFO - [1m[33m        !!! Unhandled exception detected !!!         [0m
2023-01-18 08:50:45,645 - Detector - INFO - [1m[33m-----------------------------------------------------[0m
2023-01-18 08:50:45,645 - Detector - INFO - [1m[33mSWC-ID:   104[0m
2023-01-18 08:50:45,646 - Detector - INFO - [1m[33mSeverity: Medium[0m
2023-01-18 08:50:45,646 - Detector - INFO - [1m[33m-----------------------------------------------------[0m
2023-01-18 08:50:45,646 - Detector - INFO - [1m[33mSource code line:[0m
2023-01-18 08:50:45,646 - Detector - INFO - [1m[33m-----------------------------------------------------[0m
2023-01-18 08:50:45,646 - Detector - INFO - [1m[33m/sb/etheraffle.sol:150:1[0m
2023-01-18 08:50:45,646 - Detector - INFO - [1m[33mcontestants[i].addr.transfer(pricePerTicket)[0m
2023-01-18 08:50:45,646 - Detector - INFO - [1m[33m-----------------------------------------------------[0m
2023-01-18 08:50:45,646 - Detector - INFO - [1m[33mTransaction sequence:[0m
2023-01-18 08:50:45,646 - Detector - INFO - [1m[33m-----------------------------------------------------[0m
2023-01-18 08:50:45,646 - Detector - INFO - [1m[33mTransaction 1 - endRaffle():[0m
2023-01-18 08:50:45,647 - Detector - INFO - [1m[33m-----------------------------------------------------[0m
2023-01-18 08:50:45,647 - Detector - INFO - [1m[33mFrom:      0xdeadbeefdeadbeefdeadbeefdeadbeefdeadbeef[0m
2023-01-18 08:50:45,647 - Detector - INFO - [1m[33mTo:        0x2c5e8a3b3aad9df32339409534e64dfcabcd3a65[0m
2023-01-18 08:50:45,647 - Detector - INFO - [1m[33mValue:     0 Wei[0m
2023-01-18 08:50:45,647 - Detector - INFO - [1m[33mGas Limit: 4500000[0m
2023-01-18 08:50:45,647 - Detector - INFO - [1m[33mInput:     0xee095c0e[0m
2023-01-18 08:50:45,647 - Detector - INFO - [1m[33m-----------------------------------------------------[0m
2023-01-18 08:50:45,647 - Detector - INFO - [1m[33mTransaction 2:[0m
2023-01-18 08:50:45,647 - Detector - INFO - [1m[33m-----------------------------------------------------[0m
2023-01-18 08:50:45,647 - Detector - INFO - [1m[33mFrom:      0xdeadbeefdeadbeefdeadbeefdeadbeefdeadbeef[0m
2023-01-18 08:50:45,647 - Detector - INFO - [1m[33mTo:        0x2c5e8a3b3aad9df32339409534e64dfcabcd3a65[0m
2023-01-18 08:50:45,648 - Detector - INFO - [1m[33mValue:     50600000000000000 Wei[0m
2023-01-18 08:50:45,648 - Detector - INFO - [1m[33mGas Limit: 4500000[0m
2023-01-18 08:50:45,648 - Detector - INFO - [1m[33mInput:     0x[0m
2023-01-18 08:50:45,648 - Detector - INFO - [1m[33m-----------------------------------------------------[0m
2023-01-18 08:50:45,648 - Detector - INFO - [1m[33mTransaction 3:[0m
2023-01-18 08:50:45,648 - Detector - INFO - [1m[33m-----------------------------------------------------[0m
2023-01-18 08:50:45,648 - Detector - INFO - [1m[33mFrom:      0xdeadbeefdeadbeefdeadbeefdeadbeefdeadbeef[0m
2023-01-18 08:50:45,648 - Detector - INFO - [1m[33mTo:        0x2c5e8a3b3aad9df32339409534e64dfcabcd3a65[0m
2023-01-18 08:50:45,648 - Detector - INFO - [1m[33mValue:     50600000000000000 Wei[0m
2023-01-18 08:50:45,648 - Detector - INFO - [1m[33mGas Limit: 4500000[0m
2023-01-18 08:50:45,649 - Detector - INFO - [1m[33mInput:     0x00000000[0m
2023-01-18 08:50:45,649 - Detector - INFO - [1m[33m-----------------------------------------------------[0m
2023-01-18 08:50:45,649 - Detector - INFO - [1m[33mTransaction 4 - endRaffle():[0m
2023-01-18 08:50:45,649 - Detector - INFO - [1m[33m-----------------------------------------------------[0m
2023-01-18 08:50:45,649 - Detector - INFO - [1m[33mFrom:      0xcafebabecafebabecafebabecafebabecafebabe[0m
2023-01-18 08:50:45,649 - Detector - INFO - [1m[33mTo:        0x2c5e8a3b3aad9df32339409534e64dfcabcd3a65[0m
2023-01-18 08:50:45,649 - Detector - INFO - [1m[33mValue:     0 Wei[0m
2023-01-18 08:50:45,649 - Detector - INFO - [1m[33mGas Limit: 4500000[0m
2023-01-18 08:50:45,649 - Detector - INFO - [1m[33mInput:     0xee095c0e[0m
2023-01-18 08:50:45,649 - Detector - INFO - [1m[33m-----------------------------------------------------[0m
2023-01-18 08:50:46,511 - Analysis - INFO - [1mGeneration number 97 	 Code coverage: 77.80% (1069/1374) 	 Branch coverage: 91.30% (84/92) 	 Transactions: 7462 (1097 unique)   	 Time: 625.322546005249[0m
2023-01-18 08:50:54,000 - Analysis - INFO - [1mGeneration number 98 	 Code coverage: 77.80% (1069/1374) 	 Branch coverage: 91.30% (84/92) 	 Transactions: 7552 (1115 unique)   	 Time: 632.8109710216522[0m
2023-01-18 08:51:01,493 - Analysis - INFO - [1mGeneration number 99 	 Code coverage: 77.80% (1069/1374) 	 Branch coverage: 91.30% (84/92) 	 Transactions: 7636 (1127 unique)   	 Time: 640.3048000335693[0m
2023-01-18 08:51:09,470 - Analysis - INFO - [1mGeneration number 100 	 Code coverage: 77.80% (1069/1374) 	 Branch coverage: 91.30% (84/92) 	 Transactions: 7726 (1142 unique)   	 Time: 648.2810583114624[0m
2023-01-18 08:51:18,122 - Analysis - INFO - [1mGeneration number 101 	 Code coverage: 77.80% (1069/1374) 	 Branch coverage: 91.30% (84/92) 	 Transactions: 7822 (1149 unique)   	 Time: 656.9339072704315[0m
2023-01-18 08:51:25,716 - Analysis - INFO - [1mGeneration number 102 	 Code coverage: 77.80% (1069/1374) 	 Branch coverage: 91.30% (84/92) 	 Transactions: 7912 (1160 unique)   	 Time: 664.527804851532[0m
2023-01-18 08:51:33,389 - Analysis - INFO - [1mGeneration number 103 	 Code coverage: 77.80% (1069/1374) 	 Branch coverage: 91.30% (84/92) 	 Transactions: 8006 (1171 unique)   	 Time: 672.2000892162323[0m
2023-01-18 08:51:40,835 - Analysis - INFO - [1mGeneration number 104 	 Code coverage: 77.80% (1069/1374) 	 Branch coverage: 91.30% (84/92) 	 Transactions: 8098 (1184 unique)   	 Time: 679.6469080448151[0m
2023-01-18 08:51:49,580 - Analysis - INFO - [1mGeneration number 105 	 Code coverage: 77.80% (1069/1374) 	 Branch coverage: 91.30% (84/92) 	 Transactions: 8201 (1194 unique)   	 Time: 688.3919107913971[0m
2023-01-18 08:51:52,298 - Analysis - INFO - [1mGeneration number 106 	 Code coverage: 77.80% (1069/1374) 	 Branch coverage: 91.30% (84/92) 	 Transactions: 8249 (1201 unique)   	 Time: 691.1093714237213[0m
2023-01-18 08:51:56,715 - Analysis - INFO - [1mGeneration number 107 	 Code coverage: 77.80% (1069/1374) 	 Branch coverage: 91.30% (84/92) 	 Transactions: 8312 (1217 unique)   	 Time: 695.5263559818268[0m
2023-01-18 08:52:02,028 - Analysis - INFO - [1mGeneration number 108 	 Code coverage: 77.80% (1069/1374) 	 Branch coverage: 91.30% (84/92) 	 Transactions: 8382 (1229 unique)   	 Time: 700.8397507667542[0m
2023-01-18 08:52:09,148 - Analysis - INFO - [1mGeneration number 109 	 Code coverage: 77.80% (1069/1374) 	 Branch coverage: 91.30% (84/92) 	 Transactions: 8470 (1244 unique)   	 Time: 707.9599397182465[0m
2023-01-18 08:52:16,517 - Analysis - INFO - [1mGeneration number 110 	 Code coverage: 77.80% (1069/1374) 	 Branch coverage: 91.30% (84/92) 	 Transactions: 8557 (1254 unique)   	 Time: 715.3280067443848[0m
2023-01-18 08:52:23,588 - Analysis - INFO - [1mGeneration number 111 	 Code coverage: 77.80% (1069/1374) 	 Branch coverage: 91.30% (84/92) 	 Transactions: 8644 (1264 unique)   	 Time: 722.3998785018921[0m
2023-01-18 08:52:32,014 - Analysis - INFO - [1mGeneration number 112 	 Code coverage: 77.80% (1069/1374) 	 Branch coverage: 91.30% (84/92) 	 Transactions: 8738 (1274 unique)   	 Time: 730.8254103660583[0m
2023-01-18 08:52:40,382 - Analysis - INFO - [1mGeneration number 113 	 Code coverage: 77.80% (1069/1374) 	 Branch coverage: 91.30% (84/92) 	 Transactions: 8830 (1287 unique)   	 Time: 739.193062543869[0m
2023-01-18 08:52:47,563 - Analysis - INFO - [1mGeneration number 114 	 Code coverage: 77.80% (1069/1374) 	 Branch coverage: 91.30% (84/92) 	 Transactions: 8910 (1293 unique)   	 Time: 746.3746950626373[0m
2023-01-18 08:52:54,416 - Analysis - INFO - [1mGeneration number 115 	 Code coverage: 77.80% (1069/1374) 	 Branch coverage: 91.30% (84/92) 	 Transactions: 8997 (1300 unique)   	 Time: 753.2279305458069[0m
2023-01-18 08:52:57,576 - Analysis - INFO - [1mGeneration number 116 	 Code coverage: 77.80% (1069/1374) 	 Branch coverage: 91.30% (84/92) 	 Transactions: 9053 (1312 unique)   	 Time: 756.3872497081757[0m
2023-01-18 08:53:04,138 - Analysis - INFO - [1mGeneration number 117 	 Code coverage: 77.80% (1069/1374) 	 Branch coverage: 91.30% (84/92) 	 Transactions: 9122 (1329 unique)   	 Time: 762.9495780467987[0m
2023-01-18 08:53:12,942 - Analysis - INFO - [1mGeneration number 118 	 Code coverage: 77.80% (1069/1374) 	 Branch coverage: 91.30% (84/92) 	 Transactions: 9209 (1341 unique)   	 Time: 771.7533719539642[0m
2023-01-18 08:53:19,402 - Analysis - INFO - [1mGeneration number 119 	 Code coverage: 77.80% (1069/1374) 	 Branch coverage: 91.30% (84/92) 	 Transactions: 9275 (1348 unique)   	 Time: 778.213969707489[0m
2023-01-18 08:53:28,296 - Analysis - INFO - [1mGeneration number 120 	 Code coverage: 77.80% (1069/1374) 	 Branch coverage: 91.30% (84/92) 	 Transactions: 9348 (1358 unique)   	 Time: 787.1077342033386[0m
2023-01-18 08:53:39,684 - Analysis - INFO - [1mGeneration number 121 	 Code coverage: 77.80% (1069/1374) 	 Branch coverage: 91.30% (84/92) 	 Transactions: 9435 (1369 unique)   	 Time: 798.4954912662506[0m
2023-01-18 08:53:50,736 - Analysis - INFO - [1mGeneration number 122 	 Code coverage: 77.80% (1069/1374) 	 Branch coverage: 91.30% (84/92) 	 Transactions: 9513 (1377 unique)   	 Time: 809.5472645759583[0m
2023-01-18 08:54:00,931 - Analysis - INFO - [1mGeneration number 123 	 Code coverage: 77.80% (1069/1374) 	 Branch coverage: 91.30% (84/92) 	 Transactions: 9586 (1380 unique)   	 Time: 819.742753982544[0m
2023-01-18 08:54:13,256 - Analysis - INFO - [1mGeneration number 124 	 Code coverage: 77.80% (1069/1374) 	 Branch coverage: 91.30% (84/92) 	 Transactions: 9673 (1387 unique)   	 Time: 832.0679349899292[0m
2023-01-18 08:54:22,386 - Analysis - INFO - [1mGeneration number 125 	 Code coverage: 77.80% (1069/1374) 	 Branch coverage: 91.30% (84/92) 	 Transactions: 9738 (1390 unique)   	 Time: 841.1971509456635[0m
2023-01-18 08:54:25,717 - Analysis - INFO - [1mGeneration number 126 	 Code coverage: 77.80% (1069/1374) 	 Branch coverage: 91.30% (84/92) 	 Transactions: 9794 (1399 unique)   	 Time: 844.5282115936279[0m
2023-01-18 08:54:29,756 - Analysis - INFO - [1mGeneration number 127 	 Code coverage: 77.80% (1069/1374) 	 Branch coverage: 91.30% (84/92) 	 Transactions: 9856 (1414 unique)   	 Time: 848.567330121994[0m
2023-01-18 08:54:34,476 - Analysis - INFO - [1mGeneration number 128 	 Code coverage: 77.80% (1069/1374) 	 Branch coverage: 91.30% (84/92) 	 Transactions: 9925 (1422 unique)   	 Time: 853.287663936615[0m
2023-01-18 08:54:39,180 - Analysis - INFO - [1mGeneration number 129 	 Code coverage: 77.80% (1069/1374) 	 Branch coverage: 91.30% (84/92) 	 Transactions: 9987 (1427 unique)   	 Time: 857.991405248642[0m
2023-01-18 08:54:46,008 - Analysis - INFO - [1mGeneration number 130 	 Code coverage: 77.80% (1069/1374) 	 Branch coverage: 91.30% (84/92) 	 Transactions: 10064 (1436 unique)   	 Time: 864.819748878479[0m
2023-01-18 08:54:53,204 - Analysis - INFO - [1mGeneration number 131 	 Code coverage: 77.80% (1069/1374) 	 Branch coverage: 91.30% (84/92) 	 Transactions: 10151 (1445 unique)   	 Time: 872.0158879756927[0m
2023-01-18 08:55:00,215 - Analysis - INFO - [1mGeneration number 132 	 Code coverage: 77.80% (1069/1374) 	 Branch coverage: 91.30% (84/92) 	 Transactions: 10237 (1454 unique)   	 Time: 879.0260322093964[0m
2023-01-18 08:55:05,802 - Analysis - INFO - [1mGeneration number 133 	 Code coverage: 77.80% (1069/1374) 	 Branch coverage: 91.30% (84/92) 	 Transactions: 10311 (1459 unique)   	 Time: 884.6132638454437[0m
2023-01-18 08:55:10,370 - Analysis - INFO - [1mGeneration number 134 	 Code coverage: 77.80% (1069/1374) 	 Branch coverage: 91.30% (84/92) 	 Transactions: 10364 (1462 unique)   	 Time: 889.1815502643585[0m
2023-01-18 08:55:14,724 - Analysis - INFO - [1mGeneration number 135 	 Code coverage: 77.80% (1069/1374) 	 Branch coverage: 91.30% (84/92) 	 Transactions: 10430 (1469 unique)   	 Time: 893.5352916717529[0m
2023-01-18 08:55:18,526 - Analysis - INFO - [1mGeneration number 136 	 Code coverage: 77.80% (1069/1374) 	 Branch coverage: 91.30% (84/92) 	 Transactions: 10484 (1477 unique)   	 Time: 897.3375291824341[0m
2023-01-18 08:55:25,092 - Analysis - INFO - [1mGeneration number 137 	 Code coverage: 77.80% (1069/1374) 	 Branch coverage: 91.30% (84/92) 	 Transactions: 10547 (1496 unique)   	 Time: 903.903918504715[0m
2023-01-18 08:55:36,071 - Analysis - INFO - [1mGeneration number 138 	 Code coverage: 77.80% (1069/1374) 	 Branch coverage: 91.30% (84/92) 	 Transactions: 10640 (1514 unique)   	 Time: 914.8820133209229[0m
2023-01-18 08:55:45,946 - Analysis - INFO - [1mGeneration number 139 	 Code coverage: 77.80% (1069/1374) 	 Branch coverage: 91.30% (84/92) 	 Transactions: 10722 (1525 unique)   	 Time: 924.7578411102295[0m
2023-01-18 08:55:55,050 - Analysis - INFO - [1mGeneration number 140 	 Code coverage: 77.80% (1069/1374) 	 Branch coverage: 91.30% (84/92) 	 Transactions: 10807 (1534 unique)   	 Time: 933.8616409301758[0m
2023-01-18 08:56:04,601 - Analysis - INFO - [1mGeneration number 141 	 Code coverage: 77.80% (1069/1374) 	 Branch coverage: 91.30% (84/92) 	 Transactions: 10895 (1548 unique)   	 Time: 943.4122612476349[0m
2023-01-18 08:56:13,294 - Analysis - INFO - [1mGeneration number 142 	 Code coverage: 77.80% (1069/1374) 	 Branch coverage: 91.30% (84/92) 	 Transactions: 10980 (1560 unique)   	 Time: 952.1050155162811[0m
2023-01-18 08:56:24,231 - Analysis - INFO - [1mGeneration number 143 	 Code coverage: 77.80% (1069/1374) 	 Branch coverage: 91.30% (84/92) 	 Transactions: 11077 (1568 unique)   	 Time: 963.042733669281[0m
2023-01-18 08:56:33,556 - Analysis - INFO - [1mGeneration number 144 	 Code coverage: 80.79% (1110/1374) 	 Branch coverage: 93.48% (86/92) 	 Transactions: 11167 (1578 unique)   	 Time: 972.3674328327179[0m
2023-01-18 08:56:42,964 - Analysis - INFO - [1mGeneration number 145 	 Code coverage: 80.79% (1110/1374) 	 Branch coverage: 93.48% (86/92) 	 Transactions: 11258 (1591 unique)   	 Time: 981.7750890254974[0m
2023-01-18 08:56:52,510 - Analysis - INFO - [1mGeneration number 146 	 Code coverage: 80.79% (1110/1374) 	 Branch coverage: 93.48% (86/92) 	 Transactions: 11347 (1601 unique)   	 Time: 991.3214750289917[0m
2023-01-18 08:57:02,640 - Analysis - INFO - [1mGeneration number 147 	 Code coverage: 80.79% (1110/1374) 	 Branch coverage: 93.48% (86/92) 	 Transactions: 11439 (1611 unique)   	 Time: 1001.4510521888733[0m
2023-01-18 08:57:10,627 - Analysis - INFO - [1mGeneration number 148 	 Code coverage: 80.79% (1110/1374) 	 Branch coverage: 93.48% (86/92) 	 Transactions: 11519 (1621 unique)   	 Time: 1009.4385426044464[0m
2023-01-18 08:57:19,706 - Analysis - INFO - [1mGeneration number 149 	 Code coverage: 80.79% (1110/1374) 	 Branch coverage: 93.48% (86/92) 	 Transactions: 11605 (1627 unique)   	 Time: 1018.5169808864594[0m
2023-01-18 08:57:29,275 - Analysis - INFO - [1mGeneration number 150 	 Code coverage: 80.79% (1110/1374) 	 Branch coverage: 93.48% (86/92) 	 Transactions: 11696 (1636 unique)   	 Time: 1028.086224079132[0m
2023-01-18 08:57:38,601 - Analysis - INFO - [1mGeneration number 151 	 Code coverage: 80.79% (1110/1374) 	 Branch coverage: 93.48% (86/92) 	 Transactions: 11782 (1642 unique)   	 Time: 1037.412754058838[0m
2023-01-18 08:57:47,227 - Analysis - INFO - [1mGeneration number 152 	 Code coverage: 80.79% (1110/1374) 	 Branch coverage: 93.48% (86/92) 	 Transactions: 11863 (1646 unique)   	 Time: 1046.0380337238312[0m
2023-01-18 08:57:55,892 - Analysis - INFO - [1mGeneration number 153 	 Code coverage: 80.79% (1110/1374) 	 Branch coverage: 93.48% (86/92) 	 Transactions: 11938 (1651 unique)   	 Time: 1054.7038476467133[0m
2023-01-18 08:58:03,320 - Analysis - INFO - [1mGeneration number 154 	 Code coverage: 80.79% (1110/1374) 	 Branch coverage: 93.48% (86/92) 	 Transactions: 12001 (1657 unique)   	 Time: 1062.1318445205688[0m
2023-01-18 08:58:12,756 - Analysis - INFO - [1mGeneration number 155 	 Code coverage: 80.79% (1110/1374) 	 Branch coverage: 93.48% (86/92) 	 Transactions: 12085 (1660 unique)   	 Time: 1071.567456960678[0m
2023-01-18 08:58:17,471 - Analysis - INFO - [1mGeneration number 156 	 Code coverage: 80.79% (1110/1374) 	 Branch coverage: 93.48% (86/92) 	 Transactions: 12146 (1670 unique)   	 Time: 1076.2828748226166[0m
2023-01-18 08:58:22,708 - Analysis - INFO - [1mGeneration number 157 	 Code coverage: 80.79% (1110/1374) 	 Branch coverage: 93.48% (86/92) 	 Transactions: 12218 (1688 unique)   	 Time: 1081.5191361904144[0m
2023-01-18 08:58:28,111 - Analysis - INFO - [1mGeneration number 158 	 Code coverage: 80.79% (1110/1374) 	 Branch coverage: 93.48% (86/92) 	 Transactions: 12295 (1699 unique)   	 Time: 1086.9225912094116[0m
2023-01-18 08:58:34,744 - Analysis - INFO - [1mGeneration number 159 	 Code coverage: 80.79% (1110/1374) 	 Branch coverage: 93.48% (86/92) 	 Transactions: 12382 (1710 unique)   	 Time: 1093.5549821853638[0m
2023-01-18 08:58:39,750 - Analysis - INFO - [1mGeneration number 160 	 Code coverage: 80.79% (1110/1374) 	 Branch coverage: 93.48% (86/92) 	 Transactions: 12449 (1718 unique)   	 Time: 1098.5611481666565[0m
2023-01-18 08:58:44,570 - Analysis - INFO - [1mGeneration number 161 	 Code coverage: 80.79% (1110/1374) 	 Branch coverage: 93.48% (86/92) 	 Transactions: 12511 (1724 unique)   	 Time: 1103.3818752765656[0m
2023-01-18 08:58:50,063 - Analysis - INFO - [1mGeneration number 162 	 Code coverage: 80.79% (1110/1374) 	 Branch coverage: 93.48% (86/92) 	 Transactions: 12581 (1731 unique)   	 Time: 1108.8744757175446[0m
2023-01-18 08:58:54,948 - Analysis - INFO - [1mGeneration number 163 	 Code coverage: 80.79% (1110/1374) 	 Branch coverage: 93.48% (86/92) 	 Transactions: 12647 (1737 unique)   	 Time: 1113.759931564331[0m
2023-01-18 08:58:59,991 - Analysis - INFO - [1mGeneration number 164 	 Code coverage: 80.79% (1110/1374) 	 Branch coverage: 93.48% (86/92) 	 Transactions: 12714 (1742 unique)   	 Time: 1118.8026444911957[0m
2023-01-18 08:59:05,286 - Analysis - INFO - [1mGeneration number 165 	 Code coverage: 80.79% (1110/1374) 	 Branch coverage: 93.48% (86/92) 	 Transactions: 12779 (1747 unique)   	 Time: 1124.09774184227[0m
2023-01-18 08:59:08,416 - Analysis - INFO - [1mGeneration number 166 	 Code coverage: 80.79% (1110/1374) 	 Branch coverage: 93.48% (86/92) 	 Transactions: 12840 (1752 unique)   	 Time: 1127.2270832061768[0m
2023-01-18 08:59:14,514 - Analysis - INFO - [1mGeneration number 167 	 Code coverage: 80.79% (1110/1374) 	 Branch coverage: 93.48% (86/92) 	 Transactions: 12913 (1770 unique)   	 Time: 1133.3258655071259[0m
2023-01-18 08:59:23,320 - Analysis - INFO - [1mGeneration number 168 	 Code coverage: 80.79% (1110/1374) 	 Branch coverage: 93.48% (86/92) 	 Transactions: 13000 (1784 unique)   	 Time: 1142.1312482357025[0m
2023-01-18 08:59:33,290 - Analysis - INFO - [1mGeneration number 169 	 Code coverage: 80.79% (1110/1374) 	 Branch coverage: 93.48% (86/92) 	 Transactions: 13088 (1796 unique)   	 Time: 1152.1011917591095[0m
2023-01-18 08:59:44,047 - Analysis - INFO - [1mGeneration number 170 	 Code coverage: 80.79% (1110/1374) 	 Branch coverage: 93.48% (86/92) 	 Transactions: 13178 (1809 unique)   	 Time: 1162.8581392765045[0m
2023-01-18 08:59:55,225 - Analysis - INFO - [1mGeneration number 171 	 Code coverage: 80.79% (1110/1374) 	 Branch coverage: 93.48% (86/92) 	 Transactions: 13269 (1824 unique)   	 Time: 1174.0366442203522[0m
2023-01-18 09:00:05,257 - Analysis - INFO - [1mGeneration number 172 	 Code coverage: 80.79% (1110/1374) 	 Branch coverage: 93.48% (86/92) 	 Transactions: 13347 (1835 unique)   	 Time: 1184.0685222148895[0m
2023-01-18 09:00:15,563 - Analysis - INFO - [1mGeneration number 173 	 Code coverage: 80.79% (1110/1374) 	 Branch coverage: 93.48% (86/92) 	 Transactions: 13430 (1845 unique)   	 Time: 1194.3743443489075[0m
2023-01-18 09:00:23,653 - Analysis - INFO - [1mGeneration number 174 	 Code coverage: 80.79% (1110/1374) 	 Branch coverage: 93.48% (86/92) 	 Transactions: 13503 (1853 unique)   	 Time: 1202.4644167423248[0m
2023-01-18 09:00:31,555 - Analysis - INFO - [1mGeneration number 175 	 Code coverage: 80.79% (1110/1374) 	 Branch coverage: 93.48% (86/92) 	 Transactions: 13571 (1860 unique)   	 Time: 1210.366293668747[0m
2023-01-18 09:00:35,238 - Analysis - INFO - [1mGeneration number 176 	 Code coverage: 80.79% (1110/1374) 	 Branch coverage: 93.48% (86/92) 	 Transactions: 13628 (1867 unique)   	 Time: 1214.0492196083069[0m
2023-01-18 09:00:40,792 - Analysis - INFO - [1mGeneration number 177 	 Code coverage: 80.79% (1110/1374) 	 Branch coverage: 93.48% (86/92) 	 Transactions: 13691 (1882 unique)   	 Time: 1219.6036570072174[0m
2023-01-18 09:00:46,919 - Analysis - INFO - [1mGeneration number 178 	 Code coverage: 80.79% (1110/1374) 	 Branch coverage: 93.48% (86/92) 	 Transactions: 13762 (1894 unique)   	 Time: 1225.730191707611[0m
2023-01-18 09:00:52,515 - Analysis - INFO - [1mGeneration number 179 	 Code coverage: 80.79% (1110/1374) 	 Branch coverage: 93.48% (86/92) 	 Transactions: 13836 (1903 unique)   	 Time: 1231.3263037204742[0m
2023-01-18 09:00:57,725 - Analysis - INFO - [1mGeneration number 180 	 Code coverage: 80.79% (1110/1374) 	 Branch coverage: 93.48% (86/92) 	 Transactions: 13909 (1913 unique)   	 Time: 1236.5361104011536[0m
2023-01-18 09:01:03,005 - Analysis - INFO - [1mGeneration number 181 	 Code coverage: 80.79% (1110/1374) 	 Branch coverage: 93.48% (86/92) 	 Transactions: 13988 (1923 unique)   	 Time: 1241.8160495758057[0m
2023-01-18 09:01:08,345 - Analysis - INFO - [1mGeneration number 182 	 Code coverage: 80.79% (1110/1374) 	 Branch coverage: 93.48% (86/92) 	 Transactions: 14072 (1931 unique)   	 Time: 1247.1561396121979[0m
2023-01-18 09:01:12,571 - Analysis - INFO - [1mGeneration number 183 	 Code coverage: 80.79% (1110/1374) 	 Branch coverage: 93.48% (86/92) 	 Transactions: 14147 (1940 unique)   	 Time: 1251.3821468353271[0m
2023-01-18 09:01:18,276 - Analysis - INFO - [1mGeneration number 184 	 Code coverage: 80.79% (1110/1374) 	 Branch coverage: 93.48% (86/92) 	 Transactions: 14229 (1949 unique)   	 Time: 1257.0875177383423[0m
2023-01-18 09:01:23,527 - Analysis - INFO - [1mGeneration number 185 	 Code coverage: 80.79% (1110/1374) 	 Branch coverage: 93.48% (86/92) 	 Transactions: 14309 (1954 unique)   	 Time: 1262.3379862308502[0m
2023-01-18 09:01:27,011 - Analysis - INFO - [1mGeneration number 186 	 Code coverage: 80.79% (1110/1374) 	 Branch coverage: 93.48% (86/92) 	 Transactions: 14367 (1962 unique)   	 Time: 1265.822289943695[0m
2023-01-18 09:01:32,413 - Analysis - INFO - [1mGeneration number 187 	 Code coverage: 80.79% (1110/1374) 	 Branch coverage: 93.48% (86/92) 	 Transactions: 14439 (1979 unique)   	 Time: 1271.2244641780853[0m
2023-01-18 09:01:37,850 - Analysis - INFO - [1mGeneration number 188 	 Code coverage: 80.79% (1110/1374) 	 Branch coverage: 93.48% (86/92) 	 Transactions: 14515 (1988 unique)   	 Time: 1276.6616895198822[0m
2023-01-18 09:01:44,240 - Analysis - INFO - [1mGeneration number 189 	 Code coverage: 80.79% (1110/1374) 	 Branch coverage: 93.48% (86/92) 	 Transactions: 14603 (1998 unique)   	 Time: 1283.051207780838[0m
2023-01-18 09:01:50,242 - Analysis - INFO - [1mGeneration number 190 	 Code coverage: 80.79% (1110/1374) 	 Branch coverage: 93.48% (86/92) 	 Transactions: 14687 (2005 unique)   	 Time: 1289.0531604290009[0m
2023-01-18 09:01:55,884 - Analysis - INFO - [1mGeneration number 191 	 Code coverage: 80.79% (1110/1374) 	 Branch coverage: 93.48% (86/92) 	 Transactions: 14770 (2014 unique)   	 Time: 1294.6955425739288[0m
2023-01-18 09:02:01,302 - Analysis - INFO - [1mGeneration number 192 	 Code coverage: 80.79% (1110/1374) 	 Branch coverage: 93.48% (86/92) 	 Transactions: 14856 (2020 unique)   	 Time: 1300.1134972572327[0m
2023-01-18 09:02:07,125 - Analysis - INFO - [1mGeneration number 193 	 Code coverage: 80.79% (1110/1374) 	 Branch coverage: 93.48% (86/92) 	 Transactions: 14946 (2026 unique)   	 Time: 1305.9368424415588[0m
2023-01-18 09:02:12,194 - Analysis - INFO - [1mGeneration number 194 	 Code coverage: 80.79% (1110/1374) 	 Branch coverage: 93.48% (86/92) 	 Transactions: 15022 (2027 unique)   	 Time: 1311.0054438114166[0m
2023-01-18 09:02:16,219 - Analysis - INFO - [1mGeneration number 195 	 Code coverage: 80.79% (1110/1374) 	 Branch coverage: 93.48% (86/92) 	 Transactions: 15082 (2028 unique)   	 Time: 1315.0299780368805[0m
2023-01-18 09:02:19,436 - Analysis - INFO - [1mGeneration number 196 	 Code coverage: 80.79% (1110/1374) 	 Branch coverage: 93.48% (86/92) 	 Transactions: 15135 (2033 unique)   	 Time: 1318.2469923496246[0m
2023-01-18 09:02:23,808 - Analysis - INFO - [1mGeneration number 197 	 Code coverage: 80.79% (1110/1374) 	 Branch coverage: 93.48% (86/92) 	 Transactions: 15199 (2048 unique)   	 Time: 1322.6194067001343[0m
2023-01-18 09:02:27,468 - Analysis - INFO - [1mGeneration number 198 	 Code coverage: 80.79% (1110/1374) 	 Branch coverage: 93.48% (86/92) 	 Transactions: 15263 (2055 unique)   	 Time: 1326.279069185257[0m
2023-01-18 09:02:31,571 - Analysis - INFO - [1mGeneration number 199 	 Code coverage: 80.79% (1110/1374) 	 Branch coverage: 93.48% (86/92) 	 Transactions: 15325 (2062 unique)   	 Time: 1330.3822724819183[0m
2023-01-18 09:02:36,654 - Analysis - INFO - [1mGeneration number 200 	 Code coverage: 80.79% (1110/1374) 	 Branch coverage: 93.48% (86/92) 	 Transactions: 15397 (2068 unique)   	 Time: 1335.4653515815735[0m
2023-01-18 09:02:41,801 - Analysis - INFO - [1mGeneration number 201 	 Code coverage: 80.79% (1110/1374) 	 Branch coverage: 93.48% (86/92) 	 Transactions: 15467 (2077 unique)   	 Time: 1340.6127569675446[0m
2023-01-18 09:02:47,092 - Analysis - INFO - [1mGeneration number 202 	 Code coverage: 80.79% (1110/1374) 	 Branch coverage: 93.48% (86/92) 	 Transactions: 15540 (2082 unique)   	 Time: 1345.9037840366364[0m
2023-01-18 09:02:52,822 - Analysis - INFO - [1mGeneration number 203 	 Code coverage: 80.79% (1110/1374) 	 Branch coverage: 93.48% (86/92) 	 Transactions: 15617 (2089 unique)   	 Time: 1351.633459329605[0m
2023-01-18 09:02:58,098 - Analysis - INFO - [1mGeneration number 204 	 Code coverage: 80.79% (1110/1374) 	 Branch coverage: 93.48% (86/92) 	 Transactions: 15690 (2095 unique)   	 Time: 1356.9091446399689[0m
2023-01-18 09:03:03,105 - Analysis - INFO - [1mGeneration number 205 	 Code coverage: 80.79% (1110/1374) 	 Branch coverage: 93.48% (86/92) 	 Transactions: 15747 (2098 unique)   	 Time: 1361.9167120456696[0m
2023-01-18 09:03:07,527 - Analysis - INFO - [1mGeneration number 206 	 Code coverage: 80.79% (1110/1374) 	 Branch coverage: 93.48% (86/92) 	 Transactions: 15811 (2104 unique)   	 Time: 1366.3382637500763[0m
2023-01-18 09:03:12,561 - Analysis - INFO - [1mGeneration number 207 	 Code coverage: 80.79% (1110/1374) 	 Branch coverage: 93.48% (86/92) 	 Transactions: 15879 (2119 unique)   	 Time: 1371.372909784317[0m
2023-01-18 09:03:23,762 - Analysis - INFO - [1mGeneration number 208 	 Code coverage: 80.79% (1110/1374) 	 Branch coverage: 93.48% (86/92) 	 Transactions: 15974 (2135 unique)   	 Time: 1382.5729746818542[0m
2023-01-18 09:03:33,931 - Analysis - INFO - [1mGeneration number 209 	 Code coverage: 80.79% (1110/1374) 	 Branch coverage: 93.48% (86/92) 	 Transactions: 16066 (2147 unique)   	 Time: 1392.7420358657837[0m
2023-01-18 09:03:42,096 - Analysis - INFO - [1mGeneration number 210 	 Code coverage: 80.79% (1110/1374) 	 Branch coverage: 93.48% (86/92) 	 Transactions: 16136 (2156 unique)   	 Time: 1400.9076600074768[0m
2023-01-18 09:03:49,892 - Analysis - INFO - [1mGeneration number 211 	 Code coverage: 80.79% (1110/1374) 	 Branch coverage: 93.48% (86/92) 	 Transactions: 16207 (2161 unique)   	 Time: 1408.703203201294[0m
2023-01-18 09:03:57,744 - Analysis - INFO - [1mGeneration number 212 	 Code coverage: 80.79% (1110/1374) 	 Branch coverage: 93.48% (86/92) 	 Transactions: 16280 (2168 unique)   	 Time: 1416.555528640747[0m
2023-01-18 09:04:04,573 - Analysis - INFO - [1mGeneration number 213 	 Code coverage: 80.79% (1110/1374) 	 Branch coverage: 93.48% (86/92) 	 Transactions: 16351 (2175 unique)   	 Time: 1423.3847572803497[0m
2023-01-18 09:04:12,493 - Analysis - INFO - [1mGeneration number 214 	 Code coverage: 80.79% (1110/1374) 	 Branch coverage: 93.48% (86/92) 	 Transactions: 16432 (2181 unique)   	 Time: 1431.3044023513794[0m
2023-01-18 09:04:21,184 - Analysis - INFO - [1mGeneration number 215 	 Code coverage: 80.79% (1110/1374) 	 Branch coverage: 93.48% (86/92) 	 Transactions: 16524 (2190 unique)   	 Time: 1439.995304107666[0m
2023-01-18 09:04:24,798 - Analysis - INFO - [1mGeneration number 216 	 Code coverage: 80.79% (1110/1374) 	 Branch coverage: 93.48% (86/92) 	 Transactions: 16581 (2199 unique)   	 Time: 1443.6089959144592[0m
2023-01-18 09:04:31,013 - Analysis - INFO - [1mGeneration number 217 	 Code coverage: 80.79% (1110/1374) 	 Branch coverage: 93.48% (86/92) 	 Transactions: 16656 (2218 unique)   	 Time: 1449.8245120048523[0m
2023-01-18 09:04:35,994 - Analysis - INFO - [1mGeneration number 218 	 Code coverage: 80.79% (1110/1374) 	 Branch coverage: 93.48% (86/92) 	 Transactions: 16721 (2229 unique)   	 Time: 1454.8051073551178[0m
2023-01-18 09:04:42,162 - Analysis - INFO - [1mGeneration number 219 	 Code coverage: 80.79% (1110/1374) 	 Branch coverage: 93.48% (86/92) 	 Transactions: 16795 (2237 unique)   	 Time: 1460.9733891487122[0m
2023-01-18 09:04:49,158 - Analysis - INFO - [1mGeneration number 220 	 Code coverage: 80.79% (1110/1374) 	 Branch coverage: 93.48% (86/92) 	 Transactions: 16876 (2242 unique)   	 Time: 1467.9695637226105[0m
2023-01-18 09:04:56,529 - Analysis - INFO - [1mGeneration number 221 	 Code coverage: 80.79% (1110/1374) 	 Branch coverage: 93.48% (86/92) 	 Transactions: 16960 (2253 unique)   	 Time: 1475.340726852417[0m
2023-01-18 09:05:03,753 - Analysis - INFO - [1mGeneration number 222 	 Code coverage: 80.79% (1110/1374) 	 Branch coverage: 93.48% (86/92) 	 Transactions: 17037 (2264 unique)   	 Time: 1482.5645830631256[0m
2023-01-18 09:05:11,099 - Analysis - INFO - [1mGeneration number 223 	 Code coverage: 80.79% (1110/1374) 	 Branch coverage: 93.48% (86/92) 	 Transactions: 17113 (2270 unique)   	 Time: 1489.9099776744843[0m
2023-01-18 09:05:18,675 - Analysis - INFO - [1mGeneration number 224 	 Code coverage: 80.79% (1110/1374) 	 Branch coverage: 93.48% (86/92) 	 Transactions: 17195 (2278 unique)   	 Time: 1497.4862582683563[0m
2023-01-18 09:05:27,955 - Analysis - INFO - [1mGeneration number 225 	 Code coverage: 80.79% (1110/1374) 	 Branch coverage: 93.48% (86/92) 	 Transactions: 17287 (2289 unique)   	 Time: 1506.766301870346[0m
2023-01-18 09:05:31,019 - Analysis - INFO - [1mGeneration number 226 	 Code coverage: 80.79% (1110/1374) 	 Branch coverage: 93.48% (86/92) 	 Transactions: 17345 (2294 unique)   	 Time: 1509.8301374912262[0m
2023-01-18 09:05:34,922 - Analysis - INFO - [1mGeneration number 227 	 Code coverage: 80.79% (1110/1374) 	 Branch coverage: 93.48% (86/92) 	 Transactions: 17406 (2307 unique)   	 Time: 1513.7330701351166[0m
2023-01-18 09:05:41,081 - Analysis - INFO - [1mGeneration number 228 	 Code coverage: 80.79% (1110/1374) 	 Branch coverage: 93.48% (86/92) 	 Transactions: 17491 (2324 unique)   	 Time: 1519.8927087783813[0m
2023-01-18 09:05:47,584 - Analysis - INFO - [1mGeneration number 229 	 Code coverage: 80.79% (1110/1374) 	 Branch coverage: 93.48% (86/92) 	 Transactions: 17586 (2337 unique)   	 Time: 1526.3950386047363[0m
2023-01-18 09:05:53,488 - Analysis - INFO - [1mGeneration number 230 	 Code coverage: 80.79% (1110/1374) 	 Branch coverage: 93.48% (86/92) 	 Transactions: 17676 (2344 unique)   	 Time: 1532.2992532253265[0m
2023-01-18 09:05:59,850 - Analysis - INFO - [1mGeneration number 231 	 Code coverage: 80.79% (1110/1374) 	 Branch coverage: 93.48% (86/92) 	 Transactions: 17763 (2356 unique)   	 Time: 1538.6615228652954[0m
2023-01-18 09:06:06,814 - Analysis - INFO - [1mGeneration number 232 	 Code coverage: 80.79% (1110/1374) 	 Branch coverage: 93.48% (86/92) 	 Transactions: 17849 (2368 unique)   	 Time: 1545.6254353523254[0m
2023-01-18 09:06:14,237 - Analysis - INFO - [1mGeneration number 233 	 Code coverage: 80.79% (1110/1374) 	 Branch coverage: 93.48% (86/92) 	 Transactions: 17939 (2381 unique)   	 Time: 1553.0484817028046[0m
2023-01-18 09:06:20,575 - Analysis - INFO - [1mGeneration number 234 	 Code coverage: 80.79% (1110/1374) 	 Branch coverage: 93.48% (86/92) 	 Transactions: 18017 (2389 unique)   	 Time: 1559.3865449428558[0m
2023-01-18 09:06:29,447 - Analysis - INFO - [1mGeneration number 235 	 Code coverage: 80.79% (1110/1374) 	 Branch coverage: 93.48% (86/92) 	 Transactions: 18126 (2400 unique)   	 Time: 1568.2589247226715[0m
2023-01-18 09:06:31,898 - Analysis - INFO - [1mGeneration number 236 	 Code coverage: 80.79% (1110/1374) 	 Branch coverage: 93.48% (86/92) 	 Transactions: 18178 (2405 unique)   	 Time: 1570.7095437049866[0m
2023-01-18 09:06:35,674 - Analysis - INFO - [1mGeneration number 237 	 Code coverage: 80.79% (1110/1374) 	 Branch coverage: 93.48% (86/92) 	 Transactions: 18240 (2419 unique)   	 Time: 1574.485216140747[0m
2023-01-18 09:06:40,005 - Analysis - INFO - [1mGeneration number 238 	 Code coverage: 80.79% (1110/1374) 	 Branch coverage: 93.48% (86/92) 	 Transactions: 18315 (2430 unique)   	 Time: 1578.8164443969727[0m
2023-01-18 09:06:43,782 - Analysis - INFO - [1mGeneration number 239 	 Code coverage: 80.79% (1110/1374) 	 Branch coverage: 93.48% (86/92) 	 Transactions: 18388 (2440 unique)   	 Time: 1582.5931372642517[0m
2023-01-18 09:06:48,436 - Analysis - INFO - [1mGeneration number 240 	 Code coverage: 80.79% (1110/1374) 	 Branch coverage: 93.48% (86/92) 	 Transactions: 18476 (2451 unique)   	 Time: 1587.247000694275[0m
2023-01-18 09:06:52,392 - Analysis - INFO - [1mGeneration number 241 	 Code coverage: 80.79% (1110/1374) 	 Branch coverage: 93.48% (86/92) 	 Transactions: 18553 (2458 unique)   	 Time: 1591.203740119934[0m
2023-01-18 09:06:56,309 - Analysis - INFO - [1mGeneration number 242 	 Code coverage: 80.79% (1110/1374) 	 Branch coverage: 93.48% (86/92) 	 Transactions: 18624 (2466 unique)   	 Time: 1595.1208946704865[0m
2023-01-18 09:06:59,581 - Analysis - INFO - [1mGeneration number 243 	 Code coverage: 80.79% (1110/1374) 	 Branch coverage: 93.48% (86/92) 	 Transactions: 18683 (2471 unique)   	 Time: 1598.3928956985474[0m
2023-01-18 09:07:04,167 - Analysis - INFO - [1mGeneration number 244 	 Code coverage: 80.79% (1110/1374) 	 Branch coverage: 93.48% (86/92) 	 Transactions: 18757 (2477 unique)   	 Time: 1602.9782001972198[0m
2023-01-18 09:07:08,227 - Analysis - INFO - [1mGeneration number 245 	 Code coverage: 80.79% (1110/1374) 	 Branch coverage: 93.48% (86/92) 	 Transactions: 18834 (2485 unique)   	 Time: 1607.0386238098145[0m
2023-01-18 09:07:11,101 - Analysis - INFO - [1mGeneration number 246 	 Code coverage: 80.79% (1110/1374) 	 Branch coverage: 93.48% (86/92) 	 Transactions: 18892 (2489 unique)   	 Time: 1609.9121344089508[0m
2023-01-18 09:07:13,834 - Analysis - INFO - [1mGeneration number 247 	 Code coverage: 80.79% (1110/1374) 	 Branch coverage: 93.48% (86/92) 	 Transactions: 18942 (2500 unique)   	 Time: 1612.6458520889282[0m
2023-01-18 09:07:17,911 - Analysis - INFO - [1mGeneration number 248 	 Code coverage: 80.79% (1110/1374) 	 Branch coverage: 93.48% (86/92) 	 Transactions: 19005 (2510 unique)   	 Time: 1616.7228338718414[0m
2023-01-18 09:07:22,970 - Analysis - INFO - [1mGeneration number 249 	 Code coverage: 80.79% (1110/1374) 	 Branch coverage: 93.48% (86/92) 	 Transactions: 19086 (2520 unique)   	 Time: 1621.7810978889465[0m
2023-01-18 09:07:28,593 - Analysis - INFO - [1mGeneration number 250 	 Code coverage: 80.79% (1110/1374) 	 Branch coverage: 93.48% (86/92) 	 Transactions: 19174 (2530 unique)   	 Time: 1627.4041321277618[0m
2023-01-18 09:07:33,783 - Analysis - INFO - [1mGeneration number 251 	 Code coverage: 80.79% (1110/1374) 	 Branch coverage: 93.48% (86/92) 	 Transactions: 19259 (2539 unique)   	 Time: 1632.5945467948914[0m
2023-01-18 09:07:38,878 - Analysis - INFO - [1mGeneration number 252 	 Code coverage: 80.79% (1110/1374) 	 Branch coverage: 93.48% (86/92) 	 Transactions: 19338 (2544 unique)   	 Time: 1637.6893939971924[0m
2023-01-18 09:07:43,095 - Analysis - INFO - [1mGeneration number 253 	 Code coverage: 80.79% (1110/1374) 	 Branch coverage: 93.48% (86/92) 	 Transactions: 19401 (2547 unique)   	 Time: 1641.9069349765778[0m
2023-01-18 09:07:48,394 - Analysis - INFO - [1mGeneration number 254 	 Code coverage: 80.79% (1110/1374) 	 Branch coverage: 93.48% (86/92) 	 Transactions: 19474 (2553 unique)   	 Time: 1647.2057502269745[0m
2023-01-18 09:07:54,165 - Analysis - INFO - [1mGeneration number 255 	 Code coverage: 80.79% (1110/1374) 	 Branch coverage: 93.48% (86/92) 	 Transactions: 19561 (2561 unique)   	 Time: 1652.9760959148407[0m
2023-01-18 09:07:57,376 - Analysis - INFO - [1mGeneration number 256 	 Code coverage: 80.79% (1110/1374) 	 Branch coverage: 93.48% (86/92) 	 Transactions: 19619 (2565 unique)   	 Time: 1656.1869769096375[0m
2023-01-18 09:08:01,552 - Analysis - INFO - [1mGeneration number 257 	 Code coverage: 80.79% (1110/1374) 	 Branch coverage: 93.48% (86/92) 	 Transactions: 19684 (2580 unique)   	 Time: 1660.363042831421[0m
2023-01-18 09:08:05,584 - Analysis - INFO - [1mGeneration number 258 	 Code coverage: 80.79% (1110/1374) 	 Branch coverage: 93.48% (86/92) 	 Transactions: 19758 (2593 unique)   	 Time: 1664.3952305316925[0m
2023-01-18 09:08:09,465 - Analysis - INFO - [1mGeneration number 259 	 Code coverage: 80.79% (1110/1374) 	 Branch coverage: 93.48% (86/92) 	 Transactions: 19820 (2602 unique)   	 Time: 1668.2765362262726[0m
2023-01-18 09:08:13,860 - Analysis - INFO - [1mGeneration number 260 	 Code coverage: 80.79% (1110/1374) 	 Branch coverage: 93.48% (86/92) 	 Transactions: 19892 (2607 unique)   	 Time: 1672.6712956428528[0m
2023-01-18 09:08:17,625 - Analysis - INFO - [1mGeneration number 261 	 Code coverage: 80.79% (1110/1374) 	 Branch coverage: 93.48% (86/92) 	 Transactions: 19954 (2613 unique)   	 Time: 1676.435971736908[0m
2023-01-18 09:08:21,516 - Analysis - INFO - [1mGeneration number 262 	 Code coverage: 80.79% (1110/1374) 	 Branch coverage: 93.48% (86/92) 	 Transactions: 20024 (2620 unique)   	 Time: 1680.32772397995[0m
2023-01-18 09:08:25,170 - Analysis - INFO - [1mGeneration number 263 	 Code coverage: 80.79% (1110/1374) 	 Branch coverage: 93.48% (86/92) 	 Transactions: 20095 (2626 unique)   	 Time: 1683.9812724590302[0m
2023-01-18 09:08:29,583 - Analysis - INFO - [1mGeneration number 264 	 Code coverage: 80.79% (1110/1374) 	 Branch coverage: 93.48% (86/92) 	 Transactions: 20170 (2633 unique)   	 Time: 1688.394415140152[0m
2023-01-18 09:08:34,078 - Analysis - INFO - [1mGeneration number 265 	 Code coverage: 80.79% (1110/1374) 	 Branch coverage: 93.48% (86/92) 	 Transactions: 20243 (2639 unique)   	 Time: 1692.88916349411[0m
2023-01-18 09:08:37,973 - Analysis - INFO - [1mGeneration number 266 	 Code coverage: 80.79% (1110/1374) 	 Branch coverage: 93.48% (86/92) 	 Transactions: 20301 (2644 unique)   	 Time: 1696.7845542430878[0m
2023-01-18 09:08:43,515 - Analysis - INFO - [1mGeneration number 267 	 Code coverage: 80.79% (1110/1374) 	 Branch coverage: 93.48% (86/92) 	 Transactions: 20368 (2659 unique)   	 Time: 1702.3264157772064[0m
2023-01-18 09:08:49,514 - Analysis - INFO - [1mGeneration number 268 	 Code coverage: 80.79% (1110/1374) 	 Branch coverage: 93.48% (86/92) 	 Transactions: 20441 (2670 unique)   	 Time: 1708.325522184372[0m
2023-01-18 09:08:55,014 - Analysis - INFO - [1mGeneration number 269 	 Code coverage: 80.79% (1110/1374) 	 Branch coverage: 93.48% (86/92) 	 Transactions: 20516 (2677 unique)   	 Time: 1713.8258163928986[0m
2023-01-18 09:09:00,395 - Analysis - INFO - [1mGeneration number 270 	 Code coverage: 80.79% (1110/1374) 	 Branch coverage: 93.48% (86/92) 	 Transactions: 20588 (2681 unique)   	 Time: 1719.206039428711[0m
2023-01-18 09:09:05,610 - Analysis - INFO - [1mGeneration number 271 	 Code coverage: 80.79% (1110/1374) 	 Branch coverage: 93.48% (86/92) 	 Transactions: 20665 (2690 unique)   	 Time: 1724.4212136268616[0m
2023-01-18 09:09:10,252 - Analysis - INFO - [1mGeneration number 272 	 Code coverage: 80.79% (1110/1374) 	 Branch coverage: 93.48% (86/92) 	 Transactions: 20733 (2697 unique)   	 Time: 1729.063819885254[0m
2023-01-18 09:09:16,159 - Analysis - INFO - [1mGeneration number 273 	 Code coverage: 80.79% (1110/1374) 	 Branch coverage: 93.48% (86/92) 	 Transactions: 20813 (2702 unique)   	 Time: 1734.970489025116[0m
2023-01-18 09:09:22,565 - Analysis - INFO - [1mGeneration number 274 	 Code coverage: 80.79% (1110/1374) 	 Branch coverage: 93.48% (86/92) 	 Transactions: 20898 (2709 unique)   	 Time: 1741.3760528564453[0m
2023-01-18 09:09:29,430 - Analysis - INFO - [1mGeneration number 275 	 Code coverage: 80.79% (1110/1374) 	 Branch coverage: 93.48% (86/92) 	 Transactions: 20994 (2718 unique)   	 Time: 1748.2412066459656[0m
2023-01-18 09:09:33,119 - Analysis - INFO - [1mGeneration number 276 	 Code coverage: 80.79% (1110/1374) 	 Branch coverage: 93.48% (86/92) 	 Transactions: 21050 (2720 unique)   	 Time: 1751.9300727844238[0m
2023-01-18 09:09:38,804 - Analysis - INFO - [1mGeneration number 277 	 Code coverage: 80.79% (1110/1374) 	 Branch coverage: 93.48% (86/92) 	 Transactions: 21118 (2738 unique)   	 Time: 1757.6151413917542[0m
2023-01-18 09:09:46,412 - Analysis - INFO - [1mGeneration number 278 	 Code coverage: 80.79% (1110/1374) 	 Branch coverage: 93.48% (86/92) 	 Transactions: 21201 (2753 unique)   	 Time: 1765.2234563827515[0m
2023-01-18 09:09:53,514 - Analysis - INFO - [1mGeneration number 279 	 Code coverage: 80.79% (1110/1374) 	 Branch coverage: 93.48% (86/92) 	 Transactions: 21288 (2768 unique)   	 Time: 1772.3256840705872[0m
2023-01-18 09:09:59,983 - Analysis - INFO - [1mGeneration number 280 	 Code coverage: 80.79% (1110/1374) 	 Branch coverage: 93.48% (86/92) 	 Transactions: 21367 (2777 unique)   	 Time: 1778.7943534851074[0m
2023-01-18 09:10:04,900 - Analysis - INFO - [1mGeneration number 281 	 Code coverage: 80.79% (1110/1374) 	 Branch coverage: 93.48% (86/92) 	 Transactions: 21446 (2788 unique)   	 Time: 1783.7115395069122[0m
2023-01-18 09:10:09,720 - Analysis - INFO - [1mGeneration number 282 	 Code coverage: 80.79% (1110/1374) 	 Branch coverage: 93.48% (86/92) 	 Transactions: 21535 (2801 unique)   	 Time: 1788.5310356616974[0m
2023-01-18 09:10:14,285 - Analysis - INFO - [1mGeneration number 283 	 Code coverage: 80.79% (1110/1374) 	 Branch coverage: 93.48% (86/92) 	 Transactions: 21619 (2808 unique)   	 Time: 1793.0966639518738[0m
2023-01-18 09:10:14,285 - Analysis - INFO - [1m-----------------------------------------------------[0m
2023-01-18 09:10:14,286 - Analysis - INFO - Number of generations: 	 283
2023-01-18 09:10:14,286 - Analysis - INFO - Number of transactions: 	 21619 (2808 unique)
2023-01-18 09:10:14,286 - Analysis - INFO - Transactions per second: 	 12
2023-01-18 09:10:14,286 - Analysis - INFO - Total code coverage: 	 80.79% (1110/1374)
2023-01-18 09:10:14,286 - Analysis - INFO - Total branch coverage: 	 93.48% (86/92)
2023-01-18 09:10:14,286 - Analysis - INFO - Total execution time: 	 1793.10 seconds
2023-01-18 09:10:14,287 - Analysis - INFO - Total memory consumption: 	 73.57 MB

     ______            ______                _           
    / ____/___  ____  / ____/_  __________  (_)_  _______
   / /   / __ \/ __ \/ /_  / / / /_  /_  / / / / / / ___/
  / /___/ /_/ / / / / __/ / /_/ / / /_/ /_/ / /_/ (__  ) 
  \____/\____/_/ /_/_/    \__,_/ /___/___/_/\__,_/____/  

delteed file
