WARNING:root:You are using solc version 0.4.26, The latest supported version is 0.4.19
INFO:CryticCompile:Compilation warnings/errors on /sb/multiowned_vulnerable.sol:
/sb/multiowned_vulnerable.sol:57:25: Warning: Using contract member "balance" inherited from the address type is deprecated. Convert the contract to "address" type to access the member, for example use "address(contract).balance" instead.
    msg.sender.transfer(this.balance);
                        ^----------^
/sb/multiowned_vulnerable.sol:56:3: Warning: No visibility specified. Defaulting to "public". 
  function withdrawAll() onlyOwner {
  ^ (Relevant source part starts here and spans across multiple lines).
/sb/multiowned_vulnerable.sol:60:3: Warning: No visibility specified. Defaulting to "public". 
  function() payable {
  ^ (Relevant source part starts here and spans across multiple lines).

INFO:root:contract /sb/multiowned_vulnerable.sol:TestContract:
INFO:symExec:	============ Results ===========
INFO:symExec:	  EVM Code Coverage: 			 98.8%
INFO:symExec:	  Integer Underflow: 			 False
INFO:symExec:	  Integer Overflow: 			 False
INFO:symExec:	  Parity Multisig Bug 2: 		 False
INFO:symExec:	  Callstack Depth Attack Vulnerability:  False
INFO:symExec:	  Transaction-Ordering Dependence (TOD): False
INFO:symExec:	  Timestamp Dependency: 		 False
INFO:symExec:	  Re-Entrancy Vulnerability: 		 False
INFO:symExec:	====== Analysis Completed ======
INFO:root:contract /sb/multiowned_vulnerable.sol:MultiOwnable:
INFO:symExec:	============ Results ===========
INFO:symExec:	  EVM Code Coverage: 			 99.8%
INFO:symExec:	  Integer Underflow: 			 False
INFO:symExec:	  Integer Overflow: 			 False
INFO:symExec:	  Parity Multisig Bug 2: 		 False
INFO:symExec:	  Callstack Depth Attack Vulnerability:  False
INFO:symExec:	  Transaction-Ordering Dependence (TOD): False
INFO:symExec:	  Timestamp Dependency: 		 False
INFO:symExec:	  Re-Entrancy Vulnerability: 		 False
INFO:symExec:	====== Analysis Completed ======
