/sb/0xb0510d68f210b7db66e8c7c814f22680f2b8d1d6.sol
jar:file:/usr/local/lib/node_modules/@smartdec/smartcheck/jdeploy-bundle/smartcheck-2.0-jar-with-dependencies.jar!/solidity-rules.xmlruleId: SOLIDITY_ADDRESS_HARDCODED
patternId: adc165
severity: 1
line: 92
column: 14
content: 0x509Cb8cB2F8ba04aE81eEC394175707Edd37e109

ruleId: SOLIDITY_ADDRESS_HARDCODED
patternId: adc165
severity: 1
line: 93
column: 20
content: 0x5C035Bb4Cb7dacbfeE076A5e61AA39a10da2E956

ruleId: SOLIDITY_CALL_WITHOUT_DATA
patternId: lr991l
severity: 1
line: 69
column: 17
content: call.value(_share).gas(800000)()

ruleId: SOLIDITY_CALL_WITHOUT_DATA
patternId: lr991l
severity: 1
line: 71
column: 17
content: call.value(_share).gas(800000)()

ruleId: SOLIDITY_CALL_WITHOUT_DATA
patternId: lr991l
severity: 1
line: 73
column: 17
content: call.value(_share).gas(800000)()

ruleId: SOLIDITY_CALL_WITHOUT_DATA
patternId: lr991l
severity: 1
line: 75
column: 17
content: call.value(_share).gas(800000)()

ruleId: SOLIDITY_CALL_WITHOUT_DATA
patternId: lr991l
severity: 1
line: 102
column: 13
content: call.value(msg.value).gas(600000)()

ruleId: SOLIDITY_DEPRECATED_CONSTRUCTIONS
patternId: 28fa69
severity: 1
line: 42
column: 1
content: functiongetPuppetCount()publicconstantreturns(uint256puppetCount){returnpuppets.length;}

ruleId: SOLIDITY_PRAGMAS_VERSION
patternId: 23fc32
severity: 1
line: 7
column: 16
content: ^

ruleId: SOLIDITY_PRIVATE_MODIFIER_DONT_HIDE_DATA
patternId: 5616b2
severity: 1
line: 14
column: 9
content: private

ruleId: SOLIDITY_PRIVATE_MODIFIER_DONT_HIDE_DATA
patternId: 5616b2
severity: 1
line: 15
column: 9
content: private

ruleId: SOLIDITY_PRIVATE_MODIFIER_DONT_HIDE_DATA
patternId: 5616b2
severity: 1
line: 16
column: 9
content: private

ruleId: SOLIDITY_UNCHECKED_CALL
patternId: f39eed
severity: 3
line: 69
column: 17
content: call.value(_share).gas(800000)()

ruleId: SOLIDITY_UNCHECKED_CALL
patternId: f39eed
severity: 3
line: 71
column: 17
content: call.value(_share).gas(800000)()

ruleId: SOLIDITY_UNCHECKED_CALL
patternId: f39eed
severity: 3
line: 73
column: 17
content: call.value(_share).gas(800000)()

ruleId: SOLIDITY_UNCHECKED_CALL
patternId: f39eed
severity: 3
line: 75
column: 17
content: call.value(_share).gas(800000)()

ruleId: SOLIDITY_UPGRADE_TO_050
patternId: 83k1no
severity: 1
line: 69
column: 17
content: call.value(_share).gas(800000)()

ruleId: SOLIDITY_UPGRADE_TO_050
patternId: 83k1no
severity: 1
line: 71
column: 17
content: call.value(_share).gas(800000)()

ruleId: SOLIDITY_UPGRADE_TO_050
patternId: 83k1no
severity: 1
line: 73
column: 17
content: call.value(_share).gas(800000)()

ruleId: SOLIDITY_UPGRADE_TO_050
patternId: 83k1no
severity: 1
line: 75
column: 17
content: call.value(_share).gas(800000)()

ruleId: SOLIDITY_UPGRADE_TO_050
patternId: 83k1no
severity: 1
line: 102
column: 13
content: call.value(msg.value).gas(600000)()

ruleId: SOLIDITY_UPGRADE_TO_050
patternId: 91h3sa
severity: 1
line: 80
column: 19
content: public

ruleId: SOLIDITY_UPGRADE_TO_050
patternId: 91h3sa
severity: 1
line: 99
column: 12
content: public

SOLIDITY_DEPRECATED_CONSTRUCTIONS :1
SOLIDITY_PRAGMAS_VERSION :1
SOLIDITY_PRIVATE_MODIFIER_DONT_HIDE_DATA :3
SOLIDITY_ADDRESS_HARDCODED :2
SOLIDITY_UPGRADE_TO_050 :7
SOLIDITY_UNCHECKED_CALL :4
SOLIDITY_CALL_WITHOUT_DATA :5
