2023-01-17 17:43:35,726: [11] m.main:INFO: Registered plugins: IntrospectionAPIPlugin, <class 'manticore.ethereum.plugins.SkipRevertBasicBlocks'>, <class 'manticore.ethereum.plugins.FilterFunctions'>
2023-01-17 17:43:35,726: [11] m.main:INFO: Beginning analysis
2023-01-17 17:43:35,730: [11] m.e.manticore:INFO: Starting symbolic create contract
2023-01-17 17:43:35,757: [11] m.e.manticore:INFO: Failed to build contract /sb/parity_wallet_bug_1.sol:267:13: Errors : Invalid solc compilation sb/parity_wallet_bug_1.sol:131:5: Warning: Use of the "var" keyword is deprecated.
    var pending = m_pending[_operation];
    ^---------^
sb/parity_wallet_bug_1.sol:195:5: Warning: Use of the "var" keyword is deprecated.
    var pending = m_pending[_operation];
    ^---------^
sb/parity_wallet_bug_1.sol:246:11: Warning: "throw" is deprecated in favour of "revert()", "require()" and "assert()".
          throw;
          ^---^
sb/parity_wallet_bug_1.sol:280:11: Warning: "throw" is deprecated in favour of "revert()", "require()" and "assert()".
          throw;
          ^---^
sb/parity_wallet_bug_1.sol:297:5: Warning: Use of the "var" keyword is deprecated.
    var pending = m_pending[_operation];
    ^---------^
sb/parity_wallet_bug_1.sol:406:3: Warning: Defining constructors as functions with the same name as the contract is deprecated. Use "constructor(...) { ... }" instead.
  function Wallet(address[] _owners, uint _required, uint _daylimit) {
  ^ (Relevant source part starts here and spans across multiple lines).
sb/parity_wallet_bug_1.sol:264:3: Warning: Variable is shadowed in inline assembly by an instruction of the same name
  function create(uint _value, bytes _code) internal returns (address o_addr) {
  ^ (Relevant source part starts here and spans across multiple lines).
sb/parity_wallet_bug_1.sol:108:7: Warning: Invoking events without "emit" prefix is deprecated.
      Deposit(msg.sender, msg.value);
      ^----------------------------^
sb/parity_wallet_bug_1.sol:135:7: Warning: Invoking events without "emit" prefix is deprecated.
      Revoke(msg.sender, _operation);
      ^----------------------------^
sb/parity_wallet_bug_1.sol:140:67: Warning: "sha3" has been deprecated in favour of "keccak256"
  function changeOwner(address _from, address _to) onlymanyowners(sha3(msg.data)) external {
                                                                  ^------------^
sb/parity_wallet_bug_1.sol:149:5: Warning: Invoking events without "emit" prefix is deprecated.
    OwnerChanged(_from, _to);
    ^----------------------^
sb/parity_wallet_bug_1.sol:152:52: Warning: "sha3" has been deprecated in favour of "keccak256"
  function addOwner(address _owner) onlymanyowners(sha3(msg.data)) external {
                                                   ^------------^
sb/parity_wallet_bug_1.sol:163:5: Warning: Invoking events without "emit" prefix is deprecated.
    OwnerAdded(_owner);
    ^----------------^
sb/parity_wallet_bug_1.sol:166:55: Warning: "sha3" has been deprecated in favour of "keccak256"
  function removeOwner(address _owner) onlymanyowners(sha3(msg.data)) external {
                                                      ^------------^
sb/parity_wallet_bug_1.sol:175:5: Warning: Invoking events without "emit" prefix is deprecated.
    OwnerRemoved(_owner);
    ^------------------^
sb/parity_wallet_bug_1.sol:178:64: Warning: "sha3" has been deprecated in favour of "keccak256"
  function changeRequirement(uint _newRequired) onlymanyowners(sha3(msg.data)) external {
                                                               ^------------^
sb/parity_wallet_bug_1.sol:182:5: Warning: Invoking events without "emit" prefix is deprecated.
    RequirementChanged(_newRequired);
    ^------------------------------^
sb/parity_wallet_bug_1.sol:212:57: Warning: "sha3" has been deprecated in favour of "keccak256"
  function setDailyLimit(uint _newLimit) onlymanyowners(sha3(msg.data)) external {
                                                        ^------------^
sb/parity_wallet_bug_1.sol:216:45: Warning: "sha3" has been deprecated in favour of "keccak256"
  function resetSpentToday() onlymanyowners(sha3(msg.data)) external {
                                            ^------------^
sb/parity_wallet_bug_1.sol:229:45: Warning: "sha3" has been deprecated in favour of "keccak256"
  function kill(address _to) onlymanyowners(sha3(msg.data)) external {
                                            ^------------^
sb/parity_wallet_bug_1.sol:230:5: Warning: "suicide" has been deprecated in favour of "selfdestruct"
    suicide(_to);
    ^----------^
sb/parity_wallet_bug_1.sol:248:7: Warning: Invoking events without "emit" prefix is deprecated.
      SingleTransact(msg.sender, _value, _to, _data, created);
      ^-----------------------------------------------------^
sb/parity_wallet_bug_1.sol:251:16: Warning: "sha3" has been deprecated in favour of "keccak256"
      o_hash = sha3(msg.data, block.number);
               ^--------------------------^
sb/parity_wallet_bug_1.sol:251:16: Warning: This function only accepts a single "bytes" argument. Please use "abi.encodePacked(...)" or a similar function to encode the data.
      o_hash = sha3(msg.data, block.number);
               ^--------------------------^
sb/parity_wallet_bug_1.sol:259:9: Warning: Invoking events without "emit" prefix is deprecated.
        ConfirmationNeeded(o_hash, msg.sender, _value, _to, _data);
        ^--------------------------------------------------------^
sb/parity_wallet_bug_1.sol:267:13: Error: Identifier not found.
      jumpi(invalidJumpLabel, iszero(extcodesize(o_addr)))
            ^--------------^
sb/parity_wallet_bug_1.sol:267:7: Warning: Jump instructions and labels are low-level EVM features that can lead to incorrect stack access. Because of that they are discouraged. Please consider using "switch", "if" or "for" statements instead.
      jumpi(invalidJumpLabel, iszero(extcodesize(o_addr)))
      ^--------------------------------------------------^
sb/parity_wallet_bug_1.sol:283:7: Warning: Invoking events without "emit" prefix is deprecated.
      MultiTransact(msg.sender, _h, m_txs[_h].value, m_txs[_h].to, m_txs[_h].data, created);
      ^-----------------------------------------------------------------------------------^
sb/parity_wallet_bug_1.sol:311:7: Warning: Invoking events without "emit" prefix is deprecated.
      Confirmation(msg.sender, _operation);
      ^----------------------------------^
sb/parity_wallet_bug_1.sol:377:37: Warning: This looks like an address but has an invalid checksum. If this is not used as an address, please prepend '00'. Correct checksummed address: '0xCAfEcAfeCAfECaFeCaFecaFecaFECafECafeCaFe'. For more information please see https://solidity.readthedocs.io/en/develop/types.html#address-literals
  address constant _walletLibrary = 0xcafecafecafecafecafecafecafecafecafecafe;
                                    ^----------------------------------------^
sb/parity_wallet_bug_1.sol:408:25: Warning: "sha3" has been deprecated in favour of "keccak256"
    bytes4 sig = bytes4(sha3("initWallet(address[],uint256,uint256)"));
                        ^-------------------------------------------^
sb/parity_wallet_bug_1.sol:424:7: Warning: Top-level expressions are not supposed to return values (this expression returns 1 value). Use ``pop()`` or assign them.
      delegatecall(sub(gas, 10000), target, 0x0, add(argsize, 0x4), 0x0, 0x0)
      ^---------------------------------------------------------------------^
sb/parity_wallet_bug_1.sol:417:14: Error: Unbalanced stack at the end of a block: 1 surplus item(s).
    assembly {
             ^ (Relevant source part starts here and spans across multiple lines).
sb/parity_wallet_bug_1.sol:434:7: Warning: Invoking events without "emit" prefix is deprecated.
      Deposit(msg.sender, msg.value);
      ^----------------------------^
sb/parity_wallet_bug_1.sol:437:7: Warning: Return value of low-level calls not used.
      _walletLibrary.delegatecall(msg.data); //it should have whitelisted specific methods that the user is allowed to call
      ^-----------------------------------^
sb/parity_wallet_bug_1.sol:456:37: Warning: This looks like an address but has an invalid checksum. If this is not used as an address, please prepend '00'. Correct checksummed address: '0xCAfEcAfeCAfECaFeCaFecaFecaFECafECafeCaFe'. For more information please see https://solidity.readthedocs.io/en/develop/types.html#address-literals
  address constant _walletLibrary = 0xcafecafecafecafecafecafecafecafecafecafe;
                                    ^----------------------------------------^

. Solidity failed to generate bytecode for your contract. Check if all the abstract functions are implemented. 
Process Process-6:
Traceback (most recent call last):
  File "/usr/lib/python3.7/multiprocessing/process.py", line 297, in _bootstrap
    self.run()
  File "/usr/lib/python3.7/multiprocessing/process.py", line 99, in run
    self._target(*self._args, **self._kwargs)
  File "/usr/local/lib/python3.7/dist-packages/manticore/ethereum/manticore.py", line 1766, in worker_finalize
    finalizer(q.get_nowait())
  File "/usr/local/lib/python3.7/dist-packages/manticore/ethereum/manticore.py", line 1757, in finalizer
    if only_alive_states and last_tx.result in {"REVERT", "THROW", "TXERROR"}:
AttributeError: 'NoneType' object has no attribute 'result'
2023-01-17 17:43:35,854: [11] m.c.manticore:INFO: Results in /mcore_fdpnzz6c
2023-01-17 17:43:35,855: [11] m.c.manticore:WARNING: Manticore failed to run
2023-01-17 17:43:37,028: [36] m.main:INFO: Registered plugins: IntrospectionAPIPlugin, <class 'manticore.ethereum.plugins.SkipRevertBasicBlocks'>, <class 'manticore.ethereum.plugins.FilterFunctions'>
2023-01-17 17:43:37,029: [36] m.main:INFO: Beginning analysis
2023-01-17 17:43:37,033: [36] m.e.manticore:INFO: Starting symbolic create contract
2023-01-17 17:43:37,062: [36] m.e.manticore:INFO: Failed to build contract DeclarationError: Errors : Invalid solc compilation sb/parity_wallet_bug_1.sol:131:5: Warning: Use of the "var" keyword is deprecated.
    var pending = m_pending[_operation];
    ^---------^
sb/parity_wallet_bug_1.sol:195:5: Warning: Use of the "var" keyword is deprecated.
    var pending = m_pending[_operation];
    ^---------^
sb/parity_wallet_bug_1.sol:246:11: Warning: "throw" is deprecated in favour of "revert()", "require()" and "assert()".
          throw;
          ^---^
sb/parity_wallet_bug_1.sol:280:11: Warning: "throw" is deprecated in favour of "revert()", "require()" and "assert()".
          throw;
          ^---^
sb/parity_wallet_bug_1.sol:297:5: Warning: Use of the "var" keyword is deprecated.
    var pending = m_pending[_operation];
    ^---------^
sb/parity_wallet_bug_1.sol:406:3: Warning: Defining constructors as functions with the same name as the contract is deprecated. Use "constructor(...) { ... }" instead.
  function Wallet(address[] _owners, uint _required, uint _daylimit) {
  ^ (Relevant source part starts here and spans across multiple lines).
sb/parity_wallet_bug_1.sol:264:3: Warning: Variable is shadowed in inline assembly by an instruction of the same name
  function create(uint _value, bytes _code) internal returns (address o_addr) {
  ^ (Relevant source part starts here and spans across multiple lines).
sb/parity_wallet_bug_1.sol:108:7: Warning: Invoking events without "emit" prefix is deprecated.
      Deposit(msg.sender, msg.value);
      ^----------------------------^
sb/parity_wallet_bug_1.sol:135:7: Warning: Invoking events without "emit" prefix is deprecated.
      Revoke(msg.sender, _operation);
      ^----------------------------^
sb/parity_wallet_bug_1.sol:140:67: Warning: "sha3" has been deprecated in favour of "keccak256"
  function changeOwner(address _from, address _to) onlymanyowners(sha3(msg.data)) external {
                                                                  ^------------^
sb/parity_wallet_bug_1.sol:149:5: Warning: Invoking events without "emit" prefix is deprecated.
    OwnerChanged(_from, _to);
    ^----------------------^
sb/parity_wallet_bug_1.sol:152:52: Warning: "sha3" has been deprecated in favour of "keccak256"
  function addOwner(address _owner) onlymanyowners(sha3(msg.data)) external {
                                                   ^------------^
sb/parity_wallet_bug_1.sol:163:5: Warning: Invoking events without "emit" prefix is deprecated.
    OwnerAdded(_owner);
    ^----------------^
sb/parity_wallet_bug_1.sol:166:55: Warning: "sha3" has been deprecated in favour of "keccak256"
  function removeOwner(address _owner) onlymanyowners(sha3(msg.data)) external {
                                                      ^------------^
sb/parity_wallet_bug_1.sol:175:5: Warning: Invoking events without "emit" prefix is deprecated.
    OwnerRemoved(_owner);
    ^------------------^
sb/parity_wallet_bug_1.sol:178:64: Warning: "sha3" has been deprecated in favour of "keccak256"
  function changeRequirement(uint _newRequired) onlymanyowners(sha3(msg.data)) external {
                                                               ^------------^
sb/parity_wallet_bug_1.sol:182:5: Warning: Invoking events without "emit" prefix is deprecated.
    RequirementChanged(_newRequired);
    ^------------------------------^
sb/parity_wallet_bug_1.sol:212:57: Warning: "sha3" has been deprecated in favour of "keccak256"
  function setDailyLimit(uint _newLimit) onlymanyowners(sha3(msg.data)) external {
                                                        ^------------^
sb/parity_wallet_bug_1.sol:216:45: Warning: "sha3" has been deprecated in favour of "keccak256"
  function resetSpentToday() onlymanyowners(sha3(msg.data)) external {
                                            ^------------^
sb/parity_wallet_bug_1.sol:229:45: Warning: "sha3" has been deprecated in favour of "keccak256"
  function kill(address _to) onlymanyowners(sha3(msg.data)) external {
                                            ^------------^
sb/parity_wallet_bug_1.sol:230:5: Warning: "suicide" has been deprecated in favour of "selfdestruct"
    suicide(_to);
    ^----------^
sb/parity_wallet_bug_1.sol:248:7: Warning: Invoking events without "emit" prefix is deprecated.
      SingleTransact(msg.sender, _value, _to, _data, created);
      ^-----------------------------------------------------^
sb/parity_wallet_bug_1.sol:251:16: Warning: "sha3" has been deprecated in favour of "keccak256"
      o_hash = sha3(msg.data, block.number);
               ^--------------------------^
sb/parity_wallet_bug_1.sol:251:16: Warning: This function only accepts a single "bytes" argument. Please use "abi.encodePacked(...)" or a similar function to encode the data.
      o_hash = sha3(msg.data, block.number);
               ^--------------------------^
sb/parity_wallet_bug_1.sol:259:9: Warning: Invoking events without "emit" prefix is deprecated.
        ConfirmationNeeded(o_hash, msg.sender, _value, _to, _data);
        ^--------------------------------------------------------^
sb/parity_wallet_bug_1.sol:267:13: Error: Identifier not found.
      jumpi(invalidJumpLabel, iszero(extcodesize(o_addr)))
            ^--------------^
sb/parity_wallet_bug_1.sol:267:7: Warning: Jump instructions and labels are low-level EVM features that can lead to incorrect stack access. Because of that they are discouraged. Please consider using "switch", "if" or "for" statements instead.
      jumpi(invalidJumpLabel, iszero(extcodesize(o_addr)))
      ^--------------------------------------------------^
sb/parity_wallet_bug_1.sol:283:7: Warning: Invoking events without "emit" prefix is deprecated.
      MultiTransact(msg.sender, _h, m_txs[_h].value, m_txs[_h].to, m_txs[_h].data, created);
      ^-----------------------------------------------------------------------------------^
sb/parity_wallet_bug_1.sol:311:7: Warning: Invoking events without "emit" prefix is deprecated.
      Confirmation(msg.sender, _operation);
      ^----------------------------------^
sb/parity_wallet_bug_1.sol:377:37: Warning: This looks like an address but has an invalid checksum. If this is not used as an address, please prepend '00'. Correct checksummed address: '0xCAfEcAfeCAfECaFeCaFecaFecaFECafECafeCaFe'. For more information please see https://solidity.readthedocs.io/en/develop/types.html#address-literals
  address constant _walletLibrary = 0xcafecafecafecafecafecafecafecafecafecafe;
                                    ^----------------------------------------^
sb/parity_wallet_bug_1.sol:408:25: Warning: "sha3" has been deprecated in favour of "keccak256"
    bytes4 sig = bytes4(sha3("initWallet(address[],uint256,uint256)"));
                        ^-------------------------------------------^
sb/parity_wallet_bug_1.sol:424:7: Warning: Top-level expressions are not supposed to return values (this expression returns 1 value). Use ``pop()`` or assign them.
      delegatecall(sub(gas, 10000), target, 0x0, add(argsize, 0x4), 0x0, 0x0)
      ^---------------------------------------------------------------------^
sb/parity_wallet_bug_1.sol:417:14: Error: Unbalanced stack at the end of a block: 1 surplus item(s).
    assembly {
             ^ (Relevant source part starts here and spans across multiple lines).
sb/parity_wallet_bug_1.sol:434:7: Warning: Invoking events without "emit" prefix is deprecated.
      Deposit(msg.sender, msg.value);
      ^----------------------------^
sb/parity_wallet_bug_1.sol:437:7: Warning: Return value of low-level calls not used.
      _walletLibrary.delegatecall(msg.data); //it should have whitelisted specific methods that the user is allowed to call
      ^-----------------------------------^
sb/parity_wallet_bug_1.sol:456:37: Warning: This looks like an address but has an invalid checksum. If this is not used as an address, please prepend '00'. Correct checksummed address: '0xCAfEcAfeCAfECaFeCaFecaFecaFECafECafeCaFe'. For more information please see https://solidity.readthedocs.io/en/develop/types.html#address-literals
  address constant _walletLibrary = 0xcafecafecafecafecafecafecafecafecafecafe;
                                    ^----------------------------------------^

. Solidity failed to generate bytecode for your contract. Check if all the abstract functions are implemented. 
Process Process-1:
Traceback (most recent call last):
  File "/usr/lib/python3.7/multiprocessing/process.py", line 297, in _bootstrap
    self.run()
  File "/usr/lib/python3.7/multiprocessing/process.py", line 99, in run
    self._target(*self._args, **self._kwargs)
  File "/usr/local/lib/python3.7/dist-packages/manticore/ethereum/manticore.py", line 1766, in worker_finalize
    finalizer(q.get_nowait())
  File "/usr/local/lib/python3.7/dist-packages/manticore/ethereum/manticore.py", line 1757, in finalizer
    if only_alive_states and last_tx.result in {"REVERT", "THROW", "TXERROR"}:
AttributeError: 'NoneType' object has no attribute 'result'
2023-01-17 17:43:37,152: [36] m.c.manticore:INFO: Results in /mcore_gaefnyow
2023-01-17 17:43:37,153: [36] m.c.manticore:WARNING: Manticore failed to run
2023-01-17 17:43:38,242: [61] m.main:INFO: Registered plugins: IntrospectionAPIPlugin, <class 'manticore.ethereum.plugins.SkipRevertBasicBlocks'>, <class 'manticore.ethereum.plugins.FilterFunctions'>
2023-01-17 17:43:38,243: [61] m.main:INFO: Beginning analysis
2023-01-17 17:43:38,247: [61] m.e.manticore:INFO: Starting symbolic create contract
2023-01-17 17:43:38,274: [61] m.e.manticore:INFO: Failed to build contract Identifier Errors : Invalid solc compilation sb/parity_wallet_bug_1.sol:131:5: Warning: Use of the "var" keyword is deprecated.
    var pending = m_pending[_operation];
    ^---------^
sb/parity_wallet_bug_1.sol:195:5: Warning: Use of the "var" keyword is deprecated.
    var pending = m_pending[_operation];
    ^---------^
sb/parity_wallet_bug_1.sol:246:11: Warning: "throw" is deprecated in favour of "revert()", "require()" and "assert()".
          throw;
          ^---^
sb/parity_wallet_bug_1.sol:280:11: Warning: "throw" is deprecated in favour of "revert()", "require()" and "assert()".
          throw;
          ^---^
sb/parity_wallet_bug_1.sol:297:5: Warning: Use of the "var" keyword is deprecated.
    var pending = m_pending[_operation];
    ^---------^
sb/parity_wallet_bug_1.sol:406:3: Warning: Defining constructors as functions with the same name as the contract is deprecated. Use "constructor(...) { ... }" instead.
  function Wallet(address[] _owners, uint _required, uint _daylimit) {
  ^ (Relevant source part starts here and spans across multiple lines).
sb/parity_wallet_bug_1.sol:264:3: Warning: Variable is shadowed in inline assembly by an instruction of the same name
  function create(uint _value, bytes _code) internal returns (address o_addr) {
  ^ (Relevant source part starts here and spans across multiple lines).
sb/parity_wallet_bug_1.sol:108:7: Warning: Invoking events without "emit" prefix is deprecated.
      Deposit(msg.sender, msg.value);
      ^----------------------------^
sb/parity_wallet_bug_1.sol:135:7: Warning: Invoking events without "emit" prefix is deprecated.
      Revoke(msg.sender, _operation);
      ^----------------------------^
sb/parity_wallet_bug_1.sol:140:67: Warning: "sha3" has been deprecated in favour of "keccak256"
  function changeOwner(address _from, address _to) onlymanyowners(sha3(msg.data)) external {
                                                                  ^------------^
sb/parity_wallet_bug_1.sol:149:5: Warning: Invoking events without "emit" prefix is deprecated.
    OwnerChanged(_from, _to);
    ^----------------------^
sb/parity_wallet_bug_1.sol:152:52: Warning: "sha3" has been deprecated in favour of "keccak256"
  function addOwner(address _owner) onlymanyowners(sha3(msg.data)) external {
                                                   ^------------^
sb/parity_wallet_bug_1.sol:163:5: Warning: Invoking events without "emit" prefix is deprecated.
    OwnerAdded(_owner);
    ^----------------^
sb/parity_wallet_bug_1.sol:166:55: Warning: "sha3" has been deprecated in favour of "keccak256"
  function removeOwner(address _owner) onlymanyowners(sha3(msg.data)) external {
                                                      ^------------^
sb/parity_wallet_bug_1.sol:175:5: Warning: Invoking events without "emit" prefix is deprecated.
    OwnerRemoved(_owner);
    ^------------------^
sb/parity_wallet_bug_1.sol:178:64: Warning: "sha3" has been deprecated in favour of "keccak256"
  function changeRequirement(uint _newRequired) onlymanyowners(sha3(msg.data)) external {
                                                               ^------------^
sb/parity_wallet_bug_1.sol:182:5: Warning: Invoking events without "emit" prefix is deprecated.
    RequirementChanged(_newRequired);
    ^------------------------------^
sb/parity_wallet_bug_1.sol:212:57: Warning: "sha3" has been deprecated in favour of "keccak256"
  function setDailyLimit(uint _newLimit) onlymanyowners(sha3(msg.data)) external {
                                                        ^------------^
sb/parity_wallet_bug_1.sol:216:45: Warning: "sha3" has been deprecated in favour of "keccak256"
  function resetSpentToday() onlymanyowners(sha3(msg.data)) external {
                                            ^------------^
sb/parity_wallet_bug_1.sol:229:45: Warning: "sha3" has been deprecated in favour of "keccak256"
  function kill(address _to) onlymanyowners(sha3(msg.data)) external {
                                            ^------------^
sb/parity_wallet_bug_1.sol:230:5: Warning: "suicide" has been deprecated in favour of "selfdestruct"
    suicide(_to);
    ^----------^
sb/parity_wallet_bug_1.sol:248:7: Warning: Invoking events without "emit" prefix is deprecated.
      SingleTransact(msg.sender, _value, _to, _data, created);
      ^-----------------------------------------------------^
sb/parity_wallet_bug_1.sol:251:16: Warning: "sha3" has been deprecated in favour of "keccak256"
      o_hash = sha3(msg.data, block.number);
               ^--------------------------^
sb/parity_wallet_bug_1.sol:251:16: Warning: This function only accepts a single "bytes" argument. Please use "abi.encodePacked(...)" or a similar function to encode the data.
      o_hash = sha3(msg.data, block.number);
               ^--------------------------^
sb/parity_wallet_bug_1.sol:259:9: Warning: Invoking events without "emit" prefix is deprecated.
        ConfirmationNeeded(o_hash, msg.sender, _value, _to, _data);
        ^--------------------------------------------------------^
sb/parity_wallet_bug_1.sol:267:13: Error: Identifier not found.
      jumpi(invalidJumpLabel, iszero(extcodesize(o_addr)))
            ^--------------^
sb/parity_wallet_bug_1.sol:267:7: Warning: Jump instructions and labels are low-level EVM features that can lead to incorrect stack access. Because of that they are discouraged. Please consider using "switch", "if" or "for" statements instead.
      jumpi(invalidJumpLabel, iszero(extcodesize(o_addr)))
      ^--------------------------------------------------^
sb/parity_wallet_bug_1.sol:283:7: Warning: Invoking events without "emit" prefix is deprecated.
      MultiTransact(msg.sender, _h, m_txs[_h].value, m_txs[_h].to, m_txs[_h].data, created);
      ^-----------------------------------------------------------------------------------^
sb/parity_wallet_bug_1.sol:311:7: Warning: Invoking events without "emit" prefix is deprecated.
      Confirmation(msg.sender, _operation);
      ^----------------------------------^
sb/parity_wallet_bug_1.sol:377:37: Warning: This looks like an address but has an invalid checksum. If this is not used as an address, please prepend '00'. Correct checksummed address: '0xCAfEcAfeCAfECaFeCaFecaFecaFECafECafeCaFe'. For more information please see https://solidity.readthedocs.io/en/develop/types.html#address-literals
  address constant _walletLibrary = 0xcafecafecafecafecafecafecafecafecafecafe;
                                    ^----------------------------------------^
sb/parity_wallet_bug_1.sol:408:25: Warning: "sha3" has been deprecated in favour of "keccak256"
    bytes4 sig = bytes4(sha3("initWallet(address[],uint256,uint256)"));
                        ^-------------------------------------------^
sb/parity_wallet_bug_1.sol:424:7: Warning: Top-level expressions are not supposed to return values (this expression returns 1 value). Use ``pop()`` or assign them.
      delegatecall(sub(gas, 10000), target, 0x0, add(argsize, 0x4), 0x0, 0x0)
      ^---------------------------------------------------------------------^
sb/parity_wallet_bug_1.sol:417:14: Error: Unbalanced stack at the end of a block: 1 surplus item(s).
    assembly {
             ^ (Relevant source part starts here and spans across multiple lines).
sb/parity_wallet_bug_1.sol:434:7: Warning: Invoking events without "emit" prefix is deprecated.
      Deposit(msg.sender, msg.value);
      ^----------------------------^
sb/parity_wallet_bug_1.sol:437:7: Warning: Return value of low-level calls not used.
      _walletLibrary.delegatecall(msg.data); //it should have whitelisted specific methods that the user is allowed to call
      ^-----------------------------------^
sb/parity_wallet_bug_1.sol:456:37: Warning: This looks like an address but has an invalid checksum. If this is not used as an address, please prepend '00'. Correct checksummed address: '0xCAfEcAfeCAfECaFeCaFecaFecaFECafECafeCaFe'. For more information please see https://solidity.readthedocs.io/en/develop/types.html#address-literals
  address constant _walletLibrary = 0xcafecafecafecafecafecafecafecafecafecafe;
                                    ^----------------------------------------^

. Solidity failed to generate bytecode for your contract. Check if all the abstract functions are implemented. 
Process Process-8:
Traceback (most recent call last):
  File "/usr/lib/python3.7/multiprocessing/process.py", line 297, in _bootstrap
    self.run()
  File "/usr/lib/python3.7/multiprocessing/process.py", line 99, in run
    self._target(*self._args, **self._kwargs)
  File "/usr/local/lib/python3.7/dist-packages/manticore/ethereum/manticore.py", line 1766, in worker_finalize
    finalizer(q.get_nowait())
  File "/usr/local/lib/python3.7/dist-packages/manticore/ethereum/manticore.py", line 1757, in finalizer
    if only_alive_states and last_tx.result in {"REVERT", "THROW", "TXERROR"}:
AttributeError: 'NoneType' object has no attribute 'result'
2023-01-17 17:43:38,387: [61] m.c.manticore:INFO: Results in /mcore__ib4na2j
2023-01-17 17:43:38,387: [61] m.c.manticore:WARNING: Manticore failed to run
2023-01-17 17:43:39,572: [86] m.main:INFO: Registered plugins: IntrospectionAPIPlugin, <class 'manticore.ethereum.plugins.SkipRevertBasicBlocks'>, <class 'manticore.ethereum.plugins.FilterFunctions'>
2023-01-17 17:43:39,573: [86] m.main:INFO: Beginning analysis
2023-01-17 17:43:39,577: [86] m.e.manticore:INFO: Starting symbolic create contract
2023-01-17 17:43:39,605: [86] m.e.manticore:INFO: Failed to build contract not Errors : Invalid solc compilation sb/parity_wallet_bug_1.sol:131:5: Warning: Use of the "var" keyword is deprecated.
    var pending = m_pending[_operation];
    ^---------^
sb/parity_wallet_bug_1.sol:195:5: Warning: Use of the "var" keyword is deprecated.
    var pending = m_pending[_operation];
    ^---------^
sb/parity_wallet_bug_1.sol:246:11: Warning: "throw" is deprecated in favour of "revert()", "require()" and "assert()".
          throw;
          ^---^
sb/parity_wallet_bug_1.sol:280:11: Warning: "throw" is deprecated in favour of "revert()", "require()" and "assert()".
          throw;
          ^---^
sb/parity_wallet_bug_1.sol:297:5: Warning: Use of the "var" keyword is deprecated.
    var pending = m_pending[_operation];
    ^---------^
sb/parity_wallet_bug_1.sol:406:3: Warning: Defining constructors as functions with the same name as the contract is deprecated. Use "constructor(...) { ... }" instead.
  function Wallet(address[] _owners, uint _required, uint _daylimit) {
  ^ (Relevant source part starts here and spans across multiple lines).
sb/parity_wallet_bug_1.sol:264:3: Warning: Variable is shadowed in inline assembly by an instruction of the same name
  function create(uint _value, bytes _code) internal returns (address o_addr) {
  ^ (Relevant source part starts here and spans across multiple lines).
sb/parity_wallet_bug_1.sol:108:7: Warning: Invoking events without "emit" prefix is deprecated.
      Deposit(msg.sender, msg.value);
      ^----------------------------^
sb/parity_wallet_bug_1.sol:135:7: Warning: Invoking events without "emit" prefix is deprecated.
      Revoke(msg.sender, _operation);
      ^----------------------------^
sb/parity_wallet_bug_1.sol:140:67: Warning: "sha3" has been deprecated in favour of "keccak256"
  function changeOwner(address _from, address _to) onlymanyowners(sha3(msg.data)) external {
                                                                  ^------------^
sb/parity_wallet_bug_1.sol:149:5: Warning: Invoking events without "emit" prefix is deprecated.
    OwnerChanged(_from, _to);
    ^----------------------^
sb/parity_wallet_bug_1.sol:152:52: Warning: "sha3" has been deprecated in favour of "keccak256"
  function addOwner(address _owner) onlymanyowners(sha3(msg.data)) external {
                                                   ^------------^
sb/parity_wallet_bug_1.sol:163:5: Warning: Invoking events without "emit" prefix is deprecated.
    OwnerAdded(_owner);
    ^----------------^
sb/parity_wallet_bug_1.sol:166:55: Warning: "sha3" has been deprecated in favour of "keccak256"
  function removeOwner(address _owner) onlymanyowners(sha3(msg.data)) external {
                                                      ^------------^
sb/parity_wallet_bug_1.sol:175:5: Warning: Invoking events without "emit" prefix is deprecated.
    OwnerRemoved(_owner);
    ^------------------^
sb/parity_wallet_bug_1.sol:178:64: Warning: "sha3" has been deprecated in favour of "keccak256"
  function changeRequirement(uint _newRequired) onlymanyowners(sha3(msg.data)) external {
                                                               ^------------^
sb/parity_wallet_bug_1.sol:182:5: Warning: Invoking events without "emit" prefix is deprecated.
    RequirementChanged(_newRequired);
    ^------------------------------^
sb/parity_wallet_bug_1.sol:212:57: Warning: "sha3" has been deprecated in favour of "keccak256"
  function setDailyLimit(uint _newLimit) onlymanyowners(sha3(msg.data)) external {
                                                        ^------------^
sb/parity_wallet_bug_1.sol:216:45: Warning: "sha3" has been deprecated in favour of "keccak256"
  function resetSpentToday() onlymanyowners(sha3(msg.data)) external {
                                            ^------------^
sb/parity_wallet_bug_1.sol:229:45: Warning: "sha3" has been deprecated in favour of "keccak256"
  function kill(address _to) onlymanyowners(sha3(msg.data)) external {
                                            ^------------^
sb/parity_wallet_bug_1.sol:230:5: Warning: "suicide" has been deprecated in favour of "selfdestruct"
    suicide(_to);
    ^----------^
sb/parity_wallet_bug_1.sol:248:7: Warning: Invoking events without "emit" prefix is deprecated.
      SingleTransact(msg.sender, _value, _to, _data, created);
      ^-----------------------------------------------------^
sb/parity_wallet_bug_1.sol:251:16: Warning: "sha3" has been deprecated in favour of "keccak256"
      o_hash = sha3(msg.data, block.number);
               ^--------------------------^
sb/parity_wallet_bug_1.sol:251:16: Warning: This function only accepts a single "bytes" argument. Please use "abi.encodePacked(...)" or a similar function to encode the data.
      o_hash = sha3(msg.data, block.number);
               ^--------------------------^
sb/parity_wallet_bug_1.sol:259:9: Warning: Invoking events without "emit" prefix is deprecated.
        ConfirmationNeeded(o_hash, msg.sender, _value, _to, _data);
        ^--------------------------------------------------------^
sb/parity_wallet_bug_1.sol:267:13: Error: Identifier not found.
      jumpi(invalidJumpLabel, iszero(extcodesize(o_addr)))
            ^--------------^
sb/parity_wallet_bug_1.sol:267:7: Warning: Jump instructions and labels are low-level EVM features that can lead to incorrect stack access. Because of that they are discouraged. Please consider using "switch", "if" or "for" statements instead.
      jumpi(invalidJumpLabel, iszero(extcodesize(o_addr)))
      ^--------------------------------------------------^
sb/parity_wallet_bug_1.sol:283:7: Warning: Invoking events without "emit" prefix is deprecated.
      MultiTransact(msg.sender, _h, m_txs[_h].value, m_txs[_h].to, m_txs[_h].data, created);
      ^-----------------------------------------------------------------------------------^
sb/parity_wallet_bug_1.sol:311:7: Warning: Invoking events without "emit" prefix is deprecated.
      Confirmation(msg.sender, _operation);
      ^----------------------------------^
sb/parity_wallet_bug_1.sol:377:37: Warning: This looks like an address but has an invalid checksum. If this is not used as an address, please prepend '00'. Correct checksummed address: '0xCAfEcAfeCAfECaFeCaFecaFecaFECafECafeCaFe'. For more information please see https://solidity.readthedocs.io/en/develop/types.html#address-literals
  address constant _walletLibrary = 0xcafecafecafecafecafecafecafecafecafecafe;
                                    ^----------------------------------------^
sb/parity_wallet_bug_1.sol:408:25: Warning: "sha3" has been deprecated in favour of "keccak256"
    bytes4 sig = bytes4(sha3("initWallet(address[],uint256,uint256)"));
                        ^-------------------------------------------^
sb/parity_wallet_bug_1.sol:424:7: Warning: Top-level expressions are not supposed to return values (this expression returns 1 value). Use ``pop()`` or assign them.
      delegatecall(sub(gas, 10000), target, 0x0, add(argsize, 0x4), 0x0, 0x0)
      ^---------------------------------------------------------------------^
sb/parity_wallet_bug_1.sol:417:14: Error: Unbalanced stack at the end of a block: 1 surplus item(s).
    assembly {
             ^ (Relevant source part starts here and spans across multiple lines).
sb/parity_wallet_bug_1.sol:434:7: Warning: Invoking events without "emit" prefix is deprecated.
      Deposit(msg.sender, msg.value);
      ^----------------------------^
sb/parity_wallet_bug_1.sol:437:7: Warning: Return value of low-level calls not used.
      _walletLibrary.delegatecall(msg.data); //it should have whitelisted specific methods that the user is allowed to call
      ^-----------------------------------^
sb/parity_wallet_bug_1.sol:456:37: Warning: This looks like an address but has an invalid checksum. If this is not used as an address, please prepend '00'. Correct checksummed address: '0xCAfEcAfeCAfECaFeCaFecaFecaFECafECafeCaFe'. For more information please see https://solidity.readthedocs.io/en/develop/types.html#address-literals
  address constant _walletLibrary = 0xcafecafecafecafecafecafecafecafecafecafe;
                                    ^----------------------------------------^

. Solidity failed to generate bytecode for your contract. Check if all the abstract functions are implemented. 
Process Process-1:
Traceback (most recent call last):
  File "/usr/lib/python3.7/multiprocessing/process.py", line 297, in _bootstrap
    self.run()
  File "/usr/lib/python3.7/multiprocessing/process.py", line 99, in run
    self._target(*self._args, **self._kwargs)
  File "/usr/local/lib/python3.7/dist-packages/manticore/ethereum/manticore.py", line 1766, in worker_finalize
    finalizer(q.get_nowait())
  File "/usr/local/lib/python3.7/dist-packages/manticore/ethereum/manticore.py", line 1757, in finalizer
    if only_alive_states and last_tx.result in {"REVERT", "THROW", "TXERROR"}:
AttributeError: 'NoneType' object has no attribute 'result'
2023-01-17 17:43:39,717: [86] m.c.manticore:INFO: Results in /mcore_1cbiuz4o
2023-01-17 17:43:39,717: [86] m.c.manticore:WARNING: Manticore failed to run
2023-01-17 17:43:40,875: [111] m.main:INFO: Registered plugins: IntrospectionAPIPlugin, <class 'manticore.ethereum.plugins.SkipRevertBasicBlocks'>, <class 'manticore.ethereum.plugins.FilterFunctions'>
2023-01-17 17:43:40,875: [111] m.main:INFO: Beginning analysis
2023-01-17 17:43:40,880: [111] m.e.manticore:INFO: Starting symbolic create contract
2023-01-17 17:43:40,904: [111] m.e.manticore:INFO: Failed to build contract found. Errors : Invalid solc compilation sb/parity_wallet_bug_1.sol:131:5: Warning: Use of the "var" keyword is deprecated.
    var pending = m_pending[_operation];
    ^---------^
sb/parity_wallet_bug_1.sol:195:5: Warning: Use of the "var" keyword is deprecated.
    var pending = m_pending[_operation];
    ^---------^
sb/parity_wallet_bug_1.sol:246:11: Warning: "throw" is deprecated in favour of "revert()", "require()" and "assert()".
          throw;
          ^---^
sb/parity_wallet_bug_1.sol:280:11: Warning: "throw" is deprecated in favour of "revert()", "require()" and "assert()".
          throw;
          ^---^
sb/parity_wallet_bug_1.sol:297:5: Warning: Use of the "var" keyword is deprecated.
    var pending = m_pending[_operation];
    ^---------^
sb/parity_wallet_bug_1.sol:406:3: Warning: Defining constructors as functions with the same name as the contract is deprecated. Use "constructor(...) { ... }" instead.
  function Wallet(address[] _owners, uint _required, uint _daylimit) {
  ^ (Relevant source part starts here and spans across multiple lines).
sb/parity_wallet_bug_1.sol:264:3: Warning: Variable is shadowed in inline assembly by an instruction of the same name
  function create(uint _value, bytes _code) internal returns (address o_addr) {
  ^ (Relevant source part starts here and spans across multiple lines).
sb/parity_wallet_bug_1.sol:108:7: Warning: Invoking events without "emit" prefix is deprecated.
      Deposit(msg.sender, msg.value);
      ^----------------------------^
sb/parity_wallet_bug_1.sol:135:7: Warning: Invoking events without "emit" prefix is deprecated.
      Revoke(msg.sender, _operation);
      ^----------------------------^
sb/parity_wallet_bug_1.sol:140:67: Warning: "sha3" has been deprecated in favour of "keccak256"
  function changeOwner(address _from, address _to) onlymanyowners(sha3(msg.data)) external {
                                                                  ^------------^
sb/parity_wallet_bug_1.sol:149:5: Warning: Invoking events without "emit" prefix is deprecated.
    OwnerChanged(_from, _to);
    ^----------------------^
sb/parity_wallet_bug_1.sol:152:52: Warning: "sha3" has been deprecated in favour of "keccak256"
  function addOwner(address _owner) onlymanyowners(sha3(msg.data)) external {
                                                   ^------------^
sb/parity_wallet_bug_1.sol:163:5: Warning: Invoking events without "emit" prefix is deprecated.
    OwnerAdded(_owner);
    ^----------------^
sb/parity_wallet_bug_1.sol:166:55: Warning: "sha3" has been deprecated in favour of "keccak256"
  function removeOwner(address _owner) onlymanyowners(sha3(msg.data)) external {
                                                      ^------------^
sb/parity_wallet_bug_1.sol:175:5: Warning: Invoking events without "emit" prefix is deprecated.
    OwnerRemoved(_owner);
    ^------------------^
sb/parity_wallet_bug_1.sol:178:64: Warning: "sha3" has been deprecated in favour of "keccak256"
  function changeRequirement(uint _newRequired) onlymanyowners(sha3(msg.data)) external {
                                                               ^------------^
sb/parity_wallet_bug_1.sol:182:5: Warning: Invoking events without "emit" prefix is deprecated.
    RequirementChanged(_newRequired);
    ^------------------------------^
sb/parity_wallet_bug_1.sol:212:57: Warning: "sha3" has been deprecated in favour of "keccak256"
  function setDailyLimit(uint _newLimit) onlymanyowners(sha3(msg.data)) external {
                                                        ^------------^
sb/parity_wallet_bug_1.sol:216:45: Warning: "sha3" has been deprecated in favour of "keccak256"
  function resetSpentToday() onlymanyowners(sha3(msg.data)) external {
                                            ^------------^
sb/parity_wallet_bug_1.sol:229:45: Warning: "sha3" has been deprecated in favour of "keccak256"
  function kill(address _to) onlymanyowners(sha3(msg.data)) external {
                                            ^------------^
sb/parity_wallet_bug_1.sol:230:5: Warning: "suicide" has been deprecated in favour of "selfdestruct"
    suicide(_to);
    ^----------^
sb/parity_wallet_bug_1.sol:248:7: Warning: Invoking events without "emit" prefix is deprecated.
      SingleTransact(msg.sender, _value, _to, _data, created);
      ^-----------------------------------------------------^
sb/parity_wallet_bug_1.sol:251:16: Warning: "sha3" has been deprecated in favour of "keccak256"
      o_hash = sha3(msg.data, block.number);
               ^--------------------------^
sb/parity_wallet_bug_1.sol:251:16: Warning: This function only accepts a single "bytes" argument. Please use "abi.encodePacked(...)" or a similar function to encode the data.
      o_hash = sha3(msg.data, block.number);
               ^--------------------------^
sb/parity_wallet_bug_1.sol:259:9: Warning: Invoking events without "emit" prefix is deprecated.
        ConfirmationNeeded(o_hash, msg.sender, _value, _to, _data);
        ^--------------------------------------------------------^
sb/parity_wallet_bug_1.sol:267:13: Error: Identifier not found.
      jumpi(invalidJumpLabel, iszero(extcodesize(o_addr)))
            ^--------------^
sb/parity_wallet_bug_1.sol:267:7: Warning: Jump instructions and labels are low-level EVM features that can lead to incorrect stack access. Because of that they are discouraged. Please consider using "switch", "if" or "for" statements instead.
      jumpi(invalidJumpLabel, iszero(extcodesize(o_addr)))
      ^--------------------------------------------------^
sb/parity_wallet_bug_1.sol:283:7: Warning: Invoking events without "emit" prefix is deprecated.
      MultiTransact(msg.sender, _h, m_txs[_h].value, m_txs[_h].to, m_txs[_h].data, created);
      ^-----------------------------------------------------------------------------------^
sb/parity_wallet_bug_1.sol:311:7: Warning: Invoking events without "emit" prefix is deprecated.
      Confirmation(msg.sender, _operation);
      ^----------------------------------^
sb/parity_wallet_bug_1.sol:377:37: Warning: This looks like an address but has an invalid checksum. If this is not used as an address, please prepend '00'. Correct checksummed address: '0xCAfEcAfeCAfECaFeCaFecaFecaFECafECafeCaFe'. For more information please see https://solidity.readthedocs.io/en/develop/types.html#address-literals
  address constant _walletLibrary = 0xcafecafecafecafecafecafecafecafecafecafe;
                                    ^----------------------------------------^
sb/parity_wallet_bug_1.sol:408:25: Warning: "sha3" has been deprecated in favour of "keccak256"
    bytes4 sig = bytes4(sha3("initWallet(address[],uint256,uint256)"));
                        ^-------------------------------------------^
sb/parity_wallet_bug_1.sol:424:7: Warning: Top-level expressions are not supposed to return values (this expression returns 1 value). Use ``pop()`` or assign them.
      delegatecall(sub(gas, 10000), target, 0x0, add(argsize, 0x4), 0x0, 0x0)
      ^---------------------------------------------------------------------^
sb/parity_wallet_bug_1.sol:417:14: Error: Unbalanced stack at the end of a block: 1 surplus item(s).
    assembly {
             ^ (Relevant source part starts here and spans across multiple lines).
sb/parity_wallet_bug_1.sol:434:7: Warning: Invoking events without "emit" prefix is deprecated.
      Deposit(msg.sender, msg.value);
      ^----------------------------^
sb/parity_wallet_bug_1.sol:437:7: Warning: Return value of low-level calls not used.
      _walletLibrary.delegatecall(msg.data); //it should have whitelisted specific methods that the user is allowed to call
      ^-----------------------------------^
sb/parity_wallet_bug_1.sol:456:37: Warning: This looks like an address but has an invalid checksum. If this is not used as an address, please prepend '00'. Correct checksummed address: '0xCAfEcAfeCAfECaFeCaFecaFecaFECafECafeCaFe'. For more information please see https://solidity.readthedocs.io/en/develop/types.html#address-literals
  address constant _walletLibrary = 0xcafecafecafecafecafecafecafecafecafecafe;
                                    ^----------------------------------------^

. Solidity failed to generate bytecode for your contract. Check if all the abstract functions are implemented. 
Process Process-1:
Traceback (most recent call last):
  File "/usr/lib/python3.7/multiprocessing/process.py", line 297, in _bootstrap
    self.run()
  File "/usr/lib/python3.7/multiprocessing/process.py", line 99, in run
    self._target(*self._args, **self._kwargs)
  File "/usr/local/lib/python3.7/dist-packages/manticore/ethereum/manticore.py", line 1766, in worker_finalize
    finalizer(q.get_nowait())
  File "/usr/local/lib/python3.7/dist-packages/manticore/ethereum/manticore.py", line 1757, in finalizer
    if only_alive_states and last_tx.result in {"REVERT", "THROW", "TXERROR"}:
AttributeError: 'NoneType' object has no attribute 'result'
2023-01-17 17:43:40,998: [111] m.c.manticore:INFO: Results in /mcore_ilt3b8j0
2023-01-17 17:43:40,999: [111] m.c.manticore:WARNING: Manticore failed to run
2023-01-17 17:43:42,063: [136] m.main:INFO: Registered plugins: IntrospectionAPIPlugin, <class 'manticore.ethereum.plugins.SkipRevertBasicBlocks'>, <class 'manticore.ethereum.plugins.FilterFunctions'>
2023-01-17 17:43:42,063: [136] m.main:INFO: Beginning analysis
2023-01-17 17:43:42,068: [136] m.e.manticore:INFO: Starting symbolic create contract
2023-01-17 17:43:42,094: [136] m.e.manticore:INFO: Failed to build contract jumpi(invalidJumpLabel, Errors : Invalid solc compilation sb/parity_wallet_bug_1.sol:131:5: Warning: Use of the "var" keyword is deprecated.
    var pending = m_pending[_operation];
    ^---------^
sb/parity_wallet_bug_1.sol:195:5: Warning: Use of the "var" keyword is deprecated.
    var pending = m_pending[_operation];
    ^---------^
sb/parity_wallet_bug_1.sol:246:11: Warning: "throw" is deprecated in favour of "revert()", "require()" and "assert()".
          throw;
          ^---^
sb/parity_wallet_bug_1.sol:280:11: Warning: "throw" is deprecated in favour of "revert()", "require()" and "assert()".
          throw;
          ^---^
sb/parity_wallet_bug_1.sol:297:5: Warning: Use of the "var" keyword is deprecated.
    var pending = m_pending[_operation];
    ^---------^
sb/parity_wallet_bug_1.sol:406:3: Warning: Defining constructors as functions with the same name as the contract is deprecated. Use "constructor(...) { ... }" instead.
  function Wallet(address[] _owners, uint _required, uint _daylimit) {
  ^ (Relevant source part starts here and spans across multiple lines).
sb/parity_wallet_bug_1.sol:264:3: Warning: Variable is shadowed in inline assembly by an instruction of the same name
  function create(uint _value, bytes _code) internal returns (address o_addr) {
  ^ (Relevant source part starts here and spans across multiple lines).
sb/parity_wallet_bug_1.sol:108:7: Warning: Invoking events without "emit" prefix is deprecated.
      Deposit(msg.sender, msg.value);
      ^----------------------------^
sb/parity_wallet_bug_1.sol:135:7: Warning: Invoking events without "emit" prefix is deprecated.
      Revoke(msg.sender, _operation);
      ^----------------------------^
sb/parity_wallet_bug_1.sol:140:67: Warning: "sha3" has been deprecated in favour of "keccak256"
  function changeOwner(address _from, address _to) onlymanyowners(sha3(msg.data)) external {
                                                                  ^------------^
sb/parity_wallet_bug_1.sol:149:5: Warning: Invoking events without "emit" prefix is deprecated.
    OwnerChanged(_from, _to);
    ^----------------------^
sb/parity_wallet_bug_1.sol:152:52: Warning: "sha3" has been deprecated in favour of "keccak256"
  function addOwner(address _owner) onlymanyowners(sha3(msg.data)) external {
                                                   ^------------^
sb/parity_wallet_bug_1.sol:163:5: Warning: Invoking events without "emit" prefix is deprecated.
    OwnerAdded(_owner);
    ^----------------^
sb/parity_wallet_bug_1.sol:166:55: Warning: "sha3" has been deprecated in favour of "keccak256"
  function removeOwner(address _owner) onlymanyowners(sha3(msg.data)) external {
                                                      ^------------^
sb/parity_wallet_bug_1.sol:175:5: Warning: Invoking events without "emit" prefix is deprecated.
    OwnerRemoved(_owner);
    ^------------------^
sb/parity_wallet_bug_1.sol:178:64: Warning: "sha3" has been deprecated in favour of "keccak256"
  function changeRequirement(uint _newRequired) onlymanyowners(sha3(msg.data)) external {
                                                               ^------------^
sb/parity_wallet_bug_1.sol:182:5: Warning: Invoking events without "emit" prefix is deprecated.
    RequirementChanged(_newRequired);
    ^------------------------------^
sb/parity_wallet_bug_1.sol:212:57: Warning: "sha3" has been deprecated in favour of "keccak256"
  function setDailyLimit(uint _newLimit) onlymanyowners(sha3(msg.data)) external {
                                                        ^------------^
sb/parity_wallet_bug_1.sol:216:45: Warning: "sha3" has been deprecated in favour of "keccak256"
  function resetSpentToday() onlymanyowners(sha3(msg.data)) external {
                                            ^------------^
sb/parity_wallet_bug_1.sol:229:45: Warning: "sha3" has been deprecated in favour of "keccak256"
  function kill(address _to) onlymanyowners(sha3(msg.data)) external {
                                            ^------------^
sb/parity_wallet_bug_1.sol:230:5: Warning: "suicide" has been deprecated in favour of "selfdestruct"
    suicide(_to);
    ^----------^
sb/parity_wallet_bug_1.sol:248:7: Warning: Invoking events without "emit" prefix is deprecated.
      SingleTransact(msg.sender, _value, _to, _data, created);
      ^-----------------------------------------------------^
sb/parity_wallet_bug_1.sol:251:16: Warning: "sha3" has been deprecated in favour of "keccak256"
      o_hash = sha3(msg.data, block.number);
               ^--------------------------^
sb/parity_wallet_bug_1.sol:251:16: Warning: This function only accepts a single "bytes" argument. Please use "abi.encodePacked(...)" or a similar function to encode the data.
      o_hash = sha3(msg.data, block.number);
               ^--------------------------^
sb/parity_wallet_bug_1.sol:259:9: Warning: Invoking events without "emit" prefix is deprecated.
        ConfirmationNeeded(o_hash, msg.sender, _value, _to, _data);
        ^--------------------------------------------------------^
sb/parity_wallet_bug_1.sol:267:13: Error: Identifier not found.
      jumpi(invalidJumpLabel, iszero(extcodesize(o_addr)))
            ^--------------^
sb/parity_wallet_bug_1.sol:267:7: Warning: Jump instructions and labels are low-level EVM features that can lead to incorrect stack access. Because of that they are discouraged. Please consider using "switch", "if" or "for" statements instead.
      jumpi(invalidJumpLabel, iszero(extcodesize(o_addr)))
      ^--------------------------------------------------^
sb/parity_wallet_bug_1.sol:283:7: Warning: Invoking events without "emit" prefix is deprecated.
      MultiTransact(msg.sender, _h, m_txs[_h].value, m_txs[_h].to, m_txs[_h].data, created);
      ^-----------------------------------------------------------------------------------^
sb/parity_wallet_bug_1.sol:311:7: Warning: Invoking events without "emit" prefix is deprecated.
      Confirmation(msg.sender, _operation);
      ^----------------------------------^
sb/parity_wallet_bug_1.sol:377:37: Warning: This looks like an address but has an invalid checksum. If this is not used as an address, please prepend '00'. Correct checksummed address: '0xCAfEcAfeCAfECaFeCaFecaFecaFECafECafeCaFe'. For more information please see https://solidity.readthedocs.io/en/develop/types.html#address-literals
  address constant _walletLibrary = 0xcafecafecafecafecafecafecafecafecafecafe;
                                    ^----------------------------------------^
sb/parity_wallet_bug_1.sol:408:25: Warning: "sha3" has been deprecated in favour of "keccak256"
    bytes4 sig = bytes4(sha3("initWallet(address[],uint256,uint256)"));
                        ^-------------------------------------------^
sb/parity_wallet_bug_1.sol:424:7: Warning: Top-level expressions are not supposed to return values (this expression returns 1 value). Use ``pop()`` or assign them.
      delegatecall(sub(gas, 10000), target, 0x0, add(argsize, 0x4), 0x0, 0x0)
      ^---------------------------------------------------------------------^
sb/parity_wallet_bug_1.sol:417:14: Error: Unbalanced stack at the end of a block: 1 surplus item(s).
    assembly {
             ^ (Relevant source part starts here and spans across multiple lines).
sb/parity_wallet_bug_1.sol:434:7: Warning: Invoking events without "emit" prefix is deprecated.
      Deposit(msg.sender, msg.value);
      ^----------------------------^
sb/parity_wallet_bug_1.sol:437:7: Warning: Return value of low-level calls not used.
      _walletLibrary.delegatecall(msg.data); //it should have whitelisted specific methods that the user is allowed to call
      ^-----------------------------------^
sb/parity_wallet_bug_1.sol:456:37: Warning: This looks like an address but has an invalid checksum. If this is not used as an address, please prepend '00'. Correct checksummed address: '0xCAfEcAfeCAfECaFeCaFecaFecaFECafECafeCaFe'. For more information please see https://solidity.readthedocs.io/en/develop/types.html#address-literals
  address constant _walletLibrary = 0xcafecafecafecafecafecafecafecafecafecafe;
                                    ^----------------------------------------^

. Solidity failed to generate bytecode for your contract. Check if all the abstract functions are implemented. 
Process Process-3:
Traceback (most recent call last):
  File "/usr/lib/python3.7/multiprocessing/process.py", line 297, in _bootstrap
    self.run()
  File "/usr/lib/python3.7/multiprocessing/process.py", line 99, in run
    self._target(*self._args, **self._kwargs)
  File "/usr/local/lib/python3.7/dist-packages/manticore/ethereum/manticore.py", line 1766, in worker_finalize
    finalizer(q.get_nowait())
  File "/usr/local/lib/python3.7/dist-packages/manticore/ethereum/manticore.py", line 1757, in finalizer
    if only_alive_states and last_tx.result in {"REVERT", "THROW", "TXERROR"}:
AttributeError: 'NoneType' object has no attribute 'result'
2023-01-17 17:43:42,196: [136] m.c.manticore:INFO: Results in /mcore_wst40h8j
2023-01-17 17:43:42,197: [136] m.c.manticore:WARNING: Manticore failed to run
2023-01-17 17:43:43,318: [161] m.main:INFO: Registered plugins: IntrospectionAPIPlugin, <class 'manticore.ethereum.plugins.SkipRevertBasicBlocks'>, <class 'manticore.ethereum.plugins.FilterFunctions'>
2023-01-17 17:43:43,319: [161] m.main:INFO: Beginning analysis
2023-01-17 17:43:43,327: [161] m.e.manticore:INFO: Starting symbolic create contract
2023-01-17 17:43:43,356: [161] m.e.manticore:INFO: Failed to build contract iszero(extcodesize(o_addr))) Errors : Invalid solc compilation sb/parity_wallet_bug_1.sol:131:5: Warning: Use of the "var" keyword is deprecated.
    var pending = m_pending[_operation];
    ^---------^
sb/parity_wallet_bug_1.sol:195:5: Warning: Use of the "var" keyword is deprecated.
    var pending = m_pending[_operation];
    ^---------^
sb/parity_wallet_bug_1.sol:246:11: Warning: "throw" is deprecated in favour of "revert()", "require()" and "assert()".
          throw;
          ^---^
sb/parity_wallet_bug_1.sol:280:11: Warning: "throw" is deprecated in favour of "revert()", "require()" and "assert()".
          throw;
          ^---^
sb/parity_wallet_bug_1.sol:297:5: Warning: Use of the "var" keyword is deprecated.
    var pending = m_pending[_operation];
    ^---------^
sb/parity_wallet_bug_1.sol:406:3: Warning: Defining constructors as functions with the same name as the contract is deprecated. Use "constructor(...) { ... }" instead.
  function Wallet(address[] _owners, uint _required, uint _daylimit) {
  ^ (Relevant source part starts here and spans across multiple lines).
sb/parity_wallet_bug_1.sol:264:3: Warning: Variable is shadowed in inline assembly by an instruction of the same name
  function create(uint _value, bytes _code) internal returns (address o_addr) {
  ^ (Relevant source part starts here and spans across multiple lines).
sb/parity_wallet_bug_1.sol:108:7: Warning: Invoking events without "emit" prefix is deprecated.
      Deposit(msg.sender, msg.value);
      ^----------------------------^
sb/parity_wallet_bug_1.sol:135:7: Warning: Invoking events without "emit" prefix is deprecated.
      Revoke(msg.sender, _operation);
      ^----------------------------^
sb/parity_wallet_bug_1.sol:140:67: Warning: "sha3" has been deprecated in favour of "keccak256"
  function changeOwner(address _from, address _to) onlymanyowners(sha3(msg.data)) external {
                                                                  ^------------^
sb/parity_wallet_bug_1.sol:149:5: Warning: Invoking events without "emit" prefix is deprecated.
    OwnerChanged(_from, _to);
    ^----------------------^
sb/parity_wallet_bug_1.sol:152:52: Warning: "sha3" has been deprecated in favour of "keccak256"
  function addOwner(address _owner) onlymanyowners(sha3(msg.data)) external {
                                                   ^------------^
sb/parity_wallet_bug_1.sol:163:5: Warning: Invoking events without "emit" prefix is deprecated.
    OwnerAdded(_owner);
    ^----------------^
sb/parity_wallet_bug_1.sol:166:55: Warning: "sha3" has been deprecated in favour of "keccak256"
  function removeOwner(address _owner) onlymanyowners(sha3(msg.data)) external {
                                                      ^------------^
sb/parity_wallet_bug_1.sol:175:5: Warning: Invoking events without "emit" prefix is deprecated.
    OwnerRemoved(_owner);
    ^------------------^
sb/parity_wallet_bug_1.sol:178:64: Warning: "sha3" has been deprecated in favour of "keccak256"
  function changeRequirement(uint _newRequired) onlymanyowners(sha3(msg.data)) external {
                                                               ^------------^
sb/parity_wallet_bug_1.sol:182:5: Warning: Invoking events without "emit" prefix is deprecated.
    RequirementChanged(_newRequired);
    ^------------------------------^
sb/parity_wallet_bug_1.sol:212:57: Warning: "sha3" has been deprecated in favour of "keccak256"
  function setDailyLimit(uint _newLimit) onlymanyowners(sha3(msg.data)) external {
                                                        ^------------^
sb/parity_wallet_bug_1.sol:216:45: Warning: "sha3" has been deprecated in favour of "keccak256"
  function resetSpentToday() onlymanyowners(sha3(msg.data)) external {
                                            ^------------^
sb/parity_wallet_bug_1.sol:229:45: Warning: "sha3" has been deprecated in favour of "keccak256"
  function kill(address _to) onlymanyowners(sha3(msg.data)) external {
                                            ^------------^
sb/parity_wallet_bug_1.sol:230:5: Warning: "suicide" has been deprecated in favour of "selfdestruct"
    suicide(_to);
    ^----------^
sb/parity_wallet_bug_1.sol:248:7: Warning: Invoking events without "emit" prefix is deprecated.
      SingleTransact(msg.sender, _value, _to, _data, created);
      ^-----------------------------------------------------^
sb/parity_wallet_bug_1.sol:251:16: Warning: "sha3" has been deprecated in favour of "keccak256"
      o_hash = sha3(msg.data, block.number);
               ^--------------------------^
sb/parity_wallet_bug_1.sol:251:16: Warning: This function only accepts a single "bytes" argument. Please use "abi.encodePacked(...)" or a similar function to encode the data.
      o_hash = sha3(msg.data, block.number);
               ^--------------------------^
sb/parity_wallet_bug_1.sol:259:9: Warning: Invoking events without "emit" prefix is deprecated.
        ConfirmationNeeded(o_hash, msg.sender, _value, _to, _data);
        ^--------------------------------------------------------^
sb/parity_wallet_bug_1.sol:267:13: Error: Identifier not found.
      jumpi(invalidJumpLabel, iszero(extcodesize(o_addr)))
            ^--------------^
sb/parity_wallet_bug_1.sol:267:7: Warning: Jump instructions and labels are low-level EVM features that can lead to incorrect stack access. Because of that they are discouraged. Please consider using "switch", "if" or "for" statements instead.
      jumpi(invalidJumpLabel, iszero(extcodesize(o_addr)))
      ^--------------------------------------------------^
sb/parity_wallet_bug_1.sol:283:7: Warning: Invoking events without "emit" prefix is deprecated.
      MultiTransact(msg.sender, _h, m_txs[_h].value, m_txs[_h].to, m_txs[_h].data, created);
      ^-----------------------------------------------------------------------------------^
sb/parity_wallet_bug_1.sol:311:7: Warning: Invoking events without "emit" prefix is deprecated.
      Confirmation(msg.sender, _operation);
      ^----------------------------------^
sb/parity_wallet_bug_1.sol:377:37: Warning: This looks like an address but has an invalid checksum. If this is not used as an address, please prepend '00'. Correct checksummed address: '0xCAfEcAfeCAfECaFeCaFecaFecaFECafECafeCaFe'. For more information please see https://solidity.readthedocs.io/en/develop/types.html#address-literals
  address constant _walletLibrary = 0xcafecafecafecafecafecafecafecafecafecafe;
                                    ^----------------------------------------^
sb/parity_wallet_bug_1.sol:408:25: Warning: "sha3" has been deprecated in favour of "keccak256"
    bytes4 sig = bytes4(sha3("initWallet(address[],uint256,uint256)"));
                        ^-------------------------------------------^
sb/parity_wallet_bug_1.sol:424:7: Warning: Top-level expressions are not supposed to return values (this expression returns 1 value). Use ``pop()`` or assign them.
      delegatecall(sub(gas, 10000), target, 0x0, add(argsize, 0x4), 0x0, 0x0)
      ^---------------------------------------------------------------------^
sb/parity_wallet_bug_1.sol:417:14: Error: Unbalanced stack at the end of a block: 1 surplus item(s).
    assembly {
             ^ (Relevant source part starts here and spans across multiple lines).
sb/parity_wallet_bug_1.sol:434:7: Warning: Invoking events without "emit" prefix is deprecated.
      Deposit(msg.sender, msg.value);
      ^----------------------------^
sb/parity_wallet_bug_1.sol:437:7: Warning: Return value of low-level calls not used.
      _walletLibrary.delegatecall(msg.data); //it should have whitelisted specific methods that the user is allowed to call
      ^-----------------------------------^
sb/parity_wallet_bug_1.sol:456:37: Warning: This looks like an address but has an invalid checksum. If this is not used as an address, please prepend '00'. Correct checksummed address: '0xCAfEcAfeCAfECaFeCaFecaFecaFECafECafeCaFe'. For more information please see https://solidity.readthedocs.io/en/develop/types.html#address-literals
  address constant _walletLibrary = 0xcafecafecafecafecafecafecafecafecafecafe;
                                    ^----------------------------------------^

. Solidity failed to generate bytecode for your contract. Check if all the abstract functions are implemented. 
Process Process-1:
Traceback (most recent call last):
  File "/usr/lib/python3.7/multiprocessing/process.py", line 297, in _bootstrap
    self.run()
  File "/usr/lib/python3.7/multiprocessing/process.py", line 99, in run
    self._target(*self._args, **self._kwargs)
  File "/usr/local/lib/python3.7/dist-packages/manticore/ethereum/manticore.py", line 1766, in worker_finalize
    finalizer(q.get_nowait())
  File "/usr/local/lib/python3.7/dist-packages/manticore/ethereum/manticore.py", line 1757, in finalizer
    if only_alive_states and last_tx.result in {"REVERT", "THROW", "TXERROR"}:
AttributeError: 'NoneType' object has no attribute 'result'
2023-01-17 17:43:43,469: [161] m.c.manticore:INFO: Results in /mcore_9lxbuki6
2023-01-17 17:43:43,470: [161] m.c.manticore:WARNING: Manticore failed to run
2023-01-17 17:43:44,589: [186] m.main:INFO: Registered plugins: IntrospectionAPIPlugin, <class 'manticore.ethereum.plugins.SkipRevertBasicBlocks'>, <class 'manticore.ethereum.plugins.FilterFunctions'>
2023-01-17 17:43:44,589: [186] m.main:INFO: Beginning analysis
2023-01-17 17:43:44,594: [186] m.e.manticore:INFO: Starting symbolic create contract
2023-01-17 17:43:44,627: [186] m.e.manticore:INFO: Failed to build contract ^--------------^ Errors : Invalid solc compilation sb/parity_wallet_bug_1.sol:131:5: Warning: Use of the "var" keyword is deprecated.
    var pending = m_pending[_operation];
    ^---------^
sb/parity_wallet_bug_1.sol:195:5: Warning: Use of the "var" keyword is deprecated.
    var pending = m_pending[_operation];
    ^---------^
sb/parity_wallet_bug_1.sol:246:11: Warning: "throw" is deprecated in favour of "revert()", "require()" and "assert()".
          throw;
          ^---^
sb/parity_wallet_bug_1.sol:280:11: Warning: "throw" is deprecated in favour of "revert()", "require()" and "assert()".
          throw;
          ^---^
sb/parity_wallet_bug_1.sol:297:5: Warning: Use of the "var" keyword is deprecated.
    var pending = m_pending[_operation];
    ^---------^
sb/parity_wallet_bug_1.sol:406:3: Warning: Defining constructors as functions with the same name as the contract is deprecated. Use "constructor(...) { ... }" instead.
  function Wallet(address[] _owners, uint _required, uint _daylimit) {
  ^ (Relevant source part starts here and spans across multiple lines).
sb/parity_wallet_bug_1.sol:264:3: Warning: Variable is shadowed in inline assembly by an instruction of the same name
  function create(uint _value, bytes _code) internal returns (address o_addr) {
  ^ (Relevant source part starts here and spans across multiple lines).
sb/parity_wallet_bug_1.sol:108:7: Warning: Invoking events without "emit" prefix is deprecated.
      Deposit(msg.sender, msg.value);
      ^----------------------------^
sb/parity_wallet_bug_1.sol:135:7: Warning: Invoking events without "emit" prefix is deprecated.
      Revoke(msg.sender, _operation);
      ^----------------------------^
sb/parity_wallet_bug_1.sol:140:67: Warning: "sha3" has been deprecated in favour of "keccak256"
  function changeOwner(address _from, address _to) onlymanyowners(sha3(msg.data)) external {
                                                                  ^------------^
sb/parity_wallet_bug_1.sol:149:5: Warning: Invoking events without "emit" prefix is deprecated.
    OwnerChanged(_from, _to);
    ^----------------------^
sb/parity_wallet_bug_1.sol:152:52: Warning: "sha3" has been deprecated in favour of "keccak256"
  function addOwner(address _owner) onlymanyowners(sha3(msg.data)) external {
                                                   ^------------^
sb/parity_wallet_bug_1.sol:163:5: Warning: Invoking events without "emit" prefix is deprecated.
    OwnerAdded(_owner);
    ^----------------^
sb/parity_wallet_bug_1.sol:166:55: Warning: "sha3" has been deprecated in favour of "keccak256"
  function removeOwner(address _owner) onlymanyowners(sha3(msg.data)) external {
                                                      ^------------^
sb/parity_wallet_bug_1.sol:175:5: Warning: Invoking events without "emit" prefix is deprecated.
    OwnerRemoved(_owner);
    ^------------------^
sb/parity_wallet_bug_1.sol:178:64: Warning: "sha3" has been deprecated in favour of "keccak256"
  function changeRequirement(uint _newRequired) onlymanyowners(sha3(msg.data)) external {
                                                               ^------------^
sb/parity_wallet_bug_1.sol:182:5: Warning: Invoking events without "emit" prefix is deprecated.
    RequirementChanged(_newRequired);
    ^------------------------------^
sb/parity_wallet_bug_1.sol:212:57: Warning: "sha3" has been deprecated in favour of "keccak256"
  function setDailyLimit(uint _newLimit) onlymanyowners(sha3(msg.data)) external {
                                                        ^------------^
sb/parity_wallet_bug_1.sol:216:45: Warning: "sha3" has been deprecated in favour of "keccak256"
  function resetSpentToday() onlymanyowners(sha3(msg.data)) external {
                                            ^------------^
sb/parity_wallet_bug_1.sol:229:45: Warning: "sha3" has been deprecated in favour of "keccak256"
  function kill(address _to) onlymanyowners(sha3(msg.data)) external {
                                            ^------------^
sb/parity_wallet_bug_1.sol:230:5: Warning: "suicide" has been deprecated in favour of "selfdestruct"
    suicide(_to);
    ^----------^
sb/parity_wallet_bug_1.sol:248:7: Warning: Invoking events without "emit" prefix is deprecated.
      SingleTransact(msg.sender, _value, _to, _data, created);
      ^-----------------------------------------------------^
sb/parity_wallet_bug_1.sol:251:16: Warning: "sha3" has been deprecated in favour of "keccak256"
      o_hash = sha3(msg.data, block.number);
               ^--------------------------^
sb/parity_wallet_bug_1.sol:251:16: Warning: This function only accepts a single "bytes" argument. Please use "abi.encodePacked(...)" or a similar function to encode the data.
      o_hash = sha3(msg.data, block.number);
               ^--------------------------^
sb/parity_wallet_bug_1.sol:259:9: Warning: Invoking events without "emit" prefix is deprecated.
        ConfirmationNeeded(o_hash, msg.sender, _value, _to, _data);
        ^--------------------------------------------------------^
sb/parity_wallet_bug_1.sol:267:13: Error: Identifier not found.
      jumpi(invalidJumpLabel, iszero(extcodesize(o_addr)))
            ^--------------^
sb/parity_wallet_bug_1.sol:267:7: Warning: Jump instructions and labels are low-level EVM features that can lead to incorrect stack access. Because of that they are discouraged. Please consider using "switch", "if" or "for" statements instead.
      jumpi(invalidJumpLabel, iszero(extcodesize(o_addr)))
      ^--------------------------------------------------^
sb/parity_wallet_bug_1.sol:283:7: Warning: Invoking events without "emit" prefix is deprecated.
      MultiTransact(msg.sender, _h, m_txs[_h].value, m_txs[_h].to, m_txs[_h].data, created);
      ^-----------------------------------------------------------------------------------^
sb/parity_wallet_bug_1.sol:311:7: Warning: Invoking events without "emit" prefix is deprecated.
      Confirmation(msg.sender, _operation);
      ^----------------------------------^
sb/parity_wallet_bug_1.sol:377:37: Warning: This looks like an address but has an invalid checksum. If this is not used as an address, please prepend '00'. Correct checksummed address: '0xCAfEcAfeCAfECaFeCaFecaFecaFECafECafeCaFe'. For more information please see https://solidity.readthedocs.io/en/develop/types.html#address-literals
  address constant _walletLibrary = 0xcafecafecafecafecafecafecafecafecafecafe;
                                    ^----------------------------------------^
sb/parity_wallet_bug_1.sol:408:25: Warning: "sha3" has been deprecated in favour of "keccak256"
    bytes4 sig = bytes4(sha3("initWallet(address[],uint256,uint256)"));
                        ^-------------------------------------------^
sb/parity_wallet_bug_1.sol:424:7: Warning: Top-level expressions are not supposed to return values (this expression returns 1 value). Use ``pop()`` or assign them.
      delegatecall(sub(gas, 10000), target, 0x0, add(argsize, 0x4), 0x0, 0x0)
      ^---------------------------------------------------------------------^
sb/parity_wallet_bug_1.sol:417:14: Error: Unbalanced stack at the end of a block: 1 surplus item(s).
    assembly {
             ^ (Relevant source part starts here and spans across multiple lines).
sb/parity_wallet_bug_1.sol:434:7: Warning: Invoking events without "emit" prefix is deprecated.
      Deposit(msg.sender, msg.value);
      ^----------------------------^
sb/parity_wallet_bug_1.sol:437:7: Warning: Return value of low-level calls not used.
      _walletLibrary.delegatecall(msg.data); //it should have whitelisted specific methods that the user is allowed to call
      ^-----------------------------------^
sb/parity_wallet_bug_1.sol:456:37: Warning: This looks like an address but has an invalid checksum. If this is not used as an address, please prepend '00'. Correct checksummed address: '0xCAfEcAfeCAfECaFeCaFecaFecaFECafECafeCaFe'. For more information please see https://solidity.readthedocs.io/en/develop/types.html#address-literals
  address constant _walletLibrary = 0xcafecafecafecafecafecafecafecafecafecafe;
                                    ^----------------------------------------^

. Solidity failed to generate bytecode for your contract. Check if all the abstract functions are implemented. 
Process Process-2:
Traceback (most recent call last):
  File "/usr/lib/python3.7/multiprocessing/process.py", line 297, in _bootstrap
    self.run()
  File "/usr/lib/python3.7/multiprocessing/process.py", line 99, in run
    self._target(*self._args, **self._kwargs)
  File "/usr/local/lib/python3.7/dist-packages/manticore/ethereum/manticore.py", line 1766, in worker_finalize
    finalizer(q.get_nowait())
  File "/usr/local/lib/python3.7/dist-packages/manticore/ethereum/manticore.py", line 1757, in finalizer
    if only_alive_states and last_tx.result in {"REVERT", "THROW", "TXERROR"}:
AttributeError: 'NoneType' object has no attribute 'result'
2023-01-17 17:43:44,725: [186] m.c.manticore:INFO: Results in /mcore_5za5parr
2023-01-17 17:43:44,726: [186] m.c.manticore:WARNING: Manticore failed to run
