2023-01-17 17:43:56,477: [11] m.main:INFO: Registered plugins: IntrospectionAPIPlugin, <class 'manticore.ethereum.plugins.SkipRevertBasicBlocks'>, <class 'manticore.ethereum.plugins.FilterFunctions'>
2023-01-17 17:43:56,477: [11] m.main:INFO: Beginning analysis
2023-01-17 17:43:56,481: [11] m.e.manticore:INFO: Starting symbolic create contract
2023-01-17 17:43:57,612: [11] m.e.manticore:INFO: Starting symbolic transaction: 0
2023-01-17 17:44:04,163: [11] m.e.manticore:INFO: 2 alive states, 2 terminated states
2023-01-17 17:44:04,554: [11] m.e.manticore:INFO: Starting symbolic transaction: 1
2023-01-17 17:44:20,661: [11] m.e.manticore:INFO: 5 alive states, 3 terminated states
2023-01-17 17:44:21,160: [11] m.e.manticore:INFO: Starting symbolic transaction: 2
2023-01-17 17:45:23,537: [11] m.e.manticore:INFO: 14 alive states, 4 terminated states
2023-01-17 17:45:24,312: [115] m.c.manticore:INFO: Generated testcase No. 0 - STOP(4 txs)
2023-01-17 17:45:24,314: [115] m.c.plugin:WARNING: Caught will_solve in state None, but failed to capture its initialization
2023-01-17 17:45:24,361: [118] m.c.manticore:INFO: Generated testcase No. 2 - STOP(4 txs)
2023-01-17 17:45:24,362: [118] m.c.plugin:WARNING: Caught will_solve in state None, but failed to capture its initialization
2023-01-17 17:45:24,461: [117] m.c.manticore:INFO: Generated testcase No. 5 - STOP(4 txs)
2023-01-17 17:45:24,474: [119] m.c.manticore:INFO: Generated testcase No. 6 - STOP(4 txs)
2023-01-17 17:45:24,481: [117] m.c.plugin:WARNING: Caught will_solve in state None, but failed to capture its initialization
2023-01-17 17:45:24,493: [119] m.c.plugin:WARNING: Caught will_solve in state None, but failed to capture its initialization
2023-01-17 17:45:24,787: [131] m.c.manticore:INFO: Generated testcase No. 4 - STOP(4 txs)
2023-01-17 17:45:24,788: [131] m.c.plugin:WARNING: Caught will_solve in state None, but failed to capture its initialization
2023-01-17 17:45:25,114: [123] m.c.manticore:INFO: Generated testcase No. 1 - STOP(4 txs)
2023-01-17 17:45:25,115: [123] m.c.plugin:WARNING: Caught will_solve in state None, but failed to capture its initialization
2023-01-17 17:45:25,316: [121] m.c.manticore:INFO: Generated testcase No. 3 - STOP(4 txs)
2023-01-17 17:45:25,318: [121] m.c.plugin:WARNING: Caught will_solve in state None, but failed to capture its initialization
2023-01-17 17:45:26,652: [126] m.c.manticore:INFO: Generated testcase No. 7 - STOP(4 txs)
2023-01-17 17:45:26,654: [126] m.c.plugin:WARNING: Caught will_solve in state None, but failed to capture its initialization
2023-01-17 17:45:27,440: [120] m.c.manticore:INFO: Generated testcase No. 8 - STOP(4 txs)
2023-01-17 17:45:27,459: [120] m.c.plugin:WARNING: Caught will_solve in state None, but failed to capture its initialization
2023-01-17 17:45:34,210: [126] m.c.manticore:INFO: Generated testcase No. 9 - STOP(4 txs)
2023-01-17 17:45:36,755: [119] m.c.manticore:INFO: Generated testcase No. 10 - STOP(4 txs)
2023-01-17 17:45:36,894: [131] m.c.manticore:INFO: Generated testcase No. 11 - STOP(4 txs)
2023-01-17 17:45:37,157: [115] m.c.manticore:INFO: Generated testcase No. 12 - STOP(4 txs)
2023-01-17 17:45:37,430: [123] m.c.manticore:INFO: Generated testcase No. 13 - STOP(4 txs)
2023-01-17 17:46:03,008: [11] m.c.manticore:INFO: Results in /mcore_vlzqg8kp
2023-01-17 17:46:03,008: [11] m.c.manticore:INFO: Total time: 101.74407386779785
