INFO:Slither:Compilation warnings/errors on /sb/0x4051334adc52057aca763453820cb0e045076ef3.sol:
/sb/0x4051334adc52057aca763453820cb0e045076ef3.sol:16:13: Warning: Return value of low-level calls not used.
            caddress.call(id,from,_tos[i],v);
            ^------------------------------^

INFO:Detectors:[92m
airdrop.transfer has external calls inside a loop:
	- caddress.call(id,from,_tos[i],v) (/sb/0x4051334adc52057aca763453820cb0e045076ef3.sol#16)
Reference: https://github.com/trailofbits/slither/wiki/Detectors-Documentation/_edit#calls-inside-a-loop[0m
INFO:Detectors:[92m
airdrop.transfer (/sb/0x4051334adc52057aca763453820cb0e045076ef3.sol#11-19) should be declared external
Reference: https://github.com/trailofbits/slither/wiki/Detectors-Documentation#public-function-that-could-be-declared-as-external[0m
INFO:Detectors:[92m
Low level call in airdrop.transfer (/sb/0x4051334adc52057aca763453820cb0e045076ef3.sol#11-19):
	-caddress.call(id,from,_tos[i],v) /sb/0x4051334adc52057aca763453820cb0e045076ef3.sol#16
Reference: https://github.com/trailofbits/slither/wiki/Detectors-Documentation#low-level-calls[0m
INFO:Detectors:[92m
Contract 'airdrop' (/sb/0x4051334adc52057aca763453820cb0e045076ef3.sol#9-20) is not in CapWords
Parameter '_tos' of airdrop.transfer (/sb/0x4051334adc52057aca763453820cb0e045076ef3.sol#11) is not in mixedCase
Reference: https://github.com/trailofbits/slither/wiki/Detectors-Documentation#conformance-to-solidity-naming-conventions[0m
INFO:Slither:/sb/0x4051334adc52057aca763453820cb0e045076ef3.sol analyzed (1 contracts), 5 result(s) found
