INFO:Slither:Compilation warnings/errors on /sb/0xb0510d68f210b7db66e8c7c814f22680f2b8d1d6.sol:
/sb/0xb0510d68f210b7db66e8c7c814f22680f2b8d1d6.sol:48:38: Warning: This declaration shadows an existing declaration.
	function newPuppet() public returns(address newPuppet){
	                                    ^---------------^
/sb/0xb0510d68f210b7db66e8c7c814f22680f2b8d1d6.sol:48:2: The shadowed declaration is here:
	function newPuppet() public returns(address newPuppet){
 ^ (Relevant source part starts here and spans across multiple lines).

/sb/0xb0510d68f210b7db66e8c7c814f22680f2b8d1d6.sol:69:9: Warning: Return value of low-level calls not used.
        extra[0].call.value(_share).gas(800000)();
        ^---------------------------------------^
/sb/0xb0510d68f210b7db66e8c7c814f22680f2b8d1d6.sol:71:9: Warning: Return value of low-level calls not used.
        extra[1].call.value(_share).gas(800000)();
        ^---------------------------------------^
/sb/0xb0510d68f210b7db66e8c7c814f22680f2b8d1d6.sol:73:9: Warning: Return value of low-level calls not used.
        extra[2].call.value(_share).gas(800000)();
        ^---------------------------------------^
/sb/0xb0510d68f210b7db66e8c7c814f22680f2b8d1d6.sol:75:9: Warning: Return value of low-level calls not used.
        extra[3].call.value(_share).gas(800000)();
        ^---------------------------------------^
/sb/0xb0510d68f210b7db66e8c7c814f22680f2b8d1d6.sol:102:4: Warning: Return value of low-level calls not used.
			target[0].call.value(msg.value).gas(600000)();
			^-------------------------------------------^

INFO:Detectors:[92m
Splitter.newPuppet.newPuppet (local variable @ /sb/0xb0510d68f210b7db66e8c7c814f22680f2b8d1d6.sol#48) shadows:
	- Splitter.newPuppet (function @ /sb/0xb0510d68f210b7db66e8c7c814f22680f2b8d1d6.sol#48-53)
Reference: https://github.com/trailofbits/slither/wiki/Detectors-Documentation#local-variable-shadowing[0m
INFO:Detectors:[92m
Splitter._addy should be constant (/sb/0xb0510d68f210b7db66e8c7c814f22680f2b8d1d6.sol#14)
Splitter._count should be constant (/sb/0xb0510d68f210b7db66e8c7c814f22680f2b8d1d6.sol#16)
Reference: https://github.com/trailofbits/slither/wiki/Detectors-Documentation#state-variables-that-could-be-declared-constant[0m
INFO:Detectors:[92m
Splitter.withdraw (/sb/0xb0510d68f210b7db66e8c7c814f22680f2b8d1d6.sol#35-38) should be declared external
Splitter.getPuppetCount (/sb/0xb0510d68f210b7db66e8c7c814f22680f2b8d1d6.sol#42-44) should be declared external
Splitter.setExtra (/sb/0xb0510d68f210b7db66e8c7c814f22680f2b8d1d6.sol#57-60) should be declared external
Splitter.fundPuppets (/sb/0xb0510d68f210b7db66e8c7c814f22680f2b8d1d6.sol#65-76) should be declared external
Splitter.fallback (/sb/0xb0510d68f210b7db66e8c7c814f22680f2b8d1d6.sol#80-81) should be declared external
Puppet.fallback (/sb/0xb0510d68f210b7db66e8c7c814f22680f2b8d1d6.sol#99-104) should be declared external
Puppet.withdraw (/sb/0xb0510d68f210b7db66e8c7c814f22680f2b8d1d6.sol#107-110) should be declared external
Reference: https://github.com/trailofbits/slither/wiki/Detectors-Documentation#public-function-that-could-be-declared-as-external[0m
INFO:Detectors:[92m
Detected issues with version pragma in /sb/0xb0510d68f210b7db66e8c7c814f22680f2b8d1d6.sol:
	- pragma solidity^0.4.23 (/sb/0xb0510d68f210b7db66e8c7c814f22680f2b8d1d6.sol#7): it allows old versions
Reference: https://github.com/trailofbits/slither/wiki/Detectors-Documentation#incorrect-version-of-solidity[0m
INFO:Detectors:[92m
Low level call in Splitter.fundPuppets (/sb/0xb0510d68f210b7db66e8c7c814f22680f2b8d1d6.sol#65-76):
	-extra[0].call.value(_share).gas(800000)() /sb/0xb0510d68f210b7db66e8c7c814f22680f2b8d1d6.sol#69
	-extra[1].call.value(_share).gas(800000)() /sb/0xb0510d68f210b7db66e8c7c814f22680f2b8d1d6.sol#71
	-extra[2].call.value(_share).gas(800000)() /sb/0xb0510d68f210b7db66e8c7c814f22680f2b8d1d6.sol#73
	-extra[3].call.value(_share).gas(800000)() /sb/0xb0510d68f210b7db66e8c7c814f22680f2b8d1d6.sol#75
Low level call in Puppet.fallback (/sb/0xb0510d68f210b7db66e8c7c814f22680f2b8d1d6.sol#99-104):
	-target[0].call.value(msg.value).gas(600000)() /sb/0xb0510d68f210b7db66e8c7c814f22680f2b8d1d6.sol#102
Reference: https://github.com/trailofbits/slither/wiki/Detectors-Documentation#low-level-calls[0m
INFO:Detectors:[92m
Parameter '_id' of Splitter.setExtra (/sb/0xb0510d68f210b7db66e8c7c814f22680f2b8d1d6.sol#57) is not in mixedCase
Parameter '_newExtra' of Splitter.setExtra (/sb/0xb0510d68f210b7db66e8c7c814f22680f2b8d1d6.sol#57) is not in mixedCase
Reference: https://github.com/trailofbits/slither/wiki/Detectors-Documentation#conformance-to-solidity-naming-conventions[0m
INFO:Detectors:[92m
Splitter._addy (/sb/0xb0510d68f210b7db66e8c7c814f22680f2b8d1d6.sol#14) is never used in Splitter
Splitter._count (/sb/0xb0510d68f210b7db66e8c7c814f22680f2b8d1d6.sol#16) is never used in Splitter
Reference: https://github.com/trailofbits/slither/wiki/Detectors-Documentation#unused-state-variables[0m
INFO:Slither:/sb/0xb0510d68f210b7db66e8c7c814f22680f2b8d1d6.sol analyzed (3 contracts), 15 result(s) found
