2023-01-17 17:44:15,313: [11] m.main:INFO: Registered plugins: IntrospectionAPIPlugin, <class 'manticore.ethereum.plugins.SkipRevertBasicBlocks'>, <class 'manticore.ethereum.plugins.FilterFunctions'>
2023-01-17 17:44:15,314: [11] m.main:INFO: Beginning analysis
2023-01-17 17:44:15,318: [11] m.e.manticore:INFO: Starting symbolic create contract
2023-01-17 17:56:18,155: [11] m.e.manticore:INFO: Starting symbolic transaction: 0
2023-01-17 17:59:56,174: [11] m.c.worker:ERROR: Exception in state 1: ManticoreError('Forking on unfeasible constraint set')
Traceback (most recent call last):
  File "/usr/local/lib/python3.7/dist-packages/manticore/core/worker.py", line 137, in run
    current_state.execute()
  File "/usr/local/lib/python3.7/dist-packages/manticore/ethereum/state.py", line 8, in execute
    return self._platform.execute()
  File "/usr/local/lib/python3.7/dist-packages/manticore/platforms/evm.py", line 3106, in execute
    self.current_vm.execute()
  File "/usr/local/lib/python3.7/dist-packages/manticore/platforms/evm.py", line 1322, in execute
    raise Concretize("Symbolic PC", expression=expression, setstate=setstate, policy="ALL")
manticore.core.state.Concretize

During handling of the above exception, another exception occurred:

Traceback (most recent call last):
  File "/usr/local/lib/python3.7/dist-packages/manticore/core/worker.py", line 158, in run
    m._fork(current_state, exc.expression, exc.policy, exc.setstate, exc.values)
  File "/usr/local/lib/python3.7/dist-packages/manticore/core/manticore.py", line 518, in _fork
    raise ManticoreError("Forking on unfeasible constraint set")
manticore.exceptions.ManticoreError: Forking on unfeasible constraint set
 
2023-01-17 17:59:56,298: [11] m.e.manticore:INFO: 0 alive states, 0 terminated states
2023-01-17 17:59:56,481: [11] m.c.manticore:INFO: Results in /mcore_fyis59ql
2023-01-17 17:59:56,482: [11] m.c.manticore:INFO: Total time: 218.21849370002747
2023-01-17 17:59:57,802: [69] m.main:INFO: Registered plugins: IntrospectionAPIPlugin, <class 'manticore.ethereum.plugins.SkipRevertBasicBlocks'>, <class 'manticore.ethereum.plugins.FilterFunctions'>
2023-01-17 17:59:57,803: [69] m.main:INFO: Beginning analysis
2023-01-17 17:59:57,808: [69] m.e.manticore:INFO: Starting symbolic create contract
2023-01-17 18:13:30,420: [69] m.e.manticore:INFO: Found a concrete globalsha3 b'\x00\x00\x00\x00\x00\x00\x00\x00\x00\x00\x00\x00\x00\x00\x00\x00\x00\x00\x00\x00\x00\x00\x00\x00\x00\x00\x00\x00\x00\x00\x00\x06' -> 111414077815863400510004064629973595961579173665589224203503662149373724986687
2023-01-17 18:14:07,524: [69] m.e.manticore:INFO: Found a concrete globalsha3 b'\x00\x00\x00\x00\x00\x00\x00\x00\x00\x00\x00\x00\x00\x00\x00\x00\x00\x00\x00\x00\x00\x00\x00\x00\x00\x00\x00\x00\x00\x01\x00\x00\x00\x00\x00\x00\x00\x00\x00\x00\x00\x00\x00\x00\x00\x00\x00\x00\x00\x00\x00\x00\x00\x00\x00\x00\x00\x00\x00\x00\x00\x00\x00\x01' -> 2341400134673228649806061817405335932870136498416747968789315035647386292298
