INFO:Slither:Compilation warnings/errors on /sb/0xbaf51e761510c1a11bf48dd87c0307ac8a8c8a4f.sol:
/sb/0xbaf51e761510c1a11bf48dd87c0307ac8a8c8a4f.sol:17:5: Warning: Defining constructors as functions with the same name as the contract is deprecated. Use "constructor(...) { ... }" instead.
    function ETH_VAULT(address _log)
    ^ (Relevant source part starts here and spans across multiple lines).

INFO:Detectors:[91m
Reentrancy in ETH_VAULT.CashOut (/sb/0xbaf51e761510c1a11bf48dd87c0307ac8a8c8a4f.sol#34-47):
	External calls:
	- msg.sender.call.value(_am)() (/sb/0xbaf51e761510c1a11bf48dd87c0307ac8a8c8a4f.sol#41-45)
	State variables written after the call(s):
	- balances (/sb/0xbaf51e761510c1a11bf48dd87c0307ac8a8c8a4f.sol#43)
Reference: https://github.com/trailofbits/slither/wiki/Detectors-Documentation#reentrancy-vulnerabilities[0m
INFO:Detectors:[92m
ETH_VAULT.MinDeposit should be constant (/sb/0xbaf51e761510c1a11bf48dd87c0307ac8a8c8a4f.sol#13)
Reference: https://github.com/trailofbits/slither/wiki/Detectors-Documentation#state-variables-that-could-be-declared-constant[0m
INFO:Detectors:[92m
ETH_VAULT.Deposit (/sb/0xbaf51e761510c1a11bf48dd87c0307ac8a8c8a4f.sol#23-32) should be declared external
ETH_VAULT.CashOut (/sb/0xbaf51e761510c1a11bf48dd87c0307ac8a8c8a4f.sol#34-47) should be declared external
ETH_VAULT.fallback (/sb/0xbaf51e761510c1a11bf48dd87c0307ac8a8c8a4f.sol#49) should be declared external
Log.AddMessage (/sb/0xbaf51e761510c1a11bf48dd87c0307ac8a8c8a4f.sol#68-76) should be declared external
Reference: https://github.com/trailofbits/slither/wiki/Detectors-Documentation#public-function-that-could-be-declared-as-external[0m
INFO:Detectors:[92m
Detected issues with version pragma in /sb/0xbaf51e761510c1a11bf48dd87c0307ac8a8c8a4f.sol:
	- pragma solidity^0.4.19 (/sb/0xbaf51e761510c1a11bf48dd87c0307ac8a8c8a4f.sol#7): it allows old versions
Reference: https://github.com/trailofbits/slither/wiki/Detectors-Documentation#incorrect-version-of-solidity[0m
INFO:Detectors:[92m
Low level call in ETH_VAULT.CashOut (/sb/0xbaf51e761510c1a11bf48dd87c0307ac8a8c8a4f.sol#34-47):
	-msg.sender.call.value(_am)() /sb/0xbaf51e761510c1a11bf48dd87c0307ac8a8c8a4f.sol#41-45
Reference: https://github.com/trailofbits/slither/wiki/Detectors-Documentation#low-level-calls[0m
INFO:Detectors:[92m
Contract 'ETH_VAULT' (/sb/0xbaf51e761510c1a11bf48dd87c0307ac8a8c8a4f.sol#9-51) is not in CapWords
Function 'ETH_VAULT.ETH_VAULT' (/sb/0xbaf51e761510c1a11bf48dd87c0307ac8a8c8a4f.sol#17-21) is not in mixedCase
Parameter '_log' of ETH_VAULT.ETH_VAULT (/sb/0xbaf51e761510c1a11bf48dd87c0307ac8a8c8a4f.sol#17) is not in mixedCase
Function 'ETH_VAULT.Deposit' (/sb/0xbaf51e761510c1a11bf48dd87c0307ac8a8c8a4f.sol#23-32) is not in mixedCase
Function 'ETH_VAULT.CashOut' (/sb/0xbaf51e761510c1a11bf48dd87c0307ac8a8c8a4f.sol#34-47) is not in mixedCase
Parameter '_am' of ETH_VAULT.CashOut (/sb/0xbaf51e761510c1a11bf48dd87c0307ac8a8c8a4f.sol#34) is not in mixedCase
Variable 'ETH_VAULT.MinDeposit' (/sb/0xbaf51e761510c1a11bf48dd87c0307ac8a8c8a4f.sol#13) is not in mixedCase
Variable 'ETH_VAULT.TransferLog' (/sb/0xbaf51e761510c1a11bf48dd87c0307ac8a8c8a4f.sol#15) is not in mixedCase
Function 'Log.AddMessage' (/sb/0xbaf51e761510c1a11bf48dd87c0307ac8a8c8a4f.sol#68-76) is not in mixedCase
Parameter '_adr' of Log.AddMessage (/sb/0xbaf51e761510c1a11bf48dd87c0307ac8a8c8a4f.sol#68) is not in mixedCase
Parameter '_val' of Log.AddMessage (/sb/0xbaf51e761510c1a11bf48dd87c0307ac8a8c8a4f.sol#68) is not in mixedCase
Parameter '_data' of Log.AddMessage (/sb/0xbaf51e761510c1a11bf48dd87c0307ac8a8c8a4f.sol#68) is not in mixedCase
Variable 'Log.History' (/sb/0xbaf51e761510c1a11bf48dd87c0307ac8a8c8a4f.sol#64) is not in mixedCase
Variable 'Log.LastMsg' (/sb/0xbaf51e761510c1a11bf48dd87c0307ac8a8c8a4f.sol#66) is not in mixedCase
Reference: https://github.com/trailofbits/slither/wiki/Detectors-Documentation#conformance-to-solidity-naming-conventions[0m
INFO:Slither:/sb/0xbaf51e761510c1a11bf48dd87c0307ac8a8c8a4f.sol analyzed (2 contracts), 22 result(s) found
