INFO:Detectors:[91m
Reentrancy in PERSONAL_BANK.Collect (/sb/0x01f8c4e3fa3edeb29e514cba738d87ce8c091d3f.sol#47-60):
	External calls:
	- msg.sender.call.value(_am)() (/sb/0x01f8c4e3fa3edeb29e514cba738d87ce8c091d3f.sol#54-58)
	State variables written after the call(s):
	- balances (/sb/0x01f8c4e3fa3edeb29e514cba738d87ce8c091d3f.sol#56)
Reference: https://github.com/trailofbits/slither/wiki/Detectors-Documentation#reentrancy-vulnerabilities[0m
INFO:Detectors:[92m
PERSONAL_BANK.SetMinSum (/sb/0x01f8c4e3fa3edeb29e514cba738d87ce8c091d3f.sol#19-24) should be declared external
PERSONAL_BANK.SetLogFile (/sb/0x01f8c4e3fa3edeb29e514cba738d87ce8c091d3f.sol#26-31) should be declared external
PERSONAL_BANK.Initialized (/sb/0x01f8c4e3fa3edeb29e514cba738d87ce8c091d3f.sol#33-37) should be declared external
PERSONAL_BANK.Collect (/sb/0x01f8c4e3fa3edeb29e514cba738d87ce8c091d3f.sol#47-60) should be declared external
PERSONAL_BANK.fallback (/sb/0x01f8c4e3fa3edeb29e514cba738d87ce8c091d3f.sol#62-67) should be declared external
LogFile.AddMessage (/sb/0x01f8c4e3fa3edeb29e514cba738d87ce8c091d3f.sol#87-95) should be declared external
Reference: https://github.com/trailofbits/slither/wiki/Detectors-Documentation#public-function-that-could-be-declared-as-external[0m
INFO:Detectors:[92m
Detected issues with version pragma in /sb/0x01f8c4e3fa3edeb29e514cba738d87ce8c091d3f.sol:
	- pragma solidity^0.4.19 (/sb/0x01f8c4e3fa3edeb29e514cba738d87ce8c091d3f.sol#7): it allows old versions
Reference: https://github.com/trailofbits/slither/wiki/Detectors-Documentation#incorrect-version-of-solidity[0m
INFO:Detectors:[92m
Low level call in PERSONAL_BANK.Collect (/sb/0x01f8c4e3fa3edeb29e514cba738d87ce8c091d3f.sol#47-60):
	-msg.sender.call.value(_am)() /sb/0x01f8c4e3fa3edeb29e514cba738d87ce8c091d3f.sol#54-58
Reference: https://github.com/trailofbits/slither/wiki/Detectors-Documentation#low-level-calls[0m
INFO:Detectors:[92m
Contract 'PERSONAL_BANK' (/sb/0x01f8c4e3fa3edeb29e514cba738d87ce8c091d3f.sol#9-69) is not in CapWords
Function 'PERSONAL_BANK.SetMinSum' (/sb/0x01f8c4e3fa3edeb29e514cba738d87ce8c091d3f.sol#19-24) is not in mixedCase
Parameter '_val' of PERSONAL_BANK.SetMinSum (/sb/0x01f8c4e3fa3edeb29e514cba738d87ce8c091d3f.sol#19) is not in mixedCase
Function 'PERSONAL_BANK.SetLogFile' (/sb/0x01f8c4e3fa3edeb29e514cba738d87ce8c091d3f.sol#26-31) is not in mixedCase
Parameter '_log' of PERSONAL_BANK.SetLogFile (/sb/0x01f8c4e3fa3edeb29e514cba738d87ce8c091d3f.sol#26) is not in mixedCase
Function 'PERSONAL_BANK.Initialized' (/sb/0x01f8c4e3fa3edeb29e514cba738d87ce8c091d3f.sol#33-37) is not in mixedCase
Function 'PERSONAL_BANK.Deposit' (/sb/0x01f8c4e3fa3edeb29e514cba738d87ce8c091d3f.sol#39-45) is not in mixedCase
Function 'PERSONAL_BANK.Collect' (/sb/0x01f8c4e3fa3edeb29e514cba738d87ce8c091d3f.sol#47-60) is not in mixedCase
Parameter '_am' of PERSONAL_BANK.Collect (/sb/0x01f8c4e3fa3edeb29e514cba738d87ce8c091d3f.sol#47) is not in mixedCase
Variable 'PERSONAL_BANK.MinSum' (/sb/0x01f8c4e3fa3edeb29e514cba738d87ce8c091d3f.sol#13) is not in mixedCase
Variable 'PERSONAL_BANK.Log' (/sb/0x01f8c4e3fa3edeb29e514cba738d87ce8c091d3f.sol#15) is not in mixedCase
Function 'LogFile.AddMessage' (/sb/0x01f8c4e3fa3edeb29e514cba738d87ce8c091d3f.sol#87-95) is not in mixedCase
Parameter '_adr' of LogFile.AddMessage (/sb/0x01f8c4e3fa3edeb29e514cba738d87ce8c091d3f.sol#87) is not in mixedCase
Parameter '_val' of LogFile.AddMessage (/sb/0x01f8c4e3fa3edeb29e514cba738d87ce8c091d3f.sol#87) is not in mixedCase
Parameter '_data' of LogFile.AddMessage (/sb/0x01f8c4e3fa3edeb29e514cba738d87ce8c091d3f.sol#87) is not in mixedCase
Variable 'LogFile.History' (/sb/0x01f8c4e3fa3edeb29e514cba738d87ce8c091d3f.sol#83) is not in mixedCase
Variable 'LogFile.LastMsg' (/sb/0x01f8c4e3fa3edeb29e514cba738d87ce8c091d3f.sol#85) is not in mixedCase
Reference: https://github.com/trailofbits/slither/wiki/Detectors-Documentation#conformance-to-solidity-naming-conventions[0m
INFO:Slither:/sb/0x01f8c4e3fa3edeb29e514cba738d87ce8c091d3f.sol analyzed (2 contracts), 26 result(s) found
