INFO:Slither:Compilation warnings/errors on /sb/mycontract.sol:
/sb/mycontract.sol:14:5: Warning: Defining constructors as functions with the same name as the contract is deprecated. Use "constructor(...) { ... }" instead.
    function MyContract() public {
    ^ (Relevant source part starts here and spans across multiple lines).

INFO:Detectors:[91m
MyContract.sendTo (/sb/mycontract.sol#18-22) sends eth to arbitrary user
	Dangerous calls:
	- receiver.transfer(amount) (/sb/mycontract.sol#21)
Reference: https://github.com/trailofbits/slither/wiki/Detectors-Documentation#functions-that-send-ether-to-arbitrary-destinations[0m
INFO:Detectors:[93m
MyContract.sendTo uses tx.origin for authorization:
	- require(bool)(tx.origin == owner) (/sb/mycontract.sol#20)
Reference: https://github.com/trailofbits/slither/wiki/Detectors-Documentation#dangerous-usage-of-txorigin[0m
INFO:Detectors:[92m
MyContract.sendTo (/sb/mycontract.sol#18-22) should be declared external
Reference: https://github.com/trailofbits/slither/wiki/Detectors-Documentation#public-function-that-could-be-declared-as-external[0m
INFO:Detectors:[92m
Function 'MyContract.MyContract' (/sb/mycontract.sol#14-16) is not in mixedCase
Reference: https://github.com/trailofbits/slither/wiki/Detectors-Documentation#conformance-to-solidity-naming-conventions[0m
INFO:Slither:/sb/mycontract.sol analyzed (1 contracts), 4 result(s) found
