INFO:Slither:Compilation warnings/errors on /sb/overflow_single_tx.sol:
/sb/overflow_single_tx.sol:36:9: Warning: Unused local variable.
        uint res = count + input;
        ^------^
/sb/overflow_single_tx.sol:42:9: Warning: Unused local variable.
        uint res = count * input;
        ^------^
/sb/overflow_single_tx.sol:48:9: Warning: Unused local variable.
       	uint res = count - input;
       	^------^
/sb/overflow_single_tx.sol:34:5: Warning: Function state mutability can be restricted to view
    function overflowlocalonly(uint256 input) public {
    ^ (Relevant source part starts here and spans across multiple lines).
/sb/overflow_single_tx.sol:40:5: Warning: Function state mutability can be restricted to view
    function overflowmulocalonly(uint256 input) public {
    ^ (Relevant source part starts here and spans across multiple lines).
/sb/overflow_single_tx.sol:46:5: Warning: Function state mutability can be restricted to view
    function underflowlocalonly(uint256 input) public {
    ^ (Relevant source part starts here and spans across multiple lines).

INFO:Detectors:[92m
IntegerOverflowSingleTransaction.overflowaddtostate (/sb/overflow_single_tx.sol#16-19) should be declared external
IntegerOverflowSingleTransaction.overflowmultostate (/sb/overflow_single_tx.sol#22-25) should be declared external
IntegerOverflowSingleTransaction.underflowtostate (/sb/overflow_single_tx.sol#28-31) should be declared external
IntegerOverflowSingleTransaction.overflowlocalonly (/sb/overflow_single_tx.sol#34-37) should be declared external
IntegerOverflowSingleTransaction.overflowmulocalonly (/sb/overflow_single_tx.sol#40-43) should be declared external
IntegerOverflowSingleTransaction.underflowlocalonly (/sb/overflow_single_tx.sol#46-49) should be declared external
Reference: https://github.com/trailofbits/slither/wiki/Detectors-Documentation#public-function-that-could-be-declared-as-external[0m
INFO:Detectors:[92m
Detected issues with version pragma in /sb/overflow_single_tx.sol:
	- pragma solidity^0.4.23 (/sb/overflow_single_tx.sol#10): it allows old versions
Reference: https://github.com/trailofbits/slither/wiki/Detectors-Documentation#incorrect-version-of-solidity[0m
INFO:Slither:/sb/overflow_single_tx.sol analyzed (1 contracts), 7 result(s) found
