INFO:Slither:Compilation warnings/errors on /sb/multiowned_vulnerable.sol:
/sb/multiowned_vulnerable.sol:57:25: Warning: Using contract member "balance" inherited from the address type is deprecated. Convert the contract to "address" type to access the member, for example use "address(contract).balance" instead.
    msg.sender.transfer(this.balance);
                        ^----------^
/sb/multiowned_vulnerable.sol:56:3: Warning: No visibility specified. Defaulting to "public". 
  function withdrawAll() onlyOwner {
  ^ (Relevant source part starts here and spans across multiple lines).
/sb/multiowned_vulnerable.sol:60:3: Warning: No visibility specified. Defaulting to "public". 
  function() payable {
  ^ (Relevant source part starts here and spans across multiple lines).

INFO:Detectors:[91m
TestContract.withdrawAll (/sb/multiowned_vulnerable.sol#56-58) sends eth to arbitrary user
	Dangerous calls:
	- msg.sender.transfer(this.balance) (/sb/multiowned_vulnerable.sol#57)
Reference: https://github.com/trailofbits/slither/wiki/Detectors-Documentation#functions-that-send-ether-to-arbitrary-destinations[0m
INFO:Detectors:[92m
TestContract.withdrawAll (/sb/multiowned_vulnerable.sol#56-58) should be declared external
TestContract.fallback (/sb/multiowned_vulnerable.sol#60-61) should be declared external
Reference: https://github.com/trailofbits/slither/wiki/Detectors-Documentation#public-function-that-could-be-declared-as-external[0m
INFO:Detectors:[92m
Detected issues with version pragma in /sb/multiowned_vulnerable.sol:
	- pragma solidity^0.4.23 (/sb/multiowned_vulnerable.sol#7): it allows old versions
Reference: https://github.com/trailofbits/slither/wiki/Detectors-Documentation#incorrect-version-of-solidity[0m
INFO:Detectors:[92m
Parameter '_owner' of MultiOwnable.newOwner (/sb/multiowned_vulnerable.sol#38) is not in mixedCase
Parameter '_owner' of MultiOwnable.deleteOwner (/sb/multiowned_vulnerable.sol#47) is not in mixedCase
Reference: https://github.com/trailofbits/slither/wiki/Detectors-Documentation#conformance-to-solidity-naming-conventions[0m
INFO:Slither:/sb/multiowned_vulnerable.sol analyzed (2 contracts), 6 result(s) found
