/sb/0x663e4229142a27f00bafb5d087e1e730648314c3.sol
jar:file:/usr/local/lib/node_modules/@smartdec/smartcheck/jdeploy-bundle/smartcheck-2.0-jar-with-dependencies.jar!/solidity-rules.xmlruleId: SOLIDITY_ADDRESS_HARDCODED
patternId: b140cd
severity: 1
line: 1466
column: 55
content: 0x9a20483d

ruleId: SOLIDITY_ADDRESS_HARDCODED
patternId: b140cd
severity: 1
line: 1810
column: 24
content: 0xC8

ruleId: SOLIDITY_ADDRESS_HARDCODED
patternId: a91b18
severity: 1
line: 2386
column: 19
content: (0,0,0,_genes,address(0))

ruleId: SOLIDITY_DEPRECATED_CONSTRUCTIONS
patternId: 28fa69
severity: 1
line: 11
column: 4
content: functiontotalSupply()constantreturns(uintsupply);

ruleId: SOLIDITY_DEPRECATED_CONSTRUCTIONS
patternId: 28fa69
severity: 1
line: 12
column: 4
content: functionbalanceOf(addresswho)constantreturns(uintvalue);

ruleId: SOLIDITY_DEPRECATED_CONSTRUCTIONS
patternId: 28fa69
severity: 1
line: 13
column: 4
content: functionallowance(addressowner,addressspender)constantreturns(uint_allowance);

ruleId: SOLIDITY_FUNCTIONS_RETURNS_TYPE_AND_NO_RETURN
patternId: 58bdd3
severity: 1
line: 1958
column: 4
content: functionwithdrawERC20Balance(address_erc20Address,address_to)externalreturns(boolres){require(balances[_erc20Address]>0);require(msg.sender==address(nonFungibleContract));ERC20(_erc20Address).transfer(_to,balances[_erc20Address]);}

ruleId: SOLIDITY_INCORRECT_BLOCKHASH
patternId: b629ad
severity: 2
line: 1808
column: 50
content: block.number

ruleId: SOLIDITY_LOCKED_MONEY
patternId: 30281d
severity: 3
line: 1620
column: 0
content: contractSiringClockAuctionisClockAuction{boolpublicisSiringClockAuction=true;functionSiringClockAuction(address_nftAddr,uint256_cut)publicClockAuction(_nftAddr,_cut){}functioncreateAuction(uint256_tokenId,uint256_startingPrice,uint256_endingPrice,uint256_duration,address_seller)external{require(_startingPrice==uint256(uint128(_startingPrice)));require(_endingPrice==uint256(uint128(_endingPrice)));require(_duration==uint256(uint64(_duration)));require(msg.sender==address(nonFungibleContract));_escrow(_seller,_tokenId);Auctionmemoryauction=Auction(_seller,uint128(_startingPrice),uint128(_endingPrice),uint64(_duration),uint64(now),0);_addAuction(_tokenId,auction);}functionbid(uint256_tokenId)externalpayable{require(msg.sender==address(nonFungibleContract));addressseller=tokenIdToAuction[_tokenId].seller;_bid(_tokenId,msg.value);_transfer(seller,_tokenId);}}

ruleId: SOLIDITY_LOCKED_MONEY
patternId: 30281d
severity: 3
line: 1689
column: 0
content: contractSaleClockAuctionisClockAuction{boolpublicisSaleClockAuction=true;uint256publicgen0SaleCount;uint256[5]publiclastGen0SalePrices;uint256publicconstantSurpriseValue=10finney;uint256[]CommonPanda;uint256[]RarePanda;uint256CommonPandaIndex;uint256RarePandaIndex;functionSaleClockAuction(address_nftAddr,uint256_cut)publicClockAuction(_nftAddr,_cut){CommonPandaIndex=1;RarePandaIndex=1;}functioncreateAuction(uint256_tokenId,uint256_startingPrice,uint256_endingPrice,uint256_duration,address_seller)external{require(_startingPrice==uint256(uint128(_startingPrice)));require(_endingPrice==uint256(uint128(_endingPrice)));require(_duration==uint256(uint64(_duration)));require(msg.sender==address(nonFungibleContract));_escrow(_seller,_tokenId);Auctionmemoryauction=Auction(_seller,uint128(_startingPrice),uint128(_endingPrice),uint64(_duration),uint64(now),0);_addAuction(_tokenId,auction);}functioncreateGen0Auction(uint256_tokenId,uint256_startingPrice,uint256_endingPrice,uint256_duration,address_seller)external{require(_startingPrice==uint256(uint128(_startingPrice)));require(_endingPrice==uint256(uint128(_endingPrice)));require(_duration==uint256(uint64(_duration)));require(msg.sender==address(nonFungibleContract));_escrow(_seller,_tokenId);Auctionmemoryauction=Auction(_seller,uint128(_startingPrice),uint128(_endingPrice),uint64(_duration),uint64(now),1);_addAuction(_tokenId,auction);}functionbid(uint256_tokenId)externalpayable{uint64isGen0=tokenIdToAuction[_tokenId].isGen0;uint256price=_bid(_tokenId,msg.value);_transfer(msg.sender,_tokenId);if(isGen0==1){lastGen0SalePrices[gen0SaleCount%5]=price;gen0SaleCount++;}}functioncreatePanda(uint256_tokenId,uint256_type)external{require(msg.sender==address(nonFungibleContract));if(_type==0){CommonPanda.push(_tokenId);}else{RarePanda.push(_tokenId);}}functionsurprisePanda()externalpayable{bytes32bHash=keccak256(block.blockhash(block.number),block.blockhash(block.number-1));uint256PandaIndex;if(bHash[25]>0xC8){require(uint256(RarePanda.length)>=RarePandaIndex);PandaIndex=RarePandaIndex;RarePandaIndex++;}else{require(uint256(CommonPanda.length)>=CommonPandaIndex);PandaIndex=CommonPandaIndex;CommonPandaIndex++;}_transfer(msg.sender,PandaIndex);}functionpackageCount()externalviewreturns(uint256common,uint256surprise){common=CommonPanda.length+1-CommonPandaIndex;surprise=RarePanda.length+1-RarePandaIndex;}functionaverageGen0SalePrice()externalviewreturns(uint256){uint256sum=0;for(uint256i=0;i<5;i++){sum+=lastGen0SalePrices[i];}returnsum/5;}}

ruleId: SOLIDITY_LOCKED_MONEY
patternId: 30281d
severity: 3
line: 2208
column: 0
content: contractPandaMintingisPandaAuction{uint256publicconstantGEN0_CREATION_LIMIT=45000;uint256publicconstantGEN0_STARTING_PRICE=100finney;uint256publicconstantGEN0_AUCTION_DURATION=1days;uint256publicconstantOPEN_PACKAGE_PRICE=10finney;functioncreateWizzPanda(uint256[2]_genes,uint256_generation,address_owner)externalonlyCOO{addresspandaOwner=_owner;if(pandaOwner==address(0)){pandaOwner=cooAddress;}_createPanda(0,0,_generation,_genes,pandaOwner);}functioncreatePanda(uint256[2]_genes,uint256_generation,uint256_type)externalpayableonlyCOOwhenNotPaused{require(msg.value>=OPEN_PACKAGE_PRICE);uint256kittenId=_createPanda(0,0,_generation,_genes,saleAuction);saleAuction.createPanda(kittenId,_type);}functioncreateGen0Auction(uint256_pandaId)externalonlyCOO{require(_owns(msg.sender,_pandaId));_approve(_pandaId,saleAuction);saleAuction.createGen0Auction(_pandaId,_computeNextGen0Price(),0,GEN0_AUCTION_DURATION,msg.sender);}function_computeNextGen0Price()internalviewreturns(uint256){uint256avePrice=saleAuction.averageGen0SalePrice();require(avePrice==uint256(uint128(avePrice)));uint256nextPrice=avePrice+(avePrice/2);if(nextPrice<GEN0_STARTING_PRICE){nextPrice=GEN0_STARTING_PRICE;}returnnextPrice;}}

ruleId: SOLIDITY_PRAGMAS_VERSION
patternId: 23fc32
severity: 1
line: 7
column: 16
content: ^

ruleId: SOLIDITY_SHOULD_NOT_BE_VIEW
patternId: 189abf
severity: 1
line: 747
column: 4
content: function_memcpy(uint_dest,uint_src,uint_len)privateview{for(;_len>=32;_len-=32){assembly{mstore(_dest,mload(_src))}_dest+=32;_src+=32;}uint256mask=256**(32-_len)-1;assembly{letsrcpart:=and(mload(_src),not(mask))letdestpart:=and(mload(_dest),mask)mstore(_dest,or(destpart,srcpart))}}

ruleId: SOLIDITY_SHOULD_NOT_BE_VIEW
patternId: 189abf
severity: 1
line: 769
column: 4
content: function_toString(bytes32[4]_rawBytes,uint256_stringLength)privateviewreturns(string){varoutputString=newstring(_stringLength);uint256outputPtr;uint256bytesPtr;assembly{outputPtr:=add(outputString,32)bytesPtr:=_rawBytes}_memcpy(outputPtr,bytesPtr,_stringLength);returnoutputString;}

ruleId: SOLIDITY_SHOULD_RETURN_STRUCT
patternId: 7d54ca
severity: 1
line: 990
column: 87
content: (uint256,uint256)

ruleId: SOLIDITY_UNCHECKED_CALL
patternId: f39eed
severity: 3
line: 1152
column: 19
content: send(autoBirthFee)

ruleId: SOLIDITY_UPGRADE_TO_050
patternId: 901eae
severity: 1
line: 1131
column: 20
content: keccak256(block.blockhash(block.number-2),now)

ruleId: SOLIDITY_UPGRADE_TO_050
patternId: 901eae
severity: 1
line: 1808
column: 24
content: keccak256(block.blockhash(block.number),block.blockhash(block.number-1))

ruleId: SOLIDITY_UPGRADE_TO_050
patternId: 341gim
severity: 1
line: 516
column: 43
content: string

ruleId: SOLIDITY_UPGRADE_TO_050
patternId: 341gim
severity: 1
line: 769
column: 90
content: string

ruleId: SOLIDITY_UPGRADE_TO_050
patternId: 341gim
severity: 1
line: 1230
column: 43
content: Auction_auction

ruleId: SOLIDITY_USING_INLINE_ASSEMBLY
patternId: 109cd5
severity: 1
line: 750
column: 12
content: assembly{mstore(_dest,mload(_src))}

ruleId: SOLIDITY_USING_INLINE_ASSEMBLY
patternId: 109cd5
severity: 1
line: 759
column: 8
content: assembly{letsrcpart:=and(mload(_src),not(mask))letdestpart:=and(mload(_dest),mask)mstore(_dest,or(destpart,srcpart))}

ruleId: SOLIDITY_USING_INLINE_ASSEMBLY
patternId: 109cd5
severity: 1
line: 774
column: 8
content: assembly{outputPtr:=add(outputString,32)bytesPtr:=_rawBytes}

ruleId: SOLIDITY_VISIBILITY
patternId: 910067
severity: 1
line: 11
column: 4
content: functiontotalSupply()constantreturns(uintsupply);

ruleId: SOLIDITY_VISIBILITY
patternId: 910067
severity: 1
line: 12
column: 4
content: functionbalanceOf(addresswho)constantreturns(uintvalue);

ruleId: SOLIDITY_VISIBILITY
patternId: 910067
severity: 1
line: 13
column: 4
content: functionallowance(addressowner,addressspender)constantreturns(uint_allowance);

ruleId: SOLIDITY_VISIBILITY
patternId: 910067
severity: 1
line: 15
column: 4
content: functiontransfer(addressto,uintvalue)returns(boolok);

ruleId: SOLIDITY_VISIBILITY
patternId: 910067
severity: 1
line: 16
column: 4
content: functiontransferFrom(addressfrom,addressto,uintvalue)returns(boolok);

ruleId: SOLIDITY_VISIBILITY
patternId: 910067
severity: 1
line: 17
column: 4
content: functionapprove(addressspender,uintvalue)returns(boolok);

ruleId: SOLIDITY_VISIBILITY
patternId: 910067
severity: 1
line: 35
column: 2
content: functionOwnable(){owner=msg.sender;}

ruleId: SOLIDITY_VISIBILITY
patternId: 910067
severity: 1
line: 53
column: 2
content: functiontransferOwnership(addressnewOwner)onlyOwner{if(newOwner!=address(0)){owner=newOwner;}}

ruleId: SOLIDITY_VISIBILITY
patternId: 910067
severity: 1
line: 1442
column: 2
content: functionpause()onlyOwnerwhenNotPausedreturns(bool){paused=true;Pause();returntrue;}

ruleId: SOLIDITY_VISIBILITY
patternId: 910067
severity: 1
line: 1451
column: 2
content: functionunpause()onlyOwnerwhenPausedreturns(bool){paused=false;Unpause();returntrue;}

ruleId: SOLIDITY_VISIBILITY
patternId: b51ce0
severity: 1
line: 325
column: 4
content: Panda[]pandas;

ruleId: SOLIDITY_VISIBILITY
patternId: b51ce0
severity: 1
line: 333
column: 4
content: mapping(address=>uint256)ownershipTokenCount;

ruleId: SOLIDITY_VISIBILITY
patternId: b51ce0
severity: 1
line: 550
column: 4
content: bytes4constantInterfaceSignature_ERC165=bytes4(keccak256('supportsInterface(bytes4)'));

ruleId: SOLIDITY_VISIBILITY
patternId: b51ce0
severity: 1
line: 553
column: 4
content: bytes4constantInterfaceSignature_ERC721=bytes4(keccak256('name()'))^bytes4(keccak256('symbol()'))^bytes4(keccak256('totalSupply()'))^bytes4(keccak256('balanceOf(address)'))^bytes4(keccak256('ownerOf(uint256)'))^bytes4(keccak256('approve(address,uint256)'))^bytes4(keccak256('transfer(address,uint256)'))^bytes4(keccak256('transferFrom(address,address,uint256)'))^bytes4(keccak256('tokensOfOwner(address)'))^bytes4(keccak256('tokenMetadata(uint256,string)'));

ruleId: SOLIDITY_VISIBILITY
patternId: b51ce0
severity: 1
line: 810
column: 4
content: mapping(uint256=>address)childOwner;

ruleId: SOLIDITY_VISIBILITY
patternId: b51ce0
severity: 1
line: 1195
column: 4
content: mapping(uint256=>Auction)tokenIdToAuction;

ruleId: SOLIDITY_VISIBILITY
patternId: b51ce0
severity: 1
line: 1466
column: 4
content: bytes4constantInterfaceSignature_ERC721=bytes4(0x9a20483d);

ruleId: SOLIDITY_VISIBILITY
patternId: b51ce0
severity: 1
line: 1700
column: 4
content: uint256[]CommonPanda;

ruleId: SOLIDITY_VISIBILITY
patternId: b51ce0
severity: 1
line: 1701
column: 4
content: uint256[]RarePanda;

ruleId: SOLIDITY_VISIBILITY
patternId: b51ce0
severity: 1
line: 1702
column: 4
content: uint256CommonPandaIndex;

ruleId: SOLIDITY_VISIBILITY
patternId: b51ce0
severity: 1
line: 1703
column: 4
content: uint256RarePandaIndex;

SOLIDITY_VISIBILITY :21
SOLIDITY_DEPRECATED_CONSTRUCTIONS :3
SOLIDITY_PRAGMAS_VERSION :1
SOLIDITY_LOCKED_MONEY :3
SOLIDITY_FUNCTIONS_RETURNS_TYPE_AND_NO_RETURN :1
SOLIDITY_INCORRECT_BLOCKHASH :1
SOLIDITY_ADDRESS_HARDCODED :3
SOLIDITY_UPGRADE_TO_050 :5
SOLIDITY_USING_INLINE_ASSEMBLY :3
SOLIDITY_UNCHECKED_CALL :1
SOLIDITY_SHOULD_RETURN_STRUCT :1
SOLIDITY_SHOULD_NOT_BE_VIEW :2
