INFO:Slither:Compilation warnings/errors on /sb/send_loop.sol:
/sb/send_loop.sol:17:30: Warning: This looks like an address but has an invalid checksum. If this is not used as an address, please prepend '00'. Correct checksummed address: '0x79B483371E87d664cd39491b5f06250165e4b185'. For more information please see https://solidity.readthedocs.io/en/develop/types.html#address-literals
        refundAddresses.push(0x79B483371E87d664cd39491b5F06250165e4b185);
                             ^----------------------------------------^
/sb/send_loop.sol:15:5: Warning: No visibility specified. Defaulting to "public". 
    constructor() {
    ^ (Relevant source part starts here and spans across multiple lines).

INFO:Detectors:[91m
Refunder.refunds (/sb/send_loop.sol#13) is never initialized. It is used in:
	- refundAll (/sb/send_loop.sol#21-26)
Reference: https://github.com/trailofbits/slither/wiki/Detectors-Documentation#uninitialized-state-variables[0m
INFO:Detectors:[93m
x in Refunder.refundAll (/sb/send_loop.sol#22) is a local variable never initialiazed
Reference: https://github.com/trailofbits/slither/wiki/Detectors-Documentation#uninitialized-local-variables[0m
INFO:Detectors:[92m
Refunder.refundAll has external calls inside a loop:
	- require(bool)(refundAddresses[x].send(refunds[refundAddresses[x]])) (/sb/send_loop.sol#24)
Reference: https://github.com/trailofbits/slither/wiki/Detectors-Documentation/_edit#calls-inside-a-loop[0m
INFO:Detectors:[92m
Refunder.refundAll (/sb/send_loop.sol#21-26) should be declared external
Reference: https://github.com/trailofbits/slither/wiki/Detectors-Documentation#public-function-that-could-be-declared-as-external[0m
INFO:Slither:/sb/send_loop.sol analyzed (1 contracts), 4 result(s) found
