INFO:Slither:Compilation warnings/errors on /sb/0x52d2e0f9b01101a59b38a3d05c80b7618aeed984.sol:
/sb/0x52d2e0f9b01101a59b38a3d05c80b7618aeed984.sol:14:5: Warning: Defining constructors as functions with the same name as the contract is deprecated. Use "constructor(...) { ... }" instead.
    function EtherGet() {
    ^ (Relevant source part starts here and spans across multiple lines).
/sb/0x52d2e0f9b01101a59b38a3d05c80b7618aeed984.sol:22:24: Warning: Using contract member "balance" inherited from the address type is deprecated. Convert the contract to "address" type to access the member, for example use "address(contract).balance" instead.
        owner.transfer(this.balance);
                       ^----------^
/sb/0x52d2e0f9b01101a59b38a3d05c80b7618aeed984.sol:27:13: Warning: Return value of low-level calls not used.
            addr.call.value(0 wei)();
            ^----------------------^
/sb/0x52d2e0f9b01101a59b38a3d05c80b7618aeed984.sol:9:5: Warning: No visibility specified. Defaulting to "public". 
    function transfer(address _to, uint _value) returns (bool success);
    ^-----------------------------------------------------------------^
/sb/0x52d2e0f9b01101a59b38a3d05c80b7618aeed984.sol:10:5: Warning: No visibility specified. Defaulting to "public". 
    function balanceOf(address _owner) constant returns (uint balance);
    ^-----------------------------------------------------------------^
/sb/0x52d2e0f9b01101a59b38a3d05c80b7618aeed984.sol:14:5: Warning: No visibility specified. Defaulting to "public". 
    function EtherGet() {
    ^ (Relevant source part starts here and spans across multiple lines).

INFO:Detectors:[91m
EtherGet.withdrawEther (/sb/0x52d2e0f9b01101a59b38a3d05c80b7618aeed984.sol#21-23) sends eth to arbitrary user
	Dangerous calls:
	- owner.transfer(this.balance) (/sb/0x52d2e0f9b01101a59b38a3d05c80b7618aeed984.sol#22)
EtherGet.getTokens (/sb/0x52d2e0f9b01101a59b38a3d05c80b7618aeed984.sol#24-29) sends eth to arbitrary user
	Dangerous calls:
	- addr.call.value(0)() (/sb/0x52d2e0f9b01101a59b38a3d05c80b7618aeed984.sol#27)
Reference: https://github.com/trailofbits/slither/wiki/Detectors-Documentation#functions-that-send-ether-to-arbitrary-destinations[0m
INFO:Detectors:[93m
EtherGet.withdrawTokens (/sb/0x52d2e0f9b01101a59b38a3d05c80b7618aeed984.sol#17-20) does not use the value returned by external calls:
	-tc.transfer(owner,tc.balanceOf(this)) (/sb/0x52d2e0f9b01101a59b38a3d05c80b7618aeed984.sol#19)
Reference: https://github.com/trailofbits/slither/wiki/Detectors-Documentation#unused-return[0m
INFO:Detectors:[92m
EtherGet.getTokens has external calls inside a loop:
	- addr.call.value(0)() (/sb/0x52d2e0f9b01101a59b38a3d05c80b7618aeed984.sol#27)
Reference: https://github.com/trailofbits/slither/wiki/Detectors-Documentation/_edit#calls-inside-a-loop[0m
INFO:Detectors:[92m
Token.transfer (/sb/0x52d2e0f9b01101a59b38a3d05c80b7618aeed984.sol#9) should be declared external
Token.balanceOf (/sb/0x52d2e0f9b01101a59b38a3d05c80b7618aeed984.sol#10) should be declared external
EtherGet.withdrawTokens (/sb/0x52d2e0f9b01101a59b38a3d05c80b7618aeed984.sol#17-20) should be declared external
EtherGet.withdrawEther (/sb/0x52d2e0f9b01101a59b38a3d05c80b7618aeed984.sol#21-23) should be declared external
EtherGet.getTokens (/sb/0x52d2e0f9b01101a59b38a3d05c80b7618aeed984.sol#24-29) should be declared external
Reference: https://github.com/trailofbits/slither/wiki/Detectors-Documentation#public-function-that-could-be-declared-as-external[0m
INFO:Detectors:[92m
Detected issues with version pragma in /sb/0x52d2e0f9b01101a59b38a3d05c80b7618aeed984.sol:
	- pragma solidity^0.4.19 (/sb/0x52d2e0f9b01101a59b38a3d05c80b7618aeed984.sol#7): it allows old versions
Reference: https://github.com/trailofbits/slither/wiki/Detectors-Documentation#incorrect-version-of-solidity[0m
INFO:Detectors:[92m
Low level call in EtherGet.getTokens (/sb/0x52d2e0f9b01101a59b38a3d05c80b7618aeed984.sol#24-29):
	-addr.call.value(0)() /sb/0x52d2e0f9b01101a59b38a3d05c80b7618aeed984.sol#27
Reference: https://github.com/trailofbits/slither/wiki/Detectors-Documentation#low-level-calls[0m
INFO:Detectors:[92m
Function 'EtherGet.EtherGet' (/sb/0x52d2e0f9b01101a59b38a3d05c80b7618aeed984.sol#14-16) is not in mixedCase
Reference: https://github.com/trailofbits/slither/wiki/Detectors-Documentation#conformance-to-solidity-naming-conventions[0m
INFO:Slither:/sb/0x52d2e0f9b01101a59b38a3d05c80b7618aeed984.sol analyzed (2 contracts), 12 result(s) found
