INFO:Slither:Compilation warnings/errors on /sb/reentrancy_bonus.sol:
/sb/reentrancy_bonus.sol:19:9: Warning: Different number of components on the left hand side (2) than on the right hand side (1).
        (bool success, ) = recipient.call.value(amountToWithdraw)("");
        ^-----------------------------------------------------------^

INFO:Detectors:[91m
Reentrancy_bonus.withdrawReward (/sb/reentrancy_bonus.sol#16-21) sends eth to arbitrary user
	Dangerous calls:
	- (success) = recipient.call.value(amountToWithdraw)() (/sb/reentrancy_bonus.sol#19)
Reference: https://github.com/trailofbits/slither/wiki/Detectors-Documentation#functions-that-send-ether-to-arbitrary-destinations[0m
INFO:Detectors:[91m
Reentrancy in Reentrancy_bonus.getFirstWithdrawalBonus (/sb/reentrancy_bonus.sol#23-30):
	External calls:
	- withdrawReward(recipient) (/sb/reentrancy_bonus.sol#28)
	State variables written after the call(s):
	- claimedBonus (/sb/reentrancy_bonus.sol#29)
Reference: https://github.com/trailofbits/slither/wiki/Detectors-Documentation#reentrancy-vulnerabilities[0m
INFO:Detectors:[92m
Reentrancy_bonus.getFirstWithdrawalBonus (/sb/reentrancy_bonus.sol#23-30) should be declared external
Reference: https://github.com/trailofbits/slither/wiki/Detectors-Documentation#public-function-that-could-be-declared-as-external[0m
INFO:Detectors:[92m
Detected issues with version pragma in /sb/reentrancy_bonus.sol:
	- pragma solidity^0.4.0 (/sb/reentrancy_bonus.sol#7): it allows old versions
Reference: https://github.com/trailofbits/slither/wiki/Detectors-Documentation#incorrect-version-of-solidity[0m
INFO:Detectors:[92m
Low level call in Reentrancy_bonus.withdrawReward (/sb/reentrancy_bonus.sol#16-21):
	-(success) = recipient.call.value(amountToWithdraw)() /sb/reentrancy_bonus.sol#19
Reference: https://github.com/trailofbits/slither/wiki/Detectors-Documentation#low-level-calls[0m
INFO:Detectors:[92m
Contract 'Reentrancy_bonus' (/sb/reentrancy_bonus.sol#9-31) is not in CapWords
Reference: https://github.com/trailofbits/slither/wiki/Detectors-Documentation#conformance-to-solidity-naming-conventions[0m
INFO:Detectors:[92m
Reentrancy_bonus.userBalances (/sb/reentrancy_bonus.sol#12) is never used in Reentrancy_bonus
Reference: https://github.com/trailofbits/slither/wiki/Detectors-Documentation#unused-state-variables[0m
INFO:Slither:/sb/reentrancy_bonus.sol analyzed (1 contracts), 7 result(s) found
