/sb/lottery.sol
jar:file:/usr/local/lib/node_modules/@smartdec/smartcheck/jdeploy-bundle/smartcheck-2.0-jar-with-dependencies.jar!/solidity-rules.xmlruleId: SOLIDITY_DEPRECATED_CONSTRUCTIONS
patternId: 27cb59
severity: 1
line: 66
column: 9
content: suicide

ruleId: SOLIDITY_DEPRECATED_CONSTRUCTIONS
patternId: 49bd2a
severity: 1
line: 30
column: 9
content: throw

ruleId: SOLIDITY_DEPRECATED_CONSTRUCTIONS
patternId: 49bd2a
severity: 1
line: 48
column: 17
content: throw

ruleId: SOLIDITY_DEPRECATED_CONSTRUCTIONS
patternId: 49bd2a
severity: 1
line: 55
column: 39
content: throw

ruleId: SOLIDITY_DEPRECATED_CONSTRUCTIONS
patternId: 49bd2a
severity: 1
line: 64
column: 39
content: throw

ruleId: SOLIDITY_EXTRA_GAS_IN_LOOPS
patternId: d3j11j
severity: 1
line: 57
column: 9
content: for(uinti=0;i<bets.length;i++){GetBet(bets[i].betAmount,bets[i].blockNumber,bets[i].won);}

ruleId: SOLIDITY_GAS_LIMIT_IN_LOOPS
patternId: f6f853
severity: 2
line: 57
column: 9
content: for(uinti=0;i<bets.length;i++){GetBet(bets[i].betAmount,bets[i].blockNumber,bets[i].won);}

ruleId: SOLIDITY_PRAGMAS_VERSION
patternId: 23fc32
severity: 1
line: 9
column: 18
content: ^

ruleId: SOLIDITY_PRIVATE_MODIFIER_DONT_HIDE_DATA
patternId: 5616b2
severity: 1
line: 20
column: 13
content: private

ruleId: SOLIDITY_PRIVATE_MODIFIER_DONT_HIDE_DATA
patternId: 5616b2
severity: 1
line: 21
column: 11
content: private

ruleId: SOLIDITY_REDUNDANT_FALLBACK_REJECT
patternId: b85a32
severity: 1
line: 29
column: 16
content: {throw;}

ruleId: SOLIDITY_REVERT_REQUIRE
patternId: c56b12
severity: 1
line: 46
column: 13
content: if(!msg.sender.send(msg.value)){throw;}

ruleId: SOLIDITY_REVERT_REQUIRE
patternId: c56b12
severity: 1
line: 55
column: 9
content: if(msg.sender!=organizer){throw;}

ruleId: SOLIDITY_REVERT_REQUIRE
patternId: c56b12
severity: 1
line: 64
column: 9
content: if(msg.sender!=organizer){throw;}

ruleId: SOLIDITY_SEND
patternId: 430636
severity: 1
line: 46
column: 28
content: send(msg.value)

ruleId: SOLIDITY_VISIBILITY
patternId: 910067
severity: 1
line: 24
column: 5
content: functionLottery(){organizer=msg.sender;}

ruleId: SOLIDITY_VISIBILITY
patternId: 910067
severity: 1
line: 29
column: 5
content: function(){throw;}

ruleId: SOLIDITY_VISIBILITY
patternId: 910067
severity: 1
line: 34
column: 5
content: functionmakeBet(){boolwon=(block.number%2)==0;bets.push(Bet(msg.value,block.number,won));if(won){if(!msg.sender.send(msg.value)){throw;}}}

ruleId: SOLIDITY_VISIBILITY
patternId: 910067
severity: 1
line: 54
column: 5
content: functiongetBets(){if(msg.sender!=organizer){throw;}for(uinti=0;i<bets.length;i++){GetBet(bets[i].betAmount,bets[i].blockNumber,bets[i].won);}}

ruleId: SOLIDITY_VISIBILITY
patternId: 910067
severity: 1
line: 63
column: 5
content: functiondestroy(){if(msg.sender!=organizer){throw;}suicide(organizer);}

SOLIDITY_VISIBILITY :5
SOLIDITY_DEPRECATED_CONSTRUCTIONS :5
SOLIDITY_PRAGMAS_VERSION :1
SOLIDITY_REVERT_REQUIRE :3
SOLIDITY_PRIVATE_MODIFIER_DONT_HIDE_DATA :2
SOLIDITY_SEND :1
SOLIDITY_EXTRA_GAS_IN_LOOPS :1
SOLIDITY_GAS_LIMIT_IN_LOOPS :1
SOLIDITY_REDUNDANT_FALLBACK_REJECT :1
