INFO:Slither:Compilation warnings/errors on /sb/king_of_the_ether_throne.sol:
/sb/king_of_the_ether_throne.sol:73:5: Warning: Defining constructors as functions with the same name as the contract is deprecated. Use "constructor(...) { ... }" instead.
    function KingOfTheEtherThrone() {
    ^ (Relevant source part starts here and spans across multiple lines).
/sb/king_of_the_ether_throne.sol:110:13: Warning: Failure condition of 'send' ignored. Consider using 'transfer' instead.
            msg.sender.send(valuePaid);
            ^------------------------^
/sb/king_of_the_ether_throne.sol:118:13: Warning: Failure condition of 'send' ignored. Consider using 'transfer' instead.
            msg.sender.send(excessPaid);
            ^-------------------------^
/sb/king_of_the_ether_throne.sol:132:13: Warning: Failure condition of 'send' ignored. Consider using 'transfer' instead.
            currentMonarch.etherAddress.send(compensation);
            ^--------------------------------------------^
/sb/king_of_the_ether_throne.sol:168:9: Warning: Invoking events without "emit" prefix is deprecated.
        ThroneClaimed(currentMonarch.etherAddress, currentMonarch.name, currentClaimPrice);
        ^--------------------------------------------------------------------------------^
/sb/king_of_the_ether_throne.sol:174:9: Warning: Failure condition of 'send' ignored. Consider using 'transfer' instead.
        wizardAddress.send(amount);
        ^------------------------^
/sb/king_of_the_ether_throne.sol:73:5: Warning: No visibility specified. Defaulting to "public". 
    function KingOfTheEtherThrone() {
    ^ (Relevant source part starts here and spans across multiple lines).
/sb/king_of_the_ether_throne.sol:84:5: Warning: No visibility specified. Defaulting to "public". 
    function numberOfMonarchs() constant returns (uint n) {
    ^ (Relevant source part starts here and spans across multiple lines).
/sb/king_of_the_ether_throne.sol:98:5: Warning: No visibility specified. Defaulting to "public". 
    function() {
    ^ (Relevant source part starts here and spans across multiple lines).
/sb/king_of_the_ether_throne.sol:103:5: Warning: No visibility specified. Defaulting to "public". 
    function claimThrone(string name) {
    ^ (Relevant source part starts here and spans across multiple lines).
/sb/king_of_the_ether_throne.sol:105:26: Warning: "msg.value" used in non-payable function. Do you want to add the "payable" modifier to this function?
        uint valuePaid = msg.value;
                         ^-------^
/sb/king_of_the_ether_throne.sol:172:5: Warning: No visibility specified. Defaulting to "public". 
    function sweepCommission(uint amount) onlywizard {
    ^ (Relevant source part starts here and spans across multiple lines).
/sb/king_of_the_ether_throne.sol:178:5: Warning: No visibility specified. Defaulting to "public". 
    function transferOwnership(address newOwner) onlywizard {
    ^ (Relevant source part starts here and spans across multiple lines).

INFO:Detectors:[92m
KingOfTheEtherThrone.claimThrone (/sb/king_of_the_ether_throne.sol#103-169) uses timestamp for comparisons
	Dangerous comparisons:
	- currentMonarch.etherAddress != wizardAddress (/sb/king_of_the_ether_throne.sol#130-135)
Reference: https://github.com/trailofbits/slither/wiki/Detectors-Documentation#block-timestamp[0m
INFO:Detectors:[92m
KingOfTheEtherThrone.numberOfMonarchs (/sb/king_of_the_ether_throne.sol#84-86) should be declared external
KingOfTheEtherThrone.fallback (/sb/king_of_the_ether_throne.sol#98-100) should be declared external
KingOfTheEtherThrone.sweepCommission (/sb/king_of_the_ether_throne.sol#172-175) should be declared external
KingOfTheEtherThrone.transferOwnership (/sb/king_of_the_ether_throne.sol#178-180) should be declared external
Reference: https://github.com/trailofbits/slither/wiki/Detectors-Documentation#public-function-that-could-be-declared-as-external[0m
INFO:Detectors:[92m
Detected issues with version pragma in /sb/king_of_the_ether_throne.sol:
	- pragma solidity^0.4.0 (/sb/king_of_the_ether_throne.sol#24): it allows old versions
Reference: https://github.com/trailofbits/slither/wiki/Detectors-Documentation#incorrect-version-of-solidity[0m
INFO:Detectors:[92m
Function 'KingOfTheEtherThrone.KingOfTheEtherThrone' (/sb/king_of_the_ether_throne.sol#73-82) is not in mixedCase
Constant 'KingOfTheEtherThrone.startingClaimPrice' (/sb/king_of_the_ether_throne.sol#48) is not in UPPER_CASE_WITH_UNDERSCORES
Constant 'KingOfTheEtherThrone.claimPriceAdjustNum' (/sb/king_of_the_ether_throne.sol#53) is not in UPPER_CASE_WITH_UNDERSCORES
Constant 'KingOfTheEtherThrone.claimPriceAdjustDen' (/sb/king_of_the_ether_throne.sol#54) is not in UPPER_CASE_WITH_UNDERSCORES
Constant 'KingOfTheEtherThrone.wizardCommissionFractionNum' (/sb/king_of_the_ether_throne.sol#59) is not in UPPER_CASE_WITH_UNDERSCORES
Constant 'KingOfTheEtherThrone.wizardCommissionFractionDen' (/sb/king_of_the_ether_throne.sol#60) is not in UPPER_CASE_WITH_UNDERSCORES
Reference: https://github.com/trailofbits/slither/wiki/Detectors-Documentation#conformance-to-solidity-naming-conventions[0m
INFO:Slither:/sb/king_of_the_ether_throne.sol analyzed (1 contracts), 12 result(s) found
