INFO:Slither:Compilation warnings/errors on /sb/odds_and_evens.sol:
/sb/odds_and_evens.sol:21:3: Warning: Defining constructors as functions with the same name as the contract is deprecated. Use "constructor(...) { ... }" instead.
  function OddsAndEvens() {
  ^ (Relevant source part starts here and spans across multiple lines).
/sb/odds_and_evens.sol:26:31: Warning: "throw" is deprecated in favour of "revert()", "require()" and "assert()".
    if (msg.value != 1 ether) throw;
                              ^---^
/sb/odds_and_evens.sol:49:27: Warning: "throw" is deprecated in favour of "revert()", "require()" and "assert()".
    if(msg.sender!=owner) throw;
                          ^---^
/sb/odds_and_evens.sol:50:32: Warning: Using contract member "balance" inherited from the address type is deprecated. Convert the contract to "address" type to access the member, for example use "address(contract).balance" instead.
    bool res = msg.sender.send(this.balance);
                               ^----------^
/sb/odds_and_evens.sol:21:3: Warning: No visibility specified. Defaulting to "public". 
  function OddsAndEvens() {
  ^ (Relevant source part starts here and spans across multiple lines).
/sb/odds_and_evens.sol:25:3: Warning: No visibility specified. Defaulting to "public". 
  function play(uint number) payable{
  ^ (Relevant source part starts here and spans across multiple lines).
/sb/odds_and_evens.sol:48:3: Warning: No visibility specified. Defaulting to "public". 
  function getProfit() {
  ^ (Relevant source part starts here and spans across multiple lines).
/sb/odds_and_evens.sol:50:5: Warning: Unused local variable.
    bool res = msg.sender.send(this.balance);
    ^------^

INFO:Detectors:[91m
OddsAndEvens.andTheWinnerIs (/sb/odds_and_evens.sol#34-46) sends eth to arbitrary user
	Dangerous calls:
	- res = players[0].addr.send(1800000000000000000) (/sb/odds_and_evens.sol#38)
	- res = players[1].addr.send(1800000000000000000) (/sb/odds_and_evens.sol#41)
Reference: https://github.com/trailofbits/slither/wiki/Detectors-Documentation#functions-that-send-ether-to-arbitrary-destinations[0m
INFO:Detectors:[92m
Deprecated standard detected @ /sb/odds_and_evens.sol#26:
	- Usage of "throw" should be replaced with "revert()"
Deprecated standard detected @ /sb/odds_and_evens.sol#49:
	- Usage of "throw" should be replaced with "revert()"
Reference: https://github.com/trailofbits/slither/wiki/Detectors-Documentation#deprecated-standards[0m
INFO:Detectors:[92m
OddsAndEvens.play (/sb/odds_and_evens.sol#25-32) should be declared external
OddsAndEvens.getProfit (/sb/odds_and_evens.sol#48-51) should be declared external
Reference: https://github.com/trailofbits/slither/wiki/Detectors-Documentation#public-function-that-could-be-declared-as-external[0m
INFO:Detectors:[92m
Detected issues with version pragma in /sb/odds_and_evens.sol:
	- pragma solidity^0.4.2 (/sb/odds_and_evens.sol#7): it allows old versions
Reference: https://github.com/trailofbits/slither/wiki/Detectors-Documentation#incorrect-version-of-solidity[0m
INFO:Detectors:[92m
Function 'OddsAndEvens.OddsAndEvens' (/sb/odds_and_evens.sol#21-23) is not in mixedCase
Reference: https://github.com/trailofbits/slither/wiki/Detectors-Documentation#conformance-to-solidity-naming-conventions[0m
INFO:Slither:/sb/odds_and_evens.sol analyzed (1 contracts), 7 result(s) found
