ANTLR runtime and generated code versions disagree: 4.9.2!=4.7.2
ANTLR runtime and generated code versions disagree: 4.9.2!=4.7.2
Analysing /sb/0x8c7777c45481dba411450c228cb692ac3d550344.sol:ETH_VAULT...
Vulnerability: Integer Overflow. Maybe in function: Deposit(). PC: 0x35c. Line number: 29.
If a = 94985698202485941558398073639939299410885534296033275188617549381491239157755
and b = 71465430076156089362985217310049568128190068660825035618102727629883884699643
Vulnerability: Reentrancy. Maybe in function: CashOut(uint256). PC: 0x19d. Line number: 41.
Vulnerability: Reentrancy. Maybe in function: CashOut(uint256). PC: 0x2f3. Line number: 44.
Vulnerability: Reentrancy. Maybe in function: Deposit(). PC: 0x464. Line number: 30.
Analysing /sb/0x8c7777c45481dba411450c228cb692ac3d550344.sol:Log...
Vulnerability: Integer Overflow. Maybe in function: AddMessage(address,uint256,string). PC: 0x260. Line number: 75.
If a = 4
and b = 28948022309329048855892746252171976963317496166410141009864396001978282409984
Vulnerability: Time Manipulation. Maybe in function: AddMessage(address,uint256,string). PC: 0x218. Line number: 72.
Vulnerability: Time Manipulation. Maybe in function: AddMessage(address,uint256,string). PC: 0x30e. Line number: 75.
Vulnerability: Integer Overflow. Maybe in function: AddMessage(address,uint256,string). PC: 0x9d. Line number: 68.
If a = 4
and b = 115792089237316195423570985008687907853269984665640564039457584007913129639932
Vulnerability: Integer Overflow. Maybe in function: AddMessage(address,uint256,string). PC: 0x451. Line number: 53.
If a = 57896044618658097711785492504343953926634992332820282019728792003956564819984
and b = 57896044618658097711785492504343953926634992332820282019728792003956564819984
