INFO:Slither:Compilation warnings/errors on /sb/0x7541b76cb60f4c60af330c208b0623b7f54bf615.sol:
/sb/0x7541b76cb60f4c60af330c208b0623b7f54bf615.sol:15:9: Warning: Use of the "var" keyword is deprecated.
        var acc = Acc[msg.sender];
        ^-----^
/sb/0x7541b76cb60f4c60af330c208b0623b7f54bf615.sol:25:9: Warning: Use of the "var" keyword is deprecated.
        var acc = Acc[msg.sender];
        ^-----^
/sb/0x7541b76cb60f4c60af330c208b0623b7f54bf615.sol:56:5: Warning: Defining constructors as functions with the same name as the contract is deprecated. Use "constructor(...) { ... }" instead.
    function U_BANK(address log) public{
    ^ (Relevant source part starts here and spans across multiple lines).

INFO:Detectors:[91m
Reentrancy in U_BANK.Collect (/sb/0x7541b76cb60f4c60af330c208b0623b7f54bf615.sol#21-35):
	External calls:
	- msg.sender.call.value(_am)() (/sb/0x7541b76cb60f4c60af330c208b0623b7f54bf615.sol#29-33)
	State variables written after the call(s):
	- Acc (/sb/0x7541b76cb60f4c60af330c208b0623b7f54bf615.sol#31)
Reference: https://github.com/trailofbits/slither/wiki/Detectors-Documentation#reentrancy-vulnerabilities[0m
INFO:Detectors:[92m
U_BANK.MinSum should be constant (/sb/0x7541b76cb60f4c60af330c208b0623b7f54bf615.sol#54)
Reference: https://github.com/trailofbits/slither/wiki/Detectors-Documentation#state-variables-that-could-be-declared-constant[0m
INFO:Detectors:[92m
U_BANK.Collect (/sb/0x7541b76cb60f4c60af330c208b0623b7f54bf615.sol#21-35) should be declared external
U_BANK.fallback (/sb/0x7541b76cb60f4c60af330c208b0623b7f54bf615.sol#37-42) should be declared external
Log.AddMessage (/sb/0x7541b76cb60f4c60af330c208b0623b7f54bf615.sol#76-84) should be declared external
Reference: https://github.com/trailofbits/slither/wiki/Detectors-Documentation#public-function-that-could-be-declared-as-external[0m
INFO:Detectors:[92m
Low level call in U_BANK.Collect (/sb/0x7541b76cb60f4c60af330c208b0623b7f54bf615.sol#21-35):
	-msg.sender.call.value(_am)() /sb/0x7541b76cb60f4c60af330c208b0623b7f54bf615.sol#29-33
Reference: https://github.com/trailofbits/slither/wiki/Detectors-Documentation#low-level-calls[0m
INFO:Detectors:[92m
Contract 'U_BANK' (/sb/0x7541b76cb60f4c60af330c208b0623b7f54bf615.sol#9-59) is not in CapWords
Function 'U_BANK.Put' (/sb/0x7541b76cb60f4c60af330c208b0623b7f54bf615.sol#11-19) is not in mixedCase
Parameter '_unlockTime' of U_BANK.Put (/sb/0x7541b76cb60f4c60af330c208b0623b7f54bf615.sol#11) is not in mixedCase
Function 'U_BANK.Collect' (/sb/0x7541b76cb60f4c60af330c208b0623b7f54bf615.sol#21-35) is not in mixedCase
Parameter '_am' of U_BANK.Collect (/sb/0x7541b76cb60f4c60af330c208b0623b7f54bf615.sol#21) is not in mixedCase
Function 'U_BANK.U_BANK' (/sb/0x7541b76cb60f4c60af330c208b0623b7f54bf615.sol#56-58) is not in mixedCase
Variable 'U_BANK.Acc' (/sb/0x7541b76cb60f4c60af330c208b0623b7f54bf615.sol#50) is not in mixedCase
Variable 'U_BANK.LogFile' (/sb/0x7541b76cb60f4c60af330c208b0623b7f54bf615.sol#52) is not in mixedCase
Variable 'U_BANK.MinSum' (/sb/0x7541b76cb60f4c60af330c208b0623b7f54bf615.sol#54) is not in mixedCase
Function 'Log.AddMessage' (/sb/0x7541b76cb60f4c60af330c208b0623b7f54bf615.sol#76-84) is not in mixedCase
Parameter '_adr' of Log.AddMessage (/sb/0x7541b76cb60f4c60af330c208b0623b7f54bf615.sol#76) is not in mixedCase
Parameter '_val' of Log.AddMessage (/sb/0x7541b76cb60f4c60af330c208b0623b7f54bf615.sol#76) is not in mixedCase
Parameter '_data' of Log.AddMessage (/sb/0x7541b76cb60f4c60af330c208b0623b7f54bf615.sol#76) is not in mixedCase
Variable 'Log.History' (/sb/0x7541b76cb60f4c60af330c208b0623b7f54bf615.sol#72) is not in mixedCase
Variable 'Log.LastMsg' (/sb/0x7541b76cb60f4c60af330c208b0623b7f54bf615.sol#74) is not in mixedCase
Reference: https://github.com/trailofbits/slither/wiki/Detectors-Documentation#conformance-to-solidity-naming-conventions[0m
INFO:Slither:/sb/0x7541b76cb60f4c60af330c208b0623b7f54bf615.sol analyzed (2 contracts), 21 result(s) found
