INFO:root:Finished all paths
INFO:root:Finished all paths
INFO:root:Finished all paths
INFO:root:Finished all paths
INFO:root:Finished all paths
INFO:root:Found 1 CALL instructions
INFO:root:Finished all paths
INFO:root:CALL: (  789)  315:	f1	-7 +1 = -6	CALL
INFO:root:Path: 0->d->41->f2->fe->249->2ce->315
INFO:root:No DELEGATECALL instructions
INFO:root:No CALLCODE instructions
INFO:root:No SELFDESTRUCT instructions
INFO:root:Found 6 RETURN and STOP instructions
INFO:root:End: (  355)  163:	f3	-2 +0 = -2	RETURN
INFO:root:Path: 0->d->41->4c->109->115->32e->355->14a->163
[ORIGIN_1 = 4660,
 CALLER_1 = 4096,
 CALLDATASIZE_1 = 36,
 CALLDATA_1 = Store(Store(Store(Store(Store(Store(K(BitVec(256),
                                        0),
                                        3,
                                        84),
                                        35,
                                        52),
                                      2,
                                      36),
                                34,
                                18),
                          0,
                          133),
                    1,
                    149),
 CALLDATASIZE_0 = 32,
 CALLER_0 = 4660,
 CALLDATA_0 = Store(Store(Store(K(BitVec(256), 182), 2, 40),
                          1,
                          56),
                    0,
                    133),
 SHA3_38_0 = 45106235623838135972876359375267226614167145686518091386788065717013735854173,
 CALLVALUE_1 = 0,
 BALANCE_1 = 26213023705161793537,
 CALLVALUE_0 = 0,
 ORIGIN_0 = 4660]
0: 0->d->41->4c->109->115->32e->355->14a->163
1: 0->d->41->f2->fe->249->2ce->315
[{'origin': 4660, 'caller': 4096, 'value': 0, 'payload': b'\x85\x95$T\x00\x00\x00\x00\x00\x00\x00\x00\x00\x00\x00\x00\x00\x00\x00\x00\x00\x00\x00\x00\x00\x00\x00\x00\x00\x00\x00\x00\x00\x00\x124'}, {'caller': 4660, 'value': 0, 'origin': 4660, 'payload': b'\x858(\xb6\xb6\xb6\xb6\xb6\xb6\xb6\xb6\xb6\xb6\xb6\xb6\xb6\xb6\xb6\xb6\xb6\xb6\xb6\xb6\xb6\xb6\xb6\xb6\xb6\xb6\xb6\xb6\xb6'}]
eth.sendTransaction({from:"0x0000000000000000000000000000000000001234", data:"0x859524540000000000000000000000000000000000000000000000000000000000001234", to:"0x0000000000000000000000000000000000001000", gasPrice:0})
eth.sendTransaction({from:"0x0000000000000000000000000000000000001234", data:"0x853828b6b6b6b6b6b6b6b6b6b6b6b6b6b6b6b6b6b6b6b6b6b6b6b6b6b6b6b6b6", to:"0x4000000000000000000000000000000000000000", gasPrice:0})
