2023-01-18 08:40:36,020 - Main     - INFO - [1mInitializing seed to 1427655.0[0m
2023-01-18 08:40:36,270 - Fuzzer   - INFO - [1mFuzzing contract [1mTownCrier[0m[0m
2023-01-18 08:40:36,614 - Detector - INFO - [1m[33m-----------------------------------------------------[0m
2023-01-18 08:40:36,614 - Detector - INFO - [1m[33m          !!! Assertion failure detected !!!         [0m
2023-01-18 08:40:36,614 - Detector - INFO - [1m[33m-----------------------------------------------------[0m
2023-01-18 08:40:36,614 - Detector - INFO - [1m[33mSWC-ID:   110[0m
2023-01-18 08:40:36,614 - Detector - INFO - [1m[33mSeverity: Medium[0m
2023-01-18 08:40:36,614 - Detector - INFO - [1m[33m-----------------------------------------------------[0m
2023-01-18 08:40:36,614 - Detector - INFO - [1m[33mSource code line:[0m
2023-01-18 08:40:36,614 - Detector - INFO - [1m[33m-----------------------------------------------------[0m
2023-01-18 08:40:36,615 - Detector - INFO - [1m[33m/sb/0x89c1b3807d4c67df034fffb62f3509561218d30b.sol:41:1[0m
2023-01-18 08:40:36,615 - Detector - INFO - [1m[33mRequest[2**64] public requests[0m
2023-01-18 08:40:36,615 - Detector - INFO - [1m[33m-----------------------------------------------------[0m
2023-01-18 08:40:36,615 - Detector - INFO - [1m[33mTransaction sequence:[0m
2023-01-18 08:40:36,615 - Detector - INFO - [1m[33m-----------------------------------------------------[0m
2023-01-18 08:40:36,615 - Detector - INFO - [1m[33mTransaction - requests(uint256):[0m
2023-01-18 08:40:36,615 - Detector - INFO - [1m[33m-----------------------------------------------------[0m
2023-01-18 08:40:36,615 - Detector - INFO - [1m[33mFrom:      0xdeadbeefdeadbeefdeadbeefdeadbeefdeadbeef[0m
2023-01-18 08:40:36,615 - Detector - INFO - [1m[33mTo:        0x2c5e8a3b3aad9df32339409534e64dfcabcd3a65[0m
2023-01-18 08:40:36,615 - Detector - INFO - [1m[33mValue:     0 Wei[0m
2023-01-18 08:40:36,616 - Detector - INFO - [1m[33mGas Limit: 4500000[0m
2023-01-18 08:40:36,616 - Detector - INFO - [1m[33mInput:     0x81d12c58ffffffffffffffffffffffffffffffff[0m
2023-01-18 08:40:36,616 - Detector - INFO - [1m[33m           fffffffffffffffffffffffffffffffd[0m
2023-01-18 08:40:36,616 - Detector - INFO - [1m[33m-----------------------------------------------------[0m
2023-01-18 08:40:36,931 - Detector - INFO - [1m[31m-----------------------------------------------------[0m
2023-01-18 08:40:36,931 - Detector - INFO - [1m[31m          !!! Integer underflow detected !!!          [0m
2023-01-18 08:40:36,932 - Detector - INFO - [1m[31m-----------------------------------------------------[0m
2023-01-18 08:40:36,932 - Detector - INFO - [1m[31mSWC-ID:   101[0m
2023-01-18 08:40:36,932 - Detector - INFO - [1m[31mSeverity: High[0m
2023-01-18 08:40:36,932 - Detector - INFO - [1m[31m-----------------------------------------------------[0m
2023-01-18 08:40:36,932 - Detector - INFO - [1m[31mSource code line:[0m
2023-01-18 08:40:36,932 - Detector - INFO - [1m[31m-----------------------------------------------------[0m
2023-01-18 08:40:36,932 - Detector - INFO - [1m[31m/sb/0x89c1b3807d4c67df034fffb62f3509561218d30b.sol:65:1[0m
2023-01-18 08:40:36,932 - Detector - INFO - [1m[31m-int(newAddr)[0m
2023-01-18 08:40:36,932 - Detector - INFO - [1m[31m-----------------------------------------------------[0m
2023-01-18 08:40:36,933 - Detector - INFO - [1m[31mTransaction sequence:[0m
2023-01-18 08:40:36,933 - Detector - INFO - [1m[31m-----------------------------------------------------[0m
2023-01-18 08:40:36,933 - Detector - INFO - [1m[31mTransaction - upgrade(address):[0m
2023-01-18 08:40:36,933 - Detector - INFO - [1m[31m-----------------------------------------------------[0m
2023-01-18 08:40:36,933 - Detector - INFO - [1m[31mFrom:      0xcafebabecafebabecafebabecafebabecafebabe[0m
2023-01-18 08:40:36,933 - Detector - INFO - [1m[31mTo:        0x2c5e8a3b3aad9df32339409534e64dfcabcd3a65[0m
2023-01-18 08:40:36,933 - Detector - INFO - [1m[31mValue:     0 Wei[0m
2023-01-18 08:40:36,933 - Detector - INFO - [1m[31mGas Limit: 4500000[0m
2023-01-18 08:40:36,933 - Detector - INFO - [1m[31mInput:     0x0900f010000000000000000000000000cafebabe[0m
2023-01-18 08:40:36,933 - Detector - INFO - [1m[31m           cafebabecafebabecafebabecafebabe[0m
2023-01-18 08:40:36,933 - Detector - INFO - [1m[31m-----------------------------------------------------[0m
2023-01-18 08:40:37,291 - Analysis - INFO - [1mGeneration number 0 	 Code coverage: 46.62% (1262/2707) 	 Branch coverage: 59.38% (114/192) 	 Transactions: 47 (46 unique)   	 Time: 0.9736053943634033[0m
2023-01-18 08:40:38,506 - Detector - INFO - [1m[31m-----------------------------------------------------[0m
2023-01-18 08:40:38,506 - Detector - INFO - [1m[31m          !!! Integer overflow detected !!!          [0m
2023-01-18 08:40:38,507 - Detector - INFO - [1m[31m-----------------------------------------------------[0m
2023-01-18 08:40:38,507 - Detector - INFO - [1m[31mSWC-ID:   101[0m
2023-01-18 08:40:38,507 - Detector - INFO - [1m[31mSeverity: High[0m
2023-01-18 08:40:38,507 - Detector - INFO - [1m[31m-----------------------------------------------------[0m
2023-01-18 08:40:38,507 - Detector - INFO - [1m[31mSource code line:[0m
2023-01-18 08:40:38,507 - Detector - INFO - [1m[31m-----------------------------------------------------[0m
2023-01-18 08:40:38,508 - Detector - INFO - [1m[31m/sb/0x89c1b3807d4c67df034fffb62f3509561218d30b.sol:74:1[0m
2023-01-18 08:40:38,508 - Detector - INFO - [1m[31mprice * minGas[0m
2023-01-18 08:40:38,508 - Detector - INFO - [1m[31m-----------------------------------------------------[0m
2023-01-18 08:40:38,508 - Detector - INFO - [1m[31mTransaction sequence:[0m
2023-01-18 08:40:38,509 - Detector - INFO - [1m[31m-----------------------------------------------------[0m
2023-01-18 08:40:38,509 - Detector - INFO - [1m[31mTransaction 1 - reset(uint256,uint256,uint256):[0m
2023-01-18 08:40:38,509 - Detector - INFO - [1m[31m-----------------------------------------------------[0m
2023-01-18 08:40:38,510 - Detector - INFO - [1m[31mFrom:      0xcafebabecafebabecafebabecafebabecafebabe[0m
2023-01-18 08:40:38,510 - Detector - INFO - [1m[31mTo:        0x2c5e8a3b3aad9df32339409534e64dfcabcd3a65[0m
2023-01-18 08:40:38,510 - Detector - INFO - [1m[31mValue:     0 Wei[0m
2023-01-18 08:40:38,510 - Detector - INFO - [1m[31mGas Limit: 4500000[0m
2023-01-18 08:40:38,511 - Detector - INFO - [1m[31mInput:     0xa6801cbdffffffffffffffffffffffffffffffff[0m
2023-01-18 08:40:38,511 - Detector - INFO - [1m[31m           fffffffffffffffffffffffffffffffeffffffffff[0m
2023-01-18 08:40:38,511 - Detector - INFO - [1m[31m           ffffffffffffffffffffffffffffffffffffffffff[0m
2023-01-18 08:40:38,512 - Detector - INFO - [1m[31m           fffffffffffdcb83e10e85e6f328fba1f7a5c3da27[0m
2023-01-18 08:40:38,512 - Detector - INFO - [1m[31m           f066d3a6f2a7a8efbb17dbaa03c935f603[0m
2023-01-18 08:40:38,512 - Detector - INFO - [1m[31m-----------------------------------------------------[0m
2023-01-18 08:40:38,512 - Detector - INFO - [1m[31mTransaction 2 - GAS_PRICE():[0m
2023-01-18 08:40:38,513 - Detector - INFO - [1m[31m-----------------------------------------------------[0m
2023-01-18 08:40:38,513 - Detector - INFO - [1m[31mFrom:      0xdeadbeefdeadbeefdeadbeefdeadbeefdeadbeef[0m
2023-01-18 08:40:38,513 - Detector - INFO - [1m[31mTo:        0x2c5e8a3b3aad9df32339409534e64dfcabcd3a65[0m
2023-01-18 08:40:38,514 - Detector - INFO - [1m[31mValue:     0 Wei[0m
2023-01-18 08:40:38,514 - Detector - INFO - [1m[31mGas Limit: 4500000[0m
2023-01-18 08:40:38,514 - Detector - INFO - [1m[31mInput:     0x8b0ee5a3[0m
2023-01-18 08:40:38,514 - Detector - INFO - [1m[31m-----------------------------------------------------[0m
2023-01-18 08:40:38,517 - Detector - INFO - [1m[31m-----------------------------------------------------[0m
2023-01-18 08:40:38,517 - Detector - INFO - [1m[31m          !!! Integer overflow detected !!!          [0m
2023-01-18 08:40:38,518 - Detector - INFO - [1m[31m-----------------------------------------------------[0m
2023-01-18 08:40:38,518 - Detector - INFO - [1m[31mSWC-ID:   101[0m
2023-01-18 08:40:38,518 - Detector - INFO - [1m[31mSeverity: High[0m
2023-01-18 08:40:38,518 - Detector - INFO - [1m[31m-----------------------------------------------------[0m
2023-01-18 08:40:38,519 - Detector - INFO - [1m[31mSource code line:[0m
2023-01-18 08:40:38,519 - Detector - INFO - [1m[31m-----------------------------------------------------[0m
2023-01-18 08:40:38,519 - Detector - INFO - [1m[31m/sb/0x89c1b3807d4c67df034fffb62f3509561218d30b.sol:75:1[0m
2023-01-18 08:40:38,519 - Detector - INFO - [1m[31mprice * cancellationGas[0m
2023-01-18 08:40:38,519 - Detector - INFO - [1m[31m-----------------------------------------------------[0m
2023-01-18 08:40:38,519 - Detector - INFO - [1m[31mTransaction sequence:[0m
2023-01-18 08:40:38,520 - Detector - INFO - [1m[31m-----------------------------------------------------[0m
2023-01-18 08:40:38,520 - Detector - INFO - [1m[31mTransaction 1 - reset(uint256,uint256,uint256):[0m
2023-01-18 08:40:38,520 - Detector - INFO - [1m[31m-----------------------------------------------------[0m
2023-01-18 08:40:38,520 - Detector - INFO - [1m[31mFrom:      0xcafebabecafebabecafebabecafebabecafebabe[0m
2023-01-18 08:40:38,520 - Detector - INFO - [1m[31mTo:        0x2c5e8a3b3aad9df32339409534e64dfcabcd3a65[0m
2023-01-18 08:40:38,520 - Detector - INFO - [1m[31mValue:     0 Wei[0m
2023-01-18 08:40:38,521 - Detector - INFO - [1m[31mGas Limit: 4500000[0m
2023-01-18 08:40:38,521 - Detector - INFO - [1m[31mInput:     0xa6801cbdffffffffffffffffffffffffffffffff[0m
2023-01-18 08:40:38,521 - Detector - INFO - [1m[31m           fffffffffffffffffffffffffffffffeffffffffff[0m
2023-01-18 08:40:38,521 - Detector - INFO - [1m[31m           ffffffffffffffffffffffffffffffffffffffffff[0m
2023-01-18 08:40:38,521 - Detector - INFO - [1m[31m           fffffffffffdcb83e10e85e6f328fba1f7a5c3da27[0m
2023-01-18 08:40:38,521 - Detector - INFO - [1m[31m           f066d3a6f2a7a8efbb17dbaa03c935f603[0m
2023-01-18 08:40:38,521 - Detector - INFO - [1m[31m-----------------------------------------------------[0m
2023-01-18 08:40:38,521 - Detector - INFO - [1m[31mTransaction 2 - GAS_PRICE():[0m
2023-01-18 08:40:38,521 - Detector - INFO - [1m[31m-----------------------------------------------------[0m
2023-01-18 08:40:38,522 - Detector - INFO - [1m[31mFrom:      0xdeadbeefdeadbeefdeadbeefdeadbeefdeadbeef[0m
2023-01-18 08:40:38,522 - Detector - INFO - [1m[31mTo:        0x2c5e8a3b3aad9df32339409534e64dfcabcd3a65[0m
2023-01-18 08:40:38,522 - Detector - INFO - [1m[31mValue:     0 Wei[0m
2023-01-18 08:40:38,522 - Detector - INFO - [1m[31mGas Limit: 4500000[0m
2023-01-18 08:40:38,522 - Detector - INFO - [1m[31mInput:     0x8b0ee5a3[0m
2023-01-18 08:40:38,522 - Detector - INFO - [1m[31m-----------------------------------------------------[0m
2023-01-18 08:40:38,582 - Analysis - INFO - [1mGeneration number 1 	 Code coverage: 46.62% (1262/2707) 	 Branch coverage: 60.94% (117/192) 	 Transactions: 100 (70 unique)   	 Time: 2.263894557952881[0m
2023-01-18 08:40:41,126 - Analysis - INFO - [1mGeneration number 2 	 Code coverage: 48.36% (1309/2707) 	 Branch coverage: 64.06% (123/192) 	 Transactions: 196 (95 unique)   	 Time: 4.808687686920166[0m
2023-01-18 08:40:44,142 - Analysis - INFO - [1mGeneration number 3 	 Code coverage: 48.36% (1309/2707) 	 Branch coverage: 64.06% (123/192) 	 Transactions: 338 (122 unique)   	 Time: 7.82401442527771[0m
2023-01-18 08:40:48,505 - Analysis - INFO - [1mGeneration number 4 	 Code coverage: 48.36% (1309/2707) 	 Branch coverage: 64.06% (123/192) 	 Transactions: 505 (153 unique)   	 Time: 12.187304973602295[0m
2023-01-18 08:40:52,827 - Analysis - INFO - [1mGeneration number 5 	 Code coverage: 48.36% (1309/2707) 	 Branch coverage: 64.06% (123/192) 	 Transactions: 673 (178 unique)   	 Time: 16.509686708450317[0m
2023-01-18 08:40:58,179 - Analysis - INFO - [1mGeneration number 6 	 Code coverage: 48.36% (1309/2707) 	 Branch coverage: 64.06% (123/192) 	 Transactions: 859 (207 unique)   	 Time: 21.86099672317505[0m
2023-01-18 08:41:02,947 - Analysis - INFO - [1mGeneration number 7 	 Code coverage: 48.36% (1309/2707) 	 Branch coverage: 64.06% (123/192) 	 Transactions: 1048 (237 unique)   	 Time: 26.62900471687317[0m
2023-01-18 08:41:08,419 - Analysis - INFO - [1mGeneration number 8 	 Code coverage: 66.05% (1788/2707) 	 Branch coverage: 69.27% (133/192) 	 Transactions: 1242 (271 unique)   	 Time: 32.10143566131592[0m
2023-01-18 08:41:13,521 - Analysis - INFO - [1mGeneration number 9 	 Code coverage: 66.05% (1788/2707) 	 Branch coverage: 69.27% (133/192) 	 Transactions: 1453 (307 unique)   	 Time: 37.20329022407532[0m
2023-01-18 08:41:19,834 - Analysis - INFO - [1mGeneration number 10 	 Code coverage: 66.05% (1788/2707) 	 Branch coverage: 69.27% (133/192) 	 Transactions: 1676 (350 unique)   	 Time: 43.51632308959961[0m
2023-01-18 08:41:26,227 - Analysis - INFO - [1mGeneration number 11 	 Code coverage: 66.05% (1788/2707) 	 Branch coverage: 69.27% (133/192) 	 Transactions: 1894 (389 unique)   	 Time: 49.90957260131836[0m
2023-01-18 08:41:31,902 - Analysis - INFO - [1mGeneration number 12 	 Code coverage: 66.05% (1788/2707) 	 Branch coverage: 69.27% (133/192) 	 Transactions: 2097 (427 unique)   	 Time: 55.58483815193176[0m
2023-01-18 08:41:37,589 - Analysis - INFO - [1mGeneration number 13 	 Code coverage: 66.05% (1788/2707) 	 Branch coverage: 69.27% (133/192) 	 Transactions: 2302 (465 unique)   	 Time: 61.271538734436035[0m
2023-01-18 08:41:44,079 - Analysis - INFO - [1mGeneration number 14 	 Code coverage: 66.05% (1788/2707) 	 Branch coverage: 69.27% (133/192) 	 Transactions: 2521 (508 unique)   	 Time: 67.76138424873352[0m
2023-01-18 08:41:50,554 - Analysis - INFO - [1mGeneration number 15 	 Code coverage: 66.05% (1788/2707) 	 Branch coverage: 69.27% (133/192) 	 Transactions: 2746 (551 unique)   	 Time: 74.23642468452454[0m
2023-01-18 08:41:57,386 - Analysis - INFO - [1mGeneration number 16 	 Code coverage: 66.05% (1788/2707) 	 Branch coverage: 69.27% (133/192) 	 Transactions: 2976 (597 unique)   	 Time: 81.0680365562439[0m
2023-01-18 08:42:04,476 - Analysis - INFO - [1mGeneration number 17 	 Code coverage: 66.05% (1788/2707) 	 Branch coverage: 69.27% (133/192) 	 Transactions: 3206 (643 unique)   	 Time: 88.15808725357056[0m
2023-01-18 08:42:10,938 - Analysis - INFO - [1mGeneration number 18 	 Code coverage: 66.05% (1788/2707) 	 Branch coverage: 69.27% (133/192) 	 Transactions: 3436 (689 unique)   	 Time: 94.62031269073486[0m
2023-01-18 08:42:18,007 - Analysis - INFO - [1mGeneration number 19 	 Code coverage: 66.05% (1788/2707) 	 Branch coverage: 69.27% (133/192) 	 Transactions: 3666 (735 unique)   	 Time: 101.68959164619446[0m
2023-01-18 08:42:21,185 - Analysis - INFO - [1mGeneration number 20 	 Code coverage: 70.04% (1896/2707) 	 Branch coverage: 70.83% (136/192) 	 Transactions: 3762 (787 unique)   	 Time: 104.86772584915161[0m
2023-01-18 08:42:25,228 - Analysis - INFO - [1mGeneration number 21 	 Code coverage: 70.93% (1920/2707) 	 Branch coverage: 71.88% (138/192) 	 Transactions: 3846 (814 unique)   	 Time: 108.91035175323486[0m
2023-01-18 08:42:30,221 - Analysis - INFO - [1mGeneration number 22 	 Code coverage: 71.11% (1925/2707) 	 Branch coverage: 72.92% (140/192) 	 Transactions: 3962 (852 unique)   	 Time: 113.9032666683197[0m
2023-01-18 08:42:36,817 - Analysis - INFO - [1mGeneration number 23 	 Code coverage: 71.44% (1934/2707) 	 Branch coverage: 73.96% (142/192) 	 Transactions: 4111 (892 unique)   	 Time: 120.4990611076355[0m
2023-01-18 08:42:43,277 - Analysis - INFO - [1mGeneration number 24 	 Code coverage: 71.44% (1934/2707) 	 Branch coverage: 73.96% (142/192) 	 Transactions: 4265 (930 unique)   	 Time: 126.95941710472107[0m
2023-01-18 08:42:50,625 - Analysis - INFO - [1mGeneration number 25 	 Code coverage: 71.44% (1934/2707) 	 Branch coverage: 73.96% (142/192) 	 Transactions: 4435 (970 unique)   	 Time: 134.3078486919403[0m
2023-01-18 08:43:00,873 - Analysis - INFO - [1mGeneration number 26 	 Code coverage: 71.44% (1934/2707) 	 Branch coverage: 73.96% (142/192) 	 Transactions: 4626 (1014 unique)   	 Time: 144.5557188987732[0m
2023-01-18 08:43:11,628 - Analysis - INFO - [1mGeneration number 27 	 Code coverage: 71.44% (1934/2707) 	 Branch coverage: 73.96% (142/192) 	 Transactions: 4818 (1059 unique)   	 Time: 155.31033968925476[0m
2023-01-18 08:43:22,398 - Analysis - INFO - [1mGeneration number 28 	 Code coverage: 71.44% (1934/2707) 	 Branch coverage: 73.96% (142/192) 	 Transactions: 5026 (1105 unique)   	 Time: 166.08023190498352[0m
2023-01-18 08:43:25,922 - Detector - INFO - [1m[31m-----------------------------------------------------[0m
2023-01-18 08:43:25,922 - Detector - INFO - [1m[31m            !!! Reentrancy detected !!!              [0m
2023-01-18 08:43:25,923 - Detector - INFO - [1m[31m-----------------------------------------------------[0m
2023-01-18 08:43:25,923 - Detector - INFO - [1m[31mSWC-ID:   107[0m
2023-01-18 08:43:25,923 - Detector - INFO - [1m[31mSeverity: High[0m
2023-01-18 08:43:25,923 - Detector - INFO - [1m[31m-----------------------------------------------------[0m
2023-01-18 08:43:25,923 - Detector - INFO - [1m[31mSource code line:[0m
2023-01-18 08:43:25,923 - Detector - INFO - [1m[31m-----------------------------------------------------[0m
2023-01-18 08:43:25,923 - Detector - INFO - [1m[31m/sb/0x89c1b3807d4c67df034fffb62f3509561218d30b.sol:211:1[0m
2023-01-18 08:43:25,923 - Detector - INFO - [1m[31mmsg.sender.call.value(fee - CANCELLATION_FEE)()[0m
2023-01-18 08:43:25,923 - Detector - INFO - [1m[31m-----------------------------------------------------[0m
2023-01-18 08:43:25,923 - Detector - INFO - [1m[31mTransaction sequence:[0m
2023-01-18 08:43:25,924 - Detector - INFO - [1m[31m-----------------------------------------------------[0m
2023-01-18 08:43:25,924 - Detector - INFO - [1m[31mTransaction 1 - reset(uint256,uint256,uint256):[0m
2023-01-18 08:43:25,924 - Detector - INFO - [1m[31m-----------------------------------------------------[0m
2023-01-18 08:43:25,924 - Detector - INFO - [1m[31mFrom:      0xcafebabecafebabecafebabecafebabecafebabe[0m
2023-01-18 08:43:25,924 - Detector - INFO - [1m[31mTo:        0x2c5e8a3b3aad9df32339409534e64dfcabcd3a65[0m
2023-01-18 08:43:25,924 - Detector - INFO - [1m[31mValue:     0 Wei[0m
2023-01-18 08:43:25,924 - Detector - INFO - [1m[31mGas Limit: 4500000[0m
2023-01-18 08:43:25,924 - Detector - INFO - [1m[31mInput:     0xa6801cbd00000000000000000000000000000000[0m
2023-01-18 08:43:25,924 - Detector - INFO - [1m[31m           0000000000000000000000000000000070906fb1d3[0m
2023-01-18 08:43:25,925 - Detector - INFO - [1m[31m           ce9adf230614e418708c378cfa82ed792d24707f0a[0m
2023-01-18 08:43:25,925 - Detector - INFO - [1m[31m           be7344014d777498f690e9b20c0d2f7a45ce21eab5[0m
2023-01-18 08:43:25,925 - Detector - INFO - [1m[31m           61eb5ff8273c183482a2c0f7f1c43f60e5[0m
2023-01-18 08:43:25,925 - Detector - INFO - [1m[31m-----------------------------------------------------[0m
2023-01-18 08:43:25,925 - Detector - INFO - [1m[31mTransaction 2 - request(uint8,address,bytes4,uint256,bytes32[]):[0m
2023-01-18 08:43:25,925 - Detector - INFO - [1m[31m-----------------------------------------------------[0m
2023-01-18 08:43:25,925 - Detector - INFO - [1m[31mFrom:      0x18513702ccd928f2a3eb63d900adf03c9cc81593[0m
2023-01-18 08:43:25,925 - Detector - INFO - [1m[31mTo:        0x2c5e8a3b3aad9df32339409534e64dfcabcd3a65[0m
2023-01-18 08:43:25,925 - Detector - INFO - [1m[31mValue:     1499999999999999 Wei[0m
2023-01-18 08:43:25,925 - Detector - INFO - [1m[31mGas Limit: 4500000[0m
2023-01-18 08:43:25,926 - Detector - INFO - [1m[31mInput:     0x58487bee00000000000000000000000000000000[0m
2023-01-18 08:43:25,926 - Detector - INFO - [1m[31m           000000000000000000000000000000020000000000[0m
2023-01-18 08:43:25,926 - Detector - INFO - [1m[31m           00000000000000deadbeefdeadbeefdeadbeefdead[0m
2023-01-18 08:43:25,926 - Detector - INFO - [1m[31m           beefdeadbeefe81700000000000000000000000000[0m
2023-01-18 08:43:25,926 - Detector - INFO - [1m[31m           000000000000000000000000000000000000000000[0m
2023-01-18 08:43:25,926 - Detector - INFO - [1m[31m           000000000000000000000000000000000000000000[0m
2023-01-18 08:43:25,926 - Detector - INFO - [1m[31m           000000000000010000000000000000000000000000[0m
2023-01-18 08:43:25,926 - Detector - INFO - [1m[31m           0000000000000000000000000000000000a0000000[0m
2023-01-18 08:43:25,926 - Detector - INFO - [1m[31m           000000000000000000000000000000000000000000[0m
2023-01-18 08:43:25,926 - Detector - INFO - [1m[31m           000000000000000235b7581d2767c41b4028113c43[0m
2023-01-18 08:43:25,926 - Detector - INFO - [1m[31m           738f1ce1f48d867ca22b9cc4e25707d556317fc8fb[0m
2023-01-18 08:43:25,927 - Detector - INFO - [1m[31m           bcb562f1d95ded23a6b34ad4f4652398c6101879e8[0m
2023-01-18 08:43:25,927 - Detector - INFO - [1m[31m           8d4e68f41de38edcec[0m
2023-01-18 08:43:25,927 - Detector - INFO - [1m[31m-----------------------------------------------------[0m
2023-01-18 08:43:25,927 - Detector - INFO - [1m[31mTransaction 3 - cancel(uint64):[0m
2023-01-18 08:43:25,927 - Detector - INFO - [1m[31m-----------------------------------------------------[0m
2023-01-18 08:43:25,927 - Detector - INFO - [1m[31mFrom:      0x18513702ccd928f2a3eb63d900adf03c9cc81593[0m
2023-01-18 08:43:25,927 - Detector - INFO - [1m[31mTo:        0x2c5e8a3b3aad9df32339409534e64dfcabcd3a65[0m
2023-01-18 08:43:25,927 - Detector - INFO - [1m[31mValue:     0 Wei[0m
2023-01-18 08:43:25,927 - Detector - INFO - [1m[31mGas Limit: 4500000[0m
2023-01-18 08:43:25,927 - Detector - INFO - [1m[31mInput:     0x4c125e7900000000000000000000000000000000[0m
2023-01-18 08:43:25,927 - Detector - INFO - [1m[31m           00000000000000000000000000000001[0m
2023-01-18 08:43:25,928 - Detector - INFO - [1m[31m-----------------------------------------------------[0m
2023-01-18 08:43:25,928 - Detector - INFO - [1m[31mTransaction 4 - cancel(uint64):[0m
2023-01-18 08:43:25,928 - Detector - INFO - [1m[31m-----------------------------------------------------[0m
2023-01-18 08:43:25,928 - Detector - INFO - [1m[31mFrom:      0x18513702ccd928f2a3eb63d900adf03c9cc81593[0m
2023-01-18 08:43:25,928 - Detector - INFO - [1m[31mTo:        0x2c5e8a3b3aad9df32339409534e64dfcabcd3a65[0m
2023-01-18 08:43:25,928 - Detector - INFO - [1m[31mValue:     0 Wei[0m
2023-01-18 08:43:25,928 - Detector - INFO - [1m[31mGas Limit: 4500000[0m
2023-01-18 08:43:25,928 - Detector - INFO - [1m[31mInput:     0x4c125e7900000000000000000000000000000000[0m
2023-01-18 08:43:25,928 - Detector - INFO - [1m[31m           0000000000000000ffffffffffffffff[0m
2023-01-18 08:43:25,929 - Detector - INFO - [1m[31m-----------------------------------------------------[0m
2023-01-18 08:43:25,929 - Detector - INFO - [1m[31mTransaction 5 - cancel(uint64):[0m
2023-01-18 08:43:25,929 - Detector - INFO - [1m[31m-----------------------------------------------------[0m
2023-01-18 08:43:25,929 - Detector - INFO - [1m[31mFrom:      0xdeadbeefdeadbeefdeadbeefdeadbeefdeadbeef[0m
2023-01-18 08:43:25,929 - Detector - INFO - [1m[31mTo:        0x2c5e8a3b3aad9df32339409534e64dfcabcd3a65[0m
2023-01-18 08:43:25,929 - Detector - INFO - [1m[31mValue:     0 Wei[0m
2023-01-18 08:43:25,929 - Detector - INFO - [1m[31mGas Limit: 4500000[0m
2023-01-18 08:43:25,929 - Detector - INFO - [1m[31mInput:     0x4c125e7900000000000000000000000000000000[0m
2023-01-18 08:43:25,929 - Detector - INFO - [1m[31m           0000000000000000fffffffffffffffe[0m
2023-01-18 08:43:25,929 - Detector - INFO - [1m[31m-----------------------------------------------------[0m
2023-01-18 08:43:33,384 - Analysis - INFO - [1mGeneration number 29 	 Code coverage: 78.43% (2123/2707) 	 Branch coverage: 76.56% (147/192) 	 Transactions: 5236 (1151 unique)   	 Time: 177.06629967689514[0m
2023-01-18 08:43:44,995 - Analysis - INFO - [1mGeneration number 30 	 Code coverage: 78.43% (2123/2707) 	 Branch coverage: 76.56% (147/192) 	 Transactions: 5446 (1197 unique)   	 Time: 188.67742156982422[0m
2023-01-18 08:43:56,877 - Analysis - INFO - [1mGeneration number 31 	 Code coverage: 78.43% (2123/2707) 	 Branch coverage: 76.56% (147/192) 	 Transactions: 5656 (1243 unique)   	 Time: 200.5594630241394[0m
2023-01-18 08:44:10,141 - Analysis - INFO - [1mGeneration number 32 	 Code coverage: 78.43% (2123/2707) 	 Branch coverage: 76.56% (147/192) 	 Transactions: 5869 (1289 unique)   	 Time: 213.82379364967346[0m
2023-01-18 08:44:23,936 - Analysis - INFO - [1mGeneration number 33 	 Code coverage: 78.43% (2123/2707) 	 Branch coverage: 76.56% (147/192) 	 Transactions: 6081 (1335 unique)   	 Time: 227.61818027496338[0m
2023-01-18 08:44:37,174 - Analysis - INFO - [1mGeneration number 34 	 Code coverage: 78.43% (2123/2707) 	 Branch coverage: 76.56% (147/192) 	 Transactions: 6290 (1381 unique)   	 Time: 240.85617589950562[0m
2023-01-18 08:44:51,524 - Analysis - INFO - [1mGeneration number 35 	 Code coverage: 78.43% (2123/2707) 	 Branch coverage: 76.56% (147/192) 	 Transactions: 6502 (1427 unique)   	 Time: 255.20678234100342[0m
2023-01-18 08:45:05,406 - Analysis - INFO - [1mGeneration number 36 	 Code coverage: 78.43% (2123/2707) 	 Branch coverage: 76.56% (147/192) 	 Transactions: 6714 (1473 unique)   	 Time: 269.08795833587646[0m
2023-01-18 08:45:20,521 - Analysis - INFO - [1mGeneration number 37 	 Code coverage: 78.43% (2123/2707) 	 Branch coverage: 76.56% (147/192) 	 Transactions: 6930 (1519 unique)   	 Time: 284.2035913467407[0m
2023-01-18 08:45:36,739 - Analysis - INFO - [1mGeneration number 38 	 Code coverage: 78.43% (2123/2707) 	 Branch coverage: 76.56% (147/192) 	 Transactions: 7145 (1565 unique)   	 Time: 300.42145228385925[0m
2023-01-18 08:45:52,789 - Analysis - INFO - [1mGeneration number 39 	 Code coverage: 78.43% (2123/2707) 	 Branch coverage: 76.56% (147/192) 	 Transactions: 7360 (1611 unique)   	 Time: 316.47159457206726[0m
2023-01-18 08:46:08,147 - Analysis - INFO - [1mGeneration number 40 	 Code coverage: 78.43% (2123/2707) 	 Branch coverage: 76.56% (147/192) 	 Transactions: 7582 (1657 unique)   	 Time: 331.8295912742615[0m
2023-01-18 08:46:11,126 - Analysis - INFO - [1mGeneration number 41 	 Code coverage: 78.43% (2123/2707) 	 Branch coverage: 76.56% (147/192) 	 Transactions: 7671 (1694 unique)   	 Time: 334.8079435825348[0m
2023-01-18 08:46:16,883 - Analysis - INFO - [1mGeneration number 42 	 Code coverage: 78.43% (2123/2707) 	 Branch coverage: 76.56% (147/192) 	 Transactions: 7799 (1729 unique)   	 Time: 340.5650658607483[0m
2023-01-18 08:46:23,711 - Analysis - INFO - [1mGeneration number 43 	 Code coverage: 78.43% (2123/2707) 	 Branch coverage: 76.56% (147/192) 	 Transactions: 7954 (1768 unique)   	 Time: 347.3935875892639[0m
2023-01-18 08:46:31,604 - Analysis - INFO - [1mGeneration number 44 	 Code coverage: 78.43% (2123/2707) 	 Branch coverage: 76.56% (147/192) 	 Transactions: 8124 (1811 unique)   	 Time: 355.28644943237305[0m
2023-01-18 08:46:40,416 - Analysis - INFO - [1mGeneration number 45 	 Code coverage: 78.43% (2123/2707) 	 Branch coverage: 76.56% (147/192) 	 Transactions: 8308 (1856 unique)   	 Time: 364.0985178947449[0m
2023-01-18 08:46:49,541 - Analysis - INFO - [1mGeneration number 46 	 Code coverage: 81.23% (2199/2707) 	 Branch coverage: 79.69% (153/192) 	 Transactions: 8499 (1902 unique)   	 Time: 373.223757982254[0m
2023-01-18 08:46:58,648 - Analysis - INFO - [1mGeneration number 47 	 Code coverage: 81.23% (2199/2707) 	 Branch coverage: 79.69% (153/192) 	 Transactions: 8695 (1947 unique)   	 Time: 382.3301885128021[0m
2023-01-18 08:47:09,209 - Analysis - INFO - [1mGeneration number 48 	 Code coverage: 81.23% (2199/2707) 	 Branch coverage: 79.69% (153/192) 	 Transactions: 8894 (1992 unique)   	 Time: 392.8917820453644[0m
2023-01-18 08:47:20,201 - Analysis - INFO - [1mGeneration number 49 	 Code coverage: 81.23% (2199/2707) 	 Branch coverage: 79.69% (153/192) 	 Transactions: 9098 (2037 unique)   	 Time: 403.8836965560913[0m
2023-01-18 08:47:31,697 - Analysis - INFO - [1mGeneration number 50 	 Code coverage: 81.23% (2199/2707) 	 Branch coverage: 79.69% (153/192) 	 Transactions: 9300 (2083 unique)   	 Time: 415.37980556488037[0m
2023-01-18 08:47:43,140 - Analysis - INFO - [1mGeneration number 51 	 Code coverage: 81.23% (2199/2707) 	 Branch coverage: 79.69% (153/192) 	 Transactions: 9502 (2129 unique)   	 Time: 426.82282757759094[0m
2023-01-18 08:47:55,279 - Analysis - INFO - [1mGeneration number 52 	 Code coverage: 81.23% (2199/2707) 	 Branch coverage: 79.69% (153/192) 	 Transactions: 9709 (2175 unique)   	 Time: 438.96159386634827[0m
2023-01-18 08:48:06,718 - Analysis - INFO - [1mGeneration number 53 	 Code coverage: 81.23% (2199/2707) 	 Branch coverage: 79.69% (153/192) 	 Transactions: 9911 (2221 unique)   	 Time: 450.4001986980438[0m
2023-01-18 08:48:17,408 - Analysis - INFO - [1mGeneration number 54 	 Code coverage: 81.23% (2199/2707) 	 Branch coverage: 79.69% (153/192) 	 Transactions: 10112 (2267 unique)   	 Time: 461.0901584625244[0m
2023-01-18 08:48:28,568 - Analysis - INFO - [1mGeneration number 55 	 Code coverage: 81.23% (2199/2707) 	 Branch coverage: 79.69% (153/192) 	 Transactions: 10312 (2313 unique)   	 Time: 472.25067043304443[0m
2023-01-18 08:48:39,168 - Analysis - INFO - [1mGeneration number 56 	 Code coverage: 81.23% (2199/2707) 	 Branch coverage: 79.69% (153/192) 	 Transactions: 10515 (2359 unique)   	 Time: 482.8506028652191[0m
2023-01-18 08:48:49,810 - Analysis - INFO - [1mGeneration number 57 	 Code coverage: 81.23% (2199/2707) 	 Branch coverage: 79.69% (153/192) 	 Transactions: 10719 (2405 unique)   	 Time: 493.492556810379[0m
2023-01-18 08:48:52,689 - Analysis - INFO - [1mGeneration number 58 	 Code coverage: 81.23% (2199/2707) 	 Branch coverage: 79.69% (153/192) 	 Transactions: 10814 (2437 unique)   	 Time: 496.3716003894806[0m
2023-01-18 08:48:56,929 - Analysis - INFO - [1mGeneration number 59 	 Code coverage: 81.23% (2199/2707) 	 Branch coverage: 79.69% (153/192) 	 Transactions: 10942 (2473 unique)   	 Time: 500.61151218414307[0m
2023-01-18 08:49:01,269 - Analysis - INFO - [1mGeneration number 60 	 Code coverage: 81.23% (2199/2707) 	 Branch coverage: 79.69% (153/192) 	 Transactions: 11076 (2505 unique)   	 Time: 504.95088386535645[0m
2023-01-18 08:49:06,296 - Analysis - INFO - [1mGeneration number 61 	 Code coverage: 81.23% (2199/2707) 	 Branch coverage: 79.69% (153/192) 	 Transactions: 11227 (2540 unique)   	 Time: 509.9788296222687[0m
2023-01-18 08:49:12,218 - Analysis - INFO - [1mGeneration number 62 	 Code coverage: 81.23% (2199/2707) 	 Branch coverage: 79.69% (153/192) 	 Transactions: 11384 (2577 unique)   	 Time: 515.9000136852264[0m
2023-01-18 08:49:18,526 - Analysis - INFO - [1mGeneration number 63 	 Code coverage: 81.23% (2199/2707) 	 Branch coverage: 79.69% (153/192) 	 Transactions: 11554 (2618 unique)   	 Time: 522.2087771892548[0m
2023-01-18 08:49:24,695 - Analysis - INFO - [1mGeneration number 64 	 Code coverage: 81.23% (2199/2707) 	 Branch coverage: 79.69% (153/192) 	 Transactions: 11727 (2661 unique)   	 Time: 528.3770287036896[0m
2023-01-18 08:49:31,017 - Analysis - INFO - [1mGeneration number 65 	 Code coverage: 81.23% (2199/2707) 	 Branch coverage: 79.69% (153/192) 	 Transactions: 11900 (2703 unique)   	 Time: 534.6991791725159[0m
2023-01-18 08:49:37,868 - Analysis - INFO - [1mGeneration number 66 	 Code coverage: 81.23% (2199/2707) 	 Branch coverage: 79.69% (153/192) 	 Transactions: 12079 (2748 unique)   	 Time: 541.5499567985535[0m
2023-01-18 08:49:45,251 - Analysis - INFO - [1mGeneration number 67 	 Code coverage: 81.23% (2199/2707) 	 Branch coverage: 79.69% (153/192) 	 Transactions: 12263 (2791 unique)   	 Time: 548.9335398674011[0m
2023-01-18 08:49:49,590 - Analysis - INFO - [1mGeneration number 68 	 Code coverage: 81.23% (2199/2707) 	 Branch coverage: 79.69% (153/192) 	 Transactions: 12359 (2822 unique)   	 Time: 553.2720012664795[0m
2023-01-18 08:49:55,325 - Analysis - INFO - [1mGeneration number 69 	 Code coverage: 81.23% (2199/2707) 	 Branch coverage: 79.69% (153/192) 	 Transactions: 12472 (2855 unique)   	 Time: 559.00701212883[0m
2023-01-18 08:50:01,611 - Analysis - INFO - [1mGeneration number 70 	 Code coverage: 81.23% (2199/2707) 	 Branch coverage: 79.69% (153/192) 	 Transactions: 12618 (2890 unique)   	 Time: 565.2929065227509[0m
2023-01-18 08:50:09,285 - Analysis - INFO - [1mGeneration number 71 	 Code coverage: 81.23% (2199/2707) 	 Branch coverage: 79.69% (153/192) 	 Transactions: 12787 (2930 unique)   	 Time: 572.9677610397339[0m
2023-01-18 08:50:17,522 - Analysis - INFO - [1mGeneration number 72 	 Code coverage: 81.23% (2199/2707) 	 Branch coverage: 79.69% (153/192) 	 Transactions: 12966 (2968 unique)   	 Time: 581.2041459083557[0m
2023-01-18 08:50:25,841 - Analysis - INFO - [1mGeneration number 73 	 Code coverage: 81.23% (2199/2707) 	 Branch coverage: 79.69% (153/192) 	 Transactions: 13157 (3009 unique)   	 Time: 589.5230932235718[0m
2023-01-18 08:50:35,176 - Analysis - INFO - [1mGeneration number 74 	 Code coverage: 81.23% (2199/2707) 	 Branch coverage: 79.69% (153/192) 	 Transactions: 13363 (3049 unique)   	 Time: 598.858243227005[0m
2023-01-18 08:50:44,157 - Analysis - INFO - [1mGeneration number 75 	 Code coverage: 81.23% (2199/2707) 	 Branch coverage: 79.69% (153/192) 	 Transactions: 13570 (3088 unique)   	 Time: 607.8388879299164[0m
2023-01-18 08:50:53,374 - Analysis - INFO - [1mGeneration number 76 	 Code coverage: 81.23% (2199/2707) 	 Branch coverage: 79.69% (153/192) 	 Transactions: 13789 (3132 unique)   	 Time: 617.0567045211792[0m
2023-01-18 08:51:02,780 - Analysis - INFO - [1mGeneration number 77 	 Code coverage: 81.23% (2199/2707) 	 Branch coverage: 79.69% (153/192) 	 Transactions: 14006 (3177 unique)   	 Time: 626.4622917175293[0m
2023-01-18 08:51:07,514 - Analysis - INFO - [1mGeneration number 78 	 Code coverage: 81.23% (2199/2707) 	 Branch coverage: 79.69% (153/192) 	 Transactions: 14100 (3208 unique)   	 Time: 631.1966626644135[0m
2023-01-18 08:51:13,841 - Analysis - INFO - [1mGeneration number 79 	 Code coverage: 81.23% (2199/2707) 	 Branch coverage: 79.69% (153/192) 	 Transactions: 14210 (3237 unique)   	 Time: 637.523595571518[0m
2023-01-18 08:51:21,419 - Analysis - INFO - [1mGeneration number 80 	 Code coverage: 81.23% (2199/2707) 	 Branch coverage: 79.69% (153/192) 	 Transactions: 14350 (3273 unique)   	 Time: 645.1009275913239[0m
2023-01-18 08:51:30,562 - Analysis - INFO - [1mGeneration number 81 	 Code coverage: 81.23% (2199/2707) 	 Branch coverage: 79.69% (153/192) 	 Transactions: 14508 (3313 unique)   	 Time: 654.2443504333496[0m
2023-01-18 08:51:39,490 - Analysis - INFO - [1mGeneration number 82 	 Code coverage: 81.23% (2199/2707) 	 Branch coverage: 79.69% (153/192) 	 Transactions: 14687 (3354 unique)   	 Time: 663.172429561615[0m
2023-01-18 08:51:50,068 - Analysis - INFO - [1mGeneration number 83 	 Code coverage: 81.23% (2199/2707) 	 Branch coverage: 79.69% (153/192) 	 Transactions: 14865 (3393 unique)   	 Time: 673.7501974105835[0m
2023-01-18 08:52:01,348 - Analysis - INFO - [1mGeneration number 84 	 Code coverage: 81.23% (2199/2707) 	 Branch coverage: 79.69% (153/192) 	 Transactions: 15058 (3435 unique)   	 Time: 685.0303168296814[0m
2023-01-18 08:52:13,624 - Analysis - INFO - [1mGeneration number 85 	 Code coverage: 81.23% (2199/2707) 	 Branch coverage: 79.69% (153/192) 	 Transactions: 15258 (3478 unique)   	 Time: 697.3060052394867[0m
2023-01-18 08:52:25,426 - Analysis - INFO - [1mGeneration number 86 	 Code coverage: 81.23% (2199/2707) 	 Branch coverage: 79.69% (153/192) 	 Transactions: 15451 (3519 unique)   	 Time: 709.1086661815643[0m
2023-01-18 08:52:37,294 - Analysis - INFO - [1mGeneration number 87 	 Code coverage: 81.23% (2199/2707) 	 Branch coverage: 79.69% (153/192) 	 Transactions: 15651 (3562 unique)   	 Time: 720.9763684272766[0m
2023-01-18 08:52:42,554 - Analysis - INFO - [1mGeneration number 88 	 Code coverage: 81.23% (2199/2707) 	 Branch coverage: 79.69% (153/192) 	 Transactions: 15748 (3595 unique)   	 Time: 726.2365729808807[0m
2023-01-18 08:52:48,899 - Analysis - INFO - [1mGeneration number 89 	 Code coverage: 81.23% (2199/2707) 	 Branch coverage: 79.69% (153/192) 	 Transactions: 15878 (3631 unique)   	 Time: 732.581166267395[0m
2023-01-18 08:52:56,641 - Analysis - INFO - [1mGeneration number 90 	 Code coverage: 81.23% (2199/2707) 	 Branch coverage: 79.69% (153/192) 	 Transactions: 16029 (3672 unique)   	 Time: 740.3238291740417[0m
2023-01-18 08:53:05,676 - Analysis - INFO - [1mGeneration number 91 	 Code coverage: 81.23% (2199/2707) 	 Branch coverage: 79.69% (153/192) 	 Transactions: 16198 (3716 unique)   	 Time: 749.3579351902008[0m
2023-01-18 08:53:15,328 - Analysis - INFO - [1mGeneration number 92 	 Code coverage: 81.23% (2199/2707) 	 Branch coverage: 79.69% (153/192) 	 Transactions: 16373 (3757 unique)   	 Time: 759.0101184844971[0m
2023-01-18 08:53:25,763 - Analysis - INFO - [1mGeneration number 93 	 Code coverage: 81.23% (2199/2707) 	 Branch coverage: 79.69% (153/192) 	 Transactions: 16563 (3802 unique)   	 Time: 769.4450562000275[0m
2023-01-18 08:53:37,236 - Analysis - INFO - [1mGeneration number 94 	 Code coverage: 81.23% (2199/2707) 	 Branch coverage: 79.69% (153/192) 	 Transactions: 16761 (3848 unique)   	 Time: 780.9179201126099[0m
2023-01-18 08:53:48,829 - Analysis - INFO - [1mGeneration number 95 	 Code coverage: 81.23% (2199/2707) 	 Branch coverage: 79.69% (153/192) 	 Transactions: 16957 (3892 unique)   	 Time: 792.5116908550262[0m
2023-01-18 08:54:00,874 - Analysis - INFO - [1mGeneration number 96 	 Code coverage: 81.34% (2202/2707) 	 Branch coverage: 80.21% (154/192) 	 Transactions: 17148 (3938 unique)   	 Time: 804.5558884143829[0m
2023-01-18 08:54:11,475 - Analysis - INFO - [1mGeneration number 97 	 Code coverage: 81.34% (2202/2707) 	 Branch coverage: 80.21% (154/192) 	 Transactions: 17354 (3984 unique)   	 Time: 815.1574156284332[0m
2023-01-18 08:54:23,142 - Analysis - INFO - [1mGeneration number 98 	 Code coverage: 81.34% (2202/2707) 	 Branch coverage: 80.21% (154/192) 	 Transactions: 17560 (4030 unique)   	 Time: 826.8241369724274[0m
2023-01-18 08:54:35,019 - Analysis - INFO - [1mGeneration number 99 	 Code coverage: 81.34% (2202/2707) 	 Branch coverage: 80.21% (154/192) 	 Transactions: 17769 (4076 unique)   	 Time: 838.701144695282[0m
2023-01-18 08:54:46,933 - Analysis - INFO - [1mGeneration number 100 	 Code coverage: 81.34% (2202/2707) 	 Branch coverage: 80.21% (154/192) 	 Transactions: 17978 (4122 unique)   	 Time: 850.6151330471039[0m
2023-01-18 08:54:58,986 - Analysis - INFO - [1mGeneration number 101 	 Code coverage: 81.34% (2202/2707) 	 Branch coverage: 80.21% (154/192) 	 Transactions: 18189 (4168 unique)   	 Time: 862.6687092781067[0m
2023-01-18 08:55:11,267 - Analysis - INFO - [1mGeneration number 102 	 Code coverage: 81.34% (2202/2707) 	 Branch coverage: 80.21% (154/192) 	 Transactions: 18397 (4214 unique)   	 Time: 874.9498646259308[0m
2023-01-18 08:55:23,453 - Analysis - INFO - [1mGeneration number 103 	 Code coverage: 81.34% (2202/2707) 	 Branch coverage: 80.21% (154/192) 	 Transactions: 18605 (4260 unique)   	 Time: 887.135326385498[0m
2023-01-18 08:55:35,541 - Analysis - INFO - [1mGeneration number 104 	 Code coverage: 81.34% (2202/2707) 	 Branch coverage: 80.21% (154/192) 	 Transactions: 18810 (4305 unique)   	 Time: 899.2230112552643[0m
2023-01-18 08:55:47,879 - Analysis - INFO - [1mGeneration number 105 	 Code coverage: 81.34% (2202/2707) 	 Branch coverage: 80.21% (154/192) 	 Transactions: 19017 (4350 unique)   	 Time: 911.561380147934[0m
2023-01-18 08:55:59,677 - Analysis - INFO - [1mGeneration number 106 	 Code coverage: 81.34% (2202/2707) 	 Branch coverage: 80.21% (154/192) 	 Transactions: 19225 (4396 unique)   	 Time: 923.3594551086426[0m
2023-01-18 08:56:11,978 - Analysis - INFO - [1mGeneration number 107 	 Code coverage: 81.34% (2202/2707) 	 Branch coverage: 80.21% (154/192) 	 Transactions: 19438 (4441 unique)   	 Time: 935.6603436470032[0m
2023-01-18 08:56:15,143 - Analysis - INFO - [1mGeneration number 108 	 Code coverage: 81.34% (2202/2707) 	 Branch coverage: 80.21% (154/192) 	 Transactions: 19539 (4474 unique)   	 Time: 938.8252980709076[0m
2023-01-18 08:56:18,545 - Analysis - INFO - [1mGeneration number 109 	 Code coverage: 81.34% (2202/2707) 	 Branch coverage: 80.21% (154/192) 	 Transactions: 19648 (4503 unique)   	 Time: 942.2278492450714[0m
2023-01-18 08:56:23,051 - Analysis - INFO - [1mGeneration number 110 	 Code coverage: 81.34% (2202/2707) 	 Branch coverage: 80.21% (154/192) 	 Transactions: 19800 (4539 unique)   	 Time: 946.7328815460205[0m
2023-01-18 08:56:28,713 - Analysis - INFO - [1mGeneration number 111 	 Code coverage: 81.34% (2202/2707) 	 Branch coverage: 80.21% (154/192) 	 Transactions: 19975 (4581 unique)   	 Time: 952.3953037261963[0m
2023-01-18 08:56:34,155 - Analysis - INFO - [1mGeneration number 112 	 Code coverage: 81.34% (2202/2707) 	 Branch coverage: 80.21% (154/192) 	 Transactions: 20162 (4625 unique)   	 Time: 957.8377850055695[0m
2023-01-18 08:56:39,602 - Analysis - INFO - [1mGeneration number 113 	 Code coverage: 81.34% (2202/2707) 	 Branch coverage: 80.21% (154/192) 	 Transactions: 20351 (4666 unique)   	 Time: 963.283979177475[0m
2023-01-18 08:56:45,667 - Analysis - INFO - [1mGeneration number 114 	 Code coverage: 81.34% (2202/2707) 	 Branch coverage: 80.21% (154/192) 	 Transactions: 20556 (4710 unique)   	 Time: 969.3492617607117[0m
2023-01-18 08:56:51,955 - Analysis - INFO - [1mGeneration number 115 	 Code coverage: 81.34% (2202/2707) 	 Branch coverage: 80.21% (154/192) 	 Transactions: 20761 (4756 unique)   	 Time: 975.637175321579[0m
2023-01-18 08:56:58,551 - Analysis - INFO - [1mGeneration number 116 	 Code coverage: 81.34% (2202/2707) 	 Branch coverage: 80.21% (154/192) 	 Transactions: 20971 (4802 unique)   	 Time: 982.233469247818[0m
2023-01-18 08:57:05,566 - Analysis - INFO - [1mGeneration number 117 	 Code coverage: 81.34% (2202/2707) 	 Branch coverage: 80.21% (154/192) 	 Transactions: 21174 (4848 unique)   	 Time: 989.2481501102448[0m
2023-01-18 08:57:08,574 - Analysis - INFO - [1mGeneration number 118 	 Code coverage: 81.34% (2202/2707) 	 Branch coverage: 80.21% (154/192) 	 Transactions: 21267 (4877 unique)   	 Time: 992.2568180561066[0m
2023-01-18 08:57:12,076 - Analysis - INFO - [1mGeneration number 119 	 Code coverage: 81.46% (2205/2707) 	 Branch coverage: 80.73% (155/192) 	 Transactions: 21365 (4904 unique)   	 Time: 995.7582683563232[0m
2023-01-18 08:57:16,835 - Analysis - INFO - [1mGeneration number 120 	 Code coverage: 81.46% (2205/2707) 	 Branch coverage: 80.73% (155/192) 	 Transactions: 21499 (4938 unique)   	 Time: 1000.5177466869354[0m
2023-01-18 08:57:21,709 - Analysis - INFO - [1mGeneration number 121 	 Code coverage: 81.46% (2205/2707) 	 Branch coverage: 80.73% (155/192) 	 Transactions: 21649 (4972 unique)   	 Time: 1005.3914489746094[0m
2023-01-18 08:57:27,372 - Analysis - INFO - [1mGeneration number 122 	 Code coverage: 81.46% (2205/2707) 	 Branch coverage: 80.73% (155/192) 	 Transactions: 21809 (5006 unique)   	 Time: 1011.0544393062592[0m
2023-01-18 08:57:34,124 - Analysis - INFO - [1mGeneration number 123 	 Code coverage: 81.46% (2205/2707) 	 Branch coverage: 80.73% (155/192) 	 Transactions: 21988 (5043 unique)   	 Time: 1017.8062627315521[0m
2023-01-18 08:57:41,321 - Analysis - INFO - [1mGeneration number 124 	 Code coverage: 81.46% (2205/2707) 	 Branch coverage: 80.73% (155/192) 	 Transactions: 22179 (5085 unique)   	 Time: 1025.0035853385925[0m
2023-01-18 08:57:49,028 - Analysis - INFO - [1mGeneration number 125 	 Code coverage: 81.46% (2205/2707) 	 Branch coverage: 80.73% (155/192) 	 Transactions: 22388 (5129 unique)   	 Time: 1032.7103967666626[0m
2023-01-18 08:57:57,087 - Analysis - INFO - [1mGeneration number 126 	 Code coverage: 81.46% (2205/2707) 	 Branch coverage: 80.73% (155/192) 	 Transactions: 22607 (5175 unique)   	 Time: 1040.7696495056152[0m
2023-01-18 08:58:05,443 - Analysis - INFO - [1mGeneration number 127 	 Code coverage: 81.46% (2205/2707) 	 Branch coverage: 80.73% (155/192) 	 Transactions: 22823 (5221 unique)   	 Time: 1049.1258006095886[0m
2023-01-18 08:58:14,855 - Analysis - INFO - [1mGeneration number 128 	 Code coverage: 81.46% (2205/2707) 	 Branch coverage: 80.73% (155/192) 	 Transactions: 23043 (5267 unique)   	 Time: 1058.5372669696808[0m
2023-01-18 08:58:23,413 - Analysis - INFO - [1mGeneration number 129 	 Code coverage: 81.46% (2205/2707) 	 Branch coverage: 80.73% (155/192) 	 Transactions: 23263 (5312 unique)   	 Time: 1067.0955049991608[0m
2023-01-18 08:58:31,977 - Analysis - INFO - [1mGeneration number 130 	 Code coverage: 81.46% (2205/2707) 	 Branch coverage: 80.73% (155/192) 	 Transactions: 23486 (5358 unique)   	 Time: 1075.659705400467[0m
2023-01-18 08:58:35,391 - Analysis - INFO - [1mGeneration number 131 	 Code coverage: 81.46% (2205/2707) 	 Branch coverage: 80.73% (155/192) 	 Transactions: 23579 (5387 unique)   	 Time: 1079.0733864307404[0m
2023-01-18 08:58:40,269 - Analysis - INFO - [1mGeneration number 132 	 Code coverage: 81.46% (2205/2707) 	 Branch coverage: 80.73% (155/192) 	 Transactions: 23709 (5425 unique)   	 Time: 1083.9517097473145[0m
2023-01-18 08:58:45,827 - Analysis - INFO - [1mGeneration number 133 	 Code coverage: 81.46% (2205/2707) 	 Branch coverage: 80.73% (155/192) 	 Transactions: 23862 (5464 unique)   	 Time: 1089.5093796253204[0m
2023-01-18 08:58:51,988 - Analysis - INFO - [1mGeneration number 134 	 Code coverage: 81.46% (2205/2707) 	 Branch coverage: 80.73% (155/192) 	 Transactions: 24035 (5502 unique)   	 Time: 1095.6708190441132[0m
2023-01-18 08:58:57,915 - Analysis - INFO - [1mGeneration number 135 	 Code coverage: 81.46% (2205/2707) 	 Branch coverage: 80.73% (155/192) 	 Transactions: 24207 (5543 unique)   	 Time: 1101.5975952148438[0m
2023-01-18 08:59:04,116 - Analysis - INFO - [1mGeneration number 136 	 Code coverage: 81.46% (2205/2707) 	 Branch coverage: 80.73% (155/192) 	 Transactions: 24371 (5584 unique)   	 Time: 1107.79869222641[0m
2023-01-18 08:59:11,167 - Analysis - INFO - [1mGeneration number 137 	 Code coverage: 81.46% (2205/2707) 	 Branch coverage: 80.73% (155/192) 	 Transactions: 24544 (5624 unique)   	 Time: 1114.8497304916382[0m
2023-01-18 08:59:18,399 - Analysis - INFO - [1mGeneration number 138 	 Code coverage: 81.46% (2205/2707) 	 Branch coverage: 80.73% (155/192) 	 Transactions: 24722 (5668 unique)   	 Time: 1122.0811507701874[0m
2023-01-18 08:59:26,101 - Analysis - INFO - [1mGeneration number 139 	 Code coverage: 81.46% (2205/2707) 	 Branch coverage: 80.73% (155/192) 	 Transactions: 24903 (5713 unique)   	 Time: 1129.7835874557495[0m
2023-01-18 08:59:33,838 - Analysis - INFO - [1mGeneration number 140 	 Code coverage: 81.46% (2205/2707) 	 Branch coverage: 80.73% (155/192) 	 Transactions: 25088 (5759 unique)   	 Time: 1137.5208308696747[0m
2023-01-18 08:59:37,010 - Analysis - INFO - [1mGeneration number 141 	 Code coverage: 81.46% (2205/2707) 	 Branch coverage: 80.73% (155/192) 	 Transactions: 25192 (5791 unique)   	 Time: 1140.6921153068542[0m
2023-01-18 08:59:42,468 - Analysis - INFO - [1mGeneration number 142 	 Code coverage: 81.46% (2205/2707) 	 Branch coverage: 80.73% (155/192) 	 Transactions: 25328 (5828 unique)   	 Time: 1146.1500256061554[0m
2023-01-18 08:59:48,865 - Analysis - INFO - [1mGeneration number 143 	 Code coverage: 81.46% (2205/2707) 	 Branch coverage: 80.73% (155/192) 	 Transactions: 25488 (5868 unique)   	 Time: 1152.5478022098541[0m
2023-01-18 08:59:55,280 - Analysis - INFO - [1mGeneration number 144 	 Code coverage: 81.46% (2205/2707) 	 Branch coverage: 80.73% (155/192) 	 Transactions: 25658 (5908 unique)   	 Time: 1158.9619734287262[0m
2023-01-18 09:00:03,267 - Analysis - INFO - [1mGeneration number 145 	 Code coverage: 81.46% (2205/2707) 	 Branch coverage: 80.73% (155/192) 	 Transactions: 25834 (5949 unique)   	 Time: 1166.949078798294[0m
2023-01-18 09:00:11,629 - Analysis - INFO - [1mGeneration number 146 	 Code coverage: 81.46% (2205/2707) 	 Branch coverage: 80.73% (155/192) 	 Transactions: 26012 (5994 unique)   	 Time: 1175.311592578888[0m
2023-01-18 09:00:20,234 - Analysis - INFO - [1mGeneration number 147 	 Code coverage: 81.46% (2205/2707) 	 Branch coverage: 80.73% (155/192) 	 Transactions: 26187 (6040 unique)   	 Time: 1183.9161624908447[0m
2023-01-18 09:00:28,987 - Analysis - INFO - [1mGeneration number 148 	 Code coverage: 81.46% (2205/2707) 	 Branch coverage: 80.73% (155/192) 	 Transactions: 26363 (6086 unique)   	 Time: 1192.6689960956573[0m
2023-01-18 09:00:38,451 - Analysis - INFO - [1mGeneration number 149 	 Code coverage: 81.46% (2205/2707) 	 Branch coverage: 80.73% (155/192) 	 Transactions: 26548 (6132 unique)   	 Time: 1202.1336333751678[0m
2023-01-18 09:00:47,963 - Analysis - INFO - [1mGeneration number 150 	 Code coverage: 81.46% (2205/2707) 	 Branch coverage: 80.73% (155/192) 	 Transactions: 26735 (6178 unique)   	 Time: 1211.6457126140594[0m
2023-01-18 09:00:51,178 - Analysis - INFO - [1mGeneration number 151 	 Code coverage: 81.46% (2205/2707) 	 Branch coverage: 80.73% (155/192) 	 Transactions: 26829 (6206 unique)   	 Time: 1214.8605966567993[0m
2023-01-18 09:00:55,268 - Analysis - INFO - [1mGeneration number 152 	 Code coverage: 81.46% (2205/2707) 	 Branch coverage: 80.73% (155/192) 	 Transactions: 26930 (6236 unique)   	 Time: 1218.9506673812866[0m
2023-01-18 09:01:01,041 - Analysis - INFO - [1mGeneration number 153 	 Code coverage: 81.46% (2205/2707) 	 Branch coverage: 80.73% (155/192) 	 Transactions: 27069 (6269 unique)   	 Time: 1224.723751783371[0m
2023-01-18 09:01:07,671 - Analysis - INFO - [1mGeneration number 154 	 Code coverage: 81.46% (2205/2707) 	 Branch coverage: 80.73% (155/192) 	 Transactions: 27229 (6308 unique)   	 Time: 1231.3535704612732[0m
2023-01-18 09:01:15,157 - Analysis - INFO - [1mGeneration number 155 	 Code coverage: 81.46% (2205/2707) 	 Branch coverage: 80.73% (155/192) 	 Transactions: 27402 (6346 unique)   	 Time: 1238.8391754627228[0m
2023-01-18 09:01:22,656 - Analysis - INFO - [1mGeneration number 156 	 Code coverage: 81.46% (2205/2707) 	 Branch coverage: 80.73% (155/192) 	 Transactions: 27575 (6385 unique)   	 Time: 1246.3382885456085[0m
2023-01-18 09:01:30,643 - Analysis - INFO - [1mGeneration number 157 	 Code coverage: 81.46% (2205/2707) 	 Branch coverage: 80.73% (155/192) 	 Transactions: 27766 (6428 unique)   	 Time: 1254.3252425193787[0m
2023-01-18 09:01:38,632 - Analysis - INFO - [1mGeneration number 158 	 Code coverage: 81.46% (2205/2707) 	 Branch coverage: 80.73% (155/192) 	 Transactions: 27963 (6469 unique)   	 Time: 1262.314088344574[0m
2023-01-18 09:01:48,234 - Analysis - INFO - [1mGeneration number 159 	 Code coverage: 81.46% (2205/2707) 	 Branch coverage: 80.73% (155/192) 	 Transactions: 28170 (6513 unique)   	 Time: 1271.9160783290863[0m
2023-01-18 09:01:58,283 - Analysis - INFO - [1mGeneration number 160 	 Code coverage: 81.46% (2205/2707) 	 Branch coverage: 80.73% (155/192) 	 Transactions: 28375 (6558 unique)   	 Time: 1281.9652545452118[0m
2023-01-18 09:02:01,195 - Analysis - INFO - [1mGeneration number 161 	 Code coverage: 81.46% (2205/2707) 	 Branch coverage: 80.73% (155/192) 	 Transactions: 28458 (6577 unique)   	 Time: 1284.8770515918732[0m
2023-01-18 09:02:04,779 - Analysis - INFO - [1mGeneration number 162 	 Code coverage: 81.46% (2205/2707) 	 Branch coverage: 80.73% (155/192) 	 Transactions: 28551 (6604 unique)   	 Time: 1288.4612956047058[0m
2023-01-18 09:02:09,715 - Analysis - INFO - [1mGeneration number 163 	 Code coverage: 81.46% (2205/2707) 	 Branch coverage: 80.73% (155/192) 	 Transactions: 28684 (6635 unique)   	 Time: 1293.3974089622498[0m
2023-01-18 09:02:16,476 - Analysis - INFO - [1mGeneration number 164 	 Code coverage: 81.46% (2205/2707) 	 Branch coverage: 80.73% (155/192) 	 Transactions: 28838 (6669 unique)   	 Time: 1300.1581144332886[0m
2023-01-18 09:02:23,285 - Analysis - INFO - [1mGeneration number 165 	 Code coverage: 81.46% (2205/2707) 	 Branch coverage: 80.73% (155/192) 	 Transactions: 29000 (6703 unique)   	 Time: 1306.967750787735[0m
2023-01-18 09:02:29,694 - Analysis - INFO - [1mGeneration number 166 	 Code coverage: 81.46% (2205/2707) 	 Branch coverage: 80.73% (155/192) 	 Transactions: 29165 (6739 unique)   	 Time: 1313.375958442688[0m
2023-01-18 09:02:36,847 - Analysis - INFO - [1mGeneration number 167 	 Code coverage: 81.46% (2205/2707) 	 Branch coverage: 80.73% (155/192) 	 Transactions: 29344 (6778 unique)   	 Time: 1320.5293598175049[0m
2023-01-18 09:02:43,385 - Analysis - INFO - [1mGeneration number 168 	 Code coverage: 81.46% (2205/2707) 	 Branch coverage: 80.73% (155/192) 	 Transactions: 29528 (6822 unique)   	 Time: 1327.067615032196[0m
2023-01-18 09:02:50,265 - Analysis - INFO - [1mGeneration number 169 	 Code coverage: 81.46% (2205/2707) 	 Branch coverage: 80.73% (155/192) 	 Transactions: 29716 (6868 unique)   	 Time: 1333.9471418857574[0m
2023-01-18 09:02:56,800 - Analysis - INFO - [1mGeneration number 170 	 Code coverage: 81.46% (2205/2707) 	 Branch coverage: 80.73% (155/192) 	 Transactions: 29906 (6910 unique)   	 Time: 1340.48255777359[0m
2023-01-18 09:03:00,313 - Analysis - INFO - [1mGeneration number 171 	 Code coverage: 81.46% (2205/2707) 	 Branch coverage: 80.73% (155/192) 	 Transactions: 30002 (6937 unique)   	 Time: 1343.995014667511[0m
2023-01-18 09:03:04,657 - Analysis - INFO - [1mGeneration number 172 	 Code coverage: 81.46% (2205/2707) 	 Branch coverage: 80.73% (155/192) 	 Transactions: 30119 (6969 unique)   	 Time: 1348.3391199111938[0m
2023-01-18 09:03:10,443 - Analysis - INFO - [1mGeneration number 173 	 Code coverage: 81.46% (2205/2707) 	 Branch coverage: 80.73% (155/192) 	 Transactions: 30267 (7007 unique)   	 Time: 1354.1250338554382[0m
2023-01-18 09:03:16,951 - Analysis - INFO - [1mGeneration number 174 	 Code coverage: 81.46% (2205/2707) 	 Branch coverage: 80.73% (155/192) 	 Transactions: 30441 (7051 unique)   	 Time: 1360.633109331131[0m
2023-01-18 09:03:23,747 - Analysis - INFO - [1mGeneration number 175 	 Code coverage: 81.46% (2205/2707) 	 Branch coverage: 80.73% (155/192) 	 Transactions: 30628 (7094 unique)   	 Time: 1367.4292573928833[0m
2023-01-18 09:03:31,106 - Analysis - INFO - [1mGeneration number 176 	 Code coverage: 81.46% (2205/2707) 	 Branch coverage: 80.73% (155/192) 	 Transactions: 30812 (7135 unique)   	 Time: 1374.788150548935[0m
2023-01-18 09:03:38,634 - Analysis - INFO - [1mGeneration number 177 	 Code coverage: 81.46% (2205/2707) 	 Branch coverage: 80.73% (155/192) 	 Transactions: 31002 (7179 unique)   	 Time: 1382.316568851471[0m
2023-01-18 09:03:46,483 - Analysis - INFO - [1mGeneration number 178 	 Code coverage: 81.46% (2205/2707) 	 Branch coverage: 80.73% (155/192) 	 Transactions: 31196 (7225 unique)   	 Time: 1390.165786266327[0m
2023-01-18 09:03:54,927 - Analysis - INFO - [1mGeneration number 179 	 Code coverage: 81.46% (2205/2707) 	 Branch coverage: 80.73% (155/192) 	 Transactions: 31384 (7270 unique)   	 Time: 1398.6091532707214[0m
2023-01-18 09:04:02,622 - Analysis - INFO - [1mGeneration number 180 	 Code coverage: 81.46% (2205/2707) 	 Branch coverage: 80.73% (155/192) 	 Transactions: 31571 (7316 unique)   	 Time: 1406.3044111728668[0m
2023-01-18 09:04:05,591 - Analysis - INFO - [1mGeneration number 181 	 Code coverage: 81.46% (2205/2707) 	 Branch coverage: 80.73% (155/192) 	 Transactions: 31661 (7339 unique)   	 Time: 1409.273719072342[0m
2023-01-18 09:04:09,651 - Analysis - INFO - [1mGeneration number 182 	 Code coverage: 81.46% (2205/2707) 	 Branch coverage: 80.73% (155/192) 	 Transactions: 31766 (7367 unique)   	 Time: 1413.3333225250244[0m
2023-01-18 09:04:14,589 - Analysis - INFO - [1mGeneration number 183 	 Code coverage: 81.46% (2205/2707) 	 Branch coverage: 80.73% (155/192) 	 Transactions: 31890 (7393 unique)   	 Time: 1418.2715079784393[0m
2023-01-18 09:04:21,372 - Analysis - INFO - [1mGeneration number 184 	 Code coverage: 81.46% (2205/2707) 	 Branch coverage: 80.73% (155/192) 	 Transactions: 32047 (7432 unique)   	 Time: 1425.0545048713684[0m
2023-01-18 09:04:27,878 - Analysis - INFO - [1mGeneration number 185 	 Code coverage: 81.46% (2205/2707) 	 Branch coverage: 80.73% (155/192) 	 Transactions: 32216 (7469 unique)   	 Time: 1431.5600397586823[0m
2023-01-18 09:04:35,415 - Analysis - INFO - [1mGeneration number 186 	 Code coverage: 81.46% (2205/2707) 	 Branch coverage: 80.73% (155/192) 	 Transactions: 32396 (7510 unique)   	 Time: 1439.0976746082306[0m
2023-01-18 09:04:43,295 - Analysis - INFO - [1mGeneration number 187 	 Code coverage: 81.46% (2205/2707) 	 Branch coverage: 80.73% (155/192) 	 Transactions: 32574 (7551 unique)   	 Time: 1446.9769904613495[0m
2023-01-18 09:04:52,179 - Analysis - INFO - [1mGeneration number 188 	 Code coverage: 81.46% (2205/2707) 	 Branch coverage: 80.73% (155/192) 	 Transactions: 32762 (7594 unique)   	 Time: 1455.861176252365[0m
2023-01-18 09:05:00,825 - Analysis - INFO - [1mGeneration number 189 	 Code coverage: 81.46% (2205/2707) 	 Branch coverage: 80.73% (155/192) 	 Transactions: 32954 (7638 unique)   	 Time: 1464.5072016716003[0m
2023-01-18 09:05:09,490 - Analysis - INFO - [1mGeneration number 190 	 Code coverage: 81.46% (2205/2707) 	 Branch coverage: 80.73% (155/192) 	 Transactions: 33149 (7682 unique)   	 Time: 1473.1727039813995[0m
2023-01-18 09:05:12,532 - Analysis - INFO - [1mGeneration number 191 	 Code coverage: 81.46% (2205/2707) 	 Branch coverage: 80.73% (155/192) 	 Transactions: 33245 (7707 unique)   	 Time: 1476.2145023345947[0m
2023-01-18 09:05:16,651 - Analysis - INFO - [1mGeneration number 192 	 Code coverage: 81.46% (2205/2707) 	 Branch coverage: 80.73% (155/192) 	 Transactions: 33356 (7735 unique)   	 Time: 1480.3331336975098[0m
2023-01-18 09:05:21,541 - Analysis - INFO - [1mGeneration number 193 	 Code coverage: 81.46% (2205/2707) 	 Branch coverage: 80.73% (155/192) 	 Transactions: 33491 (7765 unique)   	 Time: 1485.2230575084686[0m
2023-01-18 09:05:28,020 - Analysis - INFO - [1mGeneration number 194 	 Code coverage: 81.46% (2205/2707) 	 Branch coverage: 80.73% (155/192) 	 Transactions: 33667 (7801 unique)   	 Time: 1491.702581167221[0m
2023-01-18 09:05:35,303 - Analysis - INFO - [1mGeneration number 195 	 Code coverage: 81.46% (2205/2707) 	 Branch coverage: 80.73% (155/192) 	 Transactions: 33855 (7842 unique)   	 Time: 1498.9853377342224[0m
2023-01-18 09:05:42,457 - Analysis - INFO - [1mGeneration number 196 	 Code coverage: 81.46% (2205/2707) 	 Branch coverage: 80.73% (155/192) 	 Transactions: 34037 (7881 unique)   	 Time: 1506.1389288902283[0m
2023-01-18 09:05:49,887 - Analysis - INFO - [1mGeneration number 197 	 Code coverage: 81.46% (2205/2707) 	 Branch coverage: 80.73% (155/192) 	 Transactions: 34233 (7924 unique)   	 Time: 1513.569224357605[0m
2023-01-18 09:05:57,871 - Analysis - INFO - [1mGeneration number 198 	 Code coverage: 81.46% (2205/2707) 	 Branch coverage: 80.73% (155/192) 	 Transactions: 34425 (7967 unique)   	 Time: 1521.5535688400269[0m
2023-01-18 09:06:05,740 - Analysis - INFO - [1mGeneration number 199 	 Code coverage: 81.46% (2205/2707) 	 Branch coverage: 80.73% (155/192) 	 Transactions: 34617 (8011 unique)   	 Time: 1529.4227352142334[0m
2023-01-18 09:06:13,737 - Analysis - INFO - [1mGeneration number 200 	 Code coverage: 81.46% (2205/2707) 	 Branch coverage: 80.73% (155/192) 	 Transactions: 34815 (8052 unique)   	 Time: 1537.4196672439575[0m
2023-01-18 09:06:16,904 - Analysis - INFO - [1mGeneration number 201 	 Code coverage: 81.46% (2205/2707) 	 Branch coverage: 80.73% (155/192) 	 Transactions: 34916 (8079 unique)   	 Time: 1540.586341381073[0m
2023-01-18 09:06:21,665 - Analysis - INFO - [1mGeneration number 202 	 Code coverage: 81.46% (2205/2707) 	 Branch coverage: 80.73% (155/192) 	 Transactions: 35040 (8113 unique)   	 Time: 1545.3470706939697[0m
2023-01-18 09:06:27,223 - Analysis - INFO - [1mGeneration number 203 	 Code coverage: 81.46% (2205/2707) 	 Branch coverage: 80.73% (155/192) 	 Transactions: 35185 (8152 unique)   	 Time: 1550.9054534435272[0m
2023-01-18 09:06:34,458 - Analysis - INFO - [1mGeneration number 204 	 Code coverage: 81.46% (2205/2707) 	 Branch coverage: 80.73% (155/192) 	 Transactions: 35354 (8194 unique)   	 Time: 1558.140208721161[0m
2023-01-18 09:06:41,674 - Analysis - INFO - [1mGeneration number 205 	 Code coverage: 81.46% (2205/2707) 	 Branch coverage: 80.73% (155/192) 	 Transactions: 35525 (8234 unique)   	 Time: 1565.3562457561493[0m
2023-01-18 09:06:49,385 - Analysis - INFO - [1mGeneration number 206 	 Code coverage: 81.46% (2205/2707) 	 Branch coverage: 80.73% (155/192) 	 Transactions: 35705 (8276 unique)   	 Time: 1573.0676956176758[0m
2023-01-18 09:06:57,658 - Analysis - INFO - [1mGeneration number 207 	 Code coverage: 81.46% (2205/2707) 	 Branch coverage: 80.73% (155/192) 	 Transactions: 35905 (8321 unique)   	 Time: 1581.340073108673[0m
2023-01-18 09:07:06,272 - Analysis - INFO - [1mGeneration number 208 	 Code coverage: 81.46% (2205/2707) 	 Branch coverage: 80.73% (155/192) 	 Transactions: 36109 (8366 unique)   	 Time: 1589.9545392990112[0m
2023-01-18 09:07:15,354 - Analysis - INFO - [1mGeneration number 209 	 Code coverage: 81.46% (2205/2707) 	 Branch coverage: 80.73% (155/192) 	 Transactions: 36311 (8412 unique)   	 Time: 1599.0366280078888[0m
2023-01-18 09:07:25,525 - Analysis - INFO - [1mGeneration number 210 	 Code coverage: 81.46% (2205/2707) 	 Branch coverage: 80.73% (155/192) 	 Transactions: 36512 (8457 unique)   	 Time: 1609.2070879936218[0m
2023-01-18 09:07:28,888 - Analysis - INFO - [1mGeneration number 211 	 Code coverage: 81.46% (2205/2707) 	 Branch coverage: 80.73% (155/192) 	 Transactions: 36612 (8487 unique)   	 Time: 1612.5702402591705[0m
2023-01-18 09:07:34,134 - Analysis - INFO - [1mGeneration number 212 	 Code coverage: 81.46% (2205/2707) 	 Branch coverage: 80.73% (155/192) 	 Transactions: 36733 (8523 unique)   	 Time: 1617.81632065773[0m
2023-01-18 09:07:40,822 - Analysis - INFO - [1mGeneration number 213 	 Code coverage: 81.46% (2205/2707) 	 Branch coverage: 80.73% (155/192) 	 Transactions: 36887 (8559 unique)   	 Time: 1624.5046582221985[0m
2023-01-18 09:07:48,591 - Analysis - INFO - [1mGeneration number 214 	 Code coverage: 81.46% (2205/2707) 	 Branch coverage: 80.73% (155/192) 	 Transactions: 37064 (8600 unique)   	 Time: 1632.27334690094[0m
2023-01-18 09:07:57,023 - Analysis - INFO - [1mGeneration number 215 	 Code coverage: 81.46% (2205/2707) 	 Branch coverage: 80.73% (155/192) 	 Transactions: 37250 (8643 unique)   	 Time: 1640.7054195404053[0m
2023-01-18 09:08:05,532 - Analysis - INFO - [1mGeneration number 216 	 Code coverage: 81.46% (2205/2707) 	 Branch coverage: 80.73% (155/192) 	 Transactions: 37432 (8688 unique)   	 Time: 1649.2145776748657[0m
2023-01-18 09:08:14,566 - Analysis - INFO - [1mGeneration number 217 	 Code coverage: 81.46% (2205/2707) 	 Branch coverage: 80.73% (155/192) 	 Transactions: 37622 (8730 unique)   	 Time: 1658.2486319541931[0m
2023-01-18 09:08:23,788 - Analysis - INFO - [1mGeneration number 218 	 Code coverage: 81.46% (2205/2707) 	 Branch coverage: 80.73% (155/192) 	 Transactions: 37817 (8776 unique)   	 Time: 1667.4702098369598[0m
2023-01-18 09:08:32,726 - Analysis - INFO - [1mGeneration number 219 	 Code coverage: 81.46% (2205/2707) 	 Branch coverage: 80.73% (155/192) 	 Transactions: 38014 (8822 unique)   	 Time: 1676.4079792499542[0m
2023-01-18 09:08:42,500 - Analysis - INFO - [1mGeneration number 220 	 Code coverage: 81.46% (2205/2707) 	 Branch coverage: 80.73% (155/192) 	 Transactions: 38213 (8868 unique)   	 Time: 1686.1823887825012[0m
2023-01-18 09:08:44,685 - Analysis - INFO - [1mGeneration number 221 	 Code coverage: 81.46% (2205/2707) 	 Branch coverage: 80.73% (155/192) 	 Transactions: 38310 (8897 unique)   	 Time: 1688.367847919464[0m
2023-01-18 09:08:48,567 - Analysis - INFO - [1mGeneration number 222 	 Code coverage: 81.46% (2205/2707) 	 Branch coverage: 80.73% (155/192) 	 Transactions: 38433 (8934 unique)   	 Time: 1692.2490675449371[0m
2023-01-18 09:08:53,803 - Analysis - INFO - [1mGeneration number 223 	 Code coverage: 81.46% (2205/2707) 	 Branch coverage: 80.73% (155/192) 	 Transactions: 38586 (8977 unique)   	 Time: 1697.485758781433[0m
2023-01-18 09:09:00,193 - Analysis - INFO - [1mGeneration number 224 	 Code coverage: 81.46% (2205/2707) 	 Branch coverage: 80.73% (155/192) 	 Transactions: 38757 (9020 unique)   	 Time: 1703.875010251999[0m
2023-01-18 09:09:07,017 - Analysis - INFO - [1mGeneration number 225 	 Code coverage: 81.46% (2205/2707) 	 Branch coverage: 80.73% (155/192) 	 Transactions: 38927 (9064 unique)   	 Time: 1710.6993734836578[0m
2023-01-18 09:09:13,862 - Analysis - INFO - [1mGeneration number 226 	 Code coverage: 81.46% (2205/2707) 	 Branch coverage: 80.73% (155/192) 	 Transactions: 39106 (9108 unique)   	 Time: 1717.5444507598877[0m
2023-01-18 09:09:21,139 - Analysis - INFO - [1mGeneration number 227 	 Code coverage: 81.46% (2205/2707) 	 Branch coverage: 80.73% (155/192) 	 Transactions: 39282 (9154 unique)   	 Time: 1724.8217992782593[0m
2023-01-18 09:09:29,056 - Analysis - INFO - [1mGeneration number 228 	 Code coverage: 81.46% (2205/2707) 	 Branch coverage: 80.73% (155/192) 	 Transactions: 39457 (9200 unique)   	 Time: 1732.7383029460907[0m
2023-01-18 09:09:36,766 - Analysis - INFO - [1mGeneration number 229 	 Code coverage: 81.46% (2205/2707) 	 Branch coverage: 80.73% (155/192) 	 Transactions: 39639 (9246 unique)   	 Time: 1740.4488384723663[0m
2023-01-18 09:09:46,302 - Analysis - INFO - [1mGeneration number 230 	 Code coverage: 81.46% (2205/2707) 	 Branch coverage: 80.73% (155/192) 	 Transactions: 39829 (9292 unique)   	 Time: 1749.9842307567596[0m
2023-01-18 09:09:49,895 - Analysis - INFO - [1mGeneration number 231 	 Code coverage: 81.46% (2205/2707) 	 Branch coverage: 80.73% (155/192) 	 Transactions: 39930 (9319 unique)   	 Time: 1753.5769114494324[0m
2023-01-18 09:09:55,288 - Analysis - INFO - [1mGeneration number 232 	 Code coverage: 81.46% (2205/2707) 	 Branch coverage: 80.73% (155/192) 	 Transactions: 40054 (9350 unique)   	 Time: 1758.9699757099152[0m
2023-01-18 09:10:01,124 - Analysis - INFO - [1mGeneration number 233 	 Code coverage: 81.46% (2205/2707) 	 Branch coverage: 80.73% (155/192) 	 Transactions: 40196 (9386 unique)   	 Time: 1764.8061528205872[0m
2023-01-18 09:10:05,942 - Analysis - INFO - [1mGeneration number 234 	 Code coverage: 81.46% (2205/2707) 	 Branch coverage: 80.73% (155/192) 	 Transactions: 40369 (9425 unique)   	 Time: 1769.624549150467[0m
2023-01-18 09:10:10,829 - Analysis - INFO - [1mGeneration number 235 	 Code coverage: 81.46% (2205/2707) 	 Branch coverage: 80.73% (155/192) 	 Transactions: 40550 (9466 unique)   	 Time: 1774.5115141868591[0m
2023-01-18 09:10:15,600 - Analysis - INFO - [1mGeneration number 236 	 Code coverage: 81.46% (2205/2707) 	 Branch coverage: 80.73% (155/192) 	 Transactions: 40741 (9509 unique)   	 Time: 1779.2821929454803[0m
2023-01-18 09:10:20,503 - Analysis - INFO - [1mGeneration number 237 	 Code coverage: 81.46% (2205/2707) 	 Branch coverage: 80.73% (155/192) 	 Transactions: 40938 (9554 unique)   	 Time: 1784.1858587265015[0m
2023-01-18 09:10:25,318 - Analysis - INFO - [1mGeneration number 238 	 Code coverage: 81.46% (2205/2707) 	 Branch coverage: 80.73% (155/192) 	 Transactions: 41129 (9599 unique)   	 Time: 1789.000783920288[0m
2023-01-18 09:10:30,114 - Analysis - INFO - [1mGeneration number 239 	 Code coverage: 81.46% (2205/2707) 	 Branch coverage: 80.73% (155/192) 	 Transactions: 41323 (9645 unique)   	 Time: 1793.7962985038757[0m
2023-01-18 09:10:30,199 - Analysis - INFO - [1m-----------------------------------------------------[0m
2023-01-18 09:10:30,199 - Analysis - INFO - Number of generations: 	 239
2023-01-18 09:10:30,200 - Analysis - INFO - Number of transactions: 	 41323 (9645 unique)
2023-01-18 09:10:30,200 - Analysis - INFO - Transactions per second: 	 23
2023-01-18 09:10:30,200 - Analysis - INFO - Total code coverage: 	 81.46% (2205/2707)
2023-01-18 09:10:30,200 - Analysis - INFO - Total branch coverage: 	 80.73% (155/192)
2023-01-18 09:10:30,200 - Analysis - INFO - Total execution time: 	 1793.88 seconds
2023-01-18 09:10:30,201 - Analysis - INFO - Total memory consumption: 	 219.76 MB

     ______            ______                _           
    / ____/___  ____  / ____/_  __________  (_)_  _______
   / /   / __ \/ __ \/ /_  / / / /_  /_  / / / / / / ___/
  / /___/ /_/ / / / / __/ / /_/ / / /_/ /_/ / /_/ (__  ) 
  \____/\____/_/ /_/_/    \__,_/ /___/___/_/\__,_/____/  

delteed file
