2023-01-17 17:43:35,335: [11] m.main:INFO: Registered plugins: IntrospectionAPIPlugin, <class 'manticore.ethereum.plugins.SkipRevertBasicBlocks'>, <class 'manticore.ethereum.plugins.FilterFunctions'>
2023-01-17 17:43:35,335: [11] m.main:INFO: Beginning analysis
2023-01-17 17:43:35,339: [11] m.e.manticore:INFO: Starting symbolic create contract
2023-01-17 17:43:36,185: [11] m.e.manticore:INFO: Starting symbolic transaction: 0
2023-01-17 17:43:37,530: [11] m.c.worker:ERROR: Exception in state 0: ManticoreError('Forking on unfeasible constraint set')
Traceback (most recent call last):
  File "/usr/local/lib/python3.7/dist-packages/manticore/core/worker.py", line 137, in run
    current_state.execute()
  File "/usr/local/lib/python3.7/dist-packages/manticore/ethereum/state.py", line 8, in execute
    return self._platform.execute()
  File "/usr/local/lib/python3.7/dist-packages/manticore/platforms/evm.py", line 3106, in execute
    self.current_vm.execute()
  File "/usr/local/lib/python3.7/dist-packages/manticore/platforms/evm.py", line 1322, in execute
    raise Concretize("Symbolic PC", expression=expression, setstate=setstate, policy="ALL")
manticore.core.state.Concretize

During handling of the above exception, another exception occurred:

Traceback (most recent call last):
  File "/usr/local/lib/python3.7/dist-packages/manticore/core/worker.py", line 158, in run
    m._fork(current_state, exc.expression, exc.policy, exc.setstate, exc.values)
  File "/usr/local/lib/python3.7/dist-packages/manticore/core/manticore.py", line 518, in _fork
    raise ManticoreError("Forking on unfeasible constraint set")
manticore.exceptions.ManticoreError: Forking on unfeasible constraint set
 
2023-01-17 17:43:37,544: [11] m.e.manticore:INFO: 0 alive states, 1 terminated states
2023-01-17 17:43:37,691: [11] m.c.manticore:INFO: Results in /mcore_h1ie8743
2023-01-17 17:43:37,692: [11] m.c.manticore:INFO: Total time: 1.491441011428833
2023-01-17 17:43:38,858: [73] m.main:INFO: Registered plugins: IntrospectionAPIPlugin, <class 'manticore.ethereum.plugins.SkipRevertBasicBlocks'>, <class 'manticore.ethereum.plugins.FilterFunctions'>
2023-01-17 17:43:38,859: [73] m.main:INFO: Beginning analysis
2023-01-17 17:43:38,864: [73] m.e.manticore:INFO: Starting symbolic create contract
2023-01-17 17:43:40,230: [73] m.e.manticore:INFO: Starting symbolic transaction: 0
2023-01-17 17:43:44,552: [73] m.e.manticore:INFO: Found a concrete globalsha3 b'\x00\x00\x00\x00\x00\x00\x00\x00\x00\x00\x00\x00\x00\x00\x00\x00\x00\x00\x00\x00\x00\x00\x00\x00\x00\x00\x00\x00\x00\x02\x00\x00\x00\x00\x00\x00\x00\x00\x00\x00\x00\x00\x00\x00\x00\x00\x00\x00\x00\x00\x00\x00\x00\x00\x00\x00\x00\x00\x00\x00\x00\x00\x00\x00' -> 73138091548938366139099779971772605061518111956507126412222883840269740007539
2023-01-17 17:43:44,576: [73] m.c.worker:ERROR: Exception in state 0: ManticoreError('Forking on unfeasible constraint set')
Traceback (most recent call last):
  File "/usr/local/lib/python3.7/dist-packages/manticore/core/worker.py", line 137, in run
    current_state.execute()
  File "/usr/local/lib/python3.7/dist-packages/manticore/ethereum/state.py", line 8, in execute
    return self._platform.execute()
  File "/usr/local/lib/python3.7/dist-packages/manticore/platforms/evm.py", line 3106, in execute
    self.current_vm.execute()
  File "/usr/local/lib/python3.7/dist-packages/manticore/platforms/evm.py", line 1322, in execute
    raise Concretize("Symbolic PC", expression=expression, setstate=setstate, policy="ALL")
manticore.core.state.Concretize

During handling of the above exception, another exception occurred:

Traceback (most recent call last):
  File "/usr/local/lib/python3.7/dist-packages/manticore/core/worker.py", line 158, in run
    m._fork(current_state, exc.expression, exc.policy, exc.setstate, exc.values)
  File "/usr/local/lib/python3.7/dist-packages/manticore/core/manticore.py", line 518, in _fork
    raise ManticoreError("Forking on unfeasible constraint set")
manticore.exceptions.ManticoreError: Forking on unfeasible constraint set
 
2023-01-17 17:43:49,292: [73] m.e.manticore:INFO: 0 alive states, 2 terminated states
2023-01-17 17:43:49,461: [73] m.c.manticore:INFO: Results in /mcore_1f8leerr
2023-01-17 17:43:49,461: [73] m.c.manticore:INFO: Total time: 9.218698978424072
2023-01-17 17:43:50,715: [138] m.main:INFO: Registered plugins: IntrospectionAPIPlugin, <class 'manticore.ethereum.plugins.SkipRevertBasicBlocks'>, <class 'manticore.ethereum.plugins.FilterFunctions'>
2023-01-17 17:43:50,715: [138] m.main:INFO: Beginning analysis
2023-01-17 17:43:50,720: [138] m.e.manticore:INFO: Starting symbolic create contract
2023-01-17 17:43:52,101: [138] m.e.manticore:INFO: Starting symbolic transaction: 0
2023-01-17 17:44:18,060: [138] m.e.manticore:INFO: 0 alive states, 6 terminated states
2023-01-17 17:44:18,916: [138] m.c.manticore:INFO: Results in /mcore_db8wmhzd
2023-01-17 17:44:18,917: [138] m.c.manticore:INFO: Total time: 26.7979576587677
