INFO:Slither:Compilation warnings/errors on /sb/tokensalechallenge.sol:
/sb/tokensalechallenge.sol:13:5: Warning: Defining constructors as functions with the same name as the contract is deprecated. Use "constructor(...) { ... }" instead.
    function TokenSaleChallenge(address _player) public payable {
    ^ (Relevant source part starts here and spans across multiple lines).
/sb/tokensalechallenge.sol:13:33: Warning: Unused function parameter. Remove or comment out the variable name to silence this warning.
    function TokenSaleChallenge(address _player) public payable {
                                ^-------------^

INFO:Detectors:[92m
TokenSaleChallenge.isComplete (/sb/tokensalechallenge.sol#17-19) should be declared external
TokenSaleChallenge.buy (/sb/tokensalechallenge.sol#21-26) should be declared external
TokenSaleChallenge.sell (/sb/tokensalechallenge.sol#28-34) should be declared external
Reference: https://github.com/trailofbits/slither/wiki/Detectors-Documentation#public-function-that-could-be-declared-as-external[0m
INFO:Detectors:[92m
Detected issues with version pragma in /sb/tokensalechallenge.sol:
	- pragma solidity^0.4.21 (/sb/tokensalechallenge.sol#7): it allows old versions
Reference: https://github.com/trailofbits/slither/wiki/Detectors-Documentation#incorrect-version-of-solidity[0m
INFO:Detectors:[92m
Function 'TokenSaleChallenge.TokenSaleChallenge' (/sb/tokensalechallenge.sol#13-15) is not in mixedCase
Reference: https://github.com/trailofbits/slither/wiki/Detectors-Documentation#conformance-to-solidity-naming-conventions[0m
INFO:Slither:/sb/tokensalechallenge.sol analyzed (1 contracts), 5 result(s) found
