2023-01-17 17:43:24,202: [11] m.main:INFO: Registered plugins: IntrospectionAPIPlugin, <class 'manticore.ethereum.plugins.SkipRevertBasicBlocks'>, <class 'manticore.ethereum.plugins.FilterFunctions'>
2023-01-17 17:43:24,202: [11] m.main:INFO: Beginning analysis
2023-01-17 17:43:24,205: [11] m.e.manticore:INFO: Starting symbolic create contract
2023-01-17 17:43:25,018: [11] m.e.manticore:INFO: Starting symbolic transaction: 0
2023-01-17 17:43:32,375: [11] m.e.manticore:INFO: 2 alive states, 1 terminated states
2023-01-17 17:43:32,824: [11] m.e.manticore:INFO: Starting symbolic transaction: 1
2023-01-17 17:43:53,550: [11] m.e.manticore:INFO: 4 alive states, 1 terminated states
2023-01-17 17:43:54,212: [86] m.c.manticore:INFO: Generated testcase No. 0 - STOP(3 txs)
2023-01-17 17:43:54,213: [86] m.c.plugin:WARNING: Caught will_solve in state None, but failed to capture its initialization
2023-01-17 17:43:54,251: [88] m.c.manticore:INFO: Generated testcase No. 1 - STOP(3 txs)
2023-01-17 17:43:54,252: [88] m.c.plugin:WARNING: Caught will_solve in state None, but failed to capture its initialization
2023-01-17 17:43:54,284: [91] m.c.manticore:INFO: Generated testcase No. 2 - STOP(3 txs)
2023-01-17 17:43:54,286: [91] m.c.plugin:WARNING: Caught will_solve in state None, but failed to capture its initialization
2023-01-17 17:43:54,297: [87] m.c.manticore:INFO: Generated testcase No. 3 - STOP(3 txs)
2023-01-17 17:43:54,298: [87] m.c.plugin:WARNING: Caught will_solve in state None, but failed to capture its initialization
2023-01-17 17:43:56,958: [11] m.c.manticore:INFO: Results in /mcore_bl_1e45c
2023-01-17 17:43:56,958: [11] m.c.manticore:INFO: Total time: 24.089441061019897
2023-01-17 17:43:58,250: [114] m.main:INFO: Registered plugins: IntrospectionAPIPlugin, <class 'manticore.ethereum.plugins.SkipRevertBasicBlocks'>, <class 'manticore.ethereum.plugins.FilterFunctions'>
2023-01-17 17:43:58,250: [114] m.main:INFO: Beginning analysis
2023-01-17 17:43:58,255: [114] m.e.manticore:INFO: Starting symbolic create contract
2023-01-17 17:44:00,298: [114] m.e.manticore:INFO: Starting symbolic transaction: 0
2023-01-17 17:44:40,729: [114] m.e.manticore:INFO: 3 alive states, 1 terminated states
2023-01-17 17:44:41,578: [114] m.e.manticore:INFO: Starting symbolic transaction: 1
2023-01-17 17:47:26,089: [114] m.e.manticore:INFO: 9 alive states, 1 terminated states
2023-01-17 17:47:26,925: [202] m.c.manticore:INFO: Generated testcase No. 0 - STOP(3 txs)
2023-01-17 17:47:26,926: [202] m.c.plugin:WARNING: Caught will_solve in state None, but failed to capture its initialization
2023-01-17 17:47:26,942: [201] m.c.manticore:INFO: Generated testcase No. 1 - STOP(3 txs)
2023-01-17 17:47:26,944: [201] m.c.plugin:WARNING: Caught will_solve in state None, but failed to capture its initialization
2023-01-17 17:47:27,102: [208] m.c.manticore:INFO: Generated testcase No. 2 - STOP(3 txs)
2023-01-17 17:47:27,104: [208] m.c.plugin:WARNING: Caught will_solve in state None, but failed to capture its initialization
2023-01-17 17:47:27,124: [207] m.c.manticore:INFO: Generated testcase No. 4 - STOP(3 txs)
2023-01-17 17:47:27,126: [203] m.c.manticore:INFO: Generated testcase No. 3 - STOP(3 txs)
2023-01-17 17:47:27,127: [207] m.c.plugin:WARNING: Caught will_solve in state None, but failed to capture its initialization
2023-01-17 17:47:27,131: [203] m.c.plugin:WARNING: Caught will_solve in state None, but failed to capture its initialization
2023-01-17 17:47:27,147: [209] m.c.manticore:INFO: Generated testcase No. 5 - STOP(3 txs)
2023-01-17 17:47:27,149: [209] m.c.plugin:WARNING: Caught will_solve in state None, but failed to capture its initialization
2023-01-17 17:47:27,157: [215] m.c.manticore:INFO: Generated testcase No. 6 - STOP(3 txs)
2023-01-17 17:47:27,159: [215] m.c.plugin:WARNING: Caught will_solve in state None, but failed to capture its initialization
2023-01-17 17:47:27,167: [204] m.c.manticore:INFO: Generated testcase No. 7 - STOP(3 txs)
2023-01-17 17:47:27,169: [204] m.c.plugin:WARNING: Caught will_solve in state None, but failed to capture its initialization
2023-01-17 17:47:27,176: [211] m.c.manticore:INFO: Generated testcase No. 8 - STOP(3 txs)
2023-01-17 17:47:27,178: [211] m.c.plugin:WARNING: Caught will_solve in state None, but failed to capture its initialization
2023-01-17 17:47:31,929: [114] m.c.manticore:INFO: Results in /mcore_8o3shqtj
2023-01-17 17:47:31,930: [114] m.c.manticore:INFO: Total time: 170.11900210380554
2023-01-17 17:47:33,251: [244] m.main:INFO: Registered plugins: IntrospectionAPIPlugin, <class 'manticore.ethereum.plugins.SkipRevertBasicBlocks'>, <class 'manticore.ethereum.plugins.FilterFunctions'>
2023-01-17 17:47:33,251: [244] m.main:INFO: Beginning analysis
2023-01-17 17:47:33,255: [244] m.e.manticore:INFO: Starting symbolic create contract
2023-01-17 17:47:36,749: [244] m.e.manticore:INFO: Starting symbolic transaction: 0
2023-01-17 17:49:54,727: [244] m.e.manticore:INFO: Found a concrete globalsha3 b'\x00\x00\x00\x00\x00\x00\x00\x00\x00\x00\x00\x00\x00\x00\x00\x00\x00\x00\x00\x00\x00\x00\x00\x00\x00\x00\x00\x00\x00\x02\x00\x00\x00\x00\x00\x00\x00\x00\x00\x00\x00\x00\x00\x00\x00\x00\x00\x00\x00\x00\x00\x00\x00\x00\x00\x00\x00\x00\x00\x00\x00\x00\x00\x04' -> 93405925606848684242376394016972829529189361045273175667784367156876440055338
2023-01-17 17:50:45,027: [244] m.e.manticore:INFO: 10 alive states, 1 terminated states
2023-01-17 17:50:47,053: [244] m.e.manticore:INFO: Starting symbolic transaction: 1
