2023-01-17 17:43:37,770: [11] m.main:INFO: Registered plugins: IntrospectionAPIPlugin, <class 'manticore.ethereum.plugins.SkipRevertBasicBlocks'>, <class 'manticore.ethereum.plugins.FilterFunctions'>
2023-01-17 17:43:37,770: [11] m.main:INFO: Beginning analysis
2023-01-17 17:43:37,773: [11] m.e.manticore:INFO: Starting symbolic create contract
2023-01-17 17:43:39,469: [11] m.e.manticore:INFO: Starting symbolic transaction: 0
2023-01-17 17:43:46,365: [11] m.e.manticore:INFO: Found a concrete globalsha3 b'\x00\x00\x00\x00\x00\x00\x00\x00\x00\x00\x00\x00\x00\x00\x00\x00\x00\x00\x00\x00\x00\x00\x00\x00\x00\x00\x00\x00\x00\x02\x00\x00\x00\x00\x00\x00\x00\x00\x00\x00\x00\x00\x00\x00\x00\x00\x00\x00\x00\x00\x00\x00\x00\x00\x00\x00\x00\x00\x00\x00\x00\x00\x00\x00' -> 73138091548938366139099779971772605061518111956507126412222883840269740007539
2023-01-17 17:43:53,857: [11] m.e.manticore:INFO: Found a concrete globalsha3 b'\x00\x00\x00\x00\x00\x00\x00\x00\x00\x00\x00\x00\x00\x00\x00\x00\x00\x00\x00\x00\x00\x00\x00\x00\x00\x00\x00\x00\x00\x02\x00\x00\x00\x00\x00\x00\x00\x00\x00\x00\x00\x00\x00\x00\x00\x00\x00\x00\x00\x00\x00\x00\x00\x00\x00\x00\x00\x00\x00\x00\x00\x00\x00\x01' -> 27376155845717860833342594873357525089589924219251518322086369159840883582034
2023-01-17 17:43:55,778: [11] m.e.manticore:INFO: 2 alive states, 2 terminated states
2023-01-17 17:43:56,723: [11] m.e.manticore:INFO: Starting symbolic transaction: 1
2023-01-17 17:44:57,329: [11] m.e.manticore:INFO: 4 alive states, 4 terminated states
2023-01-17 17:44:58,400: [11] m.e.manticore:INFO: Starting symbolic transaction: 2
2023-01-17 17:48:01,862: [11] m.e.manticore:INFO: 9 alive states, 7 terminated states
2023-01-17 17:48:02,765: [11] m.e.manticore:INFO: Starting symbolic transaction: 3
2023-01-17 17:54:46,433: [11] m.e.manticore:INFO: 21 alive states, 13 terminated states
2023-01-17 17:54:48,195: [126] m.c.manticore:INFO: Generated testcase No. 0 - STOP(5 txs)
2023-01-17 17:54:48,196: [126] m.c.plugin:WARNING: Caught will_solve in state None, but failed to capture its initialization
2023-01-17 17:54:48,247: [127] m.c.manticore:INFO: Generated testcase No. 1 - STOP(5 txs)
2023-01-17 17:54:48,248: [127] m.c.plugin:WARNING: Caught will_solve in state None, but failed to capture its initialization
2023-01-17 17:54:48,257: [128] m.c.manticore:INFO: Generated testcase No. 2 - STOP(5 txs)
2023-01-17 17:54:48,259: [128] m.c.plugin:WARNING: Caught will_solve in state None, but failed to capture its initialization
2023-01-17 17:54:48,310: [137] m.c.manticore:INFO: Generated testcase No. 3 - STOP(5 txs)
2023-01-17 17:54:48,312: [137] m.c.plugin:WARNING: Caught will_solve in state None, but failed to capture its initialization
2023-01-17 17:54:48,551: [139] m.c.manticore:INFO: Generated testcase No. 4 - STOP(5 txs)
2023-01-17 17:54:48,553: [139] m.c.plugin:WARNING: Caught will_solve in state None, but failed to capture its initialization
2023-01-17 17:54:48,570: [131] m.c.manticore:INFO: Generated testcase No. 5 - STOP(5 txs)
2023-01-17 17:54:48,571: [131] m.c.plugin:WARNING: Caught will_solve in state None, but failed to capture its initialization
2023-01-17 17:54:48,609: [129] m.c.manticore:INFO: Generated testcase No. 6 - STOP(5 txs)
2023-01-17 17:54:48,611: [129] m.c.plugin:WARNING: Caught will_solve in state None, but failed to capture its initialization
2023-01-17 17:54:48,673: [136] m.c.manticore:INFO: Generated testcase No. 7 - STOP(5 txs)
2023-01-17 17:54:48,674: [136] m.c.plugin:WARNING: Caught will_solve in state None, but failed to capture its initialization
2023-01-17 17:54:48,780: [135] m.c.manticore:INFO: Generated testcase No. 8 - STOP(5 txs)
2023-01-17 17:54:48,781: [135] m.c.plugin:WARNING: Caught will_solve in state None, but failed to capture its initialization
2023-01-17 17:54:48,931: [134] m.c.manticore:INFO: Generated testcase No. 9 - STOP(5 txs)
2023-01-17 17:54:48,932: [134] m.c.plugin:WARNING: Caught will_solve in state None, but failed to capture its initialization
2023-01-17 17:54:49,049: [138] m.c.manticore:INFO: Generated testcase No. 10 - STOP(5 txs)
2023-01-17 17:54:49,050: [138] m.c.plugin:WARNING: Caught will_solve in state None, but failed to capture its initialization
2023-01-17 17:54:49,713: [132] m.c.manticore:INFO: Generated testcase No. 11 - STOP(5 txs)
2023-01-17 17:54:49,715: [132] m.c.plugin:WARNING: Caught will_solve in state None, but failed to capture its initialization
2023-01-17 17:55:01,159: [128] m.c.manticore:INFO: Generated testcase No. 12 - STOP(5 txs)
2023-01-17 17:55:01,813: [126] m.c.manticore:INFO: Generated testcase No. 13 - STOP(5 txs)
2023-01-17 17:55:01,873: [127] m.c.manticore:INFO: Generated testcase No. 14 - STOP(5 txs)
2023-01-17 17:55:03,186: [137] m.c.manticore:INFO: Generated testcase No. 15 - STOP(5 txs)
2023-01-17 17:55:03,337: [139] m.c.manticore:INFO: Generated testcase No. 16 - STOP(5 txs)
2023-01-17 17:55:04,466: [129] m.c.manticore:INFO: Generated testcase No. 17 - STOP(5 txs)
2023-01-17 17:55:06,270: [136] m.c.manticore:INFO: Generated testcase No. 18 - STOP(5 txs)
2023-01-17 17:55:07,536: [134] m.c.manticore:INFO: Generated testcase No. 20 - STOP(5 txs)
2023-01-17 17:55:07,594: [131] m.c.manticore:INFO: Generated testcase No. 19 - STOP(5 txs)
2023-01-17 17:57:35,422: [11] m.c.manticore:INFO: Results in /mcore_k0iz7bsy
2023-01-17 17:57:35,423: [11] m.c.manticore:INFO: Total time: 571.7945499420166
